2025-02-11 15:13:28.083 [info] Reading sessions from keychain...
2025-02-11 15:13:28.083 [info] Getting sessions for all scopes...
2025-02-11 15:13:28.083 [info] Getting sessions for all scopes...
2025-02-11 15:13:28.083 [info] Getting sessions for all scopes...
2025-02-11 15:13:28.083 [info] Getting sessions for user:email...
2025-02-11 15:13:28.083 [info] Getting sessions for all scopes...
2025-02-11 15:13:28.083 [info] Getting sessions for all scopes...
2025-02-11 15:13:28.083 [info] Getting sessions for all scopes...
2025-02-11 15:13:28.083 [info] Getting sessions for all scopes...
2025-02-11 15:13:28.083 [info] Getting sessions for all scopes...
2025-02-11 15:13:28.083 [info] Got stored sessions!
2025-02-11 15:13:28.083 [info] Got 3 verified sessions.
2025-02-11 15:13:28.083 [info] Got 3 sessions for ...
2025-02-11 15:13:28.083 [info] Got 3 sessions for ...
2025-02-11 15:13:28.083 [info] Got 3 sessions for ...
2025-02-11 15:13:28.083 [info] Got 1 sessions for user:email...
2025-02-11 15:13:28.083 [info] Got 3 sessions for ...
2025-02-11 15:13:28.083 [info] Got 3 sessions for ...
2025-02-11 15:13:28.083 [info] Got 3 sessions for ...
2025-02-11 15:13:28.083 [info] Got 3 sessions for ...
2025-02-11 15:13:28.083 [info] Got 3 sessions for ...
2025-02-11 15:13:28.703 [info] Getting sessions for repo,user:email,workflow...
2025-02-11 15:13:28.703 [info] Got 1 sessions for repo,user:email,workflow...
2025-02-11 15:13:30.829 [info] Getting sessions for all scopes...
2025-02-11 15:13:30.829 [info] Got 3 sessions for ...
2025-02-11 15:13:31.307 [info] Getting sessions for read:user,repo,user:email,workflow...
2025-02-11 15:13:31.307 [info] Got 1 sessions for read:user,repo,user:email,workflow...
2025-02-11 15:13:31.308 [info] Getting sessions for all scopes...
2025-02-11 15:13:31.308 [info] Got 3 sessions for ...
2025-02-11 15:13:31.308 [info] Getting sessions for all scopes...
2025-02-11 15:13:31.308 [info] Got 3 sessions for ...
2025-02-11 15:13:31.461 [info] Getting sessions for read:user,repo,user:email,workflow...
2025-02-11 15:13:31.461 [info] Got 1 sessions for read:user,repo,user:email,workflow...
2025-02-11 15:13:33.401 [info] Getting sessions for all scopes...
2025-02-11 15:13:33.401 [info] Got 3 sessions for ...
2025-02-11 15:13:33.454 [info] Getting sessions for read:user,repo,user:email,workflow...
2025-02-11 15:13:33.454 [info] Got 1 sessions for read:user,repo,user:email,workflow...
2025-02-11 15:13:33.720 [info] Getting sessions for read:user,repo,user:email,workflow...
2025-02-11 15:13:33.720 [info] Got 1 sessions for read:user,repo,user:email,workflow...
2025-02-11 15:13:33.842 [info] Getting sessions for all scopes...
2025-02-11 15:13:33.842 [info] Got 3 sessions for ...
2025-02-11 15:13:34.792 [info] Getting sessions for read:user,repo,user:email,workflow...
2025-02-11 15:13:34.792 [info] Got 1 sessions for read:user,repo,user:email,workflow...
2025-02-11 15:13:35.089 [info] Getting sessions for read:user,repo,user:email,workflow...
2025-02-11 15:13:35.089 [info] Got 1 sessions for read:user,repo,user:email,workflow...
2025-02-11 15:13:36.160 [info] Getting sessions for all scopes...
2025-02-11 15:13:36.160 [info] Got 3 sessions for ...
2025-02-11 15:13:36.259 [info] Getting sessions for read:user,repo,user:email,workflow...
2025-02-11 15:13:36.259 [info] Got 1 sessions for read:user,repo,user:email,workflow...
2025-02-11 15:13:36.938 [info] Getting sessions for read:user,repo,user:email,workflow...
2025-02-11 15:13:36.938 [info] Got 1 sessions for read:user,repo,user:email,workflow...
2025-02-11 15:13:37.732 [info] Getting sessions for all scopes...
2025-02-11 15:13:37.732 [info] Got 3 sessions for ...
2025-02-11 15:13:37.733 [info] Getting sessions for all scopes...
2025-02-11 15:13:37.733 [info] Got 3 sessions for ...
2025-02-11 15:13:37.742 [info] Getting sessions for read:user,repo,user:email,workflow...
2025-02-11 15:13:37.742 [info] Got 1 sessions for read:user,repo,user:email,workflow...
2025-02-11 15:13:37.743 [info] Getting sessions for all scopes...
2025-02-11 15:13:37.743 [info] Got 3 sessions for ...
2025-02-11 15:13:37.744 [info] Getting sessions for read:user,repo,user:email,workflow...
2025-02-11 15:13:37.744 [info] Got 1 sessions for read:user,repo,user:email,workflow...
2025-02-11 15:13:37.798 [info] Getting sessions for all scopes...
2025-02-11 15:13:37.798 [info] Got 3 sessions for ...
2025-02-11 15:13:37.800 [info] Getting sessions for read:user,repo,user:email,workflow...
2025-02-11 15:13:37.800 [info] Got 1 sessions for read:user,repo,user:email,workflow...
2025-02-11 15:13:39.251 [info] Getting sessions for all scopes...
2025-02-11 15:13:39.251 [info] Got 3 sessions for ...
2025-02-11 15:13:39.252 [info] Getting sessions for read:user,repo,user:email,workflow...
2025-02-11 15:13:39.252 [info] Got 1 sessions for read:user,repo,user:email,workflow...
2025-02-11 15:13:56.036 [info] Getting sessions for read:user,repo,user:email,workflow...
2025-02-11 15:13:56.036 [info] Got 1 sessions for read:user,repo,user:email,workflow...
2025-02-11 15:13:56.708 [info] Getting sessions for read:user,repo,user:email,workflow...
2025-02-11 15:13:56.708 [info] Got 1 sessions for read:user,repo,user:email,workflow...
