2025-02-11 15:48:36.573 [info] [main] Log level: Info
2025-02-11 15:48:36.573 [info] [main] Validating found git in: "git"
2025-02-11 15:48:36.573 [info] [main] Using git "2.48.1" from "git"
2025-02-11 15:48:36.573 [info] [Model][doInitialScan] Initial repository scan started
2025-02-11 15:48:36.573 [info] > git rev-parse --show-toplevel [5ms]
2025-02-11 15:48:36.573 [info] > git rev-parse --git-dir --git-common-dir [399ms]
2025-02-11 15:48:36.573 [info] [Model][openRepository] Opened repository: /home/navee/.config
2025-02-11 15:48:36.574 [info] > git rev-parse --show-toplevel [37ms]
2025-02-11 15:48:36.589 [info] > git config --get commit.template [65ms]
2025-02-11 15:48:36.592 [info] > git rev-parse --path-format=relative --show-toplevel [4ms]
2025-02-11 15:48:36.629 [info] > git for-each-ref --format=%(refname)%00%(upstream:short)%00%(objectname)%00%(upstream:track)%00%(upstream:remotename)%00%(upstream:remoteref) refs/heads/main refs/remotes/main [21ms]
2025-02-11 15:48:36.660 [info] > git rev-parse --git-dir --git-common-dir [36ms]
2025-02-11 15:48:36.664 [info] [Model][openRepository] Opened repository: /home/navee/.config/hypr
2025-02-11 15:48:36.682 [info] > git for-each-ref --sort -committerdate --format %(refname) %(objectname) %(*objectname) [23ms]
2025-02-11 15:48:36.684 [info] > git config --get commit.template [3ms]
2025-02-11 15:48:37.559 [info] > git check-ignore -v -z --stdin [18ms]
2025-02-11 15:48:37.569 [info] > git check-ignore -v -z --stdin [15ms]
2025-02-11 15:48:37.570 [info] > git for-each-ref --format=%(refname)%00%(upstream:short)%00%(objectname)%00%(upstream:track)%00%(upstream:remotename)%00%(upstream:remoteref) refs/heads/main refs/remotes/main [870ms]
2025-02-11 15:48:37.795 [info] > git status -z -uall [1151ms] (cancelled)
2025-02-11 15:48:38.506 [info] > git for-each-ref --format=%(refname)%00%(upstream:short)%00%(objectname)%00%(upstream:track)%00%(upstream:remotename)%00%(upstream:remoteref) refs/heads/main refs/remotes/main [716ms]
2025-02-11 15:48:38.565 [info] > git status -z -uall [16ms]
2025-02-11 15:48:38.566 [info] > git config --get --local branch.main.vscode-merge-base [37ms]
2025-02-11 15:48:38.582 [info] > git config --get commit.template [112ms]
2025-02-11 15:48:38.597 [info] > git for-each-ref --format=%(refname)%00%(upstream:short)%00%(objectname)%00%(upstream:track)%00%(upstream:remotename)%00%(upstream:remoteref) refs/heads/origin/main refs/remotes/origin/main [15ms]
2025-02-11 15:48:38.598 [info] > git for-each-ref --sort -committerdate --format %(refname) %(objectname) %(*objectname) [34ms]
2025-02-11 15:48:38.740 [info] > git for-each-ref --format=%(refname)%00%(upstream:short)%00%(objectname)%00%(upstream:track)%00%(upstream:remotename)%00%(upstream:remoteref) refs/heads/main refs/remotes/main [124ms]
2025-02-11 15:48:38.817 [info] > git config --get --local branch.main.vscode-merge-base [61ms]
2025-02-11 15:48:38.841 [info] > git config --get commit.template [144ms]
2025-02-11 15:48:38.841 [info] > git for-each-ref --format=%(refname)%00%(upstream:short)%00%(objectname)%00%(upstream:track)%00%(upstream:remotename)%00%(upstream:remoteref) refs/heads/main refs/remotes/main [180ms]
2025-02-11 15:48:38.924 [info] > git for-each-ref --sort -committerdate --format %(refname) %(objectname) %(*objectname) [43ms]
2025-02-11 15:48:38.925 [info] > git for-each-ref --format=%(refname)%00%(upstream:short)%00%(objectname)%00%(upstream:track)%00%(upstream:remotename)%00%(upstream:remoteref) refs/heads/origin/main refs/remotes/origin/main [84ms]
2025-02-11 15:48:38.970 [info] > git status -z -uall [106ms] (cancelled)
2025-02-11 15:48:38.979 [info] > git merge-base refs/heads/main refs/remotes/origin/main [37ms]
2025-02-11 15:48:39.067 [info] > git for-each-ref --format=%(refname)%00%(upstream:short)%00%(objectname)%00%(upstream:track)%00%(upstream:remotename)%00%(upstream:remoteref) refs/heads/main refs/remotes/main [108ms]
2025-02-11 15:48:39.835 [info] > git status -z -uall [49ms]
2025-02-11 15:48:39.835 [info] > git for-each-ref --sort -committerdate --format %(refname) %(objectname) %(*objectname) [27ms]
2025-02-11 15:48:39.890 [info] > git rev-parse --show-toplevel [1ms]
2025-02-11 15:48:39.908 [info] > git rev-parse --show-toplevel [1ms]
2025-02-11 15:48:39.925 [info] > git rev-parse --show-toplevel [1ms]
2025-02-11 15:48:39.942 [info] > git rev-parse --show-toplevel [1ms]
2025-02-11 15:48:39.958 [info] > git rev-parse --show-toplevel [1ms]
2025-02-11 15:48:39.975 [info] > git rev-parse --show-toplevel [1ms]
2025-02-11 15:48:39.992 [info] > git rev-parse --show-toplevel [1ms]
2025-02-11 15:48:40.014 [info] > git rev-parse --show-toplevel [1ms]
2025-02-11 15:48:40.194 [info] > git rev-parse --show-toplevel [163ms]
2025-02-11 15:48:40.214 [info] > git rev-parse --show-toplevel [2ms]
2025-02-11 15:48:40.230 [info] > git rev-parse --show-toplevel [2ms]
2025-02-11 15:48:40.271 [info] > git rev-parse --show-toplevel [27ms]
2025-02-11 15:48:40.288 [info] > git rev-parse --show-toplevel [1ms]
2025-02-11 15:48:40.305 [info] > git rev-parse --show-toplevel [1ms]
2025-02-11 15:48:40.321 [info] > git rev-parse --show-toplevel [1ms]
2025-02-11 15:48:40.337 [info] > git rev-parse --show-toplevel [1ms]
2025-02-11 15:48:40.353 [info] > git rev-parse --show-toplevel [1ms]
2025-02-11 15:48:40.368 [info] > git rev-parse --show-toplevel [1ms]
2025-02-11 15:48:40.384 [info] > git rev-parse --git-dir --git-common-dir [2ms]
2025-02-11 15:48:40.387 [info] [Model][openRepository] Opened repository: /home/navee/.config/libinput-gestures
2025-02-11 15:48:40.425 [info] > git rev-parse --show-toplevel [7ms]
2025-02-11 15:48:40.425 [info] > git config --get commit.template [21ms]
2025-02-11 15:48:40.459 [info] > git rev-parse --show-toplevel [15ms]
2025-02-11 15:48:40.474 [info] > git for-each-ref --format=%(refname)%00%(upstream:short)%00%(objectname)%00%(upstream:track)%00%(upstream:remotename)%00%(upstream:remoteref) refs/heads/master refs/remotes/master [16ms]
2025-02-11 15:48:40.490 [warning] [Git][revParse] Unable to read file: ENOENT: no such file or directory, open '/home/navee/.config/libinput-gestures/.git/refs/remotes/origin/master'
2025-02-11 15:48:40.490 [info] > git rev-parse --show-toplevel [17ms]
2025-02-11 15:48:40.507 [info] > git rev-parse --show-toplevel [1ms]
2025-02-11 15:48:40.507 [info] > git rev-parse refs/remotes/origin/master [17ms]
2025-02-11 15:48:40.554 [info] > git status -z -uall [32ms]
2025-02-11 15:48:40.555 [info] > git rev-parse --show-toplevel [3ms]
2025-02-11 15:48:40.555 [info] > git for-each-ref --sort -committerdate --format %(refname) %(objectname) %(*objectname) [17ms]
2025-02-11 15:48:40.604 [info] > git for-each-ref --format=%(refname)%00%(upstream:short)%00%(objectname)%00%(upstream:track)%00%(upstream:remotename)%00%(upstream:remoteref) refs/heads/master refs/remotes/master [32ms]
2025-02-11 15:48:40.620 [info] > git config --get commit.template [16ms]
2025-02-11 15:48:40.621 [info] > git rev-parse --show-toplevel [32ms]
2025-02-11 15:48:40.637 [info] > git config --get --local branch.master.vscode-merge-base [18ms]
2025-02-11 15:48:40.670 [info] > git for-each-ref --format=%(refname)%00%(upstream:short)%00%(objectname)%00%(upstream:track)%00%(upstream:remotename)%00%(upstream:remoteref) refs/heads/origin/master refs/remotes/origin/master [18ms]
2025-02-11 15:48:40.686 [info] > git rev-parse --show-toplevel [48ms]
2025-02-11 15:48:40.701 [info] > git for-each-ref --format=%(refname)%00%(upstream:short)%00%(objectname)%00%(upstream:track)%00%(upstream:remotename)%00%(upstream:remoteref) refs/heads/master refs/remotes/master [32ms]
2025-02-11 15:48:40.718 [warning] [Git][revParse] Unable to read file: ENOENT: no such file or directory, open '/home/navee/.config/libinput-gestures/.git/refs/remotes/origin/master'
2025-02-11 15:48:40.719 [info] > git rev-parse --show-toplevel [18ms]
2025-02-11 15:48:40.719 [info] > git merge-base refs/heads/master refs/remotes/origin/master [34ms]
2025-02-11 15:48:40.749 [info] > git rev-parse refs/remotes/origin/master [31ms]
2025-02-11 15:48:40.792 [info] > git status -z -uall [29ms]
2025-02-11 15:48:40.792 [info] > git for-each-ref --sort -committerdate --format %(refname) %(objectname) %(*objectname) [14ms]
2025-02-11 15:48:40.810 [info] > git rev-parse --show-toplevel [62ms]
2025-02-11 15:48:40.810 [info] > git diff --name-status -z --diff-filter=ADMR 8c6e3631b01bb1a6fffe40b6e4d9fe2d52efb836...refs/remotes/origin/master [76ms]
2025-02-11 15:48:40.830 [info] > git merge-base refs/heads/master refs/remotes/origin/master [21ms]
2025-02-11 15:48:40.847 [info] > git rev-parse --show-toplevel [19ms]
2025-02-11 15:48:40.862 [info] > git diff --name-status -z --diff-filter=ADMR 8c6e3631b01bb1a6fffe40b6e4d9fe2d52efb836...refs/remotes/origin/master [17ms]
2025-02-11 15:48:40.863 [info] > git rev-parse --show-toplevel [1ms]
2025-02-11 15:48:40.879 [info] > git rev-parse --show-toplevel [1ms]
2025-02-11 15:48:40.895 [info] > git rev-parse --show-toplevel [1ms]
2025-02-11 15:48:40.910 [info] > git rev-parse --show-toplevel [1ms]
2025-02-11 15:48:40.926 [info] > git rev-parse --show-toplevel [1ms]
2025-02-11 15:48:40.970 [info] > git check-ignore -v -z --stdin [29ms]
2025-02-11 15:48:40.974 [info] > git check-ignore -v -z --stdin [19ms]
2025-02-11 15:48:40.976 [info] > git rev-parse --git-dir --git-common-dir [6ms]
2025-02-11 15:48:40.978 [info] [Model][openRepository] Opened repository: /home/navee/.config/waybar
2025-02-11 15:48:41.012 [info] > git rev-parse --show-toplevel [2ms]
2025-02-11 15:48:41.012 [info] > git config --get commit.template [17ms]
2025-02-11 15:48:41.046 [info] > git rev-parse --show-toplevel [16ms]
2025-02-11 15:48:41.062 [info] > git for-each-ref --format=%(refname)%00%(upstream:short)%00%(objectname)%00%(upstream:track)%00%(upstream:remotename)%00%(upstream:remoteref) refs/heads/main refs/remotes/main [17ms]
2025-02-11 15:48:41.096 [info] > git status -z -uall [19ms]
2025-02-11 15:48:41.096 [info] > git rev-parse --show-toplevel [35ms]
2025-02-11 15:48:41.114 [info] > git for-each-ref --sort -committerdate --format %(refname) %(objectname) %(*objectname) [20ms]
2025-02-11 15:48:41.149 [info] > git for-each-ref --format=%(refname)%00%(upstream:short)%00%(objectname)%00%(upstream:track)%00%(upstream:remotename)%00%(upstream:remoteref) refs/heads/main refs/remotes/main [17ms]
2025-02-11 15:48:41.165 [info] > git rev-parse --show-toplevel [52ms]
2025-02-11 15:48:41.182 [info] > git config --get --local branch.main.vscode-merge-base [17ms]
2025-02-11 15:48:41.198 [info] > git config --get commit.template [48ms]
2025-02-11 15:48:41.218 [info] > git for-each-ref --format=%(refname)%00%(upstream:short)%00%(objectname)%00%(upstream:track)%00%(upstream:remotename)%00%(upstream:remoteref) refs/heads/origin/main refs/remotes/origin/main [21ms]
2025-02-11 15:48:41.219 [info] > git rev-parse --show-toplevel [38ms]
2025-02-11 15:48:41.219 [info] [Model][doInitialScan] Initial repository scan completed - repositories (4), closed repositories (0), parent repositories (0), unsafe repositories (0)
2025-02-11 15:48:41.319 [info] > git show --textconv :hyprland/windowrules.conf [82ms]
2025-02-11 15:48:41.320 [info] > git ls-files --stage -- /home/navee/.config/hypr/hyprland/windowrules.conf [67ms]
2025-02-11 15:48:41.337 [info] > git cat-file -s 01ae69627b3ddca0d3dd5b0c4d77d23ba5ec7984 [3ms]
2025-02-11 15:48:41.338 [info] > git config --get commit.template [18ms]
2025-02-11 15:48:41.338 [info] > git config --get commit.template [34ms]
2025-02-11 15:48:41.338 [info] > git config --get commit.template [49ms]
2025-02-11 15:48:41.338 [info] > git for-each-ref --format=%(refname)%00%(upstream:short)%00%(objectname)%00%(upstream:track)%00%(upstream:remotename)%00%(upstream:remoteref) refs/heads/main refs/remotes/main [67ms]
2025-02-11 15:48:41.391 [info] > git status -z -uall [37ms]
2025-02-11 15:48:41.391 [info] > git for-each-ref --sort -committerdate --format %(refname) %(objectname) %(*objectname) [21ms]
2025-02-11 15:48:41.457 [info] > git config --get commit.template [2ms]
2025-02-11 15:48:41.457 [info] > git for-each-ref --format=%(refname)%00%(upstream:short)%00%(objectname)%00%(upstream:track)%00%(upstream:remotename)%00%(upstream:remoteref) refs/heads/main refs/remotes/main [18ms]
2025-02-11 15:48:41.488 [info] > git for-each-ref --format=%(refname)%00%(upstream:short)%00%(objectname)%00%(upstream:track)%00%(upstream:remotename)%00%(upstream:remoteref) refs/heads/main refs/remotes/main [63ms]
2025-02-11 15:48:41.489 [info] > git for-each-ref --format=%(refname)%00%(upstream:short)%00%(objectname)%00%(upstream:track)%00%(upstream:remotename)%00%(upstream:remoteref) refs/heads/master refs/remotes/master [79ms]
2025-02-11 15:48:41.506 [warning] [Git][revParse] Unable to read file: ENOENT: no such file or directory, open '/home/navee/.config/libinput-gestures/.git/refs/remotes/origin/master'
2025-02-11 15:48:41.506 [info] > git for-each-ref --sort -committerdate --format %(refname) %(objectname) %(*objectname) [18ms]
2025-02-11 15:48:41.527 [info] > git rev-parse refs/remotes/origin/master [21ms]
2025-02-11 15:48:41.609 [info] > git status -z -uall [65ms]
2025-02-11 15:48:41.609 [info] > git check-ignore -v -z --stdin [34ms]
2025-02-11 15:48:41.609 [info] > git check-ignore -v -z --stdin [19ms]
2025-02-11 15:48:41.609 [info] > git check-ignore -v -z --stdin [4ms]
2025-02-11 15:48:41.610 [info] > git for-each-ref --sort -committerdate --format %(refname) %(objectname) %(*objectname) [51ms]
2025-02-11 15:48:41.611 [info] > git for-each-ref --format=%(refname)%00%(upstream:short)%00%(objectname)%00%(upstream:track)%00%(upstream:remotename)%00%(upstream:remoteref) refs/heads/main refs/remotes/main [87ms]
2025-02-11 15:48:41.697 [info] > git status -z -uall [70ms]
2025-02-11 15:48:41.697 [info] > git status -z -uall [34ms]
2025-02-11 15:48:41.697 [info] > git for-each-ref --sort -committerdate --format %(refname) %(objectname) %(*objectname) [54ms]
2025-02-11 15:48:41.784 [info] > git blame --root --incremental 3d18effbd15c3fe9433d8eef9d3169a26db69fc0 -- /home/navee/.config/hypr/hyprland/windowrules.conf [88ms]
2025-02-11 15:48:41.785 [info] > git for-each-ref --sort -committerdate --format %(refname) %(objectname) %(*objectname) [107ms]
2025-02-11 15:48:41.797 [info] > git status -z -uall [325ms] (cancelled)
2025-02-11 15:48:48.425 [info] > git fetch [741ms]
2025-02-11 15:48:48.467 [info] > git fetch [721ms]
2025-02-11 15:48:48.468 [info] > git fetch [763ms]
2025-02-11 15:48:48.468 [info] > git config --get commit.template [22ms]
2025-02-11 15:48:48.507 [info] > git for-each-ref --format=%(refname)%00%(upstream:short)%00%(objectname)%00%(upstream:track)%00%(upstream:remotename)%00%(upstream:remoteref) refs/heads/main refs/remotes/main [40ms]
2025-02-11 15:48:48.551 [info] > git config --get commit.template [44ms]
2025-02-11 15:48:48.551 [info] > git config --get commit.template [64ms]
2025-02-11 15:48:48.552 [info] > git for-each-ref --sort -committerdate --format %(refname) %(objectname) %(*objectname) [3ms]
2025-02-11 15:48:48.592 [info] > git for-each-ref --format=%(refname)%00%(upstream:short)%00%(objectname)%00%(upstream:track)%00%(upstream:remotename)%00%(upstream:remoteref) refs/heads/main refs/remotes/main [20ms]
2025-02-11 15:48:48.634 [info] > git status -z -uall [21ms]
2025-02-11 15:48:48.635 [info] > git for-each-ref --format=%(refname)%00%(upstream:short)%00%(objectname)%00%(upstream:track)%00%(upstream:remotename)%00%(upstream:remoteref) refs/heads/main refs/remotes/main [43ms]
2025-02-11 15:48:48.739 [info] > git status -z -uall [212ms] (cancelled)
2025-02-11 15:48:48.739 [info] > git for-each-ref --sort -committerdate --format %(refname) %(objectname) %(*objectname) [106ms]
2025-02-11 15:48:49.522 [info] > git status -z -uall [750ms]
2025-02-11 15:48:49.523 [info] > git for-each-ref --sort -committerdate --format %(refname) %(objectname) %(*objectname) [729ms]
2025-02-11 15:48:49.533 [info] > git fetch [1807ms]
2025-02-11 15:48:49.563 [info] > git config --get commit.template [1ms]
2025-02-11 15:48:49.597 [info] > git for-each-ref --format=%(refname)%00%(upstream:short)%00%(objectname)%00%(upstream:track)%00%(upstream:remotename)%00%(upstream:remoteref) refs/heads/master refs/remotes/master [4ms]
2025-02-11 15:48:49.624 [warning] [Git][revParse] Unable to read file: ENOENT: no such file or directory, open '/home/navee/.config/libinput-gestures/.git/refs/remotes/origin/master'
2025-02-11 15:48:49.627 [info] > git rev-parse refs/remotes/origin/master [4ms]
2025-02-11 15:48:49.670 [info] > git status -z -uall [22ms]
2025-02-11 15:48:49.694 [info] > git for-each-ref --sort -committerdate --format %(refname) %(objectname) %(*objectname) [25ms]
2025-02-11 15:48:49.704 [info] > git ls-files --stage -- /home/navee/.config/hypr/hyprland/windowrules.conf [11ms]
2025-02-11 15:48:49.726 [info] > git cat-file -s 01ae69627b3ddca0d3dd5b0c4d77d23ba5ec7984 [2ms]
2025-02-11 15:48:49.749 [info] > git show --textconv :hyprland/windowrules.conf [2ms]
2025-02-11 15:48:50.576 [info] > git config --get commit.template [19ms]
2025-02-11 15:48:50.577 [info] > git config --get commit.template [1ms]
2025-02-11 15:48:50.615 [info] > git for-each-ref --format=%(refname)%00%(upstream:short)%00%(objectname)%00%(upstream:track)%00%(upstream:remotename)%00%(upstream:remoteref) refs/heads/main refs/remotes/main [20ms]
2025-02-11 15:48:50.653 [info] > git status -z -uall [19ms]
2025-02-11 15:48:50.654 [info] > git for-each-ref --format=%(refname)%00%(upstream:short)%00%(objectname)%00%(upstream:track)%00%(upstream:remotename)%00%(upstream:remoteref) refs/heads/main refs/remotes/main [40ms]
2025-02-11 15:48:50.704 [info] > git status -z -uall [31ms]
2025-02-11 15:48:50.704 [info] > git for-each-ref --sort -committerdate --format %(refname) %(objectname) %(*objectname) [11ms]
2025-02-11 15:48:50.709 [info] > git for-each-ref --sort -committerdate --format %(refname) %(objectname) %(*objectname) [56ms]
2025-02-11 15:48:50.936 [info] > git ls-files --stage -- /home/navee/.config/hypr/hyprland/windowrules.conf [2ms]
2025-02-11 15:48:50.955 [info] > git cat-file -s 01ae69627b3ddca0d3dd5b0c4d77d23ba5ec7984 [1ms]
2025-02-11 15:48:50.977 [info] > git show --textconv :hyprland/windowrules.conf [2ms]
2025-02-11 15:48:52.075 [info] > git show --textconv :config [61ms]
2025-02-11 15:48:52.075 [info] > git show --textconv HEAD:config [41ms]
2025-02-11 15:48:52.076 [info] > git ls-files --stage -- /home/navee/.config/waybar/config [22ms]
2025-02-11 15:48:52.101 [info] > git cat-file -s 611f0e3618c7ade990bc7618ea46e21f62d114bb [4ms]
2025-02-11 15:48:52.102 [info] > git ls-tree -l HEAD -- /home/navee/.config/waybar/config [28ms]
2025-02-11 15:48:52.151 [info] > git blame --root --incremental b444bb59e8f07ad5994a85667fa90a0013f1d7dc -- /home/navee/.config/waybar/config [2ms]
2025-02-11 15:48:52.403 [info] > git check-ignore -v -z --stdin [22ms]
2025-02-11 15:48:52.404 [info] > git check-ignore -v -z --stdin [2ms]
2025-02-11 15:48:52.973 [info] > git show --textconv :hyprland/keybindings.conf [21ms]
2025-02-11 15:48:52.973 [info] > git ls-files --stage -- /home/navee/.config/hypr/hyprland/keybindings.conf [1ms]
2025-02-11 15:48:52.994 [info] > git cat-file -s eb14354e934d403752f8d9b56eee36b4294f2b25 [1ms]
2025-02-11 15:48:53.026 [info] > git blame --root --incremental 3d18effbd15c3fe9433d8eef9d3169a26db69fc0 -- /home/navee/.config/hypr/hyprland/keybindings.conf [1ms]
2025-02-11 15:49:30.161 [info] > git config --get commit.template [20ms]
2025-02-11 15:49:30.162 [info] > git for-each-ref --format=%(refname)%00%(upstream:short)%00%(objectname)%00%(upstream:track)%00%(upstream:remotename)%00%(upstream:remoteref) refs/heads/main refs/remotes/main [2ms]
2025-02-11 15:49:30.202 [info] > git status -z -uall [21ms]
2025-02-11 15:49:30.203 [info] > git for-each-ref --sort -committerdate --format %(refname) %(objectname) %(*objectname) [2ms]
2025-02-11 15:49:35.267 [info] > git config --get commit.template [36ms]
2025-02-11 15:49:35.268 [info] > git for-each-ref --format=%(refname)%00%(upstream:short)%00%(objectname)%00%(upstream:track)%00%(upstream:remotename)%00%(upstream:remoteref) refs/heads/main refs/remotes/main [3ms]
2025-02-11 15:49:35.309 [info] > git status -z -uall [21ms]
2025-02-11 15:49:35.310 [info] > git for-each-ref --sort -committerdate --format %(refname) %(objectname) %(*objectname) [1ms]
2025-02-11 15:49:43.113 [info] > git config --get commit.template [22ms]
2025-02-11 15:49:43.113 [info] > git for-each-ref --format=%(refname)%00%(upstream:short)%00%(objectname)%00%(upstream:track)%00%(upstream:remotename)%00%(upstream:remoteref) refs/heads/main refs/remotes/main [1ms]
2025-02-11 15:49:43.153 [info] > git status -z -uall [20ms]
2025-02-11 15:49:43.154 [info] > git for-each-ref --sort -committerdate --format %(refname) %(objectname) %(*objectname) [2ms]
2025-02-11 15:52:32.256 [info] > git fetch [747ms]
2025-02-11 15:52:32.276 [info] > git fetch [787ms]
2025-02-11 15:52:32.277 [info] > git fetch [748ms]
2025-02-11 15:52:32.315 [info] > git config --get commit.template [39ms]
2025-02-11 15:52:32.315 [info] > git config --get commit.template [1ms]
2025-02-11 15:52:32.316 [info] > git config --get commit.template [21ms]
2025-02-11 15:52:32.376 [info] > git for-each-ref --format=%(refname)%00%(upstream:short)%00%(objectname)%00%(upstream:track)%00%(upstream:remotename)%00%(upstream:remoteref) refs/heads/main refs/remotes/main [20ms]
2025-02-11 15:52:32.417 [info] > git for-each-ref --format=%(refname)%00%(upstream:short)%00%(objectname)%00%(upstream:track)%00%(upstream:remotename)%00%(upstream:remoteref) refs/heads/main refs/remotes/main [81ms]
2025-02-11 15:52:32.458 [info] > git status -z -uall [21ms]
2025-02-11 15:52:32.459 [info] > git for-each-ref --sort -committerdate --format %(refname) %(objectname) %(*objectname) [43ms]
2025-02-11 15:52:32.460 [info] > git for-each-ref --format=%(refname)%00%(upstream:short)%00%(objectname)%00%(upstream:track)%00%(upstream:remotename)%00%(upstream:remoteref) refs/heads/main refs/remotes/main [86ms]
2025-02-11 15:52:32.461 [info] > git for-each-ref --sort -committerdate --format %(refname) %(objectname) %(*objectname) [4ms]
2025-02-11 15:52:32.513 [info] > git status -z -uall [22ms]
2025-02-11 15:52:32.515 [info] > git for-each-ref --sort -committerdate --format %(refname) %(objectname) %(*objectname) [6ms]
2025-02-11 15:52:32.641 [info] > git status -z -uall [247ms] (cancelled)
2025-02-11 15:52:33.694 [info] > git fetch [2144ms]
2025-02-11 15:52:33.728 [info] > git config --get commit.template [17ms]
2025-02-11 15:52:33.729 [info] > git for-each-ref --format=%(refname)%00%(upstream:short)%00%(objectname)%00%(upstream:track)%00%(upstream:remotename)%00%(upstream:remoteref) refs/heads/master refs/remotes/master [1ms]
2025-02-11 15:52:33.746 [warning] [Git][revParse] Unable to read file: ENOENT: no such file or directory, open '/home/navee/.config/libinput-gestures/.git/refs/remotes/origin/master'
2025-02-11 15:52:33.747 [info] > git rev-parse refs/remotes/origin/master [1ms]
2025-02-11 15:52:33.782 [info] > git status -z -uall [18ms]
2025-02-11 15:52:33.800 [info] > git for-each-ref --sort -committerdate --format %(refname) %(objectname) %(*objectname) [19ms]
2025-02-11 15:52:33.806 [info] > git ls-files --stage -- /home/navee/.config/hypr/hyprland/keybindings.conf [7ms]
2025-02-11 15:52:33.824 [info] > git cat-file -s eb14354e934d403752f8d9b56eee36b4294f2b25 [1ms]
2025-02-11 15:52:33.843 [info] > git show --textconv :hyprland/keybindings.conf [1ms]
2025-02-11 15:52:35.003 [info] > git config --get commit.template [16ms]
2025-02-11 15:52:35.004 [info] > git for-each-ref --format=%(refname)%00%(upstream:short)%00%(objectname)%00%(upstream:track)%00%(upstream:remotename)%00%(upstream:remoteref) refs/heads/master refs/remotes/master [1ms]
2025-02-11 15:52:35.020 [warning] [Git][revParse] Unable to read file: ENOENT: no such file or directory, open '/home/navee/.config/libinput-gestures/.git/refs/remotes/origin/master'
2025-02-11 15:52:35.021 [info] > git rev-parse refs/remotes/origin/master [0ms]
2025-02-11 15:52:35.051 [info] > git status -z -uall [16ms]
2025-02-11 15:52:35.052 [info] > git for-each-ref --sort -committerdate --format %(refname) %(objectname) %(*objectname) [1ms]
2025-02-11 15:52:41.987 [info] > git config --get commit.template [21ms]
2025-02-11 15:52:41.988 [info] > git for-each-ref --format=%(refname)%00%(upstream:short)%00%(objectname)%00%(upstream:track)%00%(upstream:remotename)%00%(upstream:remoteref) refs/heads/main refs/remotes/main [2ms]
2025-02-11 15:52:42.030 [info] > git status -z -uall [21ms]
2025-02-11 15:52:42.031 [info] > git for-each-ref --sort -committerdate --format %(refname) %(objectname) %(*objectname) [1ms]
2025-02-11 15:53:00.427 [info] > git show --textconv :hyprland/windowrules.conf [20ms]
2025-02-11 15:53:00.428 [info] > git ls-files --stage -- /home/navee/.config/hypr/hyprland/windowrules.conf [2ms]
2025-02-11 15:53:00.450 [info] > git cat-file -s 01ae69627b3ddca0d3dd5b0c4d77d23ba5ec7984 [1ms]
2025-02-11 15:53:06.085 [info] > git config --get commit.template [17ms]
2025-02-11 15:53:06.086 [info] > git for-each-ref --format=%(refname)%00%(upstream:short)%00%(objectname)%00%(upstream:track)%00%(upstream:remotename)%00%(upstream:remoteref) refs/heads/main refs/remotes/main [1ms]
2025-02-11 15:53:06.121 [info] > git status -z -uall [18ms]
2025-02-11 15:53:06.122 [info] > git for-each-ref --sort -committerdate --format %(refname) %(objectname) %(*objectname) [2ms]
2025-02-11 15:53:20.281 [info] > git config --get commit.template [19ms]
2025-02-11 15:53:20.282 [info] > git for-each-ref --format=%(refname)%00%(upstream:short)%00%(objectname)%00%(upstream:track)%00%(upstream:remotename)%00%(upstream:remoteref) refs/heads/main refs/remotes/main [1ms]
2025-02-11 15:53:20.323 [info] > git status -z -uall [22ms]
2025-02-11 15:53:20.323 [info] > git for-each-ref --sort -committerdate --format %(refname) %(objectname) %(*objectname) [2ms]
2025-02-11 15:53:25.377 [info] > git config --get commit.template [24ms]
2025-02-11 15:53:25.378 [info] > git for-each-ref --format=%(refname)%00%(upstream:short)%00%(objectname)%00%(upstream:track)%00%(upstream:remotename)%00%(upstream:remoteref) refs/heads/main refs/remotes/main [1ms]
2025-02-11 15:53:25.419 [info] > git status -z -uall [21ms]
2025-02-11 15:53:25.420 [info] > git for-each-ref --sort -committerdate --format %(refname) %(objectname) %(*objectname) [2ms]
2025-02-11 15:53:33.340 [info] > git config --get commit.template [2ms]
2025-02-11 15:53:33.366 [info] > git for-each-ref --format=%(refname)%00%(upstream:short)%00%(objectname)%00%(upstream:track)%00%(upstream:remotename)%00%(upstream:remoteref) refs/heads/main refs/remotes/main [1ms]
2025-02-11 15:53:33.415 [info] > git status -z -uall [26ms]
2025-02-11 15:53:33.416 [info] > git for-each-ref --sort -committerdate --format %(refname) %(objectname) %(*objectname) [2ms]
2025-02-11 15:53:35.980 [info] > git show --textconv :hyprland/keybindings.conf [24ms]
2025-02-11 15:53:35.981 [info] > git ls-files --stage -- /home/navee/.config/hypr/hyprland/keybindings.conf [4ms]
2025-02-11 15:53:36.004 [info] > git cat-file -s eb14354e934d403752f8d9b56eee36b4294f2b25 [2ms]
2025-02-11 15:53:43.074 [info] > git config --get commit.template [20ms]
2025-02-11 15:53:43.075 [info] > git for-each-ref --format=%(refname)%00%(upstream:short)%00%(objectname)%00%(upstream:track)%00%(upstream:remotename)%00%(upstream:remoteref) refs/heads/main refs/remotes/main [1ms]
2025-02-11 15:53:43.117 [info] > git status -z -uall [22ms]
2025-02-11 15:53:43.118 [info] > git for-each-ref --sort -committerdate --format %(refname) %(objectname) %(*objectname) [2ms]
2025-02-11 15:53:50.961 [info] > git config --get commit.template [20ms]
2025-02-11 15:53:50.962 [info] > git for-each-ref --format=%(refname)%00%(upstream:short)%00%(objectname)%00%(upstream:track)%00%(upstream:remotename)%00%(upstream:remoteref) refs/heads/main refs/remotes/main [2ms]
2025-02-11 15:53:51.003 [info] > git status -z -uall [22ms]
2025-02-11 15:53:51.003 [info] > git for-each-ref --sort -committerdate --format %(refname) %(objectname) %(*objectname) [2ms]
2025-02-11 15:54:09.411 [info] > git config --get commit.template [23ms]
2025-02-11 15:54:09.411 [info] > git for-each-ref --format=%(refname)%00%(upstream:short)%00%(objectname)%00%(upstream:track)%00%(upstream:remotename)%00%(upstream:remoteref) refs/heads/main refs/remotes/main [1ms]
2025-02-11 15:54:09.453 [info] > git status -z -uall [21ms]
2025-02-11 15:54:09.454 [info] > git for-each-ref --sort -committerdate --format %(refname) %(objectname) %(*objectname) [2ms]
2025-02-11 15:54:35.549 [info] > git config --get commit.template [20ms]
2025-02-11 15:54:35.550 [info] > git for-each-ref --format=%(refname)%00%(upstream:short)%00%(objectname)%00%(upstream:track)%00%(upstream:remotename)%00%(upstream:remoteref) refs/heads/main refs/remotes/main [2ms]
2025-02-11 15:54:35.588 [info] > git status -z -uall [20ms]
2025-02-11 15:54:35.589 [info] > git for-each-ref --sort -committerdate --format %(refname) %(objectname) %(*objectname) [2ms]
2025-02-11 15:55:37.196 [info] > git fetch [674ms]
2025-02-11 15:55:37.215 [info] > git fetch [712ms]
2025-02-11 15:55:37.234 [info] > git config --get commit.template [19ms]
2025-02-11 15:55:37.253 [info] > git config --get commit.template [20ms]
2025-02-11 15:55:37.253 [info] > git fetch [768ms]
2025-02-11 15:55:37.290 [info] > git for-each-ref --format=%(refname)%00%(upstream:short)%00%(objectname)%00%(upstream:track)%00%(upstream:remotename)%00%(upstream:remoteref) refs/heads/main refs/remotes/main [38ms]
2025-02-11 15:55:37.327 [info] > git config --get commit.template [39ms]
2025-02-11 15:55:37.327 [info] > git for-each-ref --format=%(refname)%00%(upstream:short)%00%(objectname)%00%(upstream:track)%00%(upstream:remotename)%00%(upstream:remoteref) refs/heads/main refs/remotes/main [56ms]
2025-02-11 15:55:37.328 [info] > git for-each-ref --sort -committerdate --format %(refname) %(objectname) %(*objectname) [3ms]
2025-02-11 15:55:37.347 [info] > git for-each-ref --format=%(refname)%00%(upstream:short)%00%(objectname)%00%(upstream:track)%00%(upstream:remotename)%00%(upstream:remoteref) refs/heads/main refs/remotes/main [1ms]
2025-02-11 15:55:37.420 [info] > git status -z -uall [56ms]
2025-02-11 15:55:37.420 [info] > git status -z -uall [20ms]
2025-02-11 15:55:37.421 [info] > git for-each-ref --sort -committerdate --format %(refname) %(objectname) %(*objectname) [4ms]
2025-02-11 15:55:37.425 [info] > git for-each-ref --sort -committerdate --format %(refname) %(objectname) %(*objectname) [42ms]
2025-02-11 15:55:37.529 [info] > git status -z -uall [222ms] (cancelled)
2025-02-11 15:55:38.180 [info] > git fetch [1640ms]
2025-02-11 15:55:38.227 [info] > git config --get commit.template [25ms]
2025-02-11 15:55:38.228 [info] > git for-each-ref --format=%(refname)%00%(upstream:short)%00%(objectname)%00%(upstream:track)%00%(upstream:remotename)%00%(upstream:remoteref) refs/heads/master refs/remotes/master [1ms]
2025-02-11 15:55:38.250 [warning] [Git][revParse] Unable to read file: ENOENT: no such file or directory, open '/home/navee/.config/libinput-gestures/.git/refs/remotes/origin/master'
2025-02-11 15:55:38.251 [info] > git rev-parse refs/remotes/origin/master [1ms]
2025-02-11 15:55:38.294 [info] > git status -z -uall [21ms]
2025-02-11 15:55:38.295 [info] > git for-each-ref --sort -committerdate --format %(refname) %(objectname) %(*objectname) [1ms]
2025-02-11 15:55:38.563 [info] > git config --get commit.template [17ms]
2025-02-11 15:55:38.564 [info] > git config --get commit.template [2ms]
2025-02-11 15:55:38.595 [info] > git for-each-ref --format=%(refname)%00%(upstream:short)%00%(objectname)%00%(upstream:track)%00%(upstream:remotename)%00%(upstream:remoteref) refs/heads/main refs/remotes/main [15ms]
2025-02-11 15:55:38.627 [info] > git status -z -uall [17ms]
2025-02-11 15:55:38.628 [info] > git for-each-ref --format=%(refname)%00%(upstream:short)%00%(objectname)%00%(upstream:track)%00%(upstream:remotename)%00%(upstream:remoteref) refs/heads/main refs/remotes/main [33ms]
2025-02-11 15:55:38.660 [info] > git status -z -uall [17ms]
2025-02-11 15:55:38.660 [info] > git for-each-ref --sort -committerdate --format %(refname) %(objectname) %(*objectname) [33ms]
2025-02-11 15:55:38.664 [info] > git for-each-ref --sort -committerdate --format %(refname) %(objectname) %(*objectname) [5ms]
2025-02-11 15:55:45.715 [info] > git config --get commit.template [20ms]
2025-02-11 15:55:45.721 [info] > git for-each-ref --format=%(refname)%00%(upstream:short)%00%(objectname)%00%(upstream:track)%00%(upstream:remotename)%00%(upstream:remoteref) refs/heads/main refs/remotes/main [7ms]
2025-02-11 15:55:45.762 [info] > git status -z -uall [21ms]
2025-02-11 15:55:45.762 [info] > git for-each-ref --sort -committerdate --format %(refname) %(objectname) %(*objectname) [1ms]
