2025-02-11 15:28:09.728 [info] Reading sessions from keychain...
2025-02-11 15:28:09.728 [info] Getting sessions for all scopes...
2025-02-11 15:28:09.728 [info] Getting sessions for all scopes...
2025-02-11 15:28:09.728 [info] Getting sessions for all scopes...
2025-02-11 15:28:09.728 [info] Getting sessions for user:email...
2025-02-11 15:28:09.728 [info] Getting sessions for all scopes...
2025-02-11 15:28:09.728 [info] Getting sessions for all scopes...
2025-02-11 15:28:09.728 [info] Getting sessions for all scopes...
2025-02-11 15:28:09.728 [info] Getting sessions for all scopes...
2025-02-11 15:28:09.728 [info] Getting sessions for all scopes...
2025-02-11 15:28:09.728 [info] Got stored sessions!
2025-02-11 15:28:09.728 [info] Got 3 verified sessions.
2025-02-11 15:28:09.728 [info] Got 3 sessions for ...
2025-02-11 15:28:09.728 [info] Got 3 sessions for ...
2025-02-11 15:28:09.728 [info] Got 3 sessions for ...
2025-02-11 15:28:09.728 [info] Got 1 sessions for user:email...
2025-02-11 15:28:09.728 [info] Got 3 sessions for ...
2025-02-11 15:28:09.728 [info] Got 3 sessions for ...
2025-02-11 15:28:09.728 [info] Got 3 sessions for ...
2025-02-11 15:28:09.728 [info] Got 3 sessions for ...
2025-02-11 15:28:09.728 [info] Got 3 sessions for ...
2025-02-11 15:28:10.324 [info] Getting sessions for repo,user:email,workflow...
2025-02-11 15:28:10.324 [info] Got 1 sessions for repo,user:email,workflow...
2025-02-11 15:28:12.407 [info] Getting sessions for all scopes...
2025-02-11 15:28:12.407 [info] Got 3 sessions for ...
2025-02-11 15:28:12.875 [info] Getting sessions for read:user,repo,user:email,workflow...
2025-02-11 15:28:12.875 [info] Got 1 sessions for read:user,repo,user:email,workflow...
2025-02-11 15:28:12.875 [info] Getting sessions for all scopes...
2025-02-11 15:28:12.875 [info] Got 3 sessions for ...
2025-02-11 15:28:12.876 [info] Getting sessions for all scopes...
2025-02-11 15:28:12.876 [info] Got 3 sessions for ...
2025-02-11 15:28:12.991 [info] Getting sessions for read:user,repo,user:email,workflow...
2025-02-11 15:28:12.991 [info] Got 1 sessions for read:user,repo,user:email,workflow...
2025-02-11 15:28:13.968 [info] Getting sessions for all scopes...
2025-02-11 15:28:13.968 [info] Got 3 sessions for ...
2025-02-11 15:28:14.989 [info] Getting sessions for read:user,repo,user:email,workflow...
2025-02-11 15:28:14.989 [info] Got 1 sessions for read:user,repo,user:email,workflow...
2025-02-11 15:28:14.989 [info] Getting sessions for read:user,repo,user:email,workflow...
2025-02-11 15:28:14.989 [info] Got 1 sessions for read:user,repo,user:email,workflow...
2025-02-11 15:28:15.122 [info] Getting sessions for all scopes...
2025-02-11 15:28:15.122 [info] Got 3 sessions for ...
2025-02-11 15:28:16.888 [info] Getting sessions for read:user,repo,user:email,workflow...
2025-02-11 15:28:16.888 [info] Got 1 sessions for read:user,repo,user:email,workflow...
2025-02-11 15:28:17.243 [info] Getting sessions for read:user,repo,user:email,workflow...
2025-02-11 15:28:17.243 [info] Got 1 sessions for read:user,repo,user:email,workflow...
2025-02-11 15:28:17.771 [info] Getting sessions for all scopes...
2025-02-11 15:28:17.771 [info] Got 3 sessions for ...
2025-02-11 15:28:17.771 [info] Getting sessions for all scopes...
2025-02-11 15:28:17.771 [info] Got 3 sessions for ...
2025-02-11 15:28:17.833 [info] Getting sessions for read:user,repo,user:email,workflow...
2025-02-11 15:28:17.833 [info] Got 1 sessions for read:user,repo,user:email,workflow...
2025-02-11 15:28:17.888 [info] Getting sessions for all scopes...
2025-02-11 15:28:17.888 [info] Got 3 sessions for ...
2025-02-11 15:28:17.940 [info] Getting sessions for read:user,repo,user:email,workflow...
2025-02-11 15:28:17.940 [info] Got 1 sessions for read:user,repo,user:email,workflow...
2025-02-11 15:28:18.000 [info] Getting sessions for all scopes...
2025-02-11 15:28:18.000 [info] Got 3 sessions for ...
2025-02-11 15:28:18.088 [info] Getting sessions for read:user,repo,user:email,workflow...
2025-02-11 15:28:18.088 [info] Got 1 sessions for read:user,repo,user:email,workflow...
2025-02-11 15:28:18.300 [info] Getting sessions for read:user,repo,user:email,workflow...
2025-02-11 15:28:18.300 [info] Got 1 sessions for read:user,repo,user:email,workflow...
2025-02-11 15:28:19.503 [info] Getting sessions for all scopes...
2025-02-11 15:28:19.503 [info] Got 3 sessions for ...
2025-02-11 15:28:20.149 [info] Getting sessions for all scopes...
2025-02-11 15:28:20.149 [info] Got 3 sessions for ...
2025-02-11 15:28:20.150 [info] Getting sessions for read:user,repo,user:email,workflow...
2025-02-11 15:28:20.150 [info] Got 1 sessions for read:user,repo,user:email,workflow...
2025-02-11 15:28:20.150 [info] Getting sessions for read:user,repo,user:email,workflow...
2025-02-11 15:28:20.150 [info] Got 1 sessions for read:user,repo,user:email,workflow...
2025-02-11 15:29:28.650 [info] Getting sessions for all scopes...
2025-02-11 15:29:28.650 [info] Got 3 sessions for ...
2025-02-11 15:29:28.650 [info] Getting sessions for read:user,repo,user:email,workflow...
2025-02-11 15:29:28.651 [info] Got 1 sessions for read:user,repo,user:email,workflow...
2025-02-11 15:29:31.240 [info] Getting sessions for all scopes...
2025-02-11 15:29:31.240 [info] Got 3 sessions for ...
2025-02-11 15:29:31.241 [info] Getting sessions for read:user,repo,user:email,workflow...
2025-02-11 15:29:31.241 [info] Got 1 sessions for read:user,repo,user:email,workflow...
2025-02-11 15:29:33.150 [info] Getting sessions for all scopes...
2025-02-11 15:29:33.150 [info] Got 3 sessions for ...
2025-02-11 15:29:33.181 [info] Getting sessions for read:user,repo,user:email,workflow...
2025-02-11 15:29:33.181 [info] Got 1 sessions for read:user,repo,user:email,workflow...
2025-02-11 15:29:35.631 [info] Getting sessions for all scopes...
2025-02-11 15:29:35.632 [info] Got 3 sessions for ...
2025-02-11 15:29:35.648 [info] Getting sessions for read:user,repo,user:email,workflow...
2025-02-11 15:29:35.648 [info] Got 1 sessions for read:user,repo,user:email,workflow...
2025-02-11 15:31:37.269 [info] Getting sessions for all scopes...
2025-02-11 15:31:37.269 [info] Got 3 sessions for ...
2025-02-11 15:31:37.270 [info] Getting sessions for read:user,repo,user:email,workflow...
2025-02-11 15:31:37.270 [info] Got 1 sessions for read:user,repo,user:email,workflow...
2025-02-11 15:31:41.338 [info] Getting sessions for all scopes...
2025-02-11 15:31:41.338 [info] Got 3 sessions for ...
2025-02-11 15:31:41.339 [info] Getting sessions for read:user,repo,user:email,workflow...
2025-02-11 15:31:41.339 [info] Got 1 sessions for read:user,repo,user:email,workflow...
2025-02-11 15:31:43.213 [info] Getting sessions for all scopes...
2025-02-11 15:31:43.213 [info] Got 3 sessions for ...
2025-02-11 15:31:43.234 [info] Getting sessions for read:user,repo,user:email,workflow...
2025-02-11 15:31:43.234 [info] Got 1 sessions for read:user,repo,user:email,workflow...
2025-02-11 15:31:46.739 [info] Getting sessions for all scopes...
2025-02-11 15:31:46.739 [info] Got 3 sessions for ...
2025-02-11 15:31:46.790 [info] Getting sessions for read:user,repo,user:email,workflow...
2025-02-11 15:31:46.791 [info] Got 1 sessions for read:user,repo,user:email,workflow...
2025-02-11 15:32:56.629 [info] Getting sessions for all scopes...
2025-02-11 15:32:56.629 [info] Got 3 sessions for ...
2025-02-11 15:32:56.630 [info] Getting sessions for read:user,repo,user:email,workflow...
2025-02-11 15:32:56.630 [info] Got 1 sessions for read:user,repo,user:email,workflow...
2025-02-11 15:32:57.985 [info] Getting sessions for all scopes...
2025-02-11 15:32:57.985 [info] Got 3 sessions for ...
2025-02-11 15:32:57.986 [info] Getting sessions for read:user,repo,user:email,workflow...
2025-02-11 15:32:57.986 [info] Got 1 sessions for read:user,repo,user:email,workflow...
2025-02-11 15:33:02.021 [info] Getting sessions for all scopes...
2025-02-11 15:33:02.021 [info] Got 3 sessions for ...
2025-02-11 15:33:02.059 [info] Getting sessions for read:user,repo,user:email,workflow...
2025-02-11 15:33:02.059 [info] Got 1 sessions for read:user,repo,user:email,workflow...
2025-02-11 15:33:14.579 [info] Getting sessions for all scopes...
2025-02-11 15:33:14.579 [info] Got 3 sessions for ...
2025-02-11 15:33:14.606 [info] Getting sessions for read:user,repo,user:email,workflow...
2025-02-11 15:33:14.606 [info] Got 1 sessions for read:user,repo,user:email,workflow...
2025-02-11 15:34:31.490 [info] Getting sessions for all scopes...
2025-02-11 15:34:31.491 [info] Got 3 sessions for ...
2025-02-11 15:34:31.491 [info] Getting sessions for read:user,repo,user:email,workflow...
2025-02-11 15:34:31.491 [info] Got 1 sessions for read:user,repo,user:email,workflow...
2025-02-11 15:34:33.634 [info] Getting sessions for all scopes...
2025-02-11 15:34:33.634 [info] Got 3 sessions for ...
2025-02-11 15:34:33.635 [info] Getting sessions for read:user,repo,user:email,workflow...
2025-02-11 15:34:33.635 [info] Got 1 sessions for read:user,repo,user:email,workflow...
2025-02-11 15:34:35.568 [info] Getting sessions for all scopes...
2025-02-11 15:34:35.568 [info] Got 3 sessions for ...
2025-02-11 15:34:35.586 [info] Getting sessions for read:user,repo,user:email,workflow...
2025-02-11 15:34:35.586 [info] Got 1 sessions for read:user,repo,user:email,workflow...
2025-02-11 15:34:40.208 [info] Getting sessions for all scopes...
2025-02-11 15:34:40.208 [info] Got 3 sessions for ...
2025-02-11 15:34:40.245 [info] Getting sessions for read:user,repo,user:email,workflow...
2025-02-11 15:34:40.245 [info] Got 1 sessions for read:user,repo,user:email,workflow...
2025-02-11 15:35:10.094 [info] Getting sessions for all scopes...
2025-02-11 15:35:10.095 [info] Got 3 sessions for ...
2025-02-11 15:35:10.095 [info] Getting sessions for read:user,repo,user:email,workflow...
2025-02-11 15:35:10.095 [info] Got 1 sessions for read:user,repo,user:email,workflow...
2025-02-11 15:35:11.998 [info] Getting sessions for all scopes...
2025-02-11 15:35:11.998 [info] Got 3 sessions for ...
2025-02-11 15:35:11.999 [info] Getting sessions for read:user,repo,user:email,workflow...
2025-02-11 15:35:11.999 [info] Got 1 sessions for read:user,repo,user:email,workflow...
2025-02-11 15:35:14.161 [info] Getting sessions for all scopes...
2025-02-11 15:35:14.161 [info] Got 3 sessions for ...
2025-02-11 15:35:14.203 [info] Getting sessions for read:user,repo,user:email,workflow...
2025-02-11 15:35:14.203 [info] Got 1 sessions for read:user,repo,user:email,workflow...
2025-02-11 15:35:20.406 [info] Getting sessions for all scopes...
2025-02-11 15:35:20.406 [info] Got 3 sessions for ...
2025-02-11 15:35:20.432 [info] Getting sessions for read:user,repo,user:email,workflow...
2025-02-11 15:35:20.432 [info] Got 1 sessions for read:user,repo,user:email,workflow...
2025-02-11 15:36:24.430 [info] Getting sessions for all scopes...
2025-02-11 15:36:24.430 [info] Got 3 sessions for ...
2025-02-11 15:36:24.431 [info] Getting sessions for read:user,repo,user:email,workflow...
2025-02-11 15:36:24.431 [info] Got 1 sessions for read:user,repo,user:email,workflow...
2025-02-11 15:36:28.131 [info] Getting sessions for all scopes...
2025-02-11 15:36:28.131 [info] Got 3 sessions for ...
2025-02-11 15:36:28.131 [info] Getting sessions for read:user,repo,user:email,workflow...
2025-02-11 15:36:28.131 [info] Got 1 sessions for read:user,repo,user:email,workflow...
2025-02-11 15:36:31.604 [info] Getting sessions for all scopes...
2025-02-11 15:36:31.604 [info] Got 3 sessions for ...
2025-02-11 15:36:31.620 [info] Getting sessions for read:user,repo,user:email,workflow...
2025-02-11 15:36:31.620 [info] Got 1 sessions for read:user,repo,user:email,workflow...
2025-02-11 15:36:54.459 [info] Getting sessions for all scopes...
2025-02-11 15:36:54.459 [info] Got 3 sessions for ...
2025-02-11 15:36:54.493 [info] Getting sessions for read:user,repo,user:email,workflow...
2025-02-11 15:36:54.493 [info] Got 1 sessions for read:user,repo,user:email,workflow...
