2025-02-11 15:39:58.464 [info] [main] Log level: Info
2025-02-11 15:39:58.464 [info] [main] Validating found git in: "git"
2025-02-11 15:39:58.464 [info] [main] Using git "2.48.1" from "git"
2025-02-11 15:39:58.464 [info] [Model][doInitialScan] Initial repository scan started
2025-02-11 15:39:58.464 [info] > git rev-parse --show-toplevel [2391ms]
2025-02-11 15:39:58.464 [info] > git rev-parse --git-dir --git-common-dir [50ms]
2025-02-11 15:39:58.464 [info] [Model][openRepository] Opened repository: /home/navee/.config
2025-02-11 15:39:58.466 [info] > git rev-parse --show-toplevel [14ms]
2025-02-11 15:39:58.483 [info] > git config --get commit.template [44ms]
2025-02-11 15:39:58.492 [info] > git rev-parse --path-format=relative --show-toplevel [10ms]
2025-02-11 15:39:58.530 [info] > git for-each-ref --format=%(refname)%00%(upstream:short)%00%(objectname)%00%(upstream:track)%00%(upstream:remotename)%00%(upstream:remoteref) refs/heads/main refs/remotes/main [21ms]
2025-02-11 15:39:58.567 [info] > git rev-parse --git-dir --git-common-dir [38ms]
2025-02-11 15:39:58.570 [info] [Model][openRepository] Opened repository: /home/navee/.config/hypr
2025-02-11 15:39:58.588 [info] > git for-each-ref --sort -committerdate --format %(refname) %(objectname) %(*objectname) [25ms]
2025-02-11 15:39:58.597 [info] > git config --get commit.template [10ms]
2025-02-11 15:39:59.628 [info] > git check-ignore -v -z --stdin [101ms]
2025-02-11 15:39:59.638 [info] > git check-ignore -v -z --stdin [84ms]
2025-02-11 15:39:59.639 [info] > git for-each-ref --format=%(refname)%00%(upstream:short)%00%(objectname)%00%(upstream:track)%00%(upstream:remotename)%00%(upstream:remoteref) refs/heads/main refs/remotes/main [1008ms]
2025-02-11 15:39:59.786 [info] > git status -z -uall [1239ms] (cancelled)
2025-02-11 15:40:00.545 [info] > git for-each-ref --format=%(refname)%00%(upstream:short)%00%(objectname)%00%(upstream:track)%00%(upstream:remotename)%00%(upstream:remoteref) refs/heads/main refs/remotes/main [762ms]
2025-02-11 15:40:00.617 [info] > git status -z -uall [140ms]
2025-02-11 15:40:00.618 [info] > git config --get --local branch.main.vscode-merge-base [56ms]
2025-02-11 15:40:00.638 [info] > git config --get commit.template [103ms]
2025-02-11 15:40:00.638 [info] > git for-each-ref --sort -committerdate --format %(refname) %(objectname) %(*objectname) [143ms]
2025-02-11 15:40:00.691 [info] > git for-each-ref --format=%(refname)%00%(upstream:short)%00%(objectname)%00%(upstream:track)%00%(upstream:remotename)%00%(upstream:remoteref) refs/heads/main refs/remotes/main [34ms]
2025-02-11 15:40:00.709 [info] > git for-each-ref --format=%(refname)%00%(upstream:short)%00%(objectname)%00%(upstream:track)%00%(upstream:remotename)%00%(upstream:remoteref) refs/heads/origin/main refs/remotes/origin/main [72ms]
2025-02-11 15:40:00.760 [info] > git config --get --local branch.main.vscode-merge-base [52ms]
2025-02-11 15:40:00.783 [info] > git config --get commit.template [96ms]
2025-02-11 15:40:00.818 [info] > git for-each-ref --format=%(refname)%00%(upstream:short)%00%(objectname)%00%(upstream:track)%00%(upstream:remotename)%00%(upstream:remoteref) refs/heads/origin/main refs/remotes/origin/main [36ms]
2025-02-11 15:40:00.835 [info] > git for-each-ref --format=%(refname)%00%(upstream:short)%00%(objectname)%00%(upstream:track)%00%(upstream:remotename)%00%(upstream:remoteref) refs/heads/main refs/remotes/main [84ms]
2025-02-11 15:40:00.891 [info] > git for-each-ref --sort -committerdate --format %(refname) %(objectname) %(*objectname) [27ms]
2025-02-11 15:40:00.892 [info] > git merge-base refs/heads/main refs/remotes/origin/main [58ms]
2025-02-11 15:40:00.984 [info] > git for-each-ref --format=%(refname)%00%(upstream:short)%00%(objectname)%00%(upstream:track)%00%(upstream:remotename)%00%(upstream:remoteref) refs/heads/main refs/remotes/main [102ms]
2025-02-11 15:40:01.209 [info] > git status -z -uall [360ms] (cancelled)
2025-02-11 15:40:01.209 [info] > git status -z -uall [123ms]
2025-02-11 15:40:01.209 [info] > git for-each-ref --sort -committerdate --format %(refname) %(objectname) %(*objectname) [106ms]
2025-02-11 15:40:02.288 [info] > git rev-parse --show-toplevel [1ms]
2025-02-11 15:40:02.335 [info] > git rev-parse --show-toplevel [2ms]
2025-02-11 15:40:02.355 [info] > git rev-parse --show-toplevel [1ms]
2025-02-11 15:40:02.373 [info] > git rev-parse --show-toplevel [1ms]
2025-02-11 15:40:02.390 [info] > git rev-parse --show-toplevel [1ms]
2025-02-11 15:40:02.408 [info] > git rev-parse --show-toplevel [1ms]
2025-02-11 15:40:02.425 [info] > git rev-parse --show-toplevel [1ms]
2025-02-11 15:40:02.442 [info] > git rev-parse --show-toplevel [1ms]
2025-02-11 15:40:02.460 [info] > git rev-parse --show-toplevel [2ms]
2025-02-11 15:40:02.483 [info] > git rev-parse --show-toplevel [4ms]
2025-02-11 15:40:02.505 [info] > git rev-parse --show-toplevel [5ms]
2025-02-11 15:40:02.522 [info] > git rev-parse --show-toplevel [1ms]
2025-02-11 15:40:02.539 [info] > git rev-parse --show-toplevel [1ms]
2025-02-11 15:40:02.557 [info] > git rev-parse --show-toplevel [1ms]
2025-02-11 15:40:02.592 [info] > git rev-parse --show-toplevel [18ms]
2025-02-11 15:40:02.613 [info] > git rev-parse --show-toplevel [4ms]
2025-02-11 15:40:02.636 [info] > git rev-parse --show-toplevel [1ms]
2025-02-11 15:40:02.656 [info] > git rev-parse --show-toplevel [2ms]
2025-02-11 15:40:02.673 [info] > git rev-parse --git-dir --git-common-dir [2ms]
2025-02-11 15:40:02.676 [info] [Model][openRepository] Opened repository: /home/navee/.config/libinput-gestures
2025-02-11 15:40:02.713 [info] > git rev-parse --show-toplevel [2ms]
2025-02-11 15:40:02.714 [info] > git config --get commit.template [19ms]
2025-02-11 15:40:02.752 [info] > git rev-parse --show-toplevel [19ms]
2025-02-11 15:40:02.768 [info] > git for-each-ref --format=%(refname)%00%(upstream:short)%00%(objectname)%00%(upstream:track)%00%(upstream:remotename)%00%(upstream:remoteref) refs/heads/master refs/remotes/master [18ms]
2025-02-11 15:40:02.784 [warning] [Git][revParse] Unable to read file: ENOENT: no such file or directory, open '/home/navee/.config/libinput-gestures/.git/refs/remotes/origin/master'
2025-02-11 15:40:02.785 [info] > git rev-parse --show-toplevel [17ms]
2025-02-11 15:40:02.801 [info] > git rev-parse refs/remotes/origin/master [17ms]
2025-02-11 15:40:02.836 [info] > git status -z -uall [19ms]
2025-02-11 15:40:02.837 [info] > git rev-parse --show-toplevel [36ms]
2025-02-11 15:40:02.888 [info] > git for-each-ref --sort -committerdate --format %(refname) %(objectname) %(*objectname) [54ms]
2025-02-11 15:40:02.946 [info] > git for-each-ref --format=%(refname)%00%(upstream:short)%00%(objectname)%00%(upstream:track)%00%(upstream:remotename)%00%(upstream:remoteref) refs/heads/master refs/remotes/master [33ms]
2025-02-11 15:40:02.964 [info] > git rev-parse --show-toplevel [77ms]
2025-02-11 15:40:02.986 [info] > git config --get --local branch.master.vscode-merge-base [23ms]
2025-02-11 15:40:03.002 [info] > git config --get commit.template [65ms]
2025-02-11 15:40:03.004 [info] > git for-each-ref --format=%(refname)%00%(upstream:short)%00%(objectname)%00%(upstream:track)%00%(upstream:remotename)%00%(upstream:remoteref) refs/heads/origin/master refs/remotes/origin/master [2ms]
2025-02-11 15:40:03.021 [info] > git rev-parse --show-toplevel [37ms]
2025-02-11 15:40:03.052 [info] > git rev-parse --show-toplevel [1ms]
2025-02-11 15:40:03.053 [info] > git for-each-ref --format=%(refname)%00%(upstream:short)%00%(objectname)%00%(upstream:track)%00%(upstream:remotename)%00%(upstream:remoteref) refs/heads/master refs/remotes/master [17ms]
2025-02-11 15:40:03.053 [info] > git merge-base refs/heads/master refs/remotes/origin/master [33ms]
2025-02-11 15:40:03.099 [warning] [Git][revParse] Unable to read file: ENOENT: no such file or directory, open '/home/navee/.config/libinput-gestures/.git/refs/remotes/origin/master'
2025-02-11 15:40:03.099 [info] > git rev-parse --show-toplevel [15ms]
2025-02-11 15:40:03.099 [info] > git diff --name-status -z --diff-filter=ADMR 8c6e3631b01bb1a6fffe40b6e4d9fe2d52efb836...refs/remotes/origin/master [31ms]
2025-02-11 15:40:03.116 [info] > git rev-parse refs/remotes/origin/master [18ms]
2025-02-11 15:40:03.149 [info] > git status -z -uall [17ms]
2025-02-11 15:40:03.150 [info] > git rev-parse --show-toplevel [34ms]
2025-02-11 15:40:03.167 [info] > git for-each-ref --sort -committerdate --format %(refname) %(objectname) %(*objectname) [20ms]
2025-02-11 15:40:03.174 [info] > git rev-parse --show-toplevel [7ms]
2025-02-11 15:40:03.198 [info] > git rev-parse --show-toplevel [1ms]
2025-02-11 15:40:03.266 [info] > git check-ignore -v -z --stdin [33ms]
2025-02-11 15:40:03.270 [info] > git check-ignore -v -z --stdin [21ms]
2025-02-11 15:40:03.270 [info] > git check-ignore -v -z --stdin [5ms]
2025-02-11 15:40:03.270 [info] > git rev-parse --show-toplevel [53ms]
2025-02-11 15:40:03.289 [info] > git rev-parse --show-toplevel [1ms]
2025-02-11 15:40:03.306 [info] > git rev-parse --show-toplevel [1ms]
2025-02-11 15:40:03.323 [info] > git rev-parse --show-toplevel [1ms]
2025-02-11 15:40:03.340 [info] > git rev-parse --git-dir --git-common-dir [2ms]
2025-02-11 15:40:03.345 [info] [Model][openRepository] Opened repository: /home/navee/.config/waybar
2025-02-11 15:40:03.381 [info] > git rev-parse --show-toplevel [3ms]
2025-02-11 15:40:03.381 [info] > git config --get commit.template [19ms]
2025-02-11 15:40:03.480 [info] > git rev-parse --show-toplevel [78ms]
2025-02-11 15:40:03.499 [info] > git for-each-ref --format=%(refname)%00%(upstream:short)%00%(objectname)%00%(upstream:track)%00%(upstream:remotename)%00%(upstream:remoteref) refs/heads/main refs/remotes/main [23ms]
2025-02-11 15:40:03.536 [info] > git status -z -uall [20ms]
2025-02-11 15:40:03.536 [info] > git for-each-ref --sort -committerdate --format %(refname) %(objectname) %(*objectname) [3ms]
2025-02-11 15:40:03.577 [info] > git rev-parse --show-toplevel [79ms]
2025-02-11 15:40:03.616 [info] > git for-each-ref --format=%(refname)%00%(upstream:short)%00%(objectname)%00%(upstream:track)%00%(upstream:remotename)%00%(upstream:remoteref) refs/heads/main refs/remotes/main [57ms]
2025-02-11 15:40:03.652 [info] > git config --get --local branch.main.vscode-merge-base [4ms]
2025-02-11 15:40:03.670 [info] > git rev-parse --show-toplevel [55ms]
2025-02-11 15:40:03.670 [info] > git config --get commit.template [74ms]
2025-02-11 15:40:03.688 [info] > git for-each-ref --format=%(refname)%00%(upstream:short)%00%(objectname)%00%(upstream:track)%00%(upstream:remotename)%00%(upstream:remoteref) refs/heads/origin/main refs/remotes/origin/main [19ms]
2025-02-11 15:40:03.707 [info] > git rev-parse --show-toplevel [19ms]
2025-02-11 15:40:03.708 [info] [Model][doInitialScan] Initial repository scan completed - repositories (4), closed repositories (0), parent repositories (0), unsafe repositories (0)
2025-02-11 15:40:03.800 [info] > git show --textconv :hyprland/keybindings.conf [72ms]
2025-02-11 15:40:03.800 [info] > git ls-files --stage -- /home/navee/.config/hypr/hyprland/keybindings.conf [54ms]
2025-02-11 15:40:03.817 [info] > git for-each-ref --format=%(refname)%00%(upstream:short)%00%(objectname)%00%(upstream:track)%00%(upstream:remotename)%00%(upstream:remoteref) refs/heads/main refs/remotes/main [111ms]
2025-02-11 15:40:03.869 [info] > git status -z -uall [35ms]
2025-02-11 15:40:03.869 [info] > git for-each-ref --sort -committerdate --format %(refname) %(objectname) %(*objectname) [17ms]
2025-02-11 15:40:03.874 [info] > git cat-file -s eb14354e934d403752f8d9b56eee36b4294f2b25 [58ms]
2025-02-11 15:40:03.875 [info] > git config --get commit.template [76ms]
2025-02-11 15:40:03.875 [info] > git config --get commit.template [93ms]
2025-02-11 15:40:03.875 [info] > git config --get commit.template [110ms]
2025-02-11 15:40:04.045 [info] > git check-ignore -v -z --stdin [112ms]
2025-02-11 15:40:04.045 [info] > git check-ignore -v -z --stdin [95ms]
2025-02-11 15:40:04.045 [info] > git check-ignore -v -z --stdin [78ms]
2025-02-11 15:40:04.046 [info] > git check-ignore -v -z --stdin [62ms]
2025-02-11 15:40:04.047 [info] > git config --get commit.template [132ms]
2025-02-11 15:40:04.343 [info] > git for-each-ref --format=%(refname)%00%(upstream:short)%00%(objectname)%00%(upstream:track)%00%(upstream:remotename)%00%(upstream:remoteref) refs/heads/main refs/remotes/main [299ms]
2025-02-11 15:40:04.387 [info] > git for-each-ref --format=%(refname)%00%(upstream:short)%00%(objectname)%00%(upstream:track)%00%(upstream:remotename)%00%(upstream:remoteref) refs/heads/main refs/remotes/main [364ms]
2025-02-11 15:40:04.387 [info] > git for-each-ref --format=%(refname)%00%(upstream:short)%00%(objectname)%00%(upstream:track)%00%(upstream:remotename)%00%(upstream:remoteref) refs/heads/master refs/remotes/master [382ms]
2025-02-11 15:40:04.387 [info] > git fetch [965ms]
2025-02-11 15:40:04.388 [info] > git for-each-ref --sort -committerdate --format %(refname) %(objectname) %(*objectname) [1ms] (cancelled)
2025-02-11 15:40:04.390 [info] > git fetch [950ms]
2025-02-11 15:40:04.451 [warning] [Git][revParse] Unable to read file: ENOENT: no such file or directory, open '/home/navee/.config/libinput-gestures/.git/refs/remotes/origin/master'
2025-02-11 15:40:04.497 [info] > git status -z -uall [133ms] (cancelled)
2025-02-11 15:40:04.498 [info] > git fetch [922ms]
2025-02-11 15:40:04.550 [info] > git config --get commit.template [53ms]
2025-02-11 15:40:04.550 [info] > git config --get commit.template [81ms]
2025-02-11 15:40:04.550 [info] > git rev-parse refs/remotes/origin/master [99ms]
2025-02-11 15:40:04.602 [info] > git for-each-ref --format=%(refname)%00%(upstream:short)%00%(objectname)%00%(upstream:track)%00%(upstream:remotename)%00%(upstream:remoteref) refs/heads/main refs/remotes/main [168ms]
2025-02-11 15:40:04.632 [info] > git status -z -uall [57ms]
2025-02-11 15:40:04.632 [info] > git for-each-ref --sort -committerdate --format %(refname) %(objectname) %(*objectname) [30ms]
2025-02-11 15:40:04.640 [info] > git config --get commit.template [94ms]
2025-02-11 15:40:04.690 [info] > git blame --root --incremental 3d18effbd15c3fe9433d8eef9d3169a26db69fc0 -- /home/navee/.config/hypr/hyprland/keybindings.conf [59ms]
2025-02-11 15:40:04.721 [info] > git for-each-ref --format=%(refname)%00%(upstream:short)%00%(objectname)%00%(upstream:track)%00%(upstream:remotename)%00%(upstream:remoteref) refs/heads/main refs/remotes/main [32ms]
2025-02-11 15:40:04.721 [info] > git for-each-ref --format=%(refname)%00%(upstream:short)%00%(objectname)%00%(upstream:track)%00%(upstream:remotename)%00%(upstream:remoteref) refs/heads/main refs/remotes/main [56ms]
2025-02-11 15:40:04.766 [info] > git for-each-ref --format=%(refname)%00%(upstream:short)%00%(objectname)%00%(upstream:track)%00%(upstream:remotename)%00%(upstream:remoteref) refs/heads/main refs/remotes/main [49ms]
2025-02-11 15:40:04.810 [info] > git status -z -uall [24ms]
2025-02-11 15:40:04.811 [info] > git for-each-ref --sort -committerdate --format %(refname) %(objectname) %(*objectname) [46ms]
2025-02-11 15:40:04.813 [info] > git for-each-ref --sort -committerdate --format %(refname) %(objectname) %(*objectname) [4ms]
2025-02-11 15:40:04.897 [info] > git status -z -uall [41ms]
2025-02-11 15:40:04.897 [info] > git fetch [1438ms]
2025-02-11 15:40:05.083 [info] > git for-each-ref --sort -committerdate --format %(refname) %(objectname) %(*objectname) [193ms]
2025-02-11 15:40:06.088 [info] > git status -z -uall [1344ms] (cancelled)
2025-02-11 15:40:06.088 [info] > git config --get commit.template [1154ms]
2025-02-11 15:40:06.253 [info] > git for-each-ref --format=%(refname)%00%(upstream:short)%00%(objectname)%00%(upstream:track)%00%(upstream:remotename)%00%(upstream:remoteref) refs/heads/master refs/remotes/master [33ms]
2025-02-11 15:40:06.301 [warning] [Git][revParse] Unable to read file: ENOENT: no such file or directory, open '/home/navee/.config/libinput-gestures/.git/refs/remotes/origin/master'
2025-02-11 15:40:06.307 [info] > git rev-parse refs/remotes/origin/master [6ms]
2025-02-11 15:40:06.375 [info] > git status -z -uall [44ms]
2025-02-11 15:40:06.376 [info] > git for-each-ref --sort -committerdate --format %(refname) %(objectname) %(*objectname) [21ms]
2025-02-11 15:40:07.430 [info] > git ls-files --stage -- /home/navee/.config/hypr/hyprland/keybindings.conf [2ms]
2025-02-11 15:40:07.452 [info] > git cat-file -s eb14354e934d403752f8d9b56eee36b4294f2b25 [2ms]
2025-02-11 15:40:07.479 [info] > git show --textconv :hyprland/keybindings.conf [2ms]
2025-02-11 15:40:40.736 [info] > git config --get commit.template [20ms]
2025-02-11 15:40:40.737 [info] > git for-each-ref --format=%(refname)%00%(upstream:short)%00%(objectname)%00%(upstream:track)%00%(upstream:remotename)%00%(upstream:remoteref) refs/heads/main refs/remotes/main [2ms]
2025-02-11 15:40:40.776 [info] > git status -z -uall [21ms]
2025-02-11 15:40:40.776 [info] > git for-each-ref --sort -committerdate --format %(refname) %(objectname) %(*objectname) [2ms]
2025-02-11 15:40:45.831 [info] > git config --get commit.template [26ms]
2025-02-11 15:40:45.831 [info] > git for-each-ref --format=%(refname)%00%(upstream:short)%00%(objectname)%00%(upstream:track)%00%(upstream:remotename)%00%(upstream:remoteref) refs/heads/main refs/remotes/main [1ms]
2025-02-11 15:40:45.877 [info] > git status -z -uall [24ms]
2025-02-11 15:40:45.878 [info] > git for-each-ref --sort -committerdate --format %(refname) %(objectname) %(*objectname) [2ms]
2025-02-11 15:41:31.744 [info] > git config --get commit.template [22ms]
2025-02-11 15:41:31.745 [info] > git for-each-ref --format=%(refname)%00%(upstream:short)%00%(objectname)%00%(upstream:track)%00%(upstream:remotename)%00%(upstream:remoteref) refs/heads/main refs/remotes/main [2ms]
2025-02-11 15:41:31.788 [info] > git status -z -uall [21ms]
2025-02-11 15:41:31.789 [info] > git for-each-ref --sort -committerdate --format %(refname) %(objectname) %(*objectname) [2ms]
2025-02-11 15:41:34.026 [info] > git check-ignore -v -z --stdin [1ms]
2025-02-11 15:41:36.831 [info] > git config --get commit.template [19ms]
2025-02-11 15:41:36.831 [info] > git for-each-ref --format=%(refname)%00%(upstream:short)%00%(objectname)%00%(upstream:track)%00%(upstream:remotename)%00%(upstream:remoteref) refs/heads/main refs/remotes/main [1ms]
2025-02-11 15:41:36.869 [info] > git status -z -uall [19ms]
2025-02-11 15:41:36.870 [info] > git for-each-ref --sort -committerdate --format %(refname) %(objectname) %(*objectname) [2ms]
2025-02-11 15:42:46.726 [info] > git show -s --decorate=full --shortstat --format=%H%n%aN%n%aE%n%at%n%ct%n%P%n%D%n%B -z 9eb99c1521077ebcb9e03330b5e6970524425966 [6ms]
2025-02-11 15:42:48.581 [info] > git rev-list origin/main..main [2ms]
2025-02-11 15:43:21.207 [info] > git fetch [662ms]
2025-02-11 15:43:21.228 [info] > git fetch [733ms]
2025-02-11 15:43:21.249 [info] > git config --get commit.template [22ms]
2025-02-11 15:43:21.270 [info] > git config --get commit.template [22ms]
2025-02-11 15:43:21.270 [info] > git fetch [747ms]
2025-02-11 15:43:21.311 [info] > git for-each-ref --format=%(refname)%00%(upstream:short)%00%(objectname)%00%(upstream:track)%00%(upstream:remotename)%00%(upstream:remoteref) refs/heads/main refs/remotes/main [42ms]
2025-02-11 15:43:21.312 [info] > git config --get commit.template [2ms]
2025-02-11 15:43:21.312 [info] > git for-each-ref --format=%(refname)%00%(upstream:short)%00%(objectname)%00%(upstream:track)%00%(upstream:remotename)%00%(upstream:remoteref) refs/heads/main refs/remotes/main [22ms]
2025-02-11 15:43:21.353 [info] > git status -z -uall [22ms]
2025-02-11 15:43:21.413 [info] > git status -z -uall [21ms]
2025-02-11 15:43:21.413 [info] > git for-each-ref --sort -committerdate --format %(refname) %(objectname) %(*objectname) [61ms]
2025-02-11 15:43:21.419 [info] > git for-each-ref --sort -committerdate --format %(refname) %(objectname) %(*objectname) [7ms]
2025-02-11 15:43:21.424 [info] > git for-each-ref --format=%(refname)%00%(upstream:short)%00%(objectname)%00%(upstream:track)%00%(upstream:remotename)%00%(upstream:remoteref) refs/heads/main refs/remotes/main [51ms]
2025-02-11 15:43:21.468 [info] > git for-each-ref --sort -committerdate --format %(refname) %(objectname) %(*objectname) [3ms]
2025-02-11 15:43:21.638 [info] > git status -z -uall [193ms] (cancelled)
2025-02-11 15:43:22.400 [info] > git fetch [1834ms]
2025-02-11 15:43:22.454 [info] > git config --get commit.template [29ms]
2025-02-11 15:43:22.455 [info] > git for-each-ref --format=%(refname)%00%(upstream:short)%00%(objectname)%00%(upstream:track)%00%(upstream:remotename)%00%(upstream:remoteref) refs/heads/master refs/remotes/master [1ms]
2025-02-11 15:43:22.478 [warning] [Git][revParse] Unable to read file: ENOENT: no such file or directory, open '/home/navee/.config/libinput-gestures/.git/refs/remotes/origin/master'
2025-02-11 15:43:22.506 [info] > git rev-parse refs/remotes/origin/master [28ms]
2025-02-11 15:43:22.549 [info] > git status -z -uall [22ms]
2025-02-11 15:43:22.549 [info] > git config --get commit.template [44ms]
2025-02-11 15:43:22.550 [info] > git for-each-ref --sort -committerdate --format %(refname) %(objectname) %(*objectname) [2ms]
2025-02-11 15:43:22.578 [info] > git for-each-ref --format=%(refname)%00%(upstream:short)%00%(objectname)%00%(upstream:track)%00%(upstream:remotename)%00%(upstream:remoteref) refs/heads/main refs/remotes/main [2ms]
2025-02-11 15:43:22.620 [info] > git status -z -uall [21ms]
2025-02-11 15:43:22.621 [info] > git for-each-ref --sort -committerdate --format %(refname) %(objectname) %(*objectname) [2ms]
2025-02-11 15:43:23.525 [info] > git ls-files --stage -- /home/navee/.config/hypr/hyprland/keybindings.conf [1ms]
2025-02-11 15:43:23.546 [info] > git cat-file -s eb14354e934d403752f8d9b56eee36b4294f2b25 [2ms]
2025-02-11 15:43:23.576 [info] > git show --textconv :hyprland/keybindings.conf [10ms]
2025-02-11 15:45:28.345 [info] > git check-ignore -v -z --stdin [1ms]
2025-02-11 15:45:30.759 [info] > git check-ignore -v -z --stdin [1ms]
2025-02-11 15:45:39.730 [info] > git config --get commit.template [2ms]
2025-02-11 15:45:39.752 [info] > git for-each-ref --format=%(refname)%00%(upstream:short)%00%(objectname)%00%(upstream:track)%00%(upstream:remotename)%00%(upstream:remoteref) refs/heads/main refs/remotes/main [1ms]
2025-02-11 15:45:39.793 [info] > git status -z -uall [21ms]
2025-02-11 15:45:39.794 [info] > git for-each-ref --sort -committerdate --format %(refname) %(objectname) %(*objectname) [2ms]
2025-02-11 15:45:50.242 [info] > git show --textconv :scripts/spotify_cava.sh [20ms]
2025-02-11 15:45:50.264 [info] > git ls-files --stage -- /home/navee/.config/hypr/scripts/spotify_cava.sh [22ms]
2025-02-11 15:45:50.284 [info] > git hash-object -t tree /dev/null [21ms]
2025-02-11 15:45:50.284 [warning] [GitFileSystemProvider][readFile] File not found - git:/home/navee/.config/hypr/scripts/spotify_cava.sh.git?%7B%22path%22%3A%22%2Fhome%2Fnavee%2F.config%2Fhypr%2Fscripts%2Fspotify_cava.sh%22%2C%22ref%22%3A%22%22%7D
2025-02-11 15:45:50.285 [info] > git hash-object -t tree /dev/null [2ms]
2025-02-11 15:45:50.285 [warning] [GitFileSystemProvider][stat] File not found - git:/home/navee/.config/hypr/scripts/spotify_cava.sh.git?%7B%22path%22%3A%22%2Fhome%2Fnavee%2F.config%2Fhypr%2Fscripts%2Fspotify_cava.sh%22%2C%22ref%22%3A%22%22%7D
2025-02-11 15:45:51.084 [info] > git config --get commit.template [21ms]
2025-02-11 15:45:51.085 [info] > git for-each-ref --format=%(refname)%00%(upstream:short)%00%(objectname)%00%(upstream:track)%00%(upstream:remotename)%00%(upstream:remoteref) refs/heads/main refs/remotes/main [2ms]
2025-02-11 15:45:51.125 [info] > git status -z -uall [21ms]
2025-02-11 15:45:51.126 [info] > git for-each-ref --sort -committerdate --format %(refname) %(objectname) %(*objectname) [2ms]
2025-02-11 15:45:52.635 [info] > git show --textconv :config [64ms]
2025-02-11 15:45:52.635 [info] > git show --textconv HEAD:config [44ms]
2025-02-11 15:45:52.635 [info] > git ls-files --stage -- /home/navee/.config/waybar/config [24ms]
2025-02-11 15:45:52.658 [info] > git cat-file -s 611f0e3618c7ade990bc7618ea46e21f62d114bb [3ms]
2025-02-11 15:45:52.658 [info] > git ls-tree -l HEAD -- /home/navee/.config/waybar/config [25ms]
2025-02-11 15:45:52.693 [info] > git blame --root --incremental b444bb59e8f07ad5994a85667fa90a0013f1d7dc -- /home/navee/.config/waybar/config [1ms]
2025-02-11 15:45:53.004 [info] > git check-ignore -v -z --stdin [24ms]
2025-02-11 15:45:53.004 [info] > git check-ignore -v -z --stdin [2ms]
2025-02-11 15:45:54.940 [info] > git show --textconv :cava/config [20ms]
2025-02-11 15:45:54.941 [info] > git ls-files --stage -- /home/navee/.config/cava/config [3ms]
2025-02-11 15:45:54.960 [info] > git cat-file -s f2d4091704968b4ae2ddccdb741edf45f0ad06a3 [1ms]
2025-02-11 15:45:54.985 [info] > git blame --root --incremental 144a4fba15f2a705f89fe600e8c07eb6a8c5bc92 -- /home/navee/.config/cava/config [1ms]
2025-02-11 15:46:10.823 [info] > git config --get commit.template [22ms]
2025-02-11 15:46:10.824 [info] > git for-each-ref --format=%(refname)%00%(upstream:short)%00%(objectname)%00%(upstream:track)%00%(upstream:remotename)%00%(upstream:remoteref) refs/heads/main refs/remotes/main [2ms]
2025-02-11 15:46:10.866 [info] > git status -z -uall [22ms]
2025-02-11 15:46:10.867 [info] > git for-each-ref --sort -committerdate --format %(refname) %(objectname) %(*objectname) [1ms]
2025-02-11 15:46:22.276 [info] > git fetch [816ms]
2025-02-11 15:46:22.318 [info] > git fetch [879ms]
2025-02-11 15:46:22.319 [info] > git config --get commit.template [23ms]
2025-02-11 15:46:22.339 [info] > git for-each-ref --format=%(refname)%00%(upstream:short)%00%(objectname)%00%(upstream:track)%00%(upstream:remotename)%00%(upstream:remoteref) refs/heads/main refs/remotes/main [22ms]
2025-02-11 15:46:22.401 [info] > git status -z -uall [21ms]
2025-02-11 15:46:22.401 [info] > git config --get commit.template [62ms]
2025-02-11 15:46:22.402 [info] > git for-each-ref --format=%(refname)%00%(upstream:short)%00%(objectname)%00%(upstream:track)%00%(upstream:remotename)%00%(upstream:remoteref) refs/heads/main refs/remotes/main [42ms]
2025-02-11 15:46:22.443 [info] > git status -z -uall [21ms]
2025-02-11 15:46:22.444 [info] > git for-each-ref --sort -committerdate --format %(refname) %(objectname) %(*objectname) [43ms]
2025-02-11 15:46:22.453 [info] > git for-each-ref --sort -committerdate --format %(refname) %(objectname) %(*objectname) [11ms]
2025-02-11 15:46:22.597 [info] > git fetch [938ms]
2025-02-11 15:46:22.639 [info] > git config --get commit.template [21ms]
2025-02-11 15:46:22.640 [info] > git for-each-ref --format=%(refname)%00%(upstream:short)%00%(objectname)%00%(upstream:track)%00%(upstream:remotename)%00%(upstream:remoteref) refs/heads/main refs/remotes/main [1ms]
2025-02-11 15:46:22.686 [info] > git for-each-ref --sort -committerdate --format %(refname) %(objectname) %(*objectname) [2ms]
2025-02-11 15:46:22.865 [info] > git status -z -uall [205ms] (cancelled)
2025-02-11 15:46:23.686 [info] > git config --get commit.template [1ms]
2025-02-11 15:46:23.721 [info] > git for-each-ref --format=%(refname)%00%(upstream:short)%00%(objectname)%00%(upstream:track)%00%(upstream:remotename)%00%(upstream:remoteref) refs/heads/main refs/remotes/main [1ms]
2025-02-11 15:46:23.773 [info] > git status -z -uall [25ms]
2025-02-11 15:46:23.774 [info] > git for-each-ref --sort -committerdate --format %(refname) %(objectname) %(*objectname) [2ms]
2025-02-11 15:46:24.320 [info] > git fetch [1742ms]
2025-02-11 15:46:24.360 [info] > git config --get commit.template [20ms]
2025-02-11 15:46:24.361 [info] > git for-each-ref --format=%(refname)%00%(upstream:short)%00%(objectname)%00%(upstream:track)%00%(upstream:remotename)%00%(upstream:remoteref) refs/heads/master refs/remotes/master [2ms]
2025-02-11 15:46:24.381 [warning] [Git][revParse] Unable to read file: ENOENT: no such file or directory, open '/home/navee/.config/libinput-gestures/.git/refs/remotes/origin/master'
2025-02-11 15:46:24.382 [info] > git rev-parse refs/remotes/origin/master [1ms]
2025-02-11 15:46:24.422 [info] > git status -z -uall [21ms]
2025-02-11 15:46:24.423 [info] > git for-each-ref --sort -committerdate --format %(refname) %(objectname) %(*objectname) [1ms]
2025-02-11 15:46:25.477 [info] > git config --get commit.template [20ms]
2025-02-11 15:46:25.478 [info] > git for-each-ref --format=%(refname)%00%(upstream:short)%00%(objectname)%00%(upstream:track)%00%(upstream:remotename)%00%(upstream:remoteref) refs/heads/master refs/remotes/master [2ms]
2025-02-11 15:46:25.497 [warning] [Git][revParse] Unable to read file: ENOENT: no such file or directory, open '/home/navee/.config/libinput-gestures/.git/refs/remotes/origin/master'
2025-02-11 15:46:25.500 [info] > git rev-parse refs/remotes/origin/master [3ms]
2025-02-11 15:46:25.541 [info] > git status -z -uall [21ms]
2025-02-11 15:46:25.541 [info] > git for-each-ref --sort -committerdate --format %(refname) %(objectname) %(*objectname) [1ms]
2025-02-11 15:46:28.414 [info] > git config --get commit.template [20ms]
2025-02-11 15:46:28.415 [info] > git for-each-ref --format=%(refname)%00%(upstream:short)%00%(objectname)%00%(upstream:track)%00%(upstream:remotename)%00%(upstream:remoteref) refs/heads/main refs/remotes/main [3ms]
2025-02-11 15:46:28.455 [info] > git status -z -uall [20ms]
2025-02-11 15:46:28.456 [info] > git for-each-ref --sort -committerdate --format %(refname) %(objectname) %(*objectname) [1ms]
2025-02-11 15:46:33.783 [info] > git show --textconv :cava/config [26ms]
2025-02-11 15:46:33.786 [info] > git ls-files --stage -- /home/navee/.config/cava/config [4ms]
2025-02-11 15:46:33.807 [info] > git cat-file -s f2d4091704968b4ae2ddccdb741edf45f0ad06a3 [2ms]
2025-02-11 15:46:35.395 [info] > git show --textconv :hyprland/keybindings.conf [22ms]
2025-02-11 15:46:35.396 [info] > git ls-files --stage -- /home/navee/.config/hypr/hyprland/keybindings.conf [2ms]
2025-02-11 15:46:35.418 [info] > git cat-file -s eb14354e934d403752f8d9b56eee36b4294f2b25 [1ms]
2025-02-11 15:46:40.638 [info] > git config --get commit.template [21ms]
2025-02-11 15:46:40.639 [info] > git for-each-ref --format=%(refname)%00%(upstream:short)%00%(objectname)%00%(upstream:track)%00%(upstream:remotename)%00%(upstream:remoteref) refs/heads/main refs/remotes/main [2ms]
2025-02-11 15:46:40.679 [info] > git status -z -uall [21ms]
2025-02-11 15:46:40.680 [info] > git for-each-ref --sort -committerdate --format %(refname) %(objectname) %(*objectname) [2ms]
2025-02-11 15:46:53.492 [info] > git config --get commit.template [21ms]
2025-02-11 15:46:53.493 [info] > git for-each-ref --format=%(refname)%00%(upstream:short)%00%(objectname)%00%(upstream:track)%00%(upstream:remotename)%00%(upstream:remoteref) refs/heads/main refs/remotes/main [2ms]
2025-02-11 15:46:53.535 [info] > git status -z -uall [22ms]
2025-02-11 15:46:53.536 [info] > git for-each-ref --sort -committerdate --format %(refname) %(objectname) %(*objectname) [1ms]
2025-02-11 15:47:03.996 [info] > git show --textconv :hyprland.conf [21ms]
2025-02-11 15:47:03.997 [info] > git ls-files --stage -- /home/navee/.config/hypr/hyprland.conf [2ms]
2025-02-11 15:47:04.019 [info] > git cat-file -s 9856b00e2245ac338c74bacfe02ccafda236c1ff [2ms]
2025-02-11 15:47:19.555 [info] > git show --textconv :hyprland/windowrules.conf [26ms]
2025-02-11 15:47:19.556 [info] > git ls-files --stage -- /home/navee/.config/hypr/hyprland/windowrules.conf [3ms]
2025-02-11 15:47:19.583 [info] > git cat-file -s 01ae69627b3ddca0d3dd5b0c4d77d23ba5ec7984 [1ms]
2025-02-11 15:47:22.373 [info] > git blame --root --incremental 3d18effbd15c3fe9433d8eef9d3169a26db69fc0 -- /home/navee/.config/hypr/hyprland/windowrules.conf [2ms]
2025-02-11 15:47:26.009 [info] > git config --get commit.template [19ms]
2025-02-11 15:47:26.009 [info] > git for-each-ref --format=%(refname)%00%(upstream:short)%00%(objectname)%00%(upstream:track)%00%(upstream:remotename)%00%(upstream:remoteref) refs/heads/main refs/remotes/main [1ms]
2025-02-11 15:47:26.050 [info] > git status -z -uall [21ms]
2025-02-11 15:47:26.051 [info] > git for-each-ref --sort -committerdate --format %(refname) %(objectname) %(*objectname) [1ms]
2025-02-11 15:47:31.281 [info] > git config --get commit.template [20ms]
2025-02-11 15:47:31.282 [info] > git for-each-ref --format=%(refname)%00%(upstream:short)%00%(objectname)%00%(upstream:track)%00%(upstream:remotename)%00%(upstream:remoteref) refs/heads/main refs/remotes/main [2ms]
2025-02-11 15:47:31.324 [info] > git status -z -uall [21ms]
2025-02-11 15:47:31.325 [info] > git for-each-ref --sort -committerdate --format %(refname) %(objectname) %(*objectname) [2ms]
2025-02-11 15:47:37.803 [info] > git config --get commit.template [22ms]
2025-02-11 15:47:37.804 [info] > git for-each-ref --format=%(refname)%00%(upstream:short)%00%(objectname)%00%(upstream:track)%00%(upstream:remotename)%00%(upstream:remoteref) refs/heads/main refs/remotes/main [1ms]
2025-02-11 15:47:37.845 [info] > git status -z -uall [21ms]
2025-02-11 15:47:37.846 [info] > git for-each-ref --sort -committerdate --format %(refname) %(objectname) %(*objectname) [1ms]
