[1739268595355] INFO  (ext): SQLTools is starting
[1739268595357] INFO  (ext): initializing language client...
[1739268595358] INFO  (ext): Registering client for languages [{"scheme":"sqltools"},{"language":"sql","scheme":"untitled"},{"language":"sql","scheme":"file"},{"language":"sql","scheme":"sqltools"}]
    ns: "lc"
[1739268595362] INFO  (ext): loading plugins...
[1739268595362] INFO  (ext): registering Formatter Plugin.
    plugin: {
      "name": "Formatter Plugin"
    }
[1739268595363] INFO  (ext): registering Connection Manager Plugin.
    plugin: {
      "name": "Connection Manager Plugin"
    }
[1739268595363] INFO  (ext): registering CodeLens Plugin.
    plugin: {
      "name": "CodeLens Plugin",
      "registeredLanguages": []
    }
[1739268595364] INFO  (ext): registering Dependency Manager Plugin.
    plugin: {
      "name": "Dependency Manager Plugin",
      "installingDrivers": []
    }
[1739268595366] INFO  (ext): Connection explorer changed. Will be updated.
    ns: "conn-man:explorer"
[1739268595367] INFO  (ext): registering History Manager Plugin.
    plugin: {
      "name": "History Manager Plugin"
    }
[1739268595367] INFO  (ext): registering Bookmarks Manager Plugin.
    plugin: {
      "name": "Bookmarks Manager Plugin"
    }
[1739268595368] INFO  (ext): registering Authentication Provider Plugin.
    plugin: {
      "name": "Authentication Provider Plugin",
      "isRegistered": false
    }
[1739268595368] INFO  (ext): registering Object Drop-in Provider (plugin).
    plugin: {
      "type": "plugin",
      "name": "Object Drop-in Provider",
      "isRegistered": false
    }
[1739268595369] INFO  (ext): SQLTools activation completed. 14.493522 ms
[1739268595370] INFO  (ext): Formatter Plugin registered!
[1739268595370] INFO  (ext): CodeLens Plugin registered!
[1739268595370] INFO  (ext): Dependency Manager Plugin registered!
[1739268595370] INFO  (ext): Connection Manager Plugin registered!
[1739268595370] INFO  (ext): History Manager Plugin registered!
[1739268595370] INFO  (ext): Bookmarks Manager Plugin registered!
[1739268595370] INFO  (ext): Authentication Provider Plugin registered!
[1739268595370] INFO  (ext): Object Drop-in Provider (plugin) registered!
[1739268595552] INFO  (ext): registering MySQL/MariaDB/TiDB Plugin (driver).
    plugin: {
      "extensionId": "mtxr.sqltools-driver-mysql",
      "name": "MySQL/MariaDB/TiDB Plugin",
      "type": "driver"
    }
[1739268595655] INFO  (ls): SQLTools Server started!
===============================
Using node runtime?: no
ExecPath: /opt/visual-studio-code/code 
===============================
[1739268597982] INFO  (ext): LanguageClient ready
    ns: "lc"
[1739268597987] INFO  (ext): EXECUTING COMMAND => sqltools.refreshTree
[1739268597987] INFO  (ext): Connection explorer changed. Will be updated.
    ns: "conn-man:explorer"
[1739268597987] INFO  (ext): Connection explorer changed. Will be updated.
    ns: "conn-man:explorer"
[1739268597981] INFO  (ls): Initialized with node version:v20.18.1
[1739268597984] INFO  (ls): REQUEST RECEIVED => ls/RegisterPlugin
[1739268597984] INFO  (ls): request to register plugin: "/home/navee/.vscode/extensions/mtxr.sqltools-driver-mysql-0.6.3/out/ls/plugin.js"
[1739268598078] INFO  (ls): Driver mysql registered!
    place: "driver-map"
    ns: "ls-context"
[1739268598078] INFO  (ls): Driver mariadb registered!
    place: "driver-map"
    ns: "ls-context"
[1739268598079] INFO  (ls): Driver tidb registered!
    place: "driver-map"
    ns: "ls-context"
[1739268598400] INFO  (ext): MySQL/MariaDB/TiDB Plugin (driver) registered!
[1739268598460] INFO  (ext): Connection explorer changed. Will be updated.
    ns: "conn-man:explorer"
[1739268598590] INFO  (ext): Connection explorer changed. Will be updated.
    ns: "conn-man:explorer"
[1739268598604] INFO  (ext): Connection explorer changed. Will be updated.
    ns: "conn-man:explorer"
[1739268599554] INFO  (ext): EXECUTING COMMAND => sqltools.refreshTree
[1739268599554] INFO  (ext): Connection explorer changed. Will be updated.
    ns: "conn-man:explorer"
[1739268602712] INFO  (ext): Connection explorer changed. Will be updated.
    ns: "conn-man:explorer"
[1739268603379] INFO  (ext): Connection explorer changed. Will be updated.
    ns: "conn-man:explorer"
[1739268616354] INFO  (ext): Connection explorer changed. Will be updated.
    ns: "conn-man:explorer"
[1739268616355] INFO  (ext): Connection explorer changed. Will be updated.
    ns: "conn-man:explorer"
[1739268616356] INFO  (ext): Connection explorer changed. Will be updated.
    ns: "conn-man:explorer"
[1739268616357] INFO  (ext): Connection explorer changed. Will be updated.
    ns: "conn-man:explorer"
[1739268616358] INFO  (ext): Connection explorer changed. Will be updated.
    ns: "conn-man:explorer"
[1739268616359] INFO  (ext): Connection explorer changed. Will be updated.
    ns: "conn-man:explorer"
[1739268616360] INFO  (ext): Connection explorer changed. Will be updated.
    ns: "conn-man:explorer"
[1739268616360] INFO  (ext): Connection explorer changed. Will be updated.
    ns: "conn-man:explorer"
[1739268616364] INFO  (ext): Connection explorer changed. Will be updated.
    ns: "conn-man:explorer"
[1739268616365] INFO  (ext): Connection explorer changed. Will be updated.
    ns: "conn-man:explorer"
[1739268616365] INFO  (ext): Connection explorer changed. Will be updated.
    ns: "conn-man:explorer"
[1739268616366] INFO  (ext): Connection explorer changed. Will be updated.
    ns: "conn-man:explorer"
[1739268616366] INFO  (ext): Connection explorer changed. Will be updated.
    ns: "conn-man:explorer"
[1739268616367] INFO  (ext): Connection explorer changed. Will be updated.
    ns: "conn-man:explorer"
[1739268616367] INFO  (ext): Connection explorer changed. Will be updated.
    ns: "conn-man:explorer"
[1739268616368] INFO  (ext): Connection explorer changed. Will be updated.
    ns: "conn-man:explorer"
[1739268616368] INFO  (ext): Connection explorer changed. Will be updated.
    ns: "conn-man:explorer"
[1739268616369] INFO  (ext): Connection explorer changed. Will be updated.
    ns: "conn-man:explorer"
[1739268616369] INFO  (ext): Connection explorer changed. Will be updated.
    ns: "conn-man:explorer"
[1739268616370] INFO  (ext): Connection explorer changed. Will be updated.
    ns: "conn-man:explorer"
[1739268616392] INFO  (ext): Connection explorer changed. Will be updated.
    ns: "conn-man:explorer"
[1739268616393] INFO  (ext): Connection explorer changed. Will be updated.
    ns: "conn-man:explorer"
[1739268616396] INFO  (ext): Connection explorer changed. Will be updated.
    ns: "conn-man:explorer"
[1739268616397] INFO  (ext): Connection explorer changed. Will be updated.
    ns: "conn-man:explorer"
[1739268616397] INFO  (ext): Connection explorer changed. Will be updated.
    ns: "conn-man:explorer"
[1739268616398] INFO  (ext): Connection explorer changed. Will be updated.
    ns: "conn-man:explorer"
[1739268616398] INFO  (ext): Connection explorer changed. Will be updated.
    ns: "conn-man:explorer"
[1739268616398] INFO  (ext): Connection explorer changed. Will be updated.
    ns: "conn-man:explorer"
[1739268616399] INFO  (ext): Connection explorer changed. Will be updated.
    ns: "conn-man:explorer"
[1739268616399] INFO  (ext): Connection explorer changed. Will be updated.
    ns: "conn-man:explorer"
[1739268616400] INFO  (ext): Connection explorer changed. Will be updated.
    ns: "conn-man:explorer"
[1739268616400] INFO  (ext): Connection explorer changed. Will be updated.
    ns: "conn-man:explorer"
[1739268616401] INFO  (ext): Connection explorer changed. Will be updated.
    ns: "conn-man:explorer"
[1739268616401] INFO  (ext): Connection explorer changed. Will be updated.
    ns: "conn-man:explorer"
[1739268616401] INFO  (ext): Connection explorer changed. Will be updated.
    ns: "conn-man:explorer"
[1739268616402] INFO  (ext): Connection explorer changed. Will be updated.
    ns: "conn-man:explorer"
[1739268616402] INFO  (ext): Connection explorer changed. Will be updated.
    ns: "conn-man:explorer"
[1739268616402] INFO  (ext): Connection explorer changed. Will be updated.
    ns: "conn-man:explorer"
[1739268616403] INFO  (ext): Connection explorer changed. Will be updated.
    ns: "conn-man:explorer"
[1739268616403] INFO  (ext): Connection explorer changed. Will be updated.
    ns: "conn-man:explorer"
[1739268616404] INFO  (ext): Connection explorer changed. Will be updated.
    ns: "conn-man:explorer"
[1739268616404] INFO  (ext): Connection explorer changed. Will be updated.
    ns: "conn-man:explorer"
[1739268616405] INFO  (ext): Connection explorer changed. Will be updated.
    ns: "conn-man:explorer"
[1739268616405] INFO  (ext): Connection explorer changed. Will be updated.
    ns: "conn-man:explorer"
[1739268616405] INFO  (ext): Connection explorer changed. Will be updated.
    ns: "conn-man:explorer"
[1739268616406] INFO  (ext): Connection explorer changed. Will be updated.
    ns: "conn-man:explorer"
[1739268616406] INFO  (ext): Connection explorer changed. Will be updated.
    ns: "conn-man:explorer"
[1739268616406] INFO  (ext): Connection explorer changed. Will be updated.
    ns: "conn-man:explorer"
[1739268616407] INFO  (ext): Connection explorer changed. Will be updated.
    ns: "conn-man:explorer"
[1739268616407] INFO  (ext): Connection explorer changed. Will be updated.
    ns: "conn-man:explorer"
[1739268616408] INFO  (ext): Connection explorer changed. Will be updated.
    ns: "conn-man:explorer"
[1739268616408] INFO  (ext): Connection explorer changed. Will be updated.
    ns: "conn-man:explorer"
[1739268616409] INFO  (ext): Connection explorer changed. Will be updated.
    ns: "conn-man:explorer"
[1739268616409] INFO  (ext): Connection explorer changed. Will be updated.
    ns: "conn-man:explorer"
[1739268616410] INFO  (ext): Connection explorer changed. Will be updated.
    ns: "conn-man:explorer"
[1739268616410] INFO  (ext): Connection explorer changed. Will be updated.
    ns: "conn-man:explorer"
[1739268616411] INFO  (ext): Connection explorer changed. Will be updated.
    ns: "conn-man:explorer"
[1739268616412] INFO  (ext): Connection explorer changed. Will be updated.
    ns: "conn-man:explorer"
[1739268616412] INFO  (ext): Connection explorer changed. Will be updated.
    ns: "conn-man:explorer"
[1739268616413] INFO  (ext): Connection explorer changed. Will be updated.
    ns: "conn-man:explorer"
[1739268949993] INFO  (ext): Connection explorer changed. Will be updated.
    ns: "conn-man:explorer"
[1739268952342] INFO  (ext): Connection explorer changed. Will be updated.
    ns: "conn-man:explorer"
[1739268953192] INFO  (ext): Connection explorer changed. Will be updated.
    ns: "conn-man:explorer"
[1739268953192] INFO  (ext): Connection explorer changed. Will be updated.
    ns: "conn-man:explorer"
[1739268954694] INFO  (ext): Connection explorer changed. Will be updated.
    ns: "conn-man:explorer"
[1739268958376] INFO  (ext): Connection explorer changed. Will be updated.
    ns: "conn-man:explorer"
[1739269023750] INFO  (ext): Connection explorer changed. Will be updated.
    ns: "conn-man:explorer"
[1739269039302] INFO  (ext): Connection explorer changed. Will be updated.
    ns: "conn-man:explorer"
