2025-02-11 15:28:12.886 [info] [main] Log level: Info
2025-02-11 15:28:12.886 [info] [main] Validating found git in: "git"
2025-02-11 15:28:12.886 [info] [main] Using git "2.48.1" from "git"
2025-02-11 15:28:12.886 [info] [Model][doInitialScan] Initial repository scan started
2025-02-11 15:28:12.886 [info] > git rev-parse --show-toplevel [12ms]
2025-02-11 15:28:12.886 [info] > git rev-parse --git-dir --git-common-dir [371ms]
2025-02-11 15:28:12.886 [info] [Model][openRepository] Opened repository: /home/navee/.config
2025-02-11 15:28:12.886 [info] > git rev-parse --show-toplevel [45ms]
2025-02-11 15:28:12.886 [info] > git config --get commit.template [59ms]
2025-02-11 15:28:12.938 [info] > git for-each-ref --format=%(refname)%00%(upstream:short)%00%(objectname)%00%(upstream:track)%00%(upstream:remotename)%00%(upstream:remoteref) refs/heads/main refs/remotes/main [30ms]
2025-02-11 15:28:12.993 [info] > git for-each-ref --sort -committerdate --format %(refname) %(objectname) %(*objectname) [24ms]
2025-02-11 15:28:13.950 [info] > git status -z -uall [997ms] (cancelled)
2025-02-11 15:28:13.951 [info] > git check-ignore -v -z --stdin [21ms]
2025-02-11 15:28:14.166 [info] > git for-each-ref --format=%(refname)%00%(upstream:short)%00%(objectname)%00%(upstream:track)%00%(upstream:remotename)%00%(upstream:remoteref) refs/heads/main refs/remotes/main [73ms]
2025-02-11 15:28:14.842 [info] > git config --get --local branch.main.vscode-merge-base [656ms]
2025-02-11 15:28:14.865 [info] > git config --get commit.template [721ms]
2025-02-11 15:28:14.878 [info] > git for-each-ref --format=%(refname)%00%(upstream:short)%00%(objectname)%00%(upstream:track)%00%(upstream:remotename)%00%(upstream:remoteref) refs/heads/origin/main refs/remotes/origin/main [13ms]
2025-02-11 15:28:14.928 [info] > git for-each-ref --format=%(refname)%00%(upstream:short)%00%(objectname)%00%(upstream:track)%00%(upstream:remotename)%00%(upstream:remoteref) refs/heads/main refs/remotes/main [29ms]
2025-02-11 15:28:15.000 [info] > git for-each-ref --sort -committerdate --format %(refname) %(objectname) %(*objectname) [31ms]
2025-02-11 15:28:15.211 [info] > git status -z -uall [266ms] (cancelled)
2025-02-11 15:28:16.912 [info] > git rev-parse --show-toplevel [1ms]
2025-02-11 15:28:16.929 [info] > git rev-parse --show-toplevel [1ms]
2025-02-11 15:28:16.946 [info] > git rev-parse --show-toplevel [1ms]
2025-02-11 15:28:16.967 [info] > git rev-parse --show-toplevel [1ms]
2025-02-11 15:28:16.991 [info] > git rev-parse --show-toplevel [1ms]
2025-02-11 15:28:17.012 [info] > git rev-parse --show-toplevel [2ms]
2025-02-11 15:28:17.036 [info] > git rev-parse --show-toplevel [2ms]
2025-02-11 15:28:17.057 [info] > git rev-parse --show-toplevel [1ms]
2025-02-11 15:28:17.079 [info] > git rev-parse --show-toplevel [1ms]
2025-02-11 15:28:17.098 [info] > git rev-parse --show-toplevel [1ms]
2025-02-11 15:28:17.117 [info] > git rev-parse --show-toplevel [1ms]
2025-02-11 15:28:17.138 [info] > git rev-parse --show-toplevel [1ms]
2025-02-11 15:28:17.157 [info] > git rev-parse --show-toplevel [1ms]
2025-02-11 15:28:17.175 [info] > git rev-parse --show-toplevel [1ms]
2025-02-11 15:28:17.200 [info] > git rev-parse --show-toplevel [8ms]
2025-02-11 15:28:17.223 [info] > git rev-parse --show-toplevel [3ms]
2025-02-11 15:28:17.243 [info] > git rev-parse --show-toplevel [1ms]
2025-02-11 15:28:17.277 [info] > git rev-parse --show-toplevel [16ms]
2025-02-11 15:28:17.300 [info] > git rev-parse --git-dir --git-common-dir [4ms]
2025-02-11 15:28:17.303 [info] [Model][openRepository] Opened repository: /home/navee/.config/libinput-gestures
2025-02-11 15:28:17.341 [info] > git rev-parse --show-toplevel [2ms]
2025-02-11 15:28:17.341 [info] > git config --get commit.template [18ms]
2025-02-11 15:28:17.382 [info] > git rev-parse --show-toplevel [22ms]
2025-02-11 15:28:17.403 [info] > git for-each-ref --format=%(refname)%00%(upstream:short)%00%(objectname)%00%(upstream:track)%00%(upstream:remotename)%00%(upstream:remoteref) refs/heads/master refs/remotes/master [22ms]
2025-02-11 15:28:17.422 [warning] [Git][revParse] Unable to read file: ENOENT: no such file or directory, open '/home/navee/.config/libinput-gestures/.git/refs/remotes/origin/master'
2025-02-11 15:28:17.423 [info] > git rev-parse --show-toplevel [20ms]
2025-02-11 15:28:17.443 [info] > git rev-parse refs/remotes/origin/master [21ms]
2025-02-11 15:28:17.483 [info] > git status -z -uall [23ms]
2025-02-11 15:28:17.484 [info] > git rev-parse --show-toplevel [43ms]
2025-02-11 15:28:17.506 [info] > git for-each-ref --sort -committerdate --format %(refname) %(objectname) %(*objectname) [28ms]
2025-02-11 15:28:17.547 [info] > git for-each-ref --format=%(refname)%00%(upstream:short)%00%(objectname)%00%(upstream:track)%00%(upstream:remotename)%00%(upstream:remoteref) refs/heads/master refs/remotes/master [20ms]
2025-02-11 15:28:17.566 [info] > git rev-parse --show-toplevel [61ms]
2025-02-11 15:28:17.588 [info] > git config --get --local branch.master.vscode-merge-base [23ms]
2025-02-11 15:28:17.606 [info] > git config --get commit.template [61ms]
2025-02-11 15:28:17.610 [info] > git for-each-ref --format=%(refname)%00%(upstream:short)%00%(objectname)%00%(upstream:track)%00%(upstream:remotename)%00%(upstream:remoteref) refs/heads/origin/master refs/remotes/origin/master [4ms]
2025-02-11 15:28:17.630 [info] > git rev-parse --show-toplevel [44ms]
2025-02-11 15:28:17.664 [info] > git merge-base refs/heads/master refs/remotes/origin/master [34ms]
2025-02-11 15:28:17.694 [info] > git diff --name-status -z --diff-filter=ADMR 8c6e3631b01bb1a6fffe40b6e4d9fe2d52efb836...refs/remotes/origin/master [13ms]
2025-02-11 15:28:17.695 [info] > git rev-parse --show-toplevel [31ms]
2025-02-11 15:28:17.695 [info] > git for-each-ref --format=%(refname)%00%(upstream:short)%00%(objectname)%00%(upstream:track)%00%(upstream:remotename)%00%(upstream:remoteref) refs/heads/master refs/remotes/master [48ms]
2025-02-11 15:28:17.729 [warning] [Git][revParse] Unable to read file: ENOENT: no such file or directory, open '/home/navee/.config/libinput-gestures/.git/refs/remotes/origin/master'
2025-02-11 15:28:17.730 [info] > git rev-parse refs/remotes/origin/master [1ms]
2025-02-11 15:28:17.764 [info] > git rev-parse --show-toplevel [52ms]
2025-02-11 15:28:17.791 [info] > git status -z -uall [44ms]
2025-02-11 15:28:17.791 [info] > git for-each-ref --sort -committerdate --format %(refname) %(objectname) %(*objectname) [27ms]
2025-02-11 15:28:17.794 [info] > git rev-parse --show-toplevel [6ms]
2025-02-11 15:28:17.815 [info] > git rev-parse --show-toplevel [4ms]
2025-02-11 15:28:17.836 [info] > git rev-parse --show-toplevel [4ms]
2025-02-11 15:28:17.888 [info] > git check-ignore -v -z --stdin [18ms]
2025-02-11 15:28:17.893 [info] > git check-ignore -v -z --stdin [6ms]
2025-02-11 15:28:17.894 [info] > git rev-parse --show-toplevel [41ms]
2025-02-11 15:28:17.923 [info] > git rev-parse --show-toplevel [2ms]
2025-02-11 15:28:17.940 [info] > git rev-parse --show-toplevel [1ms]
2025-02-11 15:28:18.000 [info] > git rev-parse --show-toplevel [8ms]
2025-02-11 15:28:18.017 [info] > git rev-parse --git-dir --git-common-dir [1ms]
2025-02-11 15:28:18.031 [info] [Model][openRepository] Opened repository: /home/navee/.config/waybar
2025-02-11 15:28:18.087 [info] > git rev-parse --show-toplevel [11ms]
2025-02-11 15:28:18.087 [info] > git config --get commit.template [30ms]
2025-02-11 15:28:18.124 [info] > git for-each-ref --format=%(refname)%00%(upstream:short)%00%(objectname)%00%(upstream:track)%00%(upstream:remotename)%00%(upstream:remoteref) refs/heads/main refs/remotes/main [2ms]
2025-02-11 15:28:18.158 [info] > git rev-parse --show-toplevel [52ms]
2025-02-11 15:28:18.177 [info] > git status -z -uall [36ms]
2025-02-11 15:28:18.178 [info] > git rev-parse --show-toplevel [2ms]
2025-02-11 15:28:18.178 [info] > git for-each-ref --sort -committerdate --format %(refname) %(objectname) %(*objectname) [20ms]
2025-02-11 15:28:18.238 [info] > git for-each-ref --format=%(refname)%00%(upstream:short)%00%(objectname)%00%(upstream:track)%00%(upstream:remotename)%00%(upstream:remoteref) refs/heads/main refs/remotes/main [35ms]
2025-02-11 15:28:18.263 [info] > git config --get --local branch.main.vscode-merge-base [7ms]
2025-02-11 15:28:18.280 [info] > git config --get commit.template [42ms]
2025-02-11 15:28:18.281 [info] > git rev-parse --show-toplevel [60ms]
2025-02-11 15:28:18.299 [info] > git for-each-ref --format=%(refname)%00%(upstream:short)%00%(objectname)%00%(upstream:track)%00%(upstream:remotename)%00%(upstream:remoteref) refs/heads/origin/main refs/remotes/origin/main [19ms]
2025-02-11 15:28:18.317 [info] > git rev-parse --show-toplevel [19ms]
2025-02-11 15:28:18.318 [info] [Model][doInitialScan] Initial repository scan completed - repositories (3), closed repositories (0), parent repositories (0), unsafe repositories (0)
2025-02-11 15:28:18.390 [info] > git show --textconv :cava/config [54ms]
2025-02-11 15:28:18.390 [info] > git ls-files --stage -- /home/navee/.config/cava/config [35ms]
2025-02-11 15:28:18.409 [info] > git for-each-ref --format=%(refname)%00%(upstream:short)%00%(objectname)%00%(upstream:track)%00%(upstream:remotename)%00%(upstream:remoteref) refs/heads/main refs/remotes/main [91ms]
2025-02-11 15:28:18.462 [info] > git status -z -uall [36ms]
2025-02-11 15:28:18.462 [info] > git for-each-ref --sort -committerdate --format %(refname) %(objectname) %(*objectname) [18ms]
2025-02-11 15:28:18.469 [info] > git cat-file -s f2d4091704968b4ae2ddccdb741edf45f0ad06a3 [62ms]
2025-02-11 15:28:18.469 [info] > git config --get commit.template [79ms]
2025-02-11 15:28:18.470 [info] > git config --get commit.template [96ms]
2025-02-11 15:28:18.525 [info] > git config --get commit.template [37ms]
2025-02-11 15:28:18.528 [info] > git for-each-ref --format=%(refname)%00%(upstream:short)%00%(objectname)%00%(upstream:track)%00%(upstream:remotename)%00%(upstream:remoteref) refs/heads/main refs/remotes/main [3ms]
2025-02-11 15:28:18.563 [info] > git for-each-ref --format=%(refname)%00%(upstream:short)%00%(objectname)%00%(upstream:track)%00%(upstream:remotename)%00%(upstream:remoteref) refs/heads/master refs/remotes/master [55ms]
2025-02-11 15:28:18.596 [warning] [Git][revParse] Unable to read file: ENOENT: no such file or directory, open '/home/navee/.config/libinput-gestures/.git/refs/remotes/origin/master'
2025-02-11 15:28:18.596 [info] > git for-each-ref --sort -committerdate --format %(refname) %(objectname) %(*objectname) [34ms]
2025-02-11 15:28:18.658 [info] > git check-ignore -v -z --stdin [43ms]
2025-02-11 15:28:18.658 [info] > git check-ignore -v -z --stdin [25ms]
2025-02-11 15:28:18.659 [info] > git check-ignore -v -z --stdin [9ms]
2025-02-11 15:28:18.659 [info] > git rev-parse refs/remotes/origin/master [63ms]
2025-02-11 15:28:18.691 [info] > git for-each-ref --format=%(refname)%00%(upstream:short)%00%(objectname)%00%(upstream:track)%00%(upstream:remotename)%00%(upstream:remoteref) refs/heads/main refs/remotes/main [111ms]
2025-02-11 15:28:18.824 [info] > git status -z -uall [279ms] (cancelled)
2025-02-11 15:28:18.824 [info] > git status -z -uall [149ms]
2025-02-11 15:28:18.824 [info] > git status -z -uall [119ms]
2025-02-11 15:28:18.824 [info] > git for-each-ref --sort -committerdate --format %(refname) %(objectname) %(*objectname) [101ms]
2025-02-11 15:28:18.831 [info] > git for-each-ref --sort -committerdate --format %(refname) %(objectname) %(*objectname) [140ms]
2025-02-11 15:28:19.509 [info] > git blame --root --incremental 144a4fba15f2a705f89fe600e8c07eb6a8c5bc92 -- /home/navee/.config/cava/config [641ms]
2025-02-11 15:28:20.757 [info] > git fetch [710ms]
2025-02-11 15:28:20.782 [info] > git fetch [674ms]
2025-02-11 15:28:20.804 [info] > git config --get commit.template [23ms]
2025-02-11 15:28:20.826 [info] > git config --get commit.template [22ms]
2025-02-11 15:28:20.850 [info] > git for-each-ref --format=%(refname)%00%(upstream:short)%00%(objectname)%00%(upstream:track)%00%(upstream:remotename)%00%(upstream:remoteref) refs/heads/main refs/remotes/main [25ms]
2025-02-11 15:28:20.905 [info] > git for-each-ref --format=%(refname)%00%(upstream:short)%00%(objectname)%00%(upstream:track)%00%(upstream:remotename)%00%(upstream:remoteref) refs/heads/main refs/remotes/main [56ms]
2025-02-11 15:28:20.967 [info] > git status -z -uall [33ms]
2025-02-11 15:28:20.967 [info] > git for-each-ref --sort -committerdate --format %(refname) %(objectname) %(*objectname) [6ms]
2025-02-11 15:28:20.977 [info] > git for-each-ref --sort -committerdate --format %(refname) %(objectname) %(*objectname) [76ms]
2025-02-11 15:28:21.111 [info] > git status -z -uall [235ms] (cancelled)
2025-02-11 15:28:21.883 [info] > git fetch [1805ms]
2025-02-11 15:28:21.914 [info] > git config --get commit.template [3ms]
2025-02-11 15:28:21.951 [info] > git for-each-ref --format=%(refname)%00%(upstream:short)%00%(objectname)%00%(upstream:track)%00%(upstream:remotename)%00%(upstream:remoteref) refs/heads/master refs/remotes/master [2ms]
2025-02-11 15:28:21.974 [warning] [Git][revParse] Unable to read file: ENOENT: no such file or directory, open '/home/navee/.config/libinput-gestures/.git/refs/remotes/origin/master'
2025-02-11 15:28:21.975 [info] > git rev-parse refs/remotes/origin/master [1ms]
2025-02-11 15:28:22.044 [info] > git status -z -uall [48ms]
2025-02-11 15:28:22.044 [info] > git for-each-ref --sort -committerdate --format %(refname) %(objectname) %(*objectname) [25ms]
2025-02-11 15:28:22.054 [info] > git config --get commit.template [11ms]
2025-02-11 15:28:22.084 [info] > git for-each-ref --format=%(refname)%00%(upstream:short)%00%(objectname)%00%(upstream:track)%00%(upstream:remotename)%00%(upstream:remoteref) refs/heads/main refs/remotes/main [1ms]
2025-02-11 15:28:22.127 [info] > git status -z -uall [22ms]
2025-02-11 15:28:22.129 [info] > git for-each-ref --sort -committerdate --format %(refname) %(objectname) %(*objectname) [1ms]
2025-02-11 15:28:23.560 [info] > git ls-files --stage -- /home/navee/.config/cava/config [1ms]
2025-02-11 15:28:23.577 [info] > git cat-file -s f2d4091704968b4ae2ddccdb741edf45f0ad06a3 [1ms]
2025-02-11 15:28:23.596 [info] > git show --textconv :cava/config [1ms]
2025-02-11 15:28:24.409 [info] > git check-ignore -v -z --stdin [1ms]
2025-02-11 15:28:25.599 [info] > git check-ignore -v -z --stdin [17ms]
2025-02-11 15:28:25.600 [info] > git check-ignore -v -z --stdin [3ms]
2025-02-11 15:28:27.589 [info] > git check-ignore -v -z --stdin [20ms]
2025-02-11 15:28:27.589 [info] > git check-ignore -v -z --stdin [1ms]
2025-02-11 15:28:45.461 [info] > git check-ignore -v -z --stdin [1ms]
2025-02-11 15:28:47.539 [info] > git check-ignore -v -z --stdin [1ms]
2025-02-11 15:28:48.407 [info] > git show --textconv :hypr/hyprland/keybindings.conf [21ms]
2025-02-11 15:28:48.428 [info] > git ls-files --stage -- /home/navee/.config/hypr/hyprland/keybindings.conf [21ms]
2025-02-11 15:28:48.452 [info] > git hash-object -t tree /dev/null [4ms]
2025-02-11 15:28:48.452 [warning] [GitFileSystemProvider][stat] File not found - git:/home/navee/.config/hypr/hyprland/keybindings.conf.git?%7B%22path%22%3A%22%2Fhome%2Fnavee%2F.config%2Fhypr%2Fhyprland%2Fkeybindings.conf%22%2C%22ref%22%3A%22%22%7D
2025-02-11 15:28:48.452 [info] > git hash-object -t tree /dev/null [24ms]
2025-02-11 15:28:48.452 [warning] [GitFileSystemProvider][readFile] File not found - git:/home/navee/.config/hypr/hyprland/keybindings.conf.git?%7B%22path%22%3A%22%2Fhome%2Fnavee%2F.config%2Fhypr%2Fhyprland%2Fkeybindings.conf%22%2C%22ref%22%3A%22%22%7D
2025-02-11 15:28:48.486 [info] > git blame --root --incremental 144a4fba15f2a705f89fe600e8c07eb6a8c5bc92 -- /home/navee/.config/hypr/hyprland/keybindings.conf [10ms]
2025-02-11 15:28:48.486 [info] fatal: no such path hypr/hyprland/keybindings.conf in 144a4fba15f2a705f89fe600e8c07eb6a8c5bc92
2025-02-11 15:31:21.721 [info] > git fetch [724ms]
2025-02-11 15:31:21.759 [info] > git config --get commit.template [19ms]
2025-02-11 15:31:21.760 [info] > git for-each-ref --format=%(refname)%00%(upstream:short)%00%(objectname)%00%(upstream:track)%00%(upstream:remotename)%00%(upstream:remoteref) refs/heads/main refs/remotes/main [2ms]
2025-02-11 15:31:21.797 [info] > git status -z -uall [20ms]
2025-02-11 15:31:21.797 [info] > git fetch [668ms]
2025-02-11 15:31:21.817 [info] > git for-each-ref --sort -committerdate --format %(refname) %(objectname) %(*objectname) [21ms]
2025-02-11 15:31:21.825 [info] > git config --get commit.template [8ms]
2025-02-11 15:31:21.845 [info] > git for-each-ref --format=%(refname)%00%(upstream:short)%00%(objectname)%00%(upstream:track)%00%(upstream:remotename)%00%(upstream:remoteref) refs/heads/main refs/remotes/main [1ms]
2025-02-11 15:31:21.887 [info] > git for-each-ref --sort -committerdate --format %(refname) %(objectname) %(*objectname) [1ms]
2025-02-11 15:31:22.079 [info] > git status -z -uall [216ms] (cancelled)
2025-02-11 15:31:23.611 [info] > git fetch [1533ms]
2025-02-11 15:31:23.654 [info] > git config --get commit.template [22ms]
2025-02-11 15:31:23.654 [info] > git for-each-ref --format=%(refname)%00%(upstream:short)%00%(objectname)%00%(upstream:track)%00%(upstream:remotename)%00%(upstream:remoteref) refs/heads/master refs/remotes/master [1ms]
2025-02-11 15:31:23.672 [warning] [Git][revParse] Unable to read file: ENOENT: no such file or directory, open '/home/navee/.config/libinput-gestures/.git/refs/remotes/origin/master'
2025-02-11 15:31:23.673 [info] > git rev-parse refs/remotes/origin/master [1ms]
2025-02-11 15:31:23.709 [info] > git status -z -uall [18ms]
2025-02-11 15:31:23.709 [info] > git for-each-ref --sort -committerdate --format %(refname) %(objectname) %(*objectname) [1ms]
2025-02-11 15:31:24.870 [info] > git config --get commit.template [17ms]
2025-02-11 15:31:24.870 [info] > git for-each-ref --format=%(refname)%00%(upstream:short)%00%(objectname)%00%(upstream:track)%00%(upstream:remotename)%00%(upstream:remoteref) refs/heads/master refs/remotes/master [1ms]
2025-02-11 15:31:24.886 [warning] [Git][revParse] Unable to read file: ENOENT: no such file or directory, open '/home/navee/.config/libinput-gestures/.git/refs/remotes/origin/master'
2025-02-11 15:31:24.887 [info] > git rev-parse refs/remotes/origin/master [1ms]
2025-02-11 15:31:24.919 [info] > git status -z -uall [17ms]
2025-02-11 15:31:24.920 [info] > git for-each-ref --sort -committerdate --format %(refname) %(objectname) %(*objectname) [1ms]
2025-02-11 15:34:22.771 [info] > git fetch [693ms]
2025-02-11 15:34:22.771 [info] > git fetch [924ms]
2025-02-11 15:34:22.805 [info] > git config --get commit.template [16ms]
2025-02-11 15:34:22.806 [info] > git config --get commit.template [1ms]
2025-02-11 15:34:22.839 [info] > git for-each-ref --format=%(refname)%00%(upstream:short)%00%(objectname)%00%(upstream:track)%00%(upstream:remotename)%00%(upstream:remoteref) refs/heads/main refs/remotes/main [1ms]
2025-02-11 15:34:22.872 [info] > git for-each-ref --format=%(refname)%00%(upstream:short)%00%(objectname)%00%(upstream:track)%00%(upstream:remotename)%00%(upstream:remoteref) refs/heads/main refs/remotes/main [50ms]
2025-02-11 15:34:22.908 [info] > git status -z -uall [53ms]
2025-02-11 15:34:22.908 [info] > git for-each-ref --sort -committerdate --format %(refname) %(objectname) %(*objectname) [36ms]
2025-02-11 15:34:22.914 [info] > git for-each-ref --sort -committerdate --format %(refname) %(objectname) %(*objectname) [7ms]
2025-02-11 15:34:23.054 [info] > git status -z -uall [166ms] (cancelled)
2025-02-11 15:34:25.740 [info] > git fetch [1998ms]
2025-02-11 15:34:25.758 [info] > git config --get commit.template [1ms]
2025-02-11 15:34:25.777 [info] > git for-each-ref --format=%(refname)%00%(upstream:short)%00%(objectname)%00%(upstream:track)%00%(upstream:remotename)%00%(upstream:remoteref) refs/heads/master refs/remotes/master [1ms]
2025-02-11 15:34:25.793 [warning] [Git][revParse] Unable to read file: ENOENT: no such file or directory, open '/home/navee/.config/libinput-gestures/.git/refs/remotes/origin/master'
2025-02-11 15:34:25.794 [info] > git rev-parse refs/remotes/origin/master [1ms]
2025-02-11 15:34:25.827 [info] > git status -z -uall [17ms]
2025-02-11 15:34:25.828 [info] > git for-each-ref --sort -committerdate --format %(refname) %(objectname) %(*objectname) [2ms]
2025-02-11 15:37:24.015 [info] > git fetch [942ms]
2025-02-11 15:37:24.035 [info] > git fetch [1099ms]
2025-02-11 15:37:24.055 [info] > git config --get commit.template [20ms]
2025-02-11 15:37:24.075 [info] > git config --get commit.template [21ms]
2025-02-11 15:37:24.094 [info] > git for-each-ref --format=%(refname)%00%(upstream:short)%00%(objectname)%00%(upstream:track)%00%(upstream:remotename)%00%(upstream:remoteref) refs/heads/main refs/remotes/main [20ms]
2025-02-11 15:37:24.131 [info] > git for-each-ref --format=%(refname)%00%(upstream:short)%00%(objectname)%00%(upstream:track)%00%(upstream:remotename)%00%(upstream:remoteref) refs/heads/main refs/remotes/main [38ms]
2025-02-11 15:37:24.169 [info] > git status -z -uall [20ms]
2025-02-11 15:37:24.169 [info] > git for-each-ref --sort -committerdate --format %(refname) %(objectname) %(*objectname) [39ms]
2025-02-11 15:37:24.171 [info] > git for-each-ref --sort -committerdate --format %(refname) %(objectname) %(*objectname) [3ms]
2025-02-11 15:37:24.273 [info] > git status -z -uall [162ms] (cancelled)
2025-02-11 15:37:25.334 [info] > git config --get commit.template [18ms]
2025-02-11 15:37:25.334 [info] > git for-each-ref --format=%(refname)%00%(upstream:short)%00%(objectname)%00%(upstream:track)%00%(upstream:remotename)%00%(upstream:remoteref) refs/heads/main refs/remotes/main [1ms]
2025-02-11 15:37:25.369 [info] > git status -z -uall [18ms]
2025-02-11 15:37:25.370 [info] > git for-each-ref --sort -committerdate --format %(refname) %(objectname) %(*objectname) [1ms]
2025-02-11 15:37:27.634 [info] > git fetch [1783ms]
2025-02-11 15:37:27.674 [info] > git config --get commit.template [19ms]
2025-02-11 15:37:27.674 [info] > git for-each-ref --format=%(refname)%00%(upstream:short)%00%(objectname)%00%(upstream:track)%00%(upstream:remotename)%00%(upstream:remoteref) refs/heads/master refs/remotes/master [1ms]
2025-02-11 15:37:27.692 [warning] [Git][revParse] Unable to read file: ENOENT: no such file or directory, open '/home/navee/.config/libinput-gestures/.git/refs/remotes/origin/master'
2025-02-11 15:37:27.694 [info] > git rev-parse refs/remotes/origin/master [2ms]
2025-02-11 15:37:27.732 [info] > git status -z -uall [20ms]
2025-02-11 15:37:27.732 [info] > git for-each-ref --sort -committerdate --format %(refname) %(objectname) %(*objectname) [1ms]
2025-02-11 15:37:36.292 [info] > git check-ignore -v -z --stdin [1ms]
2025-02-11 15:37:58.523 [info] > git check-ignore -v -z --stdin [1ms]
2025-02-11 15:38:11.369 [info] > git show --textconv :hypr/scripts/spotify_cava.sh [22ms]
2025-02-11 15:38:11.370 [warning] [GitFileSystemProvider][readFile] File not found - git:/home/navee/.config/hypr/scripts/spotify_cava.sh.git?%7B%22path%22%3A%22%2Fhome%2Fnavee%2F.config%2Fhypr%2Fscripts%2Fspotify_cava.sh%22%2C%22ref%22%3A%22%22%7D
2025-02-11 15:38:11.371 [info] > git ls-files --stage -- /home/navee/.config/hypr/scripts/spotify_cava.sh [3ms]
2025-02-11 15:38:11.372 [warning] [GitFileSystemProvider][stat] File not found - git:/home/navee/.config/hypr/scripts/spotify_cava.sh.git?%7B%22path%22%3A%22%2Fhome%2Fnavee%2F.config%2Fhypr%2Fscripts%2Fspotify_cava.sh%22%2C%22ref%22%3A%22%22%7D
2025-02-11 15:38:11.618 [info] > git check-ignore -v -z --stdin [1ms]
2025-02-11 15:38:15.652 [info] > git show --textconv :hypr/scripts/spotify_cava.sh [18ms]
2025-02-11 15:38:15.653 [warning] [GitFileSystemProvider][readFile] File not found - git:/home/navee/.config/hypr/scripts/spotify_cava.sh.git?%7B%22path%22%3A%22%2Fhome%2Fnavee%2F.config%2Fhypr%2Fscripts%2Fspotify_cava.sh%22%2C%22ref%22%3A%22%22%7D
2025-02-11 15:38:15.653 [info] > git ls-files --stage -- /home/navee/.config/hypr/scripts/spotify_cava.sh [1ms]
2025-02-11 15:38:15.654 [warning] [GitFileSystemProvider][stat] File not found - git:/home/navee/.config/hypr/scripts/spotify_cava.sh.git?%7B%22path%22%3A%22%2Fhome%2Fnavee%2F.config%2Fhypr%2Fscripts%2Fspotify_cava.sh%22%2C%22ref%22%3A%22%22%7D
2025-02-11 15:38:16.972 [info] > git blame --root --incremental 144a4fba15f2a705f89fe600e8c07eb6a8c5bc92 -- /home/navee/.config/hypr/scripts/spotify_cava.sh [1ms]
2025-02-11 15:38:16.972 [info] fatal: no such path hypr/scripts/spotify_cava.sh in 144a4fba15f2a705f89fe600e8c07eb6a8c5bc92
2025-02-11 15:38:32.533 [info] > git show --textconv :cava/config [26ms]
2025-02-11 15:38:32.535 [info] > git ls-files --stage -- /home/navee/.config/cava/config [3ms]
2025-02-11 15:38:32.557 [info] > git cat-file -s f2d4091704968b4ae2ddccdb741edf45f0ad06a3 [3ms]
2025-02-11 15:38:32.934 [info] > git show --textconv :hypr/hyprland/keybindings.conf [20ms]
2025-02-11 15:38:32.935 [warning] [GitFileSystemProvider][readFile] File not found - git:/home/navee/.config/hypr/hyprland/keybindings.conf.git?%7B%22path%22%3A%22%2Fhome%2Fnavee%2F.config%2Fhypr%2Fhyprland%2Fkeybindings.conf%22%2C%22ref%22%3A%22%22%7D
2025-02-11 15:38:32.936 [info] > git ls-files --stage -- /home/navee/.config/hypr/hyprland/keybindings.conf [3ms]
2025-02-11 15:38:32.936 [warning] [GitFileSystemProvider][stat] File not found - git:/home/navee/.config/hypr/hyprland/keybindings.conf.git?%7B%22path%22%3A%22%2Fhome%2Fnavee%2F.config%2Fhypr%2Fhyprland%2Fkeybindings.conf%22%2C%22ref%22%3A%22%22%7D
