2025-02-11 16:00:56.764 [info] Reading sessions from keychain...
2025-02-11 16:00:56.764 [info] Getting sessions for all scopes...
2025-02-11 16:00:56.764 [info] Getting sessions for all scopes...
2025-02-11 16:00:56.764 [info] Getting sessions for all scopes...
2025-02-11 16:00:56.764 [info] Getting sessions for user:email...
2025-02-11 16:00:56.764 [info] Getting sessions for all scopes...
2025-02-11 16:00:56.764 [info] Getting sessions for all scopes...
2025-02-11 16:00:56.764 [info] Getting sessions for all scopes...
2025-02-11 16:00:56.764 [info] Getting sessions for all scopes...
2025-02-11 16:00:56.764 [info] Getting sessions for all scopes...
2025-02-11 16:00:56.820 [info] Got stored sessions!
2025-02-11 16:00:56.820 [info] Got 3 verified sessions.
2025-02-11 16:00:56.820 [info] Got 3 sessions for ...
2025-02-11 16:00:56.820 [info] Got 3 sessions for ...
2025-02-11 16:00:56.820 [info] Got 3 sessions for ...
2025-02-11 16:00:56.820 [info] Got 1 sessions for user:email...
2025-02-11 16:00:56.820 [info] Got 3 sessions for ...
2025-02-11 16:00:56.820 [info] Got 3 sessions for ...
2025-02-11 16:00:56.820 [info] Got 3 sessions for ...
2025-02-11 16:00:56.820 [info] Got 3 sessions for ...
2025-02-11 16:00:56.820 [info] Got 3 sessions for ...
2025-02-11 16:00:57.341 [info] Getting sessions for repo,user:email,workflow...
2025-02-11 16:00:57.341 [info] Got 1 sessions for repo,user:email,workflow...
2025-02-11 16:00:59.358 [info] Getting sessions for all scopes...
2025-02-11 16:00:59.358 [info] Got 3 sessions for ...
2025-02-11 16:00:59.895 [info] Getting sessions for read:user,repo,user:email,workflow...
2025-02-11 16:00:59.895 [info] Got 1 sessions for read:user,repo,user:email,workflow...
2025-02-11 16:00:59.895 [info] Getting sessions for all scopes...
2025-02-11 16:00:59.895 [info] Got 3 sessions for ...
2025-02-11 16:00:59.895 [info] Getting sessions for all scopes...
2025-02-11 16:00:59.895 [info] Got 3 sessions for ...
2025-02-11 16:01:00.064 [info] Getting sessions for read:user,repo,user:email,workflow...
2025-02-11 16:01:00.064 [info] Got 1 sessions for read:user,repo,user:email,workflow...
2025-02-11 16:01:01.059 [info] Getting sessions for all scopes...
2025-02-11 16:01:01.059 [info] Got 3 sessions for ...
2025-02-11 16:01:01.059 [info] Getting sessions for all scopes...
2025-02-11 16:01:01.059 [info] Got 3 sessions for ...
2025-02-11 16:01:01.157 [info] Getting sessions for read:user,repo,user:email,workflow...
2025-02-11 16:01:01.157 [info] Got 1 sessions for read:user,repo,user:email,workflow...
2025-02-11 16:01:01.258 [info] Getting sessions for read:user,repo,user:email,workflow...
2025-02-11 16:01:01.258 [info] Got 1 sessions for read:user,repo,user:email,workflow...
2025-02-11 16:01:02.912 [info] Getting sessions for all scopes...
2025-02-11 16:01:02.912 [info] Got 3 sessions for ...
2025-02-11 16:01:02.913 [info] Getting sessions for all scopes...
2025-02-11 16:01:02.913 [info] Got 3 sessions for ...
2025-02-11 16:01:02.913 [info] Getting sessions for read:user,repo,user:email,workflow...
2025-02-11 16:01:02.913 [info] Got 1 sessions for read:user,repo,user:email,workflow...
2025-02-11 16:01:02.961 [info] Getting sessions for read:user,repo,user:email,workflow...
2025-02-11 16:01:02.961 [info] Got 1 sessions for read:user,repo,user:email,workflow...
2025-02-11 16:01:02.979 [info] Getting sessions for read:user,repo,user:email,workflow...
2025-02-11 16:01:02.979 [info] Got 1 sessions for read:user,repo,user:email,workflow...
2025-02-11 16:01:02.980 [info] Getting sessions for all scopes...
2025-02-11 16:01:02.980 [info] Got 3 sessions for ...
2025-02-11 16:01:03.028 [info] Getting sessions for read:user,repo,user:email,workflow...
2025-02-11 16:01:03.028 [info] Got 1 sessions for read:user,repo,user:email,workflow...
2025-02-11 16:01:03.110 [info] Getting sessions for all scopes...
2025-02-11 16:01:03.110 [info] Got 3 sessions for ...
2025-02-11 16:01:03.129 [info] Getting sessions for read:user,repo,user:email,workflow...
2025-02-11 16:01:03.129 [info] Got 1 sessions for read:user,repo,user:email,workflow...
2025-02-11 16:01:04.214 [info] Getting sessions for read:user,repo,user:email,workflow...
2025-02-11 16:01:04.214 [info] Got 1 sessions for read:user,repo,user:email,workflow...
2025-02-11 16:01:04.731 [info] Getting sessions for all scopes...
2025-02-11 16:01:04.731 [info] Got 3 sessions for ...
2025-02-11 16:01:05.726 [info] Getting sessions for read:user,repo,user:email,workflow...
2025-02-11 16:01:05.726 [info] Got 1 sessions for read:user,repo,user:email,workflow...
2025-02-11 16:01:05.837 [info] Getting sessions for all scopes...
2025-02-11 16:01:05.837 [info] Got 3 sessions for ...
2025-02-11 16:01:05.881 [info] Getting sessions for read:user,repo,user:email,workflow...
2025-02-11 16:01:05.881 [info] Got 1 sessions for read:user,repo,user:email,workflow...
2025-02-11 16:01:05.881 [info] Getting sessions for read:user,repo,user:email,workflow...
2025-02-11 16:01:05.881 [info] Got 1 sessions for read:user,repo,user:email,workflow...
2025-02-11 16:12:38.587 [info] Getting sessions for read:user,repo,user:email,workflow...
2025-02-11 16:12:38.587 [info] Got 1 sessions for read:user,repo,user:email,workflow...
2025-02-11 16:12:39.596 [info] Getting sessions for read:user,repo,user:email,workflow...
2025-02-11 16:12:39.596 [info] Got 1 sessions for read:user,repo,user:email,workflow...
2025-02-11 16:15:53.075 [info] Getting sessions for all scopes...
2025-02-11 16:15:53.075 [info] Got 3 sessions for ...
2025-02-11 16:15:53.076 [info] Getting sessions for read:user,repo,user:email,workflow...
2025-02-11 16:15:53.076 [info] Got 1 sessions for read:user,repo,user:email,workflow...
2025-02-11 16:15:54.454 [info] Getting sessions for all scopes...
2025-02-11 16:15:54.454 [info] Got 3 sessions for ...
2025-02-11 16:15:54.455 [info] Getting sessions for read:user,repo,user:email,workflow...
2025-02-11 16:15:54.455 [info] Got 1 sessions for read:user,repo,user:email,workflow...
2025-02-11 16:15:55.575 [info] Getting sessions for all scopes...
2025-02-11 16:15:55.575 [info] Got 3 sessions for ...
2025-02-11 16:15:55.575 [info] Getting sessions for read:user,repo,user:email,workflow...
2025-02-11 16:15:55.575 [info] Got 1 sessions for read:user,repo,user:email,workflow...
2025-02-11 16:15:56.653 [info] Getting sessions for all scopes...
2025-02-11 16:15:56.653 [info] Got 3 sessions for ...
2025-02-11 16:15:56.691 [info] Getting sessions for read:user,repo,user:email,workflow...
2025-02-11 16:15:56.691 [info] Got 1 sessions for read:user,repo,user:email,workflow...
2025-02-11 16:16:05.861 [info] Getting sessions for all scopes...
2025-02-11 16:16:05.861 [info] Got 3 sessions for ...
2025-02-11 16:16:05.862 [info] Getting sessions for read:user,repo,user:email,workflow...
2025-02-11 16:16:05.862 [info] Got 1 sessions for read:user,repo,user:email,workflow...
2025-02-11 16:16:23.104 [info] Getting sessions for all scopes...
2025-02-11 16:16:23.104 [info] Got 3 sessions for ...
2025-02-11 16:16:23.194 [info] Getting sessions for read:user,repo,user:email,workflow...
2025-02-11 16:16:23.194 [info] Got 1 sessions for read:user,repo,user:email,workflow...
2025-02-11 16:26:02.658 [info] Getting sessions for all scopes...
2025-02-11 16:26:02.658 [info] Got 3 sessions for ...
2025-02-11 16:26:02.658 [info] Getting sessions for read:user,repo,user:email,workflow...
2025-02-11 16:26:02.658 [info] Got 1 sessions for read:user,repo,user:email,workflow...
2025-02-11 16:26:04.166 [info] Getting sessions for all scopes...
2025-02-11 16:26:04.166 [info] Got 3 sessions for ...
2025-02-11 16:26:04.166 [info] Getting sessions for all scopes...
2025-02-11 16:26:04.166 [info] Got 3 sessions for ...
2025-02-11 16:26:04.167 [info] Getting sessions for read:user,repo,user:email,workflow...
2025-02-11 16:26:04.167 [info] Got 1 sessions for read:user,repo,user:email,workflow...
2025-02-11 16:26:04.167 [info] Getting sessions for all scopes...
2025-02-11 16:26:04.167 [info] Got 3 sessions for ...
2025-02-11 16:26:04.168 [info] Getting sessions for read:user,repo,user:email,workflow...
2025-02-11 16:26:04.168 [info] Got 1 sessions for read:user,repo,user:email,workflow...
2025-02-11 16:26:04.181 [info] Getting sessions for all scopes...
2025-02-11 16:26:04.181 [info] Got 3 sessions for ...
2025-02-11 16:26:04.182 [info] Getting sessions for read:user,repo,user:email,workflow...
2025-02-11 16:26:04.182 [info] Got 1 sessions for read:user,repo,user:email,workflow...
2025-02-11 16:26:04.184 [info] Getting sessions for all scopes...
2025-02-11 16:26:04.184 [info] Got 3 sessions for ...
2025-02-11 16:26:04.184 [info] Getting sessions for read:user,repo,user:email,workflow...
2025-02-11 16:26:04.184 [info] Got 1 sessions for read:user,repo,user:email,workflow...
2025-02-11 16:26:17.707 [info] Getting sessions for read:user,repo,user:email,workflow...
2025-02-11 16:26:17.707 [info] Got 1 sessions for read:user,repo,user:email,workflow...
