2025-02-11 15:13:31.308 [info] [main] Log level: Info
2025-02-11 15:13:31.308 [info] [main] Validating found git in: "git"
2025-02-11 15:13:31.308 [info] [main] Using git "2.48.1" from "git"
2025-02-11 15:13:31.308 [info] [Model][doInitialScan] Initial repository scan started
2025-02-11 15:13:31.308 [info] > git rev-parse --show-toplevel [25ms]
2025-02-11 15:13:31.308 [info] > git rev-parse --git-dir --git-common-dir [415ms]
2025-02-11 15:13:31.308 [info] [Model][openRepository] Opened repository: /home/navee/.config
2025-02-11 15:13:31.314 [info] > git rev-parse --show-toplevel [44ms]
2025-02-11 15:13:31.314 [info] > git config --get commit.template [59ms]
2025-02-11 15:13:31.379 [info] > git rev-parse --git-dir --git-common-dir [20ms]
2025-02-11 15:13:31.398 [info] [Model][openRepository] Opened repository: /home/navee/.config/waybar
2025-02-11 15:13:31.399 [info] > git for-each-ref --format=%(refname)%00%(upstream:short)%00%(objectname)%00%(upstream:track)%00%(upstream:remotename)%00%(upstream:remoteref) refs/heads/main refs/remotes/main [57ms]
2025-02-11 15:13:31.460 [info] > git config --get commit.template [12ms]
2025-02-11 15:13:31.460 [info] > git for-each-ref --sort -committerdate --format %(refname) %(objectname) %(*objectname) [29ms]
2025-02-11 15:13:31.489 [info] > git for-each-ref --format=%(refname)%00%(upstream:short)%00%(objectname)%00%(upstream:track)%00%(upstream:remotename)%00%(upstream:remoteref) refs/heads/main refs/remotes/main [11ms]
2025-02-11 15:13:32.432 [info] > git status -z -uall [1017ms] (cancelled)
2025-02-11 15:13:32.432 [info] > git status -z -uall [927ms]
2025-02-11 15:13:32.433 [info] > git for-each-ref --sort -committerdate --format %(refname) %(objectname) %(*objectname) [911ms]
2025-02-11 15:13:32.636 [info] > git check-ignore -v -z --stdin [168ms]
2025-02-11 15:13:32.647 [info] > git check-ignore -v -z --stdin [164ms]
2025-02-11 15:13:32.648 [info] > git for-each-ref --format=%(refname)%00%(upstream:short)%00%(objectname)%00%(upstream:track)%00%(upstream:remotename)%00%(upstream:remoteref) refs/heads/main refs/remotes/main [197ms]
2025-02-11 15:13:32.665 [info] > git fetch [1267ms]
2025-02-11 15:13:32.666 [info] > git fetch [1471ms]
2025-02-11 15:13:33.365 [info] > git config --get --local branch.main.vscode-merge-base [700ms]
2025-02-11 15:13:33.383 [info] > git config --get commit.template [762ms]
2025-02-11 15:13:33.383 [info] > git for-each-ref --format=%(refname)%00%(upstream:short)%00%(objectname)%00%(upstream:track)%00%(upstream:remotename)%00%(upstream:remoteref) refs/heads/main refs/remotes/main [780ms]
2025-02-11 15:13:33.429 [info] > git config --get --local branch.main.vscode-merge-base [28ms]
2025-02-11 15:13:33.452 [info] > git for-each-ref --format=%(refname)%00%(upstream:short)%00%(objectname)%00%(upstream:track)%00%(upstream:remotename)%00%(upstream:remoteref) refs/heads/origin/main refs/remotes/origin/main [69ms]
2025-02-11 15:13:33.453 [info] > git config --get commit.template [109ms]
2025-02-11 15:13:33.453 [info] > git config --get commit.template [127ms]
2025-02-11 15:13:33.453 [info] > git config --get commit.template [145ms]
2025-02-11 15:13:33.480 [info] > git for-each-ref --format=%(refname)%00%(upstream:short)%00%(objectname)%00%(upstream:track)%00%(upstream:remotename)%00%(upstream:remoteref) refs/heads/origin/main refs/remotes/origin/main [29ms]
2025-02-11 15:13:33.577 [info] > git for-each-ref --format=%(refname)%00%(upstream:short)%00%(objectname)%00%(upstream:track)%00%(upstream:remotename)%00%(upstream:remoteref) refs/heads/main refs/remotes/main [107ms]
2025-02-11 15:13:33.600 [info] > git for-each-ref --format=%(refname)%00%(upstream:short)%00%(objectname)%00%(upstream:track)%00%(upstream:remotename)%00%(upstream:remoteref) refs/heads/main refs/remotes/main [70ms]
2025-02-11 15:13:33.636 [info] > git for-each-ref --format=%(refname)%00%(upstream:short)%00%(objectname)%00%(upstream:track)%00%(upstream:remotename)%00%(upstream:remoteref) refs/heads/main refs/remotes/main [121ms]
2025-02-11 15:13:33.670 [info] > git for-each-ref --format=%(refname)%00%(upstream:short)%00%(objectname)%00%(upstream:track)%00%(upstream:remotename)%00%(upstream:remoteref) refs/heads/main refs/remotes/main [172ms]
2025-02-11 15:13:33.715 [info] > git status -z -uall [62ms]
2025-02-11 15:13:33.715 [info] > git for-each-ref --sort -committerdate --format %(refname) %(objectname) %(*objectname) [45ms]
2025-02-11 15:13:33.717 [info] > git for-each-ref --sort -committerdate --format %(refname) %(objectname) %(*objectname) [81ms]
2025-02-11 15:13:33.954 [info] > git status -z -uall [335ms] (cancelled)
2025-02-11 15:13:34.832 [info] > git rev-parse --show-toplevel [1ms]
2025-02-11 15:13:34.848 [info] > git rev-parse --show-toplevel [1ms]
2025-02-11 15:13:34.864 [info] > git rev-parse --show-toplevel [1ms]
2025-02-11 15:13:34.881 [info] > git rev-parse --show-toplevel [1ms]
2025-02-11 15:13:34.898 [info] > git rev-parse --show-toplevel [1ms]
2025-02-11 15:13:34.916 [info] > git rev-parse --show-toplevel [1ms]
2025-02-11 15:13:34.934 [info] > git rev-parse --show-toplevel [2ms]
2025-02-11 15:13:34.951 [info] > git rev-parse --show-toplevel [1ms]
2025-02-11 15:13:34.968 [info] > git rev-parse --show-toplevel [1ms]
2025-02-11 15:13:34.990 [info] > git rev-parse --show-toplevel [5ms]
2025-02-11 15:13:35.013 [info] > git rev-parse --show-toplevel [1ms]
2025-02-11 15:13:35.034 [info] > git rev-parse --show-toplevel [1ms]
2025-02-11 15:13:35.052 [info] > git rev-parse --show-toplevel [1ms]
2025-02-11 15:13:35.071 [info] > git rev-parse --show-toplevel [3ms]
2025-02-11 15:13:35.089 [info] > git rev-parse --show-toplevel [2ms]
2025-02-11 15:13:35.121 [info] > git rev-parse --show-toplevel [17ms]
2025-02-11 15:13:35.137 [info] > git rev-parse --show-toplevel [1ms]
2025-02-11 15:13:35.155 [info] > git rev-parse --show-toplevel [2ms]
2025-02-11 15:13:35.171 [info] > git rev-parse --git-dir --git-common-dir [1ms]
2025-02-11 15:13:35.192 [info] [Model][openRepository] Opened repository: /home/navee/.config/libinput-gestures
2025-02-11 15:13:35.230 [info] > git rev-parse --show-toplevel [2ms]
2025-02-11 15:13:35.231 [info] > git config --get commit.template [21ms]
2025-02-11 15:13:35.265 [info] > git rev-parse --show-toplevel [16ms]
2025-02-11 15:13:35.282 [info] > git rev-parse --show-toplevel [2ms]
2025-02-11 15:13:35.282 [info] > git for-each-ref --format=%(refname)%00%(upstream:short)%00%(objectname)%00%(upstream:track)%00%(upstream:remotename)%00%(upstream:remoteref) refs/heads/master refs/remotes/master [18ms]
2025-02-11 15:13:35.315 [warning] [Git][revParse] Unable to read file: ENOENT: no such file or directory, open '/home/navee/.config/libinput-gestures/.git/refs/remotes/origin/master'
2025-02-11 15:13:35.316 [info] > git rev-parse --show-toplevel [17ms]
2025-02-11 15:13:35.332 [info] > git rev-parse refs/remotes/origin/master [17ms]
2025-02-11 15:13:35.365 [info] > git status -z -uall [17ms]
2025-02-11 15:13:35.365 [info] > git rev-parse --show-toplevel [33ms]
2025-02-11 15:13:35.381 [info] > git for-each-ref --sort -committerdate --format %(refname) %(objectname) %(*objectname) [17ms]
2025-02-11 15:13:35.421 [info] > git for-each-ref --format=%(refname)%00%(upstream:short)%00%(objectname)%00%(upstream:track)%00%(upstream:remotename)%00%(upstream:remoteref) refs/heads/master refs/remotes/master [22ms]
2025-02-11 15:13:35.438 [info] > git rev-parse --show-toplevel [56ms]
2025-02-11 15:13:35.457 [info] > git config --get --local branch.master.vscode-merge-base [20ms]
2025-02-11 15:13:35.474 [info] > git config --get commit.template [58ms]
2025-02-11 15:13:35.476 [info] > git for-each-ref --format=%(refname)%00%(upstream:short)%00%(objectname)%00%(upstream:track)%00%(upstream:remotename)%00%(upstream:remoteref) refs/heads/origin/master refs/remotes/origin/master [2ms]
2025-02-11 15:13:35.495 [info] > git rev-parse --show-toplevel [41ms]
2025-02-11 15:13:35.528 [info] > git merge-base refs/heads/master refs/remotes/origin/master [34ms]
2025-02-11 15:13:35.546 [info] > git rev-parse --show-toplevel [18ms]
2025-02-11 15:13:35.546 [info] > git for-each-ref --format=%(refname)%00%(upstream:short)%00%(objectname)%00%(upstream:track)%00%(upstream:remotename)%00%(upstream:remoteref) refs/heads/master refs/remotes/master [35ms]
2025-02-11 15:13:35.579 [warning] [Git][revParse] Unable to read file: ENOENT: no such file or directory, open '/home/navee/.config/libinput-gestures/.git/refs/remotes/origin/master'
2025-02-11 15:13:35.579 [info] > git diff --name-status -z --diff-filter=ADMR 8c6e3631b01bb1a6fffe40b6e4d9fe2d52efb836...refs/remotes/origin/master [34ms]
2025-02-11 15:13:35.580 [info] > git rev-parse refs/remotes/origin/master [1ms]
2025-02-11 15:13:35.613 [info] > git rev-parse --show-toplevel [50ms]
2025-02-11 15:13:35.630 [info] > git status -z -uall [34ms]
2025-02-11 15:13:35.631 [info] > git rev-parse --show-toplevel [2ms]
2025-02-11 15:13:35.631 [info] > git for-each-ref --sort -committerdate --format %(refname) %(objectname) %(*objectname) [18ms]
2025-02-11 15:13:35.650 [info] > git rev-parse --show-toplevel [1ms]
2025-02-11 15:13:35.670 [info] > git rev-parse --show-toplevel [4ms]
2025-02-11 15:13:35.687 [info] > git rev-parse --show-toplevel [1ms]
2025-02-11 15:13:35.705 [info] > git rev-parse --show-toplevel [1ms]
2025-02-11 15:13:35.723 [info] > git rev-parse --show-toplevel [1ms]
2025-02-11 15:13:35.777 [info] > git check-ignore -v -z --stdin [21ms]
2025-02-11 15:13:35.777 [info] > git check-ignore -v -z --stdin [3ms]
2025-02-11 15:13:35.779 [info] > git rev-parse --show-toplevel [38ms]
2025-02-11 15:13:35.796 [info] > git rev-parse --show-toplevel [1ms]
2025-02-11 15:13:35.812 [info] > git rev-parse --show-toplevel [1ms]
2025-02-11 15:13:35.827 [info] > git rev-parse --show-toplevel [0ms]
2025-02-11 15:13:35.828 [info] [Model][doInitialScan] Initial repository scan completed - repositories (3), closed repositories (0), parent repositories (0), unsafe repositories (0)
2025-02-11 15:13:35.950 [info] > git show --textconv :config [105ms]
2025-02-11 15:13:35.950 [info] > git show --textconv HEAD:config [89ms]
2025-02-11 15:13:35.950 [info] > git ls-tree -l HEAD -- /home/navee/.config/waybar/config [59ms]
2025-02-11 15:13:35.951 [info] > git ls-files --stage -- /home/navee/.config/waybar/config [75ms]
2025-02-11 15:13:35.969 [info] > git cat-file -s 611f0e3618c7ade990bc7618ea46e21f62d114bb [2ms]
2025-02-11 15:13:35.970 [info] > git config --get commit.template [23ms]
2025-02-11 15:13:35.970 [info] > git config --get commit.template [40ms]
2025-02-11 15:13:35.970 [info] > git config --get commit.template [54ms]
2025-02-11 15:13:36.021 [info] > git for-each-ref --format=%(refname)%00%(upstream:short)%00%(objectname)%00%(upstream:track)%00%(upstream:remotename)%00%(upstream:remoteref) refs/heads/main refs/remotes/main [18ms]
2025-02-11 15:13:36.059 [info] > git for-each-ref --format=%(refname)%00%(upstream:short)%00%(objectname)%00%(upstream:track)%00%(upstream:remotename)%00%(upstream:remoteref) refs/heads/master refs/remotes/master [71ms]
2025-02-11 15:13:36.078 [warning] [Git][revParse] Unable to read file: ENOENT: no such file or directory, open '/home/navee/.config/libinput-gestures/.git/refs/remotes/origin/master'
2025-02-11 15:13:36.084 [info] > git status -z -uall [45ms]
2025-02-11 15:13:36.084 [info] > git for-each-ref --sort -committerdate --format %(refname) %(objectname) %(*objectname) [25ms]
2025-02-11 15:13:36.086 [info] > git for-each-ref --format=%(refname)%00%(upstream:short)%00%(objectname)%00%(upstream:track)%00%(upstream:remotename)%00%(upstream:remoteref) refs/heads/main refs/remotes/main [67ms]
2025-02-11 15:13:36.121 [info] > git rev-parse refs/remotes/origin/master [43ms]
2025-02-11 15:13:36.157 [info] > git status -z -uall [20ms]
2025-02-11 15:13:36.157 [info] > git for-each-ref --sort -committerdate --format %(refname) %(objectname) %(*objectname) [3ms]
2025-02-11 15:13:36.159 [info] > git for-each-ref --sort -committerdate --format %(refname) %(objectname) %(*objectname) [41ms]
2025-02-11 15:13:36.257 [info] > git status -z -uall [157ms] (cancelled)
2025-02-11 15:13:36.257 [info] > git blame --root --incremental b444bb59e8f07ad5994a85667fa90a0013f1d7dc -- /home/navee/.config/waybar/config [79ms]
2025-02-11 15:13:37.619 [info] > git fetch [2427ms]
2025-02-11 15:13:37.655 [info] > git config --get commit.template [18ms]
2025-02-11 15:13:37.656 [info] > git for-each-ref --format=%(refname)%00%(upstream:short)%00%(objectname)%00%(upstream:track)%00%(upstream:remotename)%00%(upstream:remoteref) refs/heads/master refs/remotes/master [1ms]
2025-02-11 15:13:37.675 [warning] [Git][revParse] Unable to read file: ENOENT: no such file or directory, open '/home/navee/.config/libinput-gestures/.git/refs/remotes/origin/master'
2025-02-11 15:13:37.676 [info] > git rev-parse refs/remotes/origin/master [2ms]
2025-02-11 15:13:37.713 [info] > git status -z -uall [18ms]
2025-02-11 15:13:37.728 [info] > git for-each-ref --sort -committerdate --format %(refname) %(objectname) %(*objectname) [15ms]
2025-02-11 15:13:38.835 [info] > git config --get commit.template [19ms]
2025-02-11 15:13:38.836 [info] > git for-each-ref --format=%(refname)%00%(upstream:short)%00%(objectname)%00%(upstream:track)%00%(upstream:remotename)%00%(upstream:remoteref) refs/heads/master refs/remotes/master [2ms]
2025-02-11 15:13:38.853 [warning] [Git][revParse] Unable to read file: ENOENT: no such file or directory, open '/home/navee/.config/libinput-gestures/.git/refs/remotes/origin/master'
2025-02-11 15:13:38.854 [info] > git rev-parse refs/remotes/origin/master [1ms]
2025-02-11 15:13:38.889 [info] > git status -z -uall [18ms]
2025-02-11 15:13:38.890 [info] > git for-each-ref --sort -committerdate --format %(refname) %(objectname) %(*objectname) [2ms]
2025-02-11 15:13:41.250 [info] > git check-ignore -v -z --stdin [20ms]
2025-02-11 15:13:41.251 [info] > git check-ignore -v -z --stdin [2ms]
2025-02-11 15:13:45.085 [info] > git check-ignore -v -z --stdin [2ms]
2025-02-11 15:13:45.804 [info] > git check-ignore -v -z --stdin [1ms]
2025-02-11 15:13:47.009 [info] > git show --textconv :cava/config [21ms]
2025-02-11 15:13:47.012 [info] > git ls-files --stage -- /home/navee/.config/cava/config [4ms]
2025-02-11 15:13:47.033 [info] > git cat-file -s f2d4091704968b4ae2ddccdb741edf45f0ad06a3 [1ms]
2025-02-11 15:13:47.059 [info] > git blame --root --incremental 144a4fba15f2a705f89fe600e8c07eb6a8c5bc92 -- /home/navee/.config/cava/config [2ms]
2025-02-11 15:13:55.473 [info] > git log --format=%H%n%aN%n%aE%n%at%n%ct%n%P%n%D%n%B -z --shortstat --diff-merges=first-parent -n50 --skip=0 --topo-order --decorate=full --stdin [2ms]
2025-02-11 15:13:56.533 [info] > git check-ignore -v -z --stdin [1ms]
2025-02-11 15:14:03.564 [info] > git check-ignore -v -z --stdin [1ms]
2025-02-11 15:14:03.743 [info] > git hash-object -t tree /dev/null [1ms]
2025-02-11 15:14:03.769 [info] > git diff-tree -r --name-status -z --diff-filter=ADMR --find-renames=50% 4b825dc642cb6eb9a060e54bf8d69288fbee4904 144a4fba15f2a705f89fe600e8c07eb6a8c5bc92 [2ms]
2025-02-11 15:14:04.081 [info] > git show --textconv 144a4fba15f2a705f89fe600e8c07eb6a8c5bc92:cava/config [272ms]
2025-02-11 15:14:04.082 [info] > git show --textconv 144a4fba15f2a705f89fe600e8c07eb6a8c5bc92:cava/shaders/bar_spectrum.frag [250ms]
2025-02-11 15:14:04.082 [info] > git show --textconv 144a4fba15f2a705f89fe600e8c07eb6a8c5bc92:cava/shaders/normalized_bars.frag [231ms]
2025-02-11 15:14:04.082 [info] > git show --textconv 144a4fba15f2a705f89fe600e8c07eb6a8c5bc92:cava/shaders/northern_lights.frag [210ms]
2025-02-11 15:14:04.082 [info] > git show --textconv 144a4fba15f2a705f89fe600e8c07eb6a8c5bc92:cava/shaders/pass_through.vert [190ms]
2025-02-11 15:14:04.082 [info] > git show --textconv 144a4fba15f2a705f89fe600e8c07eb6a8c5bc92:hypr [169ms]
2025-02-11 15:14:04.082 [info] > git show --textconv 144a4fba15f2a705f89fe600e8c07eb6a8c5bc92: [150ms]
2025-02-11 15:14:04.082 [info] > git ls-tree -l 144a4fba15f2a705f89fe600e8c07eb6a8c5bc92 -- /home/navee/.config/waybar [7ms]
2025-02-11 15:14:04.083 [info] > git ls-tree -l 144a4fba15f2a705f89fe600e8c07eb6a8c5bc92 -- /home/navee/.config/hypr [28ms]
2025-02-11 15:14:04.084 [info] > git ls-tree -l 144a4fba15f2a705f89fe600e8c07eb6a8c5bc92 -- /home/navee/.config/cava/shaders/pass_through.vert [51ms]
2025-02-11 15:14:04.085 [info] > git ls-tree -l 144a4fba15f2a705f89fe600e8c07eb6a8c5bc92 -- /home/navee/.config/cava/shaders/northern_lights.frag [74ms]
2025-02-11 15:14:04.086 [info] > git ls-tree -l 144a4fba15f2a705f89fe600e8c07eb6a8c5bc92 -- /home/navee/.config/cava/shaders/normalized_bars.frag [94ms]
2025-02-11 15:14:04.087 [info] > git ls-tree -l 144a4fba15f2a705f89fe600e8c07eb6a8c5bc92 -- /home/navee/.config/cava/shaders/bar_spectrum.frag [115ms]
2025-02-11 15:14:04.088 [info] > git ls-tree -l 144a4fba15f2a705f89fe600e8c07eb6a8c5bc92 -- /home/navee/.config/cava/config [136ms]
2025-02-11 15:14:04.597 [info] > git check-ignore -v -z --stdin [1ms]
2025-02-11 15:14:19.103 [info] > git ls-tree -l 144a4fba15f2a705f89fe600e8c07eb6a8c5bc92 -- /home/navee/.config/cava/config [6ms]
2025-02-11 15:14:19.631 [info] > git check-ignore -v -z --stdin [1ms]
2025-02-11 15:14:22.467 [info] > git log --format=%H%n%aN%n%aE%n%at%n%ct%n%P%n%D%n%B -z --shortstat --diff-merges=first-parent -n50 --skip=0 --topo-order --decorate=full --stdin [11ms]
2025-02-11 15:14:22.704 [info] > git show --textconv :config [63ms]
2025-02-11 15:14:22.704 [info] > git show --textconv HEAD:config [43ms]
2025-02-11 15:14:22.704 [info] > git ls-files --stage -- /home/navee/.config/waybar/config [22ms]
2025-02-11 15:14:22.727 [info] > git cat-file -s 611f0e3618c7ade990bc7618ea46e21f62d114bb [3ms]
2025-02-11 15:14:22.727 [info] > git ls-tree -l HEAD -- /home/navee/.config/waybar/config [26ms]
2025-02-11 15:14:23.078 [info] > git check-ignore -v -z --stdin [2ms]
2025-02-11 15:14:23.177 [info] > git ls-tree -l 144a4fba15f2a705f89fe600e8c07eb6a8c5bc92 -- /home/navee/.config/cava/config [2ms]
2025-02-11 15:14:24.914 [info] > git hash-object -t tree /dev/null [1ms]
2025-02-11 15:14:24.934 [info] > git diff-tree -r --name-status -z --diff-filter=ADMR --find-renames=50% 4b825dc642cb6eb9a060e54bf8d69288fbee4904 b444bb59e8f07ad5994a85667fa90a0013f1d7dc [1ms]
2025-02-11 15:14:25.135 [info] > git show --textconv b444bb59e8f07ad5994a85667fa90a0013f1d7dc:backup.css [172ms]
2025-02-11 15:14:25.135 [info] > git show --textconv b444bb59e8f07ad5994a85667fa90a0013f1d7dc:backupConfig.txt [151ms]
2025-02-11 15:14:25.135 [info] > git show --textconv b444bb59e8f07ad5994a85667fa90a0013f1d7dc:config [132ms]
2025-02-11 15:14:25.135 [info] > git show --textconv b444bb59e8f07ad5994a85667fa90a0013f1d7dc:mocha.css [113ms]
2025-02-11 15:14:25.135 [info] > git show --textconv b444bb59e8f07ad5994a85667fa90a0013f1d7dc:style.css [94ms]
2025-02-11 15:14:25.135 [info] > git ls-tree -l b444bb59e8f07ad5994a85667fa90a0013f1d7dc -- /home/navee/.config/waybar/style.css [3ms]
2025-02-11 15:14:25.135 [info] > git ls-tree -l b444bb59e8f07ad5994a85667fa90a0013f1d7dc -- /home/navee/.config/waybar/mocha.css [21ms]
2025-02-11 15:14:25.136 [info] > git ls-tree -l b444bb59e8f07ad5994a85667fa90a0013f1d7dc -- /home/navee/.config/waybar/config [40ms]
2025-02-11 15:14:25.136 [info] > git ls-tree -l b444bb59e8f07ad5994a85667fa90a0013f1d7dc -- /home/navee/.config/waybar/backupConfig.txt [59ms]
2025-02-11 15:14:25.136 [info] > git ls-tree -l b444bb59e8f07ad5994a85667fa90a0013f1d7dc -- /home/navee/.config/waybar/backup.css [77ms]
2025-02-11 15:14:25.609 [info] > git ls-tree -l b444bb59e8f07ad5994a85667fa90a0013f1d7dc -- /home/navee/.config/waybar/backup.css [2ms]
2025-02-11 15:14:25.633 [info] > git ls-tree -l b444bb59e8f07ad5994a85667fa90a0013f1d7dc -- /home/navee/.config/waybar/backup.css [2ms]
2025-02-11 15:14:25.656 [info] > git check-ignore -v -z --stdin [1ms]
2025-02-11 15:14:33.466 [info] > git show --textconv :cava/config [21ms]
2025-02-11 15:14:33.468 [info] > git ls-files --stage -- /home/navee/.config/cava/config [3ms]
2025-02-11 15:14:33.491 [info] > git cat-file -s f2d4091704968b4ae2ddccdb741edf45f0ad06a3 [3ms]
2025-02-11 15:14:35.445 [info] > git show --textconv :cava/shaders/bar_spectrum.frag [22ms]
2025-02-11 15:14:35.447 [info] > git ls-files --stage -- /home/navee/.config/cava/shaders/bar_spectrum.frag [3ms]
2025-02-11 15:14:35.469 [info] > git cat-file -s b078913204cb0a8660b29358b4ea558d89645714 [1ms]
2025-02-11 15:14:36.045 [info] > git show --textconv :cava/shaders/normalized_bars.frag [22ms]
2025-02-11 15:14:36.047 [info] > git ls-files --stage -- /home/navee/.config/cava/shaders/normalized_bars.frag [3ms]
2025-02-11 15:14:36.068 [info] > git cat-file -s 34fbe1d807183be97e9bba5fc93522ae9f1ebc37 [2ms]
2025-02-11 15:14:36.096 [info] > git blame --root --incremental 144a4fba15f2a705f89fe600e8c07eb6a8c5bc92 -- /home/navee/.config/cava/shaders/normalized_bars.frag [2ms]
2025-02-11 15:14:36.659 [info] > git show --textconv :cava/shaders/northern_lights.frag [22ms]
2025-02-11 15:14:36.660 [info] > git ls-files --stage -- /home/navee/.config/cava/shaders/northern_lights.frag [2ms]
2025-02-11 15:14:36.682 [info] > git cat-file -s ecd859a761a9dafac361b8a04942ec8fae9ad337 [2ms]
2025-02-11 15:14:37.772 [info] > git show --textconv :cava/shaders/pass_through.vert [22ms]
2025-02-11 15:14:37.774 [info] > git ls-files --stage -- /home/navee/.config/cava/shaders/pass_through.vert [3ms]
2025-02-11 15:14:37.795 [info] > git cat-file -s a4f20e523da7708ea2fe26d4994b5dc49fee63b0 [2ms]
2025-02-11 15:14:38.912 [info] > git show --textconv :cava/shaders/northern_lights.frag [19ms]
2025-02-11 15:14:38.913 [info] > git ls-files --stage -- /home/navee/.config/cava/shaders/northern_lights.frag [2ms]
2025-02-11 15:14:38.932 [info] > git cat-file -s ecd859a761a9dafac361b8a04942ec8fae9ad337 [1ms]
2025-02-11 15:14:39.942 [info] > git show --textconv :cava/config [18ms]
2025-02-11 15:14:39.943 [info] > git ls-files --stage -- /home/navee/.config/cava/config [2ms]
2025-02-11 15:14:39.963 [info] > git cat-file -s f2d4091704968b4ae2ddccdb741edf45f0ad06a3 [2ms]
2025-02-11 15:14:45.645 [info] > git show --textconv :scripts/cava.sh [63ms]
2025-02-11 15:14:45.645 [info] > git show --textconv HEAD:scripts/cava.sh [43ms]
2025-02-11 15:14:45.645 [info] > git ls-files --stage -- /home/navee/.config/waybar/scripts/cava.sh [22ms]
2025-02-11 15:14:45.665 [warning] [GitFileSystemProvider][readFile] File not found - git:/home/navee/.config/waybar/scripts/cava.sh.git?%7B%22path%22%3A%22%2Fhome%2Fnavee%2F.config%2Fwaybar%2Fscripts%2Fcava.sh%22%2C%22ref%22%3A%22HEAD%22%7D
2025-02-11 15:14:45.667 [info] > git cat-file -s abde43a553ad8eb8ee391ee3b28d3a1f516b802f [2ms]
2025-02-11 15:14:45.668 [info] > git ls-tree -l HEAD -- /home/navee/.config/waybar/scripts/cava.sh [24ms]
2025-02-11 15:14:45.668 [warning] [GitFileSystemProvider][stat] File not found - git:/home/navee/.config/waybar/scripts/cava.sh.git?%7B%22path%22%3A%22%2Fhome%2Fnavee%2F.config%2Fwaybar%2Fscripts%2Fcava.sh%22%2C%22ref%22%3A%22HEAD%22%7D
2025-02-11 15:14:45.694 [info] > git blame --root --incremental b444bb59e8f07ad5994a85667fa90a0013f1d7dc -- /home/navee/.config/waybar/scripts/cava.sh [2ms]
2025-02-11 15:14:45.694 [info] fatal: no such path scripts/cava.sh in b444bb59e8f07ad5994a85667fa90a0013f1d7dc
2025-02-11 15:14:45.967 [info] > git check-ignore -v -z --stdin [1ms]
2025-02-11 15:15:09.693 [info] > git ls-tree -l b444bb59e8f07ad5994a85667fa90a0013f1d7dc -- /home/navee/.config/waybar/backup.css [21ms]
2025-02-11 15:15:09.694 [info] > git config --get commit.template [42ms]
2025-02-11 15:15:09.694 [info] > git ls-tree -l b444bb59e8f07ad5994a85667fa90a0013f1d7dc -- /home/navee/.config/waybar/backupConfig.txt [2ms]
2025-02-11 15:15:09.716 [info] > git for-each-ref --format=%(refname)%00%(upstream:short)%00%(objectname)%00%(upstream:track)%00%(upstream:remotename)%00%(upstream:remoteref) refs/heads/main refs/remotes/main [2ms]
2025-02-11 15:15:09.755 [info] > git status -z -uall [20ms]
2025-02-11 15:15:09.756 [info] > git for-each-ref --sort -committerdate --format %(refname) %(objectname) %(*objectname) [1ms]
2025-02-11 15:15:31.418 [info] > git ls-tree -l b444bb59e8f07ad5994a85667fa90a0013f1d7dc -- /home/navee/.config/waybar/backup.css [21ms]
2025-02-11 15:15:31.419 [info] > git ls-tree -l b444bb59e8f07ad5994a85667fa90a0013f1d7dc -- /home/navee/.config/waybar/backupConfig.txt [2ms]
2025-02-11 15:15:42.777 [info] > git ls-tree -l b444bb59e8f07ad5994a85667fa90a0013f1d7dc -- /home/navee/.config/waybar/backup.css [17ms]
2025-02-11 15:15:42.778 [info] > git ls-tree -l b444bb59e8f07ad5994a85667fa90a0013f1d7dc -- /home/navee/.config/waybar/backupConfig.txt [1ms]
2025-02-11 15:15:50.828 [info] > git ls-tree -l b444bb59e8f07ad5994a85667fa90a0013f1d7dc -- /home/navee/.config/waybar/backup.css [20ms]
2025-02-11 15:15:50.829 [info] > git ls-tree -l b444bb59e8f07ad5994a85667fa90a0013f1d7dc -- /home/navee/.config/waybar/backupConfig.txt [1ms]
2025-02-11 15:16:07.881 [info] > git config --get commit.template [27ms]
2025-02-11 15:16:07.881 [info] > git for-each-ref --format=%(refname)%00%(upstream:short)%00%(objectname)%00%(upstream:track)%00%(upstream:remotename)%00%(upstream:remoteref) refs/heads/main refs/remotes/main [2ms]
2025-02-11 15:16:07.923 [info] > git status -z -uall [21ms]
2025-02-11 15:16:07.924 [info] > git for-each-ref --sort -committerdate --format %(refname) %(objectname) %(*objectname) [2ms]
2025-02-11 15:16:09.534 [info] > git check-ignore -v -z --stdin [1ms]
2025-02-11 15:16:13.935 [info] > git ls-tree -l b444bb59e8f07ad5994a85667fa90a0013f1d7dc -- /home/navee/.config/waybar/backup.css [23ms]
2025-02-11 15:16:13.936 [info] > git ls-tree -l b444bb59e8f07ad5994a85667fa90a0013f1d7dc -- /home/navee/.config/waybar/backupConfig.txt [1ms]
2025-02-11 15:16:31.021 [info] > git ls-tree -l b444bb59e8f07ad5994a85667fa90a0013f1d7dc -- /home/navee/.config/waybar/backup.css [23ms]
2025-02-11 15:16:31.022 [info] > git ls-tree -l b444bb59e8f07ad5994a85667fa90a0013f1d7dc -- /home/navee/.config/waybar/backupConfig.txt [2ms]
2025-02-11 15:17:47.349 [info] > git ls-tree -l b444bb59e8f07ad5994a85667fa90a0013f1d7dc -- /home/navee/.config/waybar/backup.css [20ms]
2025-02-11 15:17:47.350 [info] > git ls-tree -l b444bb59e8f07ad5994a85667fa90a0013f1d7dc -- /home/navee/.config/waybar/backupConfig.txt [2ms]
2025-02-11 15:17:48.183 [info] > git fetch [919ms]
2025-02-11 15:17:48.223 [info] > git config --get commit.template [20ms]
2025-02-11 15:17:48.224 [info] > git for-each-ref --format=%(refname)%00%(upstream:short)%00%(objectname)%00%(upstream:track)%00%(upstream:remotename)%00%(upstream:remoteref) refs/heads/main refs/remotes/main [1ms]
2025-02-11 15:17:48.264 [info] > git status -z -uall [20ms]
2025-02-11 15:17:48.265 [info] > git for-each-ref --sort -committerdate --format %(refname) %(objectname) %(*objectname) [1ms]
2025-02-11 15:17:48.591 [info] > git fetch [1305ms]
2025-02-11 15:17:48.613 [info] > git config --get commit.template [2ms]
2025-02-11 15:17:48.633 [info] > git for-each-ref --format=%(refname)%00%(upstream:short)%00%(objectname)%00%(upstream:track)%00%(upstream:remotename)%00%(upstream:remoteref) refs/heads/main refs/remotes/main [1ms]
2025-02-11 15:17:48.672 [info] > git for-each-ref --sort -committerdate --format %(refname) %(objectname) %(*objectname) [1ms]
2025-02-11 15:17:48.719 [info] > git fetch [1412ms]
2025-02-11 15:17:48.743 [info] > git config --get commit.template [4ms]
2025-02-11 15:17:48.871 [info] > git status -z -uall [220ms] (cancelled)
2025-02-11 15:17:48.871 [info] > git for-each-ref --format=%(refname)%00%(upstream:short)%00%(objectname)%00%(upstream:track)%00%(upstream:remotename)%00%(upstream:remoteref) refs/heads/master refs/remotes/master [108ms]
2025-02-11 15:17:48.891 [warning] [Git][revParse] Unable to read file: ENOENT: no such file or directory, open '/home/navee/.config/libinput-gestures/.git/refs/remotes/origin/master'
2025-02-11 15:17:49.634 [info] > git rev-parse refs/remotes/origin/master [743ms]
2025-02-11 15:17:49.685 [info] > git status -z -uall [28ms]
2025-02-11 15:17:49.685 [info] > git for-each-ref --sort -committerdate --format %(refname) %(objectname) %(*objectname) [3ms]
2025-02-11 15:18:38.682 [info] > git ls-tree -l b444bb59e8f07ad5994a85667fa90a0013f1d7dc -- /home/navee/.config/waybar/backup.css [23ms]
2025-02-11 15:18:38.722 [info] > git ls-tree -l b444bb59e8f07ad5994a85667fa90a0013f1d7dc -- /home/navee/.config/waybar/config [21ms]
2025-02-11 15:18:38.722 [info] > git ls-tree -l b444bb59e8f07ad5994a85667fa90a0013f1d7dc -- /home/navee/.config/waybar/backupConfig.txt [41ms]
2025-02-11 15:18:38.745 [info] > git ls-files --stage -- /home/navee/.config/waybar/scripts/cava.sh [24ms]
2025-02-11 15:18:38.809 [info] > git show --textconv b444bb59e8f07ad5994a85667fa90a0013f1d7dc:backup.css [65ms]
2025-02-11 15:18:38.809 [info] > git show --textconv b444bb59e8f07ad5994a85667fa90a0013f1d7dc:config [21ms]
2025-02-11 15:18:38.809 [info] > git cat-file -s abde43a553ad8eb8ee391ee3b28d3a1f516b802f [43ms]
2025-02-11 15:18:38.811 [info] > git show --textconv b444bb59e8f07ad5994a85667fa90a0013f1d7dc:backupConfig.txt [3ms]
2025-02-11 15:18:38.832 [info] > git show --textconv :scripts/cava.sh [1ms]
2025-02-11 15:18:39.727 [info] > git config --get commit.template [23ms]
2025-02-11 15:18:39.727 [info] > git for-each-ref --format=%(refname)%00%(upstream:short)%00%(objectname)%00%(upstream:track)%00%(upstream:remotename)%00%(upstream:remoteref) refs/heads/main refs/remotes/main [2ms]
2025-02-11 15:18:39.772 [info] > git status -z -uall [24ms]
2025-02-11 15:18:39.773 [info] > git for-each-ref --sort -committerdate --format %(refname) %(objectname) %(*objectname) [1ms]
2025-02-11 15:18:43.498 [info] > git show --textconv :cava/config [26ms]
2025-02-11 15:18:43.501 [info] > git ls-files --stage -- /home/navee/.config/cava/config [4ms]
2025-02-11 15:18:43.523 [info] > git cat-file -s f2d4091704968b4ae2ddccdb741edf45f0ad06a3 [1ms]
2025-02-11 15:18:50.883 [info] > git ls-tree -l b444bb59e8f07ad5994a85667fa90a0013f1d7dc -- /home/navee/.config/waybar/backup.css [20ms]
2025-02-11 15:18:50.883 [info] > git ls-tree -l b444bb59e8f07ad5994a85667fa90a0013f1d7dc -- /home/navee/.config/waybar/backupConfig.txt [1ms]
2025-02-11 15:18:56.627 [info] > git ls-tree -l b444bb59e8f07ad5994a85667fa90a0013f1d7dc -- /home/navee/.config/waybar/backup.css [28ms]
2025-02-11 15:18:56.628 [info] > git ls-tree -l b444bb59e8f07ad5994a85667fa90a0013f1d7dc -- /home/navee/.config/waybar/backupConfig.txt [1ms]
2025-02-11 15:19:02.311 [info] > git ls-tree -l b444bb59e8f07ad5994a85667fa90a0013f1d7dc -- /home/navee/.config/waybar/backup.css [20ms]
2025-02-11 15:19:02.311 [info] > git ls-tree -l b444bb59e8f07ad5994a85667fa90a0013f1d7dc -- /home/navee/.config/waybar/backupConfig.txt [1ms]
2025-02-11 15:19:10.345 [info] > git ls-tree -l b444bb59e8f07ad5994a85667fa90a0013f1d7dc -- /home/navee/.config/waybar/backup.css [21ms]
2025-02-11 15:19:10.346 [info] > git ls-tree -l b444bb59e8f07ad5994a85667fa90a0013f1d7dc -- /home/navee/.config/waybar/backupConfig.txt [2ms]
2025-02-11 15:19:21.044 [info] > git ls-tree -l b444bb59e8f07ad5994a85667fa90a0013f1d7dc -- /home/navee/.config/waybar/backup.css [24ms]
2025-02-11 15:19:21.045 [info] > git ls-tree -l b444bb59e8f07ad5994a85667fa90a0013f1d7dc -- /home/navee/.config/waybar/backupConfig.txt [2ms]
2025-02-11 15:19:25.669 [info] > git show --textconv :scripts/cava.sh [62ms]
2025-02-11 15:19:25.669 [info] > git show --textconv HEAD:scripts/cava.sh [42ms]
2025-02-11 15:19:25.669 [info] > git ls-files --stage -- /home/navee/.config/waybar/scripts/cava.sh [22ms]
2025-02-11 15:19:25.690 [warning] [GitFileSystemProvider][readFile] File not found - git:/home/navee/.config/waybar/scripts/cava.sh.git?%7B%22path%22%3A%22%2Fhome%2Fnavee%2F.config%2Fwaybar%2Fscripts%2Fcava.sh%22%2C%22ref%22%3A%22HEAD%22%7D
2025-02-11 15:19:25.691 [info] > git cat-file -s abde43a553ad8eb8ee391ee3b28d3a1f516b802f [2ms]
2025-02-11 15:19:25.691 [info] > git ls-tree -l HEAD -- /home/navee/.config/waybar/scripts/cava.sh [23ms]
2025-02-11 15:19:25.691 [warning] [GitFileSystemProvider][stat] File not found - git:/home/navee/.config/waybar/scripts/cava.sh.git?%7B%22path%22%3A%22%2Fhome%2Fnavee%2F.config%2Fwaybar%2Fscripts%2Fcava.sh%22%2C%22ref%22%3A%22HEAD%22%7D
2025-02-11 15:19:27.716 [info] > git show --textconv :cava/config [22ms]
2025-02-11 15:19:27.718 [info] > git ls-files --stage -- /home/navee/.config/cava/config [3ms]
2025-02-11 15:19:27.741 [info] > git cat-file -s f2d4091704968b4ae2ddccdb741edf45f0ad06a3 [2ms]
2025-02-11 15:19:36.237 [info] > git ls-tree -l b444bb59e8f07ad5994a85667fa90a0013f1d7dc -- /home/navee/.config/waybar/backup.css [20ms]
2025-02-11 15:19:36.239 [info] > git ls-tree -l b444bb59e8f07ad5994a85667fa90a0013f1d7dc -- /home/navee/.config/waybar/backupConfig.txt [1ms]
2025-02-11 15:19:46.221 [info] > git ls-tree -l b444bb59e8f07ad5994a85667fa90a0013f1d7dc -- /home/navee/.config/waybar/backup.css [21ms]
2025-02-11 15:19:46.222 [info] > git ls-tree -l b444bb59e8f07ad5994a85667fa90a0013f1d7dc -- /home/navee/.config/waybar/backupConfig.txt [2ms]
2025-02-11 15:19:51.307 [info] > git show --textconv :style.css [61ms]
2025-02-11 15:19:51.307 [info] > git show --textconv HEAD:style.css [41ms]
2025-02-11 15:19:51.307 [info] > git ls-files --stage -- /home/navee/.config/waybar/style.css [21ms]
2025-02-11 15:19:51.330 [info] > git cat-file -s ea78eb9fd4b6a3bd9d1a542e3870d9d9ff1f9b9b [4ms]
2025-02-11 15:19:51.330 [info] > git ls-tree -l HEAD -- /home/navee/.config/waybar/style.css [24ms]
2025-02-11 15:19:51.360 [info] > git blame --root --incremental b444bb59e8f07ad5994a85667fa90a0013f1d7dc -- /home/navee/.config/waybar/style.css [1ms]
2025-02-11 15:19:51.665 [info] > git check-ignore -v -z --stdin [2ms]
2025-02-11 15:19:52.975 [info] > git show --textconv :scripts/cava.sh [63ms]
2025-02-11 15:19:52.975 [info] > git show --textconv HEAD:scripts/cava.sh [43ms]
2025-02-11 15:19:52.975 [info] > git ls-files --stage -- /home/navee/.config/waybar/scripts/cava.sh [22ms]
2025-02-11 15:19:52.995 [warning] [GitFileSystemProvider][readFile] File not found - git:/home/navee/.config/waybar/scripts/cava.sh.git?%7B%22path%22%3A%22%2Fhome%2Fnavee%2F.config%2Fwaybar%2Fscripts%2Fcava.sh%22%2C%22ref%22%3A%22HEAD%22%7D
2025-02-11 15:19:52.996 [info] > git cat-file -s abde43a553ad8eb8ee391ee3b28d3a1f516b802f [2ms]
2025-02-11 15:19:52.997 [info] > git ls-tree -l HEAD -- /home/navee/.config/waybar/scripts/cava.sh [24ms]
2025-02-11 15:19:52.997 [warning] [GitFileSystemProvider][stat] File not found - git:/home/navee/.config/waybar/scripts/cava.sh.git?%7B%22path%22%3A%22%2Fhome%2Fnavee%2F.config%2Fwaybar%2Fscripts%2Fcava.sh%22%2C%22ref%22%3A%22HEAD%22%7D
2025-02-11 15:20:00.118 [info] > git show --textconv :cava/config [22ms]
2025-02-11 15:20:00.120 [info] > git ls-files --stage -- /home/navee/.config/cava/config [3ms]
2025-02-11 15:20:00.141 [info] > git cat-file -s f2d4091704968b4ae2ddccdb741edf45f0ad06a3 [1ms]
2025-02-11 15:20:03.704 [info] > git show --textconv :scripts/cava.sh [64ms]
2025-02-11 15:20:03.704 [info] > git show --textconv HEAD:scripts/cava.sh [43ms]
2025-02-11 15:20:03.704 [info] > git ls-files --stage -- /home/navee/.config/waybar/scripts/cava.sh [23ms]
2025-02-11 15:20:03.724 [warning] [GitFileSystemProvider][readFile] File not found - git:/home/navee/.config/waybar/scripts/cava.sh.git?%7B%22path%22%3A%22%2Fhome%2Fnavee%2F.config%2Fwaybar%2Fscripts%2Fcava.sh%22%2C%22ref%22%3A%22HEAD%22%7D
2025-02-11 15:20:03.725 [info] > git cat-file -s abde43a553ad8eb8ee391ee3b28d3a1f516b802f [1ms]
2025-02-11 15:20:03.725 [info] > git ls-tree -l HEAD -- /home/navee/.config/waybar/scripts/cava.sh [22ms]
2025-02-11 15:20:03.726 [warning] [GitFileSystemProvider][stat] File not found - git:/home/navee/.config/waybar/scripts/cava.sh.git?%7B%22path%22%3A%22%2Fhome%2Fnavee%2F.config%2Fwaybar%2Fscripts%2Fcava.sh%22%2C%22ref%22%3A%22HEAD%22%7D
2025-02-11 15:20:05.529 [info] > git show --textconv :cava/config [21ms]
2025-02-11 15:20:05.531 [info] > git ls-files --stage -- /home/navee/.config/cava/config [3ms]
2025-02-11 15:20:05.553 [info] > git cat-file -s f2d4091704968b4ae2ddccdb741edf45f0ad06a3 [2ms]
2025-02-11 15:20:07.015 [info] > git show --textconv :scripts/cava.sh [63ms]
2025-02-11 15:20:07.015 [info] > git show --textconv HEAD:scripts/cava.sh [43ms]
2025-02-11 15:20:07.015 [info] > git ls-files --stage -- /home/navee/.config/waybar/scripts/cava.sh [22ms]
2025-02-11 15:20:07.036 [warning] [GitFileSystemProvider][readFile] File not found - git:/home/navee/.config/waybar/scripts/cava.sh.git?%7B%22path%22%3A%22%2Fhome%2Fnavee%2F.config%2Fwaybar%2Fscripts%2Fcava.sh%22%2C%22ref%22%3A%22HEAD%22%7D
2025-02-11 15:20:07.037 [info] > git cat-file -s abde43a553ad8eb8ee391ee3b28d3a1f516b802f [2ms]
2025-02-11 15:20:07.037 [info] > git ls-tree -l HEAD -- /home/navee/.config/waybar/scripts/cava.sh [23ms]
2025-02-11 15:20:07.037 [warning] [GitFileSystemProvider][stat] File not found - git:/home/navee/.config/waybar/scripts/cava.sh.git?%7B%22path%22%3A%22%2Fhome%2Fnavee%2F.config%2Fwaybar%2Fscripts%2Fcava.sh%22%2C%22ref%22%3A%22HEAD%22%7D
2025-02-11 15:21:03.502 [info] > git ls-tree -l b444bb59e8f07ad5994a85667fa90a0013f1d7dc -- /home/navee/.config/waybar/backup.css [22ms]
2025-02-11 15:21:03.504 [info] > git ls-tree -l b444bb59e8f07ad5994a85667fa90a0013f1d7dc -- /home/navee/.config/waybar/backupConfig.txt [2ms]
2025-02-11 15:21:04.161 [info] > git fetch [750ms]
2025-02-11 15:21:04.183 [info] > git fetch [749ms]
2025-02-11 15:21:04.202 [info] > git config --get commit.template [20ms]
2025-02-11 15:21:04.222 [info] > git config --get commit.template [20ms]
2025-02-11 15:21:04.241 [info] > git for-each-ref --format=%(refname)%00%(upstream:short)%00%(objectname)%00%(upstream:track)%00%(upstream:remotename)%00%(upstream:remoteref) refs/heads/main refs/remotes/main [20ms]
2025-02-11 15:21:04.275 [info] > git status -z -uall [18ms]
2025-02-11 15:21:04.275 [info] > git for-each-ref --format=%(refname)%00%(upstream:short)%00%(objectname)%00%(upstream:track)%00%(upstream:remotename)%00%(upstream:remoteref) refs/heads/main refs/remotes/main [35ms]
2025-02-11 15:21:04.312 [info] > git for-each-ref --sort -committerdate --format %(refname) %(objectname) %(*objectname) [38ms]
2025-02-11 15:21:04.319 [info] > git for-each-ref --sort -committerdate --format %(refname) %(objectname) %(*objectname) [8ms]
2025-02-11 15:21:04.459 [info] > git status -z -uall [167ms] (cancelled)
2025-02-11 15:21:05.095 [info] > git fetch [1637ms]
2025-02-11 15:21:05.143 [info] > git config --get commit.template [24ms]
2025-02-11 15:21:05.147 [info] > git for-each-ref --format=%(refname)%00%(upstream:short)%00%(objectname)%00%(upstream:track)%00%(upstream:remotename)%00%(upstream:remoteref) refs/heads/master refs/remotes/master [5ms]
2025-02-11 15:21:05.169 [warning] [Git][revParse] Unable to read file: ENOENT: no such file or directory, open '/home/navee/.config/libinput-gestures/.git/refs/remotes/origin/master'
2025-02-11 15:21:05.170 [info] > git rev-parse refs/remotes/origin/master [1ms]
2025-02-11 15:21:05.213 [info] > git status -z -uall [19ms]
2025-02-11 15:21:05.214 [info] > git for-each-ref --sort -committerdate --format %(refname) %(objectname) %(*objectname) [2ms]
2025-02-11 15:21:05.492 [info] > git config --get commit.template [16ms]
2025-02-11 15:21:05.492 [info] > git for-each-ref --format=%(refname)%00%(upstream:short)%00%(objectname)%00%(upstream:track)%00%(upstream:remotename)%00%(upstream:remoteref) refs/heads/main refs/remotes/main [1ms]
2025-02-11 15:21:05.523 [info] > git status -z -uall [16ms]
2025-02-11 15:21:05.524 [info] > git for-each-ref --sort -committerdate --format %(refname) %(objectname) %(*objectname) [2ms]
2025-02-11 15:21:06.270 [info] > git ls-tree -l b444bb59e8f07ad5994a85667fa90a0013f1d7dc -- /home/navee/.config/waybar/config [17ms]
2025-02-11 15:21:06.270 [info] > git ls-tree -l b444bb59e8f07ad5994a85667fa90a0013f1d7dc -- /home/navee/.config/waybar/backupConfig.txt [35ms]
2025-02-11 15:21:06.271 [info] > git ls-tree -l b444bb59e8f07ad5994a85667fa90a0013f1d7dc -- /home/navee/.config/waybar/backup.css [56ms]
2025-02-11 15:21:06.271 [info] > git ls-files --stage -- /home/navee/.config/waybar/scripts/cava.sh [2ms]
2025-02-11 15:21:06.323 [info] > git show --textconv b444bb59e8f07ad5994a85667fa90a0013f1d7dc:config [18ms]
2025-02-11 15:21:06.323 [info] > git cat-file -s abde43a553ad8eb8ee391ee3b28d3a1f516b802f [35ms]
2025-02-11 15:21:06.342 [info] > git show --textconv b444bb59e8f07ad5994a85667fa90a0013f1d7dc:backupConfig.txt [20ms]
2025-02-11 15:21:06.360 [info] > git show --textconv b444bb59e8f07ad5994a85667fa90a0013f1d7dc:backup.css [19ms]
2025-02-11 15:21:06.361 [info] > git show --textconv :scripts/cava.sh [2ms]
2025-02-11 15:21:21.852 [info] > git ls-tree -l b444bb59e8f07ad5994a85667fa90a0013f1d7dc -- /home/navee/.config/waybar/backup.css [24ms]
2025-02-11 15:21:21.853 [info] > git config --get commit.template [48ms]
2025-02-11 15:21:21.854 [info] > git ls-tree -l b444bb59e8f07ad5994a85667fa90a0013f1d7dc -- /home/navee/.config/waybar/backupConfig.txt [3ms]
2025-02-11 15:21:21.876 [info] > git for-each-ref --format=%(refname)%00%(upstream:short)%00%(objectname)%00%(upstream:track)%00%(upstream:remotename)%00%(upstream:remoteref) refs/heads/main refs/remotes/main [1ms]
2025-02-11 15:21:21.917 [info] > git status -z -uall [22ms]
2025-02-11 15:21:21.918 [info] > git for-each-ref --sort -committerdate --format %(refname) %(objectname) %(*objectname) [2ms]
2025-02-11 15:21:35.260 [info] > git config --get commit.template [20ms]
2025-02-11 15:21:35.261 [info] > git for-each-ref --format=%(refname)%00%(upstream:short)%00%(objectname)%00%(upstream:track)%00%(upstream:remotename)%00%(upstream:remoteref) refs/heads/main refs/remotes/main [1ms]
2025-02-11 15:21:35.299 [info] > git status -z -uall [19ms]
2025-02-11 15:21:35.300 [info] > git for-each-ref --sort -committerdate --format %(refname) %(objectname) %(*objectname) [1ms]
2025-02-11 15:21:40.349 [info] > git config --get commit.template [20ms]
2025-02-11 15:21:40.349 [info] > git for-each-ref --format=%(refname)%00%(upstream:short)%00%(objectname)%00%(upstream:track)%00%(upstream:remotename)%00%(upstream:remoteref) refs/heads/main refs/remotes/main [1ms]
2025-02-11 15:21:40.388 [info] > git status -z -uall [20ms]
2025-02-11 15:21:40.389 [info] > git for-each-ref --sort -committerdate --format %(refname) %(objectname) %(*objectname) [2ms]
2025-02-11 15:22:03.696 [info] > git ls-tree -l b444bb59e8f07ad5994a85667fa90a0013f1d7dc -- /home/navee/.config/waybar/backup.css [24ms]
2025-02-11 15:22:03.697 [info] > git ls-tree -l b444bb59e8f07ad5994a85667fa90a0013f1d7dc -- /home/navee/.config/waybar/backupConfig.txt [1ms]
2025-02-11 15:22:06.276 [info] > git ls-tree -l b444bb59e8f07ad5994a85667fa90a0013f1d7dc -- /home/navee/.config/waybar/backup.css [22ms]
2025-02-11 15:22:06.276 [info] > git ls-tree -l b444bb59e8f07ad5994a85667fa90a0013f1d7dc -- /home/navee/.config/waybar/backupConfig.txt [1ms]
2025-02-11 15:22:09.431 [info] > git ls-tree -l b444bb59e8f07ad5994a85667fa90a0013f1d7dc -- /home/navee/.config/waybar/backup.css [22ms]
2025-02-11 15:22:09.431 [info] > git ls-tree -l b444bb59e8f07ad5994a85667fa90a0013f1d7dc -- /home/navee/.config/waybar/backupConfig.txt [1ms]
2025-02-11 15:22:12.523 [info] > git ls-tree -l b444bb59e8f07ad5994a85667fa90a0013f1d7dc -- /home/navee/.config/waybar/backup.css [19ms]
2025-02-11 15:22:12.523 [info] > git ls-tree -l b444bb59e8f07ad5994a85667fa90a0013f1d7dc -- /home/navee/.config/waybar/backupConfig.txt [1ms]
2025-02-11 15:22:25.016 [info] > git config --get commit.template [18ms]
2025-02-11 15:22:25.017 [info] > git for-each-ref --format=%(refname)%00%(upstream:short)%00%(objectname)%00%(upstream:track)%00%(upstream:remotename)%00%(upstream:remoteref) refs/heads/main refs/remotes/main [1ms]
2025-02-11 15:22:25.053 [info] > git status -z -uall [18ms]
2025-02-11 15:22:25.054 [info] > git for-each-ref --sort -committerdate --format %(refname) %(objectname) %(*objectname) [1ms]
2025-02-11 15:22:30.098 [info] > git config --get commit.template [18ms]
2025-02-11 15:22:30.099 [info] > git for-each-ref --format=%(refname)%00%(upstream:short)%00%(objectname)%00%(upstream:track)%00%(upstream:remotename)%00%(upstream:remoteref) refs/heads/main refs/remotes/main [1ms]
2025-02-11 15:22:30.135 [info] > git status -z -uall [19ms]
2025-02-11 15:22:30.136 [info] > git for-each-ref --sort -committerdate --format %(refname) %(objectname) %(*objectname) [2ms]
2025-02-11 15:22:48.478 [info] > git ls-tree -l b444bb59e8f07ad5994a85667fa90a0013f1d7dc -- /home/navee/.config/waybar/backup.css [21ms]
2025-02-11 15:22:48.479 [info] > git ls-tree -l b444bb59e8f07ad5994a85667fa90a0013f1d7dc -- /home/navee/.config/waybar/backupConfig.txt [1ms]
2025-02-11 15:22:52.809 [info] > git config --get commit.template [17ms]
2025-02-11 15:22:52.810 [info] > git for-each-ref --format=%(refname)%00%(upstream:short)%00%(objectname)%00%(upstream:track)%00%(upstream:remotename)%00%(upstream:remoteref) refs/heads/main refs/remotes/main [1ms]
2025-02-11 15:22:52.844 [info] > git status -z -uall [18ms]
2025-02-11 15:22:52.845 [info] > git for-each-ref --sort -committerdate --format %(refname) %(objectname) %(*objectname) [2ms]
2025-02-11 15:23:14.804 [info] > git ls-tree -l b444bb59e8f07ad5994a85667fa90a0013f1d7dc -- /home/navee/.config/waybar/backup.css [19ms]
2025-02-11 15:23:14.804 [info] > git config --get commit.template [38ms]
2025-02-11 15:23:14.805 [info] > git ls-tree -l b444bb59e8f07ad5994a85667fa90a0013f1d7dc -- /home/navee/.config/waybar/backupConfig.txt [2ms]
2025-02-11 15:23:14.823 [info] > git for-each-ref --format=%(refname)%00%(upstream:short)%00%(objectname)%00%(upstream:track)%00%(upstream:remotename)%00%(upstream:remoteref) refs/heads/main refs/remotes/main [1ms]
2025-02-11 15:23:14.858 [info] > git status -z -uall [18ms]
2025-02-11 15:23:14.859 [info] > git for-each-ref --sort -committerdate --format %(refname) %(objectname) %(*objectname) [2ms]
2025-02-11 15:23:19.886 [info] > git config --get commit.template [2ms]
2025-02-11 15:23:19.906 [info] > git for-each-ref --format=%(refname)%00%(upstream:short)%00%(objectname)%00%(upstream:track)%00%(upstream:remotename)%00%(upstream:remoteref) refs/heads/main refs/remotes/main [1ms]
2025-02-11 15:23:19.943 [info] > git status -z -uall [19ms]
2025-02-11 15:23:19.944 [info] > git for-each-ref --sort -committerdate --format %(refname) %(objectname) %(*objectname) [1ms]
2025-02-11 15:23:41.485 [info] > git ls-tree -l b444bb59e8f07ad5994a85667fa90a0013f1d7dc -- /home/navee/.config/waybar/backup.css [22ms]
2025-02-11 15:23:41.485 [info] > git config --get commit.template [44ms]
2025-02-11 15:23:41.487 [info] > git ls-tree -l b444bb59e8f07ad5994a85667fa90a0013f1d7dc -- /home/navee/.config/waybar/backupConfig.txt [3ms]
2025-02-11 15:23:41.509 [info] > git for-each-ref --format=%(refname)%00%(upstream:short)%00%(objectname)%00%(upstream:track)%00%(upstream:remotename)%00%(upstream:remoteref) refs/heads/main refs/remotes/main [2ms]
2025-02-11 15:23:41.549 [info] > git status -z -uall [21ms]
2025-02-11 15:23:41.549 [info] > git for-each-ref --sort -committerdate --format %(refname) %(objectname) %(*objectname) [1ms]
2025-02-11 15:23:53.586 [info] > git ls-tree -l b444bb59e8f07ad5994a85667fa90a0013f1d7dc -- /home/navee/.config/waybar/backup.css [21ms]
2025-02-11 15:23:53.586 [info] > git config --get commit.template [40ms]
2025-02-11 15:23:53.587 [info] > git ls-tree -l b444bb59e8f07ad5994a85667fa90a0013f1d7dc -- /home/navee/.config/waybar/backupConfig.txt [2ms]
2025-02-11 15:23:53.609 [info] > git for-each-ref --format=%(refname)%00%(upstream:short)%00%(objectname)%00%(upstream:track)%00%(upstream:remotename)%00%(upstream:remoteref) refs/heads/main refs/remotes/main [1ms]
2025-02-11 15:23:53.650 [info] > git status -z -uall [21ms]
2025-02-11 15:23:53.651 [info] > git for-each-ref --sort -committerdate --format %(refname) %(objectname) %(*objectname) [1ms]
2025-02-11 15:24:03.666 [info] > git ls-tree -l b444bb59e8f07ad5994a85667fa90a0013f1d7dc -- /home/navee/.config/waybar/backup.css [22ms]
2025-02-11 15:24:03.667 [info] > git config --get commit.template [51ms]
2025-02-11 15:24:03.667 [info] > git ls-tree -l b444bb59e8f07ad5994a85667fa90a0013f1d7dc -- /home/navee/.config/waybar/backupConfig.txt [2ms]
2025-02-11 15:24:03.689 [info] > git for-each-ref --format=%(refname)%00%(upstream:short)%00%(objectname)%00%(upstream:track)%00%(upstream:remotename)%00%(upstream:remoteref) refs/heads/main refs/remotes/main [2ms]
2025-02-11 15:24:03.730 [info] > git status -z -uall [20ms]
2025-02-11 15:24:03.731 [info] > git for-each-ref --sort -committerdate --format %(refname) %(objectname) %(*objectname) [1ms]
2025-02-11 15:24:05.253 [info] > git fetch [916ms]
2025-02-11 15:24:05.272 [info] > git fetch [791ms]
2025-02-11 15:24:05.289 [info] > git config --get commit.template [18ms]
2025-02-11 15:24:05.307 [info] > git config --get commit.template [18ms]
2025-02-11 15:24:05.326 [info] > git for-each-ref --format=%(refname)%00%(upstream:short)%00%(objectname)%00%(upstream:track)%00%(upstream:remotename)%00%(upstream:remoteref) refs/heads/main refs/remotes/main [19ms]
2025-02-11 15:24:05.363 [info] > git status -z -uall [19ms]
2025-02-11 15:24:05.363 [info] > git for-each-ref --format=%(refname)%00%(upstream:short)%00%(objectname)%00%(upstream:track)%00%(upstream:remotename)%00%(upstream:remoteref) refs/heads/main refs/remotes/main [38ms]
2025-02-11 15:24:05.401 [info] > git for-each-ref --sort -committerdate --format %(refname) %(objectname) %(*objectname) [39ms]
2025-02-11 15:24:05.408 [info] > git for-each-ref --sort -committerdate --format %(refname) %(objectname) %(*objectname) [8ms]
2025-02-11 15:24:05.557 [info] > git status -z -uall [176ms] (cancelled)
2025-02-11 15:24:06.662 [info] > git fetch [1424ms]
2025-02-11 15:24:06.748 [info] > git ls-tree -l b444bb59e8f07ad5994a85667fa90a0013f1d7dc -- /home/navee/.config/waybar/config [35ms]
2025-02-11 15:24:06.749 [info] > git ls-tree -l b444bb59e8f07ad5994a85667fa90a0013f1d7dc -- /home/navee/.config/waybar/backupConfig.txt [52ms]
2025-02-11 15:24:06.749 [info] > git ls-tree -l b444bb59e8f07ad5994a85667fa90a0013f1d7dc -- /home/navee/.config/waybar/backup.css [69ms]
2025-02-11 15:24:06.750 [info] > git config --get commit.template [2ms]
2025-02-11 15:24:06.750 [info] > git ls-files --stage -- /home/navee/.config/waybar/scripts/cava.sh [20ms]
2025-02-11 15:24:06.803 [info] > git show --textconv b444bb59e8f07ad5994a85667fa90a0013f1d7dc:config [18ms]
2025-02-11 15:24:06.803 [info] > git cat-file -s abde43a553ad8eb8ee391ee3b28d3a1f516b802f [36ms]
2025-02-11 15:24:06.839 [info] > git show --textconv b444bb59e8f07ad5994a85667fa90a0013f1d7dc:backupConfig.txt [37ms]
2025-02-11 15:24:06.839 [info] > git show --textconv b444bb59e8f07ad5994a85667fa90a0013f1d7dc:backup.css [18ms]
2025-02-11 15:24:06.857 [info] > git for-each-ref --format=%(refname)%00%(upstream:short)%00%(objectname)%00%(upstream:track)%00%(upstream:remotename)%00%(upstream:remoteref) refs/heads/master refs/remotes/master [19ms]
2025-02-11 15:24:06.875 [warning] [Git][revParse] Unable to read file: ENOENT: no such file or directory, open '/home/navee/.config/libinput-gestures/.git/refs/remotes/origin/master'
2025-02-11 15:24:06.875 [info] > git show --textconv :scripts/cava.sh [18ms]
2025-02-11 15:24:06.876 [info] > git rev-parse refs/remotes/origin/master [1ms]
2025-02-11 15:24:06.912 [info] > git status -z -uall [18ms]
2025-02-11 15:24:06.913 [info] > git for-each-ref --sort -committerdate --format %(refname) %(objectname) %(*objectname) [1ms]
2025-02-11 15:24:08.390 [info] > git ls-tree -l b444bb59e8f07ad5994a85667fa90a0013f1d7dc -- /home/navee/.config/waybar/backup.css [19ms]
2025-02-11 15:24:08.392 [info] > git ls-tree -l b444bb59e8f07ad5994a85667fa90a0013f1d7dc -- /home/navee/.config/waybar/backupConfig.txt [2ms]
2025-02-11 15:24:08.774 [info] > git config --get commit.template [18ms]
2025-02-11 15:24:08.774 [info] > git for-each-ref --format=%(refname)%00%(upstream:short)%00%(objectname)%00%(upstream:track)%00%(upstream:remotename)%00%(upstream:remoteref) refs/heads/main refs/remotes/main [1ms]
2025-02-11 15:24:08.808 [info] > git status -z -uall [17ms]
2025-02-11 15:24:08.809 [info] > git for-each-ref --sort -committerdate --format %(refname) %(objectname) %(*objectname) [2ms]
2025-02-11 15:24:16.855 [info] > git ls-tree -l b444bb59e8f07ad5994a85667fa90a0013f1d7dc -- /home/navee/.config/waybar/backup.css [22ms]
2025-02-11 15:24:16.856 [info] > git ls-tree -l b444bb59e8f07ad5994a85667fa90a0013f1d7dc -- /home/navee/.config/waybar/backupConfig.txt [1ms]
2025-02-11 15:24:29.076 [info] > git ls-tree -l b444bb59e8f07ad5994a85667fa90a0013f1d7dc -- /home/navee/.config/waybar/backup.css [22ms]
2025-02-11 15:24:29.077 [info] > git ls-tree -l b444bb59e8f07ad5994a85667fa90a0013f1d7dc -- /home/navee/.config/waybar/backupConfig.txt [2ms]
2025-02-11 15:24:34.901 [info] > git ls-tree -l b444bb59e8f07ad5994a85667fa90a0013f1d7dc -- /home/navee/.config/waybar/backup.css [21ms]
2025-02-11 15:24:34.902 [info] > git ls-tree -l b444bb59e8f07ad5994a85667fa90a0013f1d7dc -- /home/navee/.config/waybar/backupConfig.txt [2ms]
2025-02-11 15:24:37.197 [info] > git ls-tree -l b444bb59e8f07ad5994a85667fa90a0013f1d7dc -- /home/navee/.config/waybar/backup.css [22ms]
2025-02-11 15:24:37.198 [info] > git ls-tree -l b444bb59e8f07ad5994a85667fa90a0013f1d7dc -- /home/navee/.config/waybar/backupConfig.txt [2ms]
2025-02-11 15:24:40.979 [info] > git ls-tree -l b444bb59e8f07ad5994a85667fa90a0013f1d7dc -- /home/navee/.config/waybar/backup.css [27ms]
2025-02-11 15:24:40.979 [info] > git ls-tree -l b444bb59e8f07ad5994a85667fa90a0013f1d7dc -- /home/navee/.config/waybar/backupConfig.txt [7ms]
2025-02-11 15:25:02.569 [info] > git ls-tree -l b444bb59e8f07ad5994a85667fa90a0013f1d7dc -- /home/navee/.config/waybar/backup.css [19ms]
2025-02-11 15:25:02.570 [info] > git ls-tree -l b444bb59e8f07ad5994a85667fa90a0013f1d7dc -- /home/navee/.config/waybar/backupConfig.txt [1ms]
2025-02-11 15:25:06.619 [info] > git for-each-ref --format=%(refname)%00%(upstream:short)%00%(objectname)%00%(upstream:track)%00%(upstream:remotename)%00%(upstream:remoteref) refs/heads/main refs/remotes/main [3ms]
2025-02-11 15:25:06.619 [info] > git config --get commit.template [21ms]
2025-02-11 15:25:06.658 [info] > git status -z -uall [21ms]
2025-02-11 15:25:06.659 [info] > git for-each-ref --sort -committerdate --format %(refname) %(objectname) %(*objectname) [1ms]
2025-02-11 15:25:13.587 [info] > git ls-tree -l b444bb59e8f07ad5994a85667fa90a0013f1d7dc -- /home/navee/.config/waybar/backup.css [50ms]
2025-02-11 15:25:13.588 [info] > git config --get commit.template [2ms]
2025-02-11 15:25:13.588 [info] > git ls-tree -l b444bb59e8f07ad5994a85667fa90a0013f1d7dc -- /home/navee/.config/waybar/backupConfig.txt [24ms]
2025-02-11 15:25:13.608 [info] > git for-each-ref --format=%(refname)%00%(upstream:short)%00%(objectname)%00%(upstream:track)%00%(upstream:remotename)%00%(upstream:remoteref) refs/heads/main refs/remotes/main [1ms]
2025-02-11 15:25:13.647 [info] > git status -z -uall [21ms]
2025-02-11 15:25:13.648 [info] > git for-each-ref --sort -committerdate --format %(refname) %(objectname) %(*objectname) [2ms]
2025-02-11 15:25:18.908 [info] > git config --get commit.template [22ms]
2025-02-11 15:25:18.908 [info] > git for-each-ref --format=%(refname)%00%(upstream:short)%00%(objectname)%00%(upstream:track)%00%(upstream:remotename)%00%(upstream:remoteref) refs/heads/main refs/remotes/main [2ms]
2025-02-11 15:25:18.947 [info] > git status -z -uall [19ms]
2025-02-11 15:25:18.948 [info] > git for-each-ref --sort -committerdate --format %(refname) %(objectname) %(*objectname) [2ms]
2025-02-11 15:25:25.991 [info] > git ls-tree -l b444bb59e8f07ad5994a85667fa90a0013f1d7dc -- /home/navee/.config/waybar/backup.css [21ms]
2025-02-11 15:25:25.991 [info] > git ls-tree -l b444bb59e8f07ad5994a85667fa90a0013f1d7dc -- /home/navee/.config/waybar/backupConfig.txt [1ms]
2025-02-11 15:25:45.791 [info] > git ls-tree -l b444bb59e8f07ad5994a85667fa90a0013f1d7dc -- /home/navee/.config/waybar/backup.css [23ms]
2025-02-11 15:25:45.791 [info] > git config --get commit.template [46ms]
2025-02-11 15:25:45.792 [info] > git ls-tree -l b444bb59e8f07ad5994a85667fa90a0013f1d7dc -- /home/navee/.config/waybar/backupConfig.txt [2ms]
2025-02-11 15:25:45.813 [info] > git for-each-ref --format=%(refname)%00%(upstream:short)%00%(objectname)%00%(upstream:track)%00%(upstream:remotename)%00%(upstream:remoteref) refs/heads/main refs/remotes/main [2ms]
2025-02-11 15:25:45.855 [info] > git status -z -uall [21ms]
2025-02-11 15:25:45.856 [info] > git for-each-ref --sort -committerdate --format %(refname) %(objectname) %(*objectname) [2ms]
2025-02-11 15:25:46.493 [info] > git ls-tree -l b444bb59e8f07ad5994a85667fa90a0013f1d7dc -- /home/navee/.config/waybar/backup.css [21ms]
2025-02-11 15:25:46.494 [info] > git ls-tree -l b444bb59e8f07ad5994a85667fa90a0013f1d7dc -- /home/navee/.config/waybar/backupConfig.txt [1ms]
2025-02-11 15:26:05.509 [info] > git ls-tree -l b444bb59e8f07ad5994a85667fa90a0013f1d7dc -- /home/navee/.config/waybar/backup.css [24ms]
2025-02-11 15:26:05.510 [info] > git ls-tree -l b444bb59e8f07ad5994a85667fa90a0013f1d7dc -- /home/navee/.config/waybar/backupConfig.txt [2ms]
2025-02-11 15:26:07.819 [info] > git show --textconv :cava/config [22ms]
2025-02-11 15:26:07.821 [info] > git ls-files --stage -- /home/navee/.config/cava/config [2ms]
2025-02-11 15:26:07.843 [info] > git cat-file -s f2d4091704968b4ae2ddccdb741edf45f0ad06a3 [1ms]
2025-02-11 15:26:23.691 [info] > git ls-tree -l b444bb59e8f07ad5994a85667fa90a0013f1d7dc -- /home/navee/.config/waybar/backup.css [20ms]
2025-02-11 15:26:23.692 [info] > git ls-tree -l b444bb59e8f07ad5994a85667fa90a0013f1d7dc -- /home/navee/.config/waybar/backupConfig.txt [1ms]
2025-02-11 15:26:27.941 [info] > git ls-tree -l b444bb59e8f07ad5994a85667fa90a0013f1d7dc -- /home/navee/.config/waybar/backup.css [21ms]
2025-02-11 15:26:27.942 [info] > git ls-tree -l b444bb59e8f07ad5994a85667fa90a0013f1d7dc -- /home/navee/.config/waybar/backupConfig.txt [1ms]
2025-02-11 15:26:37.833 [info] > git ls-tree -l b444bb59e8f07ad5994a85667fa90a0013f1d7dc -- /home/navee/.config/waybar/backup.css [21ms]
2025-02-11 15:26:37.833 [info] > git ls-tree -l b444bb59e8f07ad5994a85667fa90a0013f1d7dc -- /home/navee/.config/waybar/backupConfig.txt [1ms]
2025-02-11 15:26:39.475 [info] > git ls-tree -l b444bb59e8f07ad5994a85667fa90a0013f1d7dc -- /home/navee/.config/waybar/backup.css [21ms]
2025-02-11 15:26:39.476 [info] > git ls-tree -l b444bb59e8f07ad5994a85667fa90a0013f1d7dc -- /home/navee/.config/waybar/backupConfig.txt [1ms]
2025-02-11 15:26:44.628 [info] > git ls-tree -l b444bb59e8f07ad5994a85667fa90a0013f1d7dc -- /home/navee/.config/waybar/backup.css [30ms]
2025-02-11 15:26:44.629 [info] > git ls-tree -l b444bb59e8f07ad5994a85667fa90a0013f1d7dc -- /home/navee/.config/waybar/backupConfig.txt [2ms]
2025-02-11 15:27:16.300 [info] > git ls-tree -l b444bb59e8f07ad5994a85667fa90a0013f1d7dc -- /home/navee/.config/waybar/backup.css [23ms]
2025-02-11 15:27:16.301 [info] > git ls-tree -l b444bb59e8f07ad5994a85667fa90a0013f1d7dc -- /home/navee/.config/waybar/backupConfig.txt [2ms]
2025-02-11 15:27:17.061 [info] > git fetch [851ms]
2025-02-11 15:27:17.082 [info] > git fetch [849ms]
2025-02-11 15:27:17.103 [info] > git config --get commit.template [21ms]
2025-02-11 15:27:17.143 [info] > git config --get commit.template [40ms]
2025-02-11 15:27:17.144 [info] > git for-each-ref --format=%(refname)%00%(upstream:short)%00%(objectname)%00%(upstream:track)%00%(upstream:remotename)%00%(upstream:remoteref) refs/heads/main refs/remotes/main [1ms]
2025-02-11 15:27:17.186 [info] > git for-each-ref --format=%(refname)%00%(upstream:short)%00%(objectname)%00%(upstream:track)%00%(upstream:remotename)%00%(upstream:remoteref) refs/heads/main refs/remotes/main [63ms]
2025-02-11 15:27:17.229 [info] > git status -z -uall [20ms]
2025-02-11 15:27:17.229 [info] > git for-each-ref --sort -committerdate --format %(refname) %(objectname) %(*objectname) [43ms]
2025-02-11 15:27:17.231 [info] > git for-each-ref --sort -committerdate --format %(refname) %(objectname) %(*objectname) [3ms]
2025-02-11 15:27:17.363 [info] > git status -z -uall [199ms] (cancelled)
2025-02-11 15:27:18.009 [info] > git fetch [1754ms]
2025-02-11 15:27:18.063 [info] > git config --get commit.template [29ms]
2025-02-11 15:27:18.068 [info] > git for-each-ref --format=%(refname)%00%(upstream:short)%00%(objectname)%00%(upstream:track)%00%(upstream:remotename)%00%(upstream:remoteref) refs/heads/master refs/remotes/master [6ms]
2025-02-11 15:27:18.093 [warning] [Git][revParse] Unable to read file: ENOENT: no such file or directory, open '/home/navee/.config/libinput-gestures/.git/refs/remotes/origin/master'
2025-02-11 15:27:18.095 [info] > git rev-parse refs/remotes/origin/master [2ms]
2025-02-11 15:27:18.140 [info] > git status -z -uall [21ms]
2025-02-11 15:27:18.141 [info] > git for-each-ref --sort -committerdate --format %(refname) %(objectname) %(*objectname) [1ms]
2025-02-11 15:27:20.031 [info] > git ls-tree -l b444bb59e8f07ad5994a85667fa90a0013f1d7dc -- /home/navee/.config/waybar/backup.css [20ms]
2025-02-11 15:27:20.032 [info] > git config --get commit.template [40ms]
2025-02-11 15:27:20.112 [info] > git ls-tree -l b444bb59e8f07ad5994a85667fa90a0013f1d7dc -- /home/navee/.config/waybar/config [22ms]
2025-02-11 15:27:20.112 [info] > git ls-tree -l b444bb59e8f07ad5994a85667fa90a0013f1d7dc -- /home/navee/.config/waybar/backupConfig.txt [42ms]
2025-02-11 15:27:20.113 [info] > git ls-tree -l b444bb59e8f07ad5994a85667fa90a0013f1d7dc -- /home/navee/.config/waybar/backup.css [62ms]
2025-02-11 15:27:20.113 [info] > git ls-tree -l b444bb59e8f07ad5994a85667fa90a0013f1d7dc -- /home/navee/.config/waybar/backupConfig.txt [83ms]
2025-02-11 15:27:20.152 [info] > git ls-files --stage -- /home/navee/.config/cava/config [40ms]
2025-02-11 15:27:20.243 [info] > git show --textconv b444bb59e8f07ad5994a85667fa90a0013f1d7dc:backup.css [111ms]
2025-02-11 15:27:20.243 [info] > git show --textconv b444bb59e8f07ad5994a85667fa90a0013f1d7dc:config [54ms]
2025-02-11 15:27:20.243 [info] > git show --textconv b444bb59e8f07ad5994a85667fa90a0013f1d7dc:backupConfig.txt [37ms]
2025-02-11 15:27:20.243 [info] > git show --textconv b444bb59e8f07ad5994a85667fa90a0013f1d7dc:backup.css [19ms]
2025-02-11 15:27:20.243 [info] > git show --textconv b444bb59e8f07ad5994a85667fa90a0013f1d7dc:backupConfig.txt [2ms]
2025-02-11 15:27:20.245 [info] > git cat-file -s f2d4091704968b4ae2ddccdb741edf45f0ad06a3 [76ms]
2025-02-11 15:27:20.246 [info] > git for-each-ref --format=%(refname)%00%(upstream:short)%00%(objectname)%00%(upstream:track)%00%(upstream:remotename)%00%(upstream:remoteref) refs/heads/master refs/remotes/master [95ms]
2025-02-11 15:27:20.263 [warning] [Git][revParse] Unable to read file: ENOENT: no such file or directory, open '/home/navee/.config/libinput-gestures/.git/refs/remotes/origin/master'
2025-02-11 15:27:20.284 [info] > git rev-parse refs/remotes/origin/master [21ms]
2025-02-11 15:27:20.323 [info] > git show --textconv :cava/config [40ms]
2025-02-11 15:27:20.323 [info] > git status -z -uall [20ms]
2025-02-11 15:27:20.324 [info] > git for-each-ref --sort -committerdate --format %(refname) %(objectname) %(*objectname) [2ms]
