2025-02-11 16:29:59.942 [info] Reading sessions from keychain...
2025-02-11 16:29:59.942 [info] Getting sessions for all scopes...
2025-02-11 16:29:59.942 [info] Getting sessions for all scopes...
2025-02-11 16:29:59.942 [info] Getting sessions for all scopes...
2025-02-11 16:29:59.942 [info] Getting sessions for all scopes...
2025-02-11 16:29:59.942 [info] Getting sessions for all scopes...
2025-02-11 16:29:59.942 [info] Getting sessions for all scopes...
2025-02-11 16:29:59.942 [info] Getting sessions for all scopes...
2025-02-11 16:29:59.942 [info] Got stored sessions!
2025-02-11 16:29:59.942 [info] Got 3 verified sessions.
2025-02-11 16:29:59.942 [info] Got 3 sessions for ...
2025-02-11 16:29:59.942 [info] Got 3 sessions for ...
2025-02-11 16:29:59.942 [info] Got 3 sessions for ...
2025-02-11 16:29:59.942 [info] Got 3 sessions for ...
2025-02-11 16:29:59.942 [info] Got 3 sessions for ...
2025-02-11 16:29:59.942 [info] Got 3 sessions for ...
2025-02-11 16:29:59.942 [info] Got 3 sessions for ...
2025-02-11 16:30:00.420 [info] Getting sessions for repo,user:email,workflow...
2025-02-11 16:30:00.420 [info] Got 1 sessions for repo,user:email,workflow...
2025-02-11 16:30:02.576 [info] Getting sessions for all scopes...
2025-02-11 16:30:02.576 [info] Got 3 sessions for ...
2025-02-11 16:30:02.588 [info] Getting sessions for user:email...
2025-02-11 16:30:02.588 [info] Got 1 sessions for user:email...
2025-02-11 16:30:03.010 [info] Getting sessions for read:user,repo,user:email,workflow...
2025-02-11 16:30:03.010 [info] Got 1 sessions for read:user,repo,user:email,workflow...
2025-02-11 16:30:03.010 [info] Getting sessions for all scopes...
2025-02-11 16:30:03.010 [info] Got 3 sessions for ...
2025-02-11 16:30:03.010 [info] Getting sessions for all scopes...
2025-02-11 16:30:03.010 [info] Got 3 sessions for ...
2025-02-11 16:30:03.117 [info] Getting sessions for read:user,repo,user:email,workflow...
2025-02-11 16:30:03.117 [info] Got 1 sessions for read:user,repo,user:email,workflow...
2025-02-11 16:30:04.015 [info] Getting sessions for all scopes...
2025-02-11 16:30:04.015 [info] Got 3 sessions for ...
2025-02-11 16:30:04.151 [info] Getting sessions for read:user,repo,user:email,workflow...
2025-02-11 16:30:04.151 [info] Got 1 sessions for read:user,repo,user:email,workflow...
2025-02-11 16:30:05.210 [info] Getting sessions for read:user,repo,user:email,workflow...
2025-02-11 16:30:05.210 [info] Got 1 sessions for read:user,repo,user:email,workflow...
2025-02-11 16:30:05.229 [info] Getting sessions for all scopes...
2025-02-11 16:30:05.230 [info] Got 3 sessions for ...
2025-02-11 16:30:05.455 [info] Getting sessions for read:user,repo,user:email,workflow...
2025-02-11 16:30:05.455 [info] Got 1 sessions for read:user,repo,user:email,workflow...
2025-02-11 16:30:06.522 [info] Getting sessions for read:user,repo,user:email,workflow...
2025-02-11 16:30:06.522 [info] Got 1 sessions for read:user,repo,user:email,workflow...
2025-02-11 16:30:06.737 [info] Getting sessions for all scopes...
2025-02-11 16:30:06.737 [info] Got 3 sessions for ...
2025-02-11 16:30:06.798 [info] Getting sessions for all scopes...
2025-02-11 16:30:06.798 [info] Got 3 sessions for ...
2025-02-11 16:30:06.798 [info] Getting sessions for all scopes...
2025-02-11 16:30:06.798 [info] Got 3 sessions for ...
2025-02-11 16:30:06.851 [info] Getting sessions for read:user,repo,user:email,workflow...
2025-02-11 16:30:06.851 [info] Got 1 sessions for read:user,repo,user:email,workflow...
2025-02-11 16:30:06.886 [info] Getting sessions for all scopes...
2025-02-11 16:30:06.886 [info] Got 3 sessions for ...
2025-02-11 16:30:07.031 [info] Getting sessions for read:user,repo,user:email,workflow...
2025-02-11 16:30:07.031 [info] Got 1 sessions for read:user,repo,user:email,workflow...
2025-02-11 16:30:07.214 [info] Getting sessions for all scopes...
2025-02-11 16:30:07.214 [info] Got 3 sessions for ...
2025-02-11 16:30:07.255 [info] Getting sessions for read:user,repo,user:email,workflow...
2025-02-11 16:30:07.255 [info] Got 1 sessions for read:user,repo,user:email,workflow...
2025-02-11 16:30:07.643 [info] Getting sessions for read:user,repo,user:email,workflow...
2025-02-11 16:30:07.643 [info] Got 1 sessions for read:user,repo,user:email,workflow...
2025-02-11 16:30:09.087 [info] Getting sessions for all scopes...
2025-02-11 16:30:09.087 [info] Got 3 sessions for ...
2025-02-11 16:30:09.091 [info] Getting sessions for all scopes...
2025-02-11 16:30:09.091 [info] Got 3 sessions for ...
2025-02-11 16:30:09.093 [info] Getting sessions for read:user,repo,user:email,workflow...
2025-02-11 16:30:09.093 [info] Got 1 sessions for read:user,repo,user:email,workflow...
2025-02-11 16:30:09.093 [info] Getting sessions for read:user,repo,user:email,workflow...
2025-02-11 16:30:09.093 [info] Got 1 sessions for read:user,repo,user:email,workflow...
