2025-02-11 15:57:33.472 [info] Reading sessions from keychain...
2025-02-11 15:57:33.472 [info] Getting sessions for all scopes...
2025-02-11 15:57:33.472 [info] Getting sessions for all scopes...
2025-02-11 15:57:33.472 [info] Getting sessions for all scopes...
2025-02-11 15:57:33.472 [info] Getting sessions for all scopes...
2025-02-11 15:57:33.472 [info] Getting sessions for all scopes...
2025-02-11 15:57:33.472 [info] Getting sessions for all scopes...
2025-02-11 15:57:33.472 [info] Getting sessions for all scopes...
2025-02-11 15:57:33.472 [info] Got stored sessions!
2025-02-11 15:57:33.472 [info] Got 3 verified sessions.
2025-02-11 15:57:33.472 [info] Got 3 sessions for ...
2025-02-11 15:57:33.472 [info] Got 3 sessions for ...
2025-02-11 15:57:33.472 [info] Got 3 sessions for ...
2025-02-11 15:57:33.472 [info] Got 3 sessions for ...
2025-02-11 15:57:33.472 [info] Got 3 sessions for ...
2025-02-11 15:57:33.472 [info] Got 3 sessions for ...
2025-02-11 15:57:33.472 [info] Got 3 sessions for ...
2025-02-11 15:57:34.007 [info] Getting sessions for repo,user:email,workflow...
2025-02-11 15:57:34.007 [info] Got 1 sessions for repo,user:email,workflow...
2025-02-11 15:57:35.860 [info] Getting sessions for all scopes...
2025-02-11 15:57:35.860 [info] Got 3 sessions for ...
2025-02-11 15:57:36.145 [info] Getting sessions for user:email...
2025-02-11 15:57:36.145 [info] Got 1 sessions for user:email...
2025-02-11 15:57:36.256 [info] Getting sessions for read:user,repo,user:email,workflow...
2025-02-11 15:57:36.256 [info] Got 1 sessions for read:user,repo,user:email,workflow...
2025-02-11 15:57:36.256 [info] Getting sessions for all scopes...
2025-02-11 15:57:36.256 [info] Got 3 sessions for ...
2025-02-11 15:57:36.256 [info] Getting sessions for all scopes...
2025-02-11 15:57:36.256 [info] Got 3 sessions for ...
2025-02-11 15:57:36.375 [info] Getting sessions for read:user,repo,user:email,workflow...
2025-02-11 15:57:36.375 [info] Got 1 sessions for read:user,repo,user:email,workflow...
2025-02-11 15:57:37.266 [info] Getting sessions for all scopes...
2025-02-11 15:57:37.266 [info] Got 3 sessions for ...
2025-02-11 15:57:38.327 [info] Getting sessions for read:user,repo,user:email,workflow...
2025-02-11 15:57:38.327 [info] Got 1 sessions for read:user,repo,user:email,workflow...
2025-02-11 15:57:38.328 [info] Getting sessions for read:user,repo,user:email,workflow...
2025-02-11 15:57:38.328 [info] Got 1 sessions for read:user,repo,user:email,workflow...
2025-02-11 15:57:38.614 [info] Getting sessions for all scopes...
2025-02-11 15:57:38.614 [info] Got 3 sessions for ...
2025-02-11 15:57:38.927 [info] Getting sessions for read:user,repo,user:email,workflow...
2025-02-11 15:57:38.927 [info] Got 1 sessions for read:user,repo,user:email,workflow...
2025-02-11 15:57:39.928 [info] Getting sessions for read:user,repo,user:email,workflow...
2025-02-11 15:57:39.928 [info] Got 1 sessions for read:user,repo,user:email,workflow...
2025-02-11 15:57:39.995 [info] Getting sessions for read:user,repo,user:email,workflow...
2025-02-11 15:57:39.995 [info] Got 1 sessions for read:user,repo,user:email,workflow...
2025-02-11 15:57:40.505 [info] Getting sessions for all scopes...
2025-02-11 15:57:40.505 [info] Got 3 sessions for ...
2025-02-11 15:57:40.505 [info] Getting sessions for all scopes...
2025-02-11 15:57:40.505 [info] Got 3 sessions for ...
2025-02-11 15:57:40.545 [info] Getting sessions for read:user,repo,user:email,workflow...
2025-02-11 15:57:40.545 [info] Got 1 sessions for read:user,repo,user:email,workflow...
2025-02-11 15:57:40.577 [info] Getting sessions for all scopes...
2025-02-11 15:57:40.577 [info] Got 3 sessions for ...
2025-02-11 15:57:40.592 [info] Getting sessions for read:user,repo,user:email,workflow...
2025-02-11 15:57:40.592 [info] Got 1 sessions for read:user,repo,user:email,workflow...
2025-02-11 15:57:40.643 [info] Getting sessions for all scopes...
2025-02-11 15:57:40.643 [info] Got 3 sessions for ...
2025-02-11 15:57:40.720 [info] Getting sessions for read:user,repo,user:email,workflow...
2025-02-11 15:57:40.720 [info] Got 1 sessions for read:user,repo,user:email,workflow...
2025-02-11 15:57:41.079 [info] Getting sessions for read:user,repo,user:email,workflow...
2025-02-11 15:57:41.079 [info] Got 1 sessions for read:user,repo,user:email,workflow...
2025-02-11 15:57:41.569 [info] Getting sessions for all scopes...
2025-02-11 15:57:41.569 [info] Got 3 sessions for ...
2025-02-11 15:57:41.569 [info] Getting sessions for read:user,repo,user:email,workflow...
2025-02-11 15:57:41.569 [info] Got 1 sessions for read:user,repo,user:email,workflow...
2025-02-11 15:57:42.509 [info] Getting sessions for all scopes...
2025-02-11 15:57:42.509 [info] Got 3 sessions for ...
2025-02-11 15:57:42.510 [info] Getting sessions for read:user,repo,user:email,workflow...
2025-02-11 15:57:42.510 [info] Got 1 sessions for read:user,repo,user:email,workflow...
2025-02-11 15:57:43.203 [info] Getting sessions for read:user,repo,user:email,workflow...
2025-02-11 15:57:43.203 [info] Got 1 sessions for read:user,repo,user:email,workflow...
2025-02-11 15:57:46.121 [info] Getting sessions for all scopes...
2025-02-11 15:57:46.121 [info] Got 3 sessions for ...
