2025-02-11 16:00:59.895 [info] [main] Log level: Info
2025-02-11 16:00:59.895 [info] [main] Validating found git in: "git"
2025-02-11 16:00:59.895 [info] [main] Using git "2.48.1" from "git"
2025-02-11 16:00:59.895 [info] [Model][doInitialScan] Initial repository scan started
2025-02-11 16:00:59.895 [info] > git rev-parse --show-toplevel [10ms]
2025-02-11 16:00:59.895 [info] > git rev-parse --git-dir --git-common-dir [386ms]
2025-02-11 16:00:59.895 [info] [Model][openRepository] Opened repository: /home/navee/.config
2025-02-11 16:00:59.898 [info] > git rev-parse --show-toplevel [38ms]
2025-02-11 16:00:59.913 [info] > git config --get commit.template [67ms]
2025-02-11 16:00:59.919 [info] > git rev-parse --path-format=relative --show-toplevel [7ms]
2025-02-11 16:00:59.986 [info] > git for-each-ref --format=%(refname)%00%(upstream:short)%00%(objectname)%00%(upstream:track)%00%(upstream:remotename)%00%(upstream:remoteref) refs/heads/main refs/remotes/main [52ms]
2025-02-11 16:01:00.043 [info] > git rev-parse --git-dir --git-common-dir [61ms]
2025-02-11 16:01:00.063 [info] [Model][openRepository] Opened repository: /home/navee/.config/hypr
2025-02-11 16:01:00.097 [info] > git for-each-ref --sort -committerdate --format %(refname) %(objectname) %(*objectname) [80ms]
2025-02-11 16:01:00.103 [info] > git config --get commit.template [21ms]
2025-02-11 16:01:01.021 [info] > git check-ignore -v -z --stdin [20ms]
2025-02-11 16:01:01.031 [info] > git check-ignore -v -z --stdin [15ms]
2025-02-11 16:01:01.039 [info] > git for-each-ref --format=%(refname)%00%(upstream:short)%00%(objectname)%00%(upstream:track)%00%(upstream:remotename)%00%(upstream:remoteref) refs/heads/main refs/remotes/main [61ms]
2025-02-11 16:01:01.040 [info] > git fetch [976ms]
2025-02-11 16:01:01.040 [info] > git fetch [1306ms]
2025-02-11 16:01:01.113 [info] > git status -z -uall [1112ms] (cancelled)
2025-02-11 16:01:01.114 [info] > git for-each-ref --format=%(refname)%00%(upstream:short)%00%(objectname)%00%(upstream:track)%00%(upstream:remotename)%00%(upstream:remoteref) refs/heads/main refs/remotes/main [57ms]
2025-02-11 16:01:01.136 [info] > git config --get --local branch.main.vscode-merge-base [6ms]
2025-02-11 16:01:01.153 [info] > git config --get commit.template [40ms]
2025-02-11 16:01:01.153 [info] > git config --get commit.template [57ms]
2025-02-11 16:01:01.153 [info] > git config --get commit.template [71ms]
2025-02-11 16:01:01.155 [info] > git for-each-ref --format=%(refname)%00%(upstream:short)%00%(objectname)%00%(upstream:track)%00%(upstream:remotename)%00%(upstream:remoteref) refs/heads/origin/main refs/remotes/origin/main [3ms]
2025-02-11 16:01:01.294 [info] > git for-each-ref --format=%(refname)%00%(upstream:short)%00%(objectname)%00%(upstream:track)%00%(upstream:remotename)%00%(upstream:remoteref) refs/heads/main refs/remotes/main [46ms]
2025-02-11 16:01:01.327 [info] > git for-each-ref --format=%(refname)%00%(upstream:short)%00%(objectname)%00%(upstream:track)%00%(upstream:remotename)%00%(upstream:remoteref) refs/heads/main refs/remotes/main [96ms]
2025-02-11 16:01:01.329 [info] > git for-each-ref --format=%(refname)%00%(upstream:short)%00%(objectname)%00%(upstream:track)%00%(upstream:remotename)%00%(upstream:remoteref) refs/heads/main refs/remotes/main [113ms]
2025-02-11 16:01:01.329 [info] > git for-each-ref --format=%(refname)%00%(upstream:short)%00%(objectname)%00%(upstream:track)%00%(upstream:remotename)%00%(upstream:remoteref) refs/heads/main refs/remotes/main [131ms]
2025-02-11 16:01:01.407 [info] > git config --get --local branch.main.vscode-merge-base [61ms]
2025-02-11 16:01:01.422 [info] > git for-each-ref --sort -committerdate --format %(refname) %(objectname) %(*objectname) [95ms]
2025-02-11 16:01:01.423 [info] > git config --get commit.template [146ms]
2025-02-11 16:01:01.446 [info] > git for-each-ref --format=%(refname)%00%(upstream:short)%00%(objectname)%00%(upstream:track)%00%(upstream:remotename)%00%(upstream:remoteref) refs/heads/origin/main refs/remotes/origin/main [24ms]
2025-02-11 16:01:01.499 [info] > git status -z -uall [188ms] (cancelled)
2025-02-11 16:01:01.499 [info] > git merge-base refs/heads/main refs/remotes/origin/main [35ms]
2025-02-11 16:01:01.659 [info] > git for-each-ref --format=%(refname)%00%(upstream:short)%00%(objectname)%00%(upstream:track)%00%(upstream:remotename)%00%(upstream:remoteref) refs/heads/main refs/remotes/main [177ms]
2025-02-11 16:01:02.521 [info] > git status -z -uall [104ms]
2025-02-11 16:01:02.521 [info] > git for-each-ref --sort -committerdate --format %(refname) %(objectname) %(*objectname) [87ms]
2025-02-11 16:01:02.600 [info] > git rev-parse --show-toplevel [1ms]
2025-02-11 16:01:02.617 [info] > git rev-parse --show-toplevel [2ms]
2025-02-11 16:01:02.634 [info] > git rev-parse --show-toplevel [2ms]
2025-02-11 16:01:02.654 [info] > git rev-parse --show-toplevel [5ms]
2025-02-11 16:01:02.689 [info] > git rev-parse --show-toplevel [7ms]
2025-02-11 16:01:02.710 [info] > git rev-parse --show-toplevel [1ms]
2025-02-11 16:01:02.888 [info] > git rev-parse --show-toplevel [160ms]
2025-02-11 16:01:02.913 [info] > git rev-parse --show-toplevel [1ms]
2025-02-11 16:01:02.945 [info] > git rev-parse --show-toplevel [16ms]
2025-02-11 16:01:02.962 [info] > git rev-parse --show-toplevel [1ms]
2025-02-11 16:01:02.979 [info] > git rev-parse --show-toplevel [1ms]
2025-02-11 16:01:03.009 [info] > git rev-parse --show-toplevel [14ms]
2025-02-11 16:01:03.028 [info] > git rev-parse --show-toplevel [2ms]
2025-02-11 16:01:03.079 [info] > git rev-parse --show-toplevel [35ms]
2025-02-11 16:01:03.109 [info] > git rev-parse --show-toplevel [7ms]
2025-02-11 16:01:03.129 [info] > git rev-parse --show-toplevel [1ms]
2025-02-11 16:01:03.148 [info] > git rev-parse --show-toplevel [3ms]
2025-02-11 16:01:03.166 [info] > git rev-parse --show-toplevel [2ms]
2025-02-11 16:01:03.183 [info] > git rev-parse --git-dir --git-common-dir [1ms]
2025-02-11 16:01:03.209 [info] [Model][openRepository] Opened repository: /home/navee/.config/libinput-gestures
2025-02-11 16:01:03.245 [info] > git rev-parse --show-toplevel [4ms]
2025-02-11 16:01:03.245 [info] > git config --get commit.template [20ms]
2025-02-11 16:01:03.280 [info] > git rev-parse --show-toplevel [18ms]
2025-02-11 16:01:03.280 [info] > git for-each-ref --format=%(refname)%00%(upstream:short)%00%(objectname)%00%(upstream:track)%00%(upstream:remotename)%00%(upstream:remoteref) refs/heads/master refs/remotes/master [2ms]
2025-02-11 16:01:03.312 [warning] [Git][revParse] Unable to read file: ENOENT: no such file or directory, open '/home/navee/.config/libinput-gestures/.git/refs/remotes/origin/master'
2025-02-11 16:01:03.313 [info] > git rev-parse --show-toplevel [16ms]
2025-02-11 16:01:03.329 [info] > git rev-parse refs/remotes/origin/master [17ms]
2025-02-11 16:01:03.367 [info] > git status -z -uall [22ms]
2025-02-11 16:01:03.367 [info] > git for-each-ref --sort -committerdate --format %(refname) %(objectname) %(*objectname) [5ms]
2025-02-11 16:01:03.392 [info] > git rev-parse --show-toplevel [63ms]
2025-02-11 16:01:03.428 [info] > git for-each-ref --format=%(refname)%00%(upstream:short)%00%(objectname)%00%(upstream:track)%00%(upstream:remotename)%00%(upstream:remoteref) refs/heads/master refs/remotes/master [37ms]
2025-02-11 16:01:03.448 [info] > git config --get --local branch.master.vscode-merge-base [3ms]
2025-02-11 16:01:03.464 [info] > git rev-parse --show-toplevel [36ms]
2025-02-11 16:01:03.465 [info] > git config --get commit.template [54ms]
2025-02-11 16:01:03.483 [info] > git for-each-ref --format=%(refname)%00%(upstream:short)%00%(objectname)%00%(upstream:track)%00%(upstream:remotename)%00%(upstream:remoteref) refs/heads/origin/master refs/remotes/origin/master [19ms]
2025-02-11 16:01:03.529 [info] > git merge-base refs/heads/master refs/remotes/origin/master [31ms]
2025-02-11 16:01:03.545 [info] > git rev-parse --show-toplevel [63ms]
2025-02-11 16:01:03.562 [info] > git for-each-ref --format=%(refname)%00%(upstream:short)%00%(objectname)%00%(upstream:track)%00%(upstream:remotename)%00%(upstream:remoteref) refs/heads/master refs/remotes/master [35ms]
2025-02-11 16:01:03.577 [warning] [Git][revParse] Unable to read file: ENOENT: no such file or directory, open '/home/navee/.config/libinput-gestures/.git/refs/remotes/origin/master'
2025-02-11 16:01:03.578 [info] > git rev-parse --show-toplevel [16ms]
2025-02-11 16:01:03.578 [info] > git diff --name-status -z --diff-filter=ADMR 8c6e3631b01bb1a6fffe40b6e4d9fe2d52efb836...refs/remotes/origin/master [33ms]
2025-02-11 16:01:03.596 [info] > git rev-parse refs/remotes/origin/master [19ms]
2025-02-11 16:01:03.630 [info] > git status -z -uall [19ms]
2025-02-11 16:01:03.631 [info] > git rev-parse --show-toplevel [36ms]
2025-02-11 16:01:03.647 [info] > git for-each-ref --sort -committerdate --format %(refname) %(objectname) %(*objectname) [20ms]
2025-02-11 16:01:03.658 [info] > git rev-parse --show-toplevel [12ms]
2025-02-11 16:01:03.676 [info] > git rev-parse --show-toplevel [1ms]
2025-02-11 16:01:03.694 [info] > git rev-parse --show-toplevel [1ms]
2025-02-11 16:01:03.711 [info] > git rev-parse --show-toplevel [1ms]
2025-02-11 16:01:03.727 [info] > git rev-parse --show-toplevel [0ms]
2025-02-11 16:01:03.778 [info] > git check-ignore -v -z --stdin [18ms]
2025-02-11 16:01:03.778 [info] > git check-ignore -v -z --stdin [1ms]
2025-02-11 16:01:03.781 [info] > git rev-parse --show-toplevel [38ms]
2025-02-11 16:01:03.800 [info] > git rev-parse --show-toplevel [2ms]
2025-02-11 16:01:03.816 [info] > git rev-parse --git-dir --git-common-dir [1ms]
2025-02-11 16:01:03.842 [info] [Model][openRepository] Opened repository: /home/navee/.config/waybar
2025-02-11 16:01:03.879 [info] > git rev-parse --show-toplevel [3ms]
2025-02-11 16:01:03.880 [info] > git config --get commit.template [21ms]
2025-02-11 16:01:03.916 [info] > git rev-parse --show-toplevel [19ms]
2025-02-11 16:01:03.940 [info] > git rev-parse --show-toplevel [8ms]
2025-02-11 16:01:03.940 [info] > git for-each-ref --format=%(refname)%00%(upstream:short)%00%(objectname)%00%(upstream:track)%00%(upstream:remotename)%00%(upstream:remoteref) refs/heads/main refs/remotes/main [25ms]
2025-02-11 16:01:03.991 [info] > git status -z -uall [35ms]
2025-02-11 16:01:03.992 [info] > git rev-parse --show-toplevel [1ms]
2025-02-11 16:01:03.992 [info] > git for-each-ref --sort -committerdate --format %(refname) %(objectname) %(*objectname) [19ms]
2025-02-11 16:01:04.070 [info] > git for-each-ref --format=%(refname)%00%(upstream:short)%00%(objectname)%00%(upstream:track)%00%(upstream:remotename)%00%(upstream:remoteref) refs/heads/main refs/remotes/main [54ms]
2025-02-11 16:01:04.089 [info] > git config --get --local branch.main.vscode-merge-base [2ms]
2025-02-11 16:01:04.106 [info] > git config --get commit.template [41ms]
2025-02-11 16:01:04.106 [info] > git rev-parse --show-toplevel [70ms]
2025-02-11 16:01:04.106 [info] [Model][doInitialScan] Initial repository scan completed - repositories (4), closed repositories (0), parent repositories (0), unsafe repositories (0)
2025-02-11 16:01:04.196 [info] > git show --textconv :hyprland/windowrules.conf [72ms]
2025-02-11 16:01:04.196 [info] > git ls-files --stage -- /home/navee/.config/hypr/hyprland/windowrules.conf [53ms]
2025-02-11 16:01:04.213 [info] > git for-each-ref --format=%(refname)%00%(upstream:short)%00%(objectname)%00%(upstream:track)%00%(upstream:remotename)%00%(upstream:remoteref) refs/heads/origin/main refs/remotes/origin/main [107ms]
2025-02-11 16:01:04.232 [info] > git cat-file -s 01ae69627b3ddca0d3dd5b0c4d77d23ba5ec7984 [20ms]
2025-02-11 16:01:04.232 [info] > git config --get commit.template [37ms]
2025-02-11 16:01:04.232 [info] > git config --get commit.template [54ms]
2025-02-11 16:01:04.232 [info] > git config --get commit.template [70ms]
2025-02-11 16:01:04.534 [info] > git for-each-ref --format=%(refname)%00%(upstream:short)%00%(objectname)%00%(upstream:track)%00%(upstream:remotename)%00%(upstream:remoteref) refs/heads/main refs/remotes/main [302ms]
2025-02-11 16:01:04.674 [info] > git status -z -uall [125ms]
2025-02-11 16:01:04.674 [info] > git check-ignore -v -z --stdin [93ms]
2025-02-11 16:01:04.675 [info] > git check-ignore -v -z --stdin [77ms]
2025-02-11 16:01:04.675 [info] > git check-ignore -v -z --stdin [62ms]
2025-02-11 16:01:04.675 [info] > git for-each-ref --sort -committerdate --format %(refname) %(objectname) %(*objectname) [111ms]
2025-02-11 16:01:04.699 [info] > git for-each-ref --format=%(refname)%00%(upstream:short)%00%(objectname)%00%(upstream:track)%00%(upstream:remotename)%00%(upstream:remoteref) refs/heads/main refs/remotes/main [26ms]
2025-02-11 16:01:04.729 [info] > git for-each-ref --format=%(refname)%00%(upstream:short)%00%(objectname)%00%(upstream:track)%00%(upstream:remotename)%00%(upstream:remoteref) refs/heads/master refs/remotes/master [71ms]
2025-02-11 16:01:04.729 [info] > git for-each-ref --format=%(refname)%00%(upstream:short)%00%(objectname)%00%(upstream:track)%00%(upstream:remotename)%00%(upstream:remoteref) refs/heads/main refs/remotes/main [87ms]
2025-02-11 16:01:04.729 [info] > git fetch [1521ms]
2025-02-11 16:01:04.749 [warning] [Git][revParse] Unable to read file: ENOENT: no such file or directory, open '/home/navee/.config/libinput-gestures/.git/refs/remotes/origin/master'
2025-02-11 16:01:04.767 [info] > git for-each-ref --sort -committerdate --format %(refname) %(objectname) %(*objectname) [39ms]
2025-02-11 16:01:04.768 [info] > git config --get commit.template [70ms]
2025-02-11 16:01:04.780 [info] > git config --get commit.template [16ms]
2025-02-11 16:01:04.780 [info] > git rev-parse refs/remotes/origin/master [31ms]
2025-02-11 16:01:04.781 [info] > git fetch [939ms]
2025-02-11 16:01:04.885 [info] > git status -z -uall [171ms] (cancelled)
2025-02-11 16:01:04.885 [info] > git status -z -uall [49ms]
2025-02-11 16:01:04.885 [info] > git config --get commit.template [67ms]
2025-02-11 16:01:04.885 [info] > git for-each-ref --format=%(refname)%00%(upstream:short)%00%(objectname)%00%(upstream:track)%00%(upstream:remotename)%00%(upstream:remoteref) refs/heads/main refs/remotes/main [82ms]
2025-02-11 16:01:04.979 [info] > git blame --root --incremental 3d18effbd15c3fe9433d8eef9d3169a26db69fc0 -- /home/navee/.config/hypr/hyprland/windowrules.conf [99ms]
2025-02-11 16:01:04.980 [info] > git for-each-ref --format=%(refname)%00%(upstream:short)%00%(objectname)%00%(upstream:track)%00%(upstream:remotename)%00%(upstream:remoteref) refs/heads/master refs/remotes/master [116ms]
2025-02-11 16:01:04.980 [info] > git for-each-ref --sort -committerdate --format %(refname) %(objectname) %(*objectname) [130ms]
2025-02-11 16:01:05.018 [warning] [Git][revParse] Unable to read file: ENOENT: no such file or directory, open '/home/navee/.config/libinput-gestures/.git/refs/remotes/origin/master'
2025-02-11 16:01:05.734 [info] > git rev-parse refs/remotes/origin/master [716ms]
2025-02-11 16:01:05.782 [info] > git for-each-ref --format=%(refname)%00%(upstream:short)%00%(objectname)%00%(upstream:track)%00%(upstream:remotename)%00%(upstream:remoteref) refs/heads/main refs/remotes/main [781ms]
2025-02-11 16:01:05.849 [info] > git status -z -uall [92ms]
2025-02-11 16:01:05.849 [info] > git status -z -uall [46ms]
2025-02-11 16:01:05.849 [info] > git for-each-ref --sort -committerdate --format %(refname) %(objectname) %(*objectname) [25ms]
2025-02-11 16:01:05.854 [info] > git for-each-ref --sort -committerdate --format %(refname) %(objectname) %(*objectname) [72ms]
2025-02-11 16:01:06.856 [info] > git ls-files --stage -- /home/navee/.config/hypr/hyprland/windowrules.conf [2ms]
2025-02-11 16:01:06.875 [info] > git cat-file -s 01ae69627b3ddca0d3dd5b0c4d77d23ba5ec7984 [2ms]
2025-02-11 16:01:06.896 [info] > git show --textconv :hyprland/windowrules.conf [2ms]
2025-02-11 16:01:10.190 [info] > git config --get commit.template [20ms]
2025-02-11 16:01:10.191 [info] > git for-each-ref --format=%(refname)%00%(upstream:short)%00%(objectname)%00%(upstream:track)%00%(upstream:remotename)%00%(upstream:remoteref) refs/heads/main refs/remotes/main [2ms]
2025-02-11 16:01:10.229 [info] > git status -z -uall [20ms]
2025-02-11 16:01:10.230 [info] > git for-each-ref --sort -committerdate --format %(refname) %(objectname) %(*objectname) [2ms]
2025-02-11 16:01:15.273 [info] > git config --get commit.template [18ms]
2025-02-11 16:01:15.274 [info] > git for-each-ref --format=%(refname)%00%(upstream:short)%00%(objectname)%00%(upstream:track)%00%(upstream:remotename)%00%(upstream:remoteref) refs/heads/main refs/remotes/main [1ms]
2025-02-11 16:01:15.311 [info] > git status -z -uall [18ms]
2025-02-11 16:01:15.311 [info] > git for-each-ref --sort -committerdate --format %(refname) %(objectname) %(*objectname) [1ms]
2025-02-11 16:01:36.930 [info] > git config --get commit.template [18ms]
2025-02-11 16:01:36.931 [info] > git for-each-ref --format=%(refname)%00%(upstream:short)%00%(objectname)%00%(upstream:track)%00%(upstream:remotename)%00%(upstream:remoteref) refs/heads/main refs/remotes/main [1ms]
2025-02-11 16:01:36.969 [info] > git status -z -uall [20ms]
2025-02-11 16:01:36.969 [info] > git for-each-ref --sort -committerdate --format %(refname) %(objectname) %(*objectname) [2ms]
2025-02-11 16:01:44.932 [info] > git show --textconv :hyprland/keybindings.conf [22ms]
2025-02-11 16:01:44.932 [info] > git ls-files --stage -- /home/navee/.config/hypr/hyprland/keybindings.conf [1ms]
2025-02-11 16:01:44.954 [info] > git cat-file -s eb14354e934d403752f8d9b56eee36b4294f2b25 [2ms]
2025-02-11 16:01:44.986 [info] > git blame --root --incremental 3d18effbd15c3fe9433d8eef9d3169a26db69fc0 -- /home/navee/.config/hypr/hyprland/keybindings.conf [3ms]
2025-02-11 16:01:48.635 [info] > git show --textconv :hyprland/windowrules.conf [20ms]
2025-02-11 16:01:48.636 [info] > git ls-files --stage -- /home/navee/.config/hypr/hyprland/windowrules.conf [1ms]
2025-02-11 16:01:48.658 [info] > git cat-file -s 01ae69627b3ddca0d3dd5b0c4d77d23ba5ec7984 [1ms]
2025-02-11 16:02:01.151 [info] > git config --get commit.template [21ms]
2025-02-11 16:02:01.152 [info] > git for-each-ref --format=%(refname)%00%(upstream:short)%00%(objectname)%00%(upstream:track)%00%(upstream:remotename)%00%(upstream:remoteref) refs/heads/main refs/remotes/main [1ms]
2025-02-11 16:02:01.191 [info] > git status -z -uall [20ms]
2025-02-11 16:02:01.192 [info] > git for-each-ref --sort -committerdate --format %(refname) %(objectname) %(*objectname) [1ms]
2025-02-11 16:02:01.589 [info] > git show --textconv :hyprland/keybindings.conf [20ms]
2025-02-11 16:02:01.590 [info] > git ls-files --stage -- /home/navee/.config/hypr/hyprland/keybindings.conf [1ms]
2025-02-11 16:02:01.612 [info] > git cat-file -s eb14354e934d403752f8d9b56eee36b4294f2b25 [2ms]
2025-02-11 16:02:06.238 [info] > git config --get commit.template [20ms]
2025-02-11 16:02:06.239 [info] > git for-each-ref --format=%(refname)%00%(upstream:short)%00%(objectname)%00%(upstream:track)%00%(upstream:remotename)%00%(upstream:remoteref) refs/heads/main refs/remotes/main [2ms]
2025-02-11 16:02:06.277 [info] > git status -z -uall [19ms]
2025-02-11 16:02:06.278 [info] > git for-each-ref --sort -committerdate --format %(refname) %(objectname) %(*objectname) [2ms]
2025-02-11 16:02:11.322 [info] > git config --get commit.template [19ms]
2025-02-11 16:02:11.323 [info] > git for-each-ref --format=%(refname)%00%(upstream:short)%00%(objectname)%00%(upstream:track)%00%(upstream:remotename)%00%(upstream:remoteref) refs/heads/main refs/remotes/main [2ms]
2025-02-11 16:02:11.361 [info] > git status -z -uall [20ms]
2025-02-11 16:02:11.362 [info] > git for-each-ref --sort -committerdate --format %(refname) %(objectname) %(*objectname) [1ms]
2025-02-11 16:02:16.390 [info] > git config --get commit.template [4ms]
2025-02-11 16:02:16.411 [info] > git for-each-ref --format=%(refname)%00%(upstream:short)%00%(objectname)%00%(upstream:track)%00%(upstream:remotename)%00%(upstream:remoteref) refs/heads/main refs/remotes/main [2ms]
2025-02-11 16:02:16.450 [info] > git status -z -uall [20ms]
2025-02-11 16:02:16.451 [info] > git for-each-ref --sort -committerdate --format %(refname) %(objectname) %(*objectname) [2ms]
2025-02-11 16:02:21.492 [info] > git config --get commit.template [18ms]
2025-02-11 16:02:21.493 [info] > git for-each-ref --format=%(refname)%00%(upstream:short)%00%(objectname)%00%(upstream:track)%00%(upstream:remotename)%00%(upstream:remoteref) refs/heads/main refs/remotes/main [2ms]
2025-02-11 16:02:21.529 [info] > git status -z -uall [17ms]
2025-02-11 16:02:21.530 [info] > git for-each-ref --sort -committerdate --format %(refname) %(objectname) %(*objectname) [2ms]
2025-02-11 16:02:48.813 [info] > git show --textconv :hyprland/windowrules.conf [21ms]
2025-02-11 16:02:48.814 [info] > git ls-files --stage -- /home/navee/.config/hypr/hyprland/windowrules.conf [2ms]
2025-02-11 16:02:48.835 [info] > git cat-file -s 01ae69627b3ddca0d3dd5b0c4d77d23ba5ec7984 [2ms]
2025-02-11 16:03:06.565 [info] > git config --get commit.template [18ms]
2025-02-11 16:03:06.566 [info] > git for-each-ref --format=%(refname)%00%(upstream:short)%00%(objectname)%00%(upstream:track)%00%(upstream:remotename)%00%(upstream:remoteref) refs/heads/main refs/remotes/main [2ms]
2025-02-11 16:03:06.602 [info] > git status -z -uall [18ms]
2025-02-11 16:03:06.603 [info] > git for-each-ref --sort -committerdate --format %(refname) %(objectname) %(*objectname) [1ms]
2025-02-11 16:03:11.648 [info] > git config --get commit.template [20ms]
2025-02-11 16:03:11.649 [info] > git for-each-ref --format=%(refname)%00%(upstream:short)%00%(objectname)%00%(upstream:track)%00%(upstream:remotename)%00%(upstream:remoteref) refs/heads/main refs/remotes/main [2ms]
2025-02-11 16:03:11.686 [info] > git status -z -uall [19ms]
2025-02-11 16:03:11.687 [info] > git for-each-ref --sort -committerdate --format %(refname) %(objectname) %(*objectname) [2ms]
2025-02-11 16:03:16.730 [info] > git config --get commit.template [20ms]
2025-02-11 16:03:16.731 [info] > git for-each-ref --format=%(refname)%00%(upstream:short)%00%(objectname)%00%(upstream:track)%00%(upstream:remotename)%00%(upstream:remoteref) refs/heads/main refs/remotes/main [2ms]
2025-02-11 16:03:16.769 [info] > git status -z -uall [20ms]
2025-02-11 16:03:16.770 [info] > git for-each-ref --sort -committerdate --format %(refname) %(objectname) %(*objectname) [2ms]
2025-02-11 16:03:18.383 [info] > git check-ignore -v -z --stdin [1ms]
2025-02-11 16:03:21.811 [info] > git config --get commit.template [18ms]
2025-02-11 16:03:21.812 [info] > git for-each-ref --format=%(refname)%00%(upstream:short)%00%(objectname)%00%(upstream:track)%00%(upstream:remotename)%00%(upstream:remoteref) refs/heads/main refs/remotes/main [1ms]
2025-02-11 16:03:21.849 [info] > git status -z -uall [19ms]
2025-02-11 16:03:21.850 [info] > git for-each-ref --sort -committerdate --format %(refname) %(objectname) %(*objectname) [1ms]
2025-02-11 16:03:26.896 [info] > git config --get commit.template [20ms]
2025-02-11 16:03:26.897 [info] > git for-each-ref --format=%(refname)%00%(upstream:short)%00%(objectname)%00%(upstream:track)%00%(upstream:remotename)%00%(upstream:remoteref) refs/heads/main refs/remotes/main [1ms]
2025-02-11 16:03:26.936 [info] > git status -z -uall [20ms]
2025-02-11 16:03:26.937 [info] > git for-each-ref --sort -committerdate --format %(refname) %(objectname) %(*objectname) [2ms]
2025-02-11 16:03:31.962 [info] > git config --get commit.template [1ms]
2025-02-11 16:03:31.981 [info] > git for-each-ref --format=%(refname)%00%(upstream:short)%00%(objectname)%00%(upstream:track)%00%(upstream:remotename)%00%(upstream:remoteref) refs/heads/main refs/remotes/main [1ms]
2025-02-11 16:03:32.018 [info] > git status -z -uall [19ms]
2025-02-11 16:03:32.019 [info] > git for-each-ref --sort -committerdate --format %(refname) %(objectname) %(*objectname) [1ms]
2025-02-11 16:03:37.054 [info] > git config --get commit.template [15ms]
2025-02-11 16:03:37.055 [info] > git for-each-ref --format=%(refname)%00%(upstream:short)%00%(objectname)%00%(upstream:track)%00%(upstream:remotename)%00%(upstream:remoteref) refs/heads/main refs/remotes/main [1ms]
2025-02-11 16:03:37.087 [info] > git status -z -uall [17ms]
2025-02-11 16:03:37.087 [info] > git for-each-ref --sort -committerdate --format %(refname) %(objectname) %(*objectname) [2ms]
2025-02-11 16:04:03.537 [info] > git fetch [913ms]
2025-02-11 16:04:03.578 [info] > git config --get commit.template [21ms]
2025-02-11 16:04:03.579 [info] > git for-each-ref --format=%(refname)%00%(upstream:short)%00%(objectname)%00%(upstream:track)%00%(upstream:remotename)%00%(upstream:remoteref) refs/heads/main refs/remotes/main [1ms]
2025-02-11 16:04:03.622 [info] > git for-each-ref --sort -committerdate --format %(refname) %(objectname) %(*objectname) [2ms]
2025-02-11 16:04:03.789 [info] > git status -z -uall [191ms] (cancelled)
2025-02-11 16:04:03.809 [info] > git fetch [1164ms]
2025-02-11 16:04:04.586 [info] > git config --get commit.template [757ms]
2025-02-11 16:04:04.625 [info] > git for-each-ref --format=%(refname)%00%(upstream:short)%00%(objectname)%00%(upstream:track)%00%(upstream:remotename)%00%(upstream:remoteref) refs/heads/main refs/remotes/main [2ms]
2025-02-11 16:04:04.683 [info] > git status -z -uall [27ms]
2025-02-11 16:04:04.684 [info] > git for-each-ref --sort -committerdate --format %(refname) %(objectname) %(*objectname) [1ms]
2025-02-11 16:04:05.721 [info] > git ls-files --stage -- /home/navee/.config/hypr/hyprland/windowrules.conf [1ms]
2025-02-11 16:04:05.739 [info] > git cat-file -s 01ae69627b3ddca0d3dd5b0c4d77d23ba5ec7984 [1ms]
2025-02-11 16:04:05.759 [info] > git show --textconv :hyprland/windowrules.conf [1ms]
2025-02-11 16:04:06.772 [info] > git fetch [898ms]
2025-02-11 16:04:06.793 [info] > git config --get commit.template [2ms]
2025-02-11 16:04:06.815 [info] > git for-each-ref --format=%(refname)%00%(upstream:short)%00%(objectname)%00%(upstream:track)%00%(upstream:remotename)%00%(upstream:remoteref) refs/heads/main refs/remotes/main [1ms]
2025-02-11 16:04:06.879 [info] > git status -z -uall [44ms]
2025-02-11 16:04:06.879 [info] > git for-each-ref --sort -committerdate --format %(refname) %(objectname) %(*objectname) [20ms]
2025-02-11 16:04:07.477 [info] > git fetch [1585ms]
2025-02-11 16:04:07.520 [info] > git config --get commit.template [22ms]
2025-02-11 16:04:07.521 [info] > git for-each-ref --format=%(refname)%00%(upstream:short)%00%(objectname)%00%(upstream:track)%00%(upstream:remotename)%00%(upstream:remoteref) refs/heads/master refs/remotes/master [2ms]
2025-02-11 16:04:07.542 [warning] [Git][revParse] Unable to read file: ENOENT: no such file or directory, open '/home/navee/.config/libinput-gestures/.git/refs/remotes/origin/master'
2025-02-11 16:04:07.543 [info] > git rev-parse refs/remotes/origin/master [1ms]
2025-02-11 16:04:07.586 [info] > git status -z -uall [23ms]
2025-02-11 16:04:07.587 [info] > git for-each-ref --sort -committerdate --format %(refname) %(objectname) %(*objectname) [5ms]
2025-02-11 16:04:07.925 [info] > git config --get commit.template [22ms]
2025-02-11 16:04:07.926 [info] > git for-each-ref --format=%(refname)%00%(upstream:short)%00%(objectname)%00%(upstream:track)%00%(upstream:remotename)%00%(upstream:remoteref) refs/heads/main refs/remotes/main [2ms]
2025-02-11 16:04:07.965 [info] > git status -z -uall [20ms]
2025-02-11 16:04:07.966 [info] > git for-each-ref --sort -committerdate --format %(refname) %(objectname) %(*objectname) [2ms]
2025-02-11 16:04:08.753 [info] > git config --get commit.template [19ms]
2025-02-11 16:04:08.754 [info] > git for-each-ref --format=%(refname)%00%(upstream:short)%00%(objectname)%00%(upstream:track)%00%(upstream:remotename)%00%(upstream:remoteref) refs/heads/master refs/remotes/master [1ms]
2025-02-11 16:04:08.774 [warning] [Git][revParse] Unable to read file: ENOENT: no such file or directory, open '/home/navee/.config/libinput-gestures/.git/refs/remotes/origin/master'
2025-02-11 16:04:08.776 [info] > git rev-parse refs/remotes/origin/master [2ms]
2025-02-11 16:04:08.816 [info] > git status -z -uall [21ms]
2025-02-11 16:04:08.816 [info] > git for-each-ref --sort -committerdate --format %(refname) %(objectname) %(*objectname) [1ms]
2025-02-11 16:04:08.947 [info] > git config --get commit.template [2ms]
2025-02-11 16:04:08.967 [info] > git for-each-ref --format=%(refname)%00%(upstream:short)%00%(objectname)%00%(upstream:track)%00%(upstream:remotename)%00%(upstream:remoteref) refs/heads/main refs/remotes/main [1ms]
2025-02-11 16:04:09.006 [info] > git status -z -uall [20ms]
2025-02-11 16:04:09.007 [info] > git for-each-ref --sort -committerdate --format %(refname) %(objectname) %(*objectname) [1ms]
2025-02-11 16:04:14.053 [info] > git config --get commit.template [20ms]
2025-02-11 16:04:14.053 [info] > git for-each-ref --format=%(refname)%00%(upstream:short)%00%(objectname)%00%(upstream:track)%00%(upstream:remotename)%00%(upstream:remoteref) refs/heads/main refs/remotes/main [2ms]
2025-02-11 16:04:14.094 [info] > git status -z -uall [21ms]
2025-02-11 16:04:14.095 [info] > git for-each-ref --sort -committerdate --format %(refname) %(objectname) %(*objectname) [3ms]
2025-02-11 16:04:19.138 [info] > git config --get commit.template [18ms]
2025-02-11 16:04:19.138 [info] > git for-each-ref --format=%(refname)%00%(upstream:short)%00%(objectname)%00%(upstream:track)%00%(upstream:remotename)%00%(upstream:remoteref) refs/heads/main refs/remotes/main [1ms]
2025-02-11 16:04:19.173 [info] > git status -z -uall [17ms]
2025-02-11 16:04:19.174 [info] > git for-each-ref --sort -committerdate --format %(refname) %(objectname) %(*objectname) [1ms]
2025-02-11 16:04:25.975 [info] > git config --get commit.template [17ms]
2025-02-11 16:04:25.975 [info] > git for-each-ref --format=%(refname)%00%(upstream:short)%00%(objectname)%00%(upstream:track)%00%(upstream:remotename)%00%(upstream:remoteref) refs/heads/main refs/remotes/main [1ms]
2025-02-11 16:04:26.010 [info] > git status -z -uall [18ms]
2025-02-11 16:04:26.011 [info] > git for-each-ref --sort -committerdate --format %(refname) %(objectname) %(*objectname) [1ms]
2025-02-11 16:04:31.058 [info] > git config --get commit.template [20ms]
2025-02-11 16:04:31.059 [info] > git for-each-ref --format=%(refname)%00%(upstream:short)%00%(objectname)%00%(upstream:track)%00%(upstream:remotename)%00%(upstream:remoteref) refs/heads/main refs/remotes/main [2ms]
2025-02-11 16:04:31.097 [info] > git status -z -uall [19ms]
2025-02-11 16:04:31.098 [info] > git for-each-ref --sort -committerdate --format %(refname) %(objectname) %(*objectname) [2ms]
2025-02-11 16:04:37.366 [info] > git config --get commit.template [22ms]
2025-02-11 16:04:37.367 [info] > git for-each-ref --format=%(refname)%00%(upstream:short)%00%(objectname)%00%(upstream:track)%00%(upstream:remotename)%00%(upstream:remoteref) refs/heads/main refs/remotes/main [2ms]
2025-02-11 16:04:37.411 [info] > git status -z -uall [22ms]
2025-02-11 16:04:37.412 [info] > git for-each-ref --sort -committerdate --format %(refname) %(objectname) %(*objectname) [1ms]
2025-02-11 16:04:42.451 [info] > git config --get commit.template [16ms]
2025-02-11 16:04:42.452 [info] > git for-each-ref --format=%(refname)%00%(upstream:short)%00%(objectname)%00%(upstream:track)%00%(upstream:remotename)%00%(upstream:remoteref) refs/heads/main refs/remotes/main [2ms]
2025-02-11 16:04:42.486 [info] > git status -z -uall [19ms]
2025-02-11 16:04:42.487 [info] > git for-each-ref --sort -committerdate --format %(refname) %(objectname) %(*objectname) [2ms]
2025-02-11 16:05:10.055 [info] > git config --get commit.template [22ms]
2025-02-11 16:05:10.055 [info] > git for-each-ref --format=%(refname)%00%(upstream:short)%00%(objectname)%00%(upstream:track)%00%(upstream:remotename)%00%(upstream:remoteref) refs/heads/main refs/remotes/main [1ms]
2025-02-11 16:05:10.102 [info] > git status -z -uall [24ms]
2025-02-11 16:05:10.103 [info] > git for-each-ref --sort -committerdate --format %(refname) %(objectname) %(*objectname) [2ms]
2025-02-11 16:05:16.334 [info] > git config --get commit.template [19ms]
2025-02-11 16:05:16.335 [info] > git for-each-ref --format=%(refname)%00%(upstream:short)%00%(objectname)%00%(upstream:track)%00%(upstream:remotename)%00%(upstream:remoteref) refs/heads/main refs/remotes/main [2ms]
2025-02-11 16:05:16.371 [info] > git status -z -uall [17ms]
2025-02-11 16:05:16.372 [info] > git for-each-ref --sort -committerdate --format %(refname) %(objectname) %(*objectname) [1ms]
2025-02-11 16:06:33.586 [info] > git config --get commit.template [21ms]
2025-02-11 16:06:33.586 [info] > git for-each-ref --format=%(refname)%00%(upstream:short)%00%(objectname)%00%(upstream:track)%00%(upstream:remotename)%00%(upstream:remoteref) refs/heads/main refs/remotes/main [1ms]
2025-02-11 16:06:33.632 [info] > git status -z -uall [25ms]
2025-02-11 16:06:33.632 [info] > git for-each-ref --sort -committerdate --format %(refname) %(objectname) %(*objectname) [2ms]
2025-02-11 16:06:57.958 [info] > git show --textconv :hyprland/keybindings.conf [22ms]
2025-02-11 16:06:57.959 [info] > git ls-files --stage -- /home/navee/.config/hypr/hyprland/keybindings.conf [2ms]
2025-02-11 16:06:57.982 [info] > git cat-file -s eb14354e934d403752f8d9b56eee36b4294f2b25 [2ms]
2025-02-11 16:07:01.233 [info] > git check-ignore -v -z --stdin [24ms]
2025-02-11 16:07:01.234 [info] > git check-ignore -v -z --stdin [3ms]
2025-02-11 16:07:04.760 [info] > git fetch [953ms]
2025-02-11 16:07:04.795 [info] > git config --get commit.template [17ms]
2025-02-11 16:07:04.796 [info] > git for-each-ref --format=%(refname)%00%(upstream:short)%00%(objectname)%00%(upstream:track)%00%(upstream:remotename)%00%(upstream:remoteref) refs/heads/main refs/remotes/main [2ms]
2025-02-11 16:07:04.832 [info] > git for-each-ref --sort -committerdate --format %(refname) %(objectname) %(*objectname) [1ms]
2025-02-11 16:07:04.989 [info] > git status -z -uall [177ms] (cancelled)
2025-02-11 16:07:05.604 [info] > git ls-files --stage -- /home/navee/.config/hypr/hyprland/keybindings.conf [595ms]
2025-02-11 16:07:05.630 [info] > git cat-file -s eb14354e934d403752f8d9b56eee36b4294f2b25 [1ms]
2025-02-11 16:07:05.718 [info] > git show --textconv :hyprland/keybindings.conf [2ms]
2025-02-11 16:07:05.751 [info] > git fetch [1044ms]
2025-02-11 16:07:05.789 [info] > git config --get commit.template [18ms]
2025-02-11 16:07:05.790 [info] > git for-each-ref --format=%(refname)%00%(upstream:short)%00%(objectname)%00%(upstream:track)%00%(upstream:remotename)%00%(upstream:remoteref) refs/heads/main refs/remotes/main [1ms]
2025-02-11 16:07:05.824 [info] > git status -z -uall [17ms]
2025-02-11 16:07:05.825 [info] > git for-each-ref --sort -committerdate --format %(refname) %(objectname) %(*objectname) [2ms]
2025-02-11 16:07:06.993 [info] > git config --get commit.template [21ms]
2025-02-11 16:07:06.994 [info] > git for-each-ref --format=%(refname)%00%(upstream:short)%00%(objectname)%00%(upstream:track)%00%(upstream:remotename)%00%(upstream:remoteref) refs/heads/main refs/remotes/main [1ms]
2025-02-11 16:07:07.033 [info] > git status -z -uall [20ms]
2025-02-11 16:07:07.034 [info] > git for-each-ref --sort -committerdate --format %(refname) %(objectname) %(*objectname) [2ms]
2025-02-11 16:07:07.637 [info] > git fetch [724ms]
2025-02-11 16:07:07.675 [info] > git config --get commit.template [19ms]
2025-02-11 16:07:07.676 [info] > git for-each-ref --format=%(refname)%00%(upstream:short)%00%(objectname)%00%(upstream:track)%00%(upstream:remotename)%00%(upstream:remoteref) refs/heads/main refs/remotes/main [1ms]
2025-02-11 16:07:07.714 [info] > git status -z -uall [20ms]
2025-02-11 16:07:07.715 [info] > git for-each-ref --sort -committerdate --format %(refname) %(objectname) %(*objectname) [2ms]
2025-02-11 16:07:08.881 [info] > git config --get commit.template [20ms]
2025-02-11 16:07:08.881 [info] > git for-each-ref --format=%(refname)%00%(upstream:short)%00%(objectname)%00%(upstream:track)%00%(upstream:remotename)%00%(upstream:remoteref) refs/heads/main refs/remotes/main [1ms]
2025-02-11 16:07:08.920 [info] > git status -z -uall [20ms]
2025-02-11 16:07:08.921 [info] > git for-each-ref --sort -committerdate --format %(refname) %(objectname) %(*objectname) [1ms]
2025-02-11 16:07:08.963 [info] > git ls-files --stage -- /home/navee/.config/hypr/hyprland/keybindings.conf [1ms]
2025-02-11 16:07:08.984 [info] > git cat-file -s eb14354e934d403752f8d9b56eee36b4294f2b25 [1ms]
2025-02-11 16:07:09.006 [info] > git show --textconv :hyprland/keybindings.conf [2ms]
2025-02-11 16:07:09.111 [info] > git fetch [1498ms]
2025-02-11 16:07:09.152 [info] > git config --get commit.template [21ms]
2025-02-11 16:07:09.152 [info] > git for-each-ref --format=%(refname)%00%(upstream:short)%00%(objectname)%00%(upstream:track)%00%(upstream:remotename)%00%(upstream:remoteref) refs/heads/master refs/remotes/master [1ms]
2025-02-11 16:07:09.172 [warning] [Git][revParse] Unable to read file: ENOENT: no such file or directory, open '/home/navee/.config/libinput-gestures/.git/refs/remotes/origin/master'
2025-02-11 16:07:09.173 [info] > git rev-parse refs/remotes/origin/master [1ms]
2025-02-11 16:07:09.212 [info] > git status -z -uall [19ms]
2025-02-11 16:07:09.213 [info] > git for-each-ref --sort -committerdate --format %(refname) %(objectname) %(*objectname) [1ms]
2025-02-11 16:07:10.379 [info] > git config --get commit.template [19ms]
2025-02-11 16:07:10.380 [info] > git for-each-ref --format=%(refname)%00%(upstream:short)%00%(objectname)%00%(upstream:track)%00%(upstream:remotename)%00%(upstream:remoteref) refs/heads/master refs/remotes/master [1ms]
2025-02-11 16:07:10.399 [warning] [Git][revParse] Unable to read file: ENOENT: no such file or directory, open '/home/navee/.config/libinput-gestures/.git/refs/remotes/origin/master'
2025-02-11 16:07:10.400 [info] > git rev-parse refs/remotes/origin/master [1ms]
2025-02-11 16:07:10.439 [info] > git status -z -uall [20ms]
2025-02-11 16:07:10.440 [info] > git for-each-ref --sort -committerdate --format %(refname) %(objectname) %(*objectname) [2ms]
2025-02-11 16:07:27.549 [info] > git show --textconv :hyprland/windowrules.conf [21ms]
2025-02-11 16:07:27.550 [info] > git ls-files --stage -- /home/navee/.config/hypr/hyprland/windowrules.conf [1ms]
2025-02-11 16:07:27.571 [info] > git cat-file -s 01ae69627b3ddca0d3dd5b0c4d77d23ba5ec7984 [1ms]
2025-02-11 16:07:46.390 [info] > git show --textconv :hyprland/windowrules.conf [21ms]
2025-02-11 16:07:46.391 [info] > git ls-files --stage -- /home/navee/.config/hypr/hyprland/windowrules.conf [1ms]
2025-02-11 16:07:46.412 [info] > git cat-file -s 01ae69627b3ddca0d3dd5b0c4d77d23ba5ec7984 [1ms]
2025-02-11 16:12:28.447 [info] > git fetch [735ms]
2025-02-11 16:12:28.466 [info] > git fetch [734ms]
2025-02-11 16:12:28.484 [info] > git config --get commit.template [19ms]
2025-02-11 16:12:28.502 [info] > git config --get commit.template [18ms]
2025-02-11 16:12:28.520 [info] > git for-each-ref --format=%(refname)%00%(upstream:short)%00%(objectname)%00%(upstream:track)%00%(upstream:remotename)%00%(upstream:remoteref) refs/heads/main refs/remotes/main [19ms]
2025-02-11 16:12:28.520 [info] > git for-each-ref --format=%(refname)%00%(upstream:short)%00%(objectname)%00%(upstream:track)%00%(upstream:remotename)%00%(upstream:remoteref) refs/heads/main refs/remotes/main [1ms]
2025-02-11 16:12:28.558 [info] > git status -z -uall [20ms]
2025-02-11 16:12:28.558 [info] > git fetch [866ms]
2025-02-11 16:12:28.577 [info] > git for-each-ref --sort -committerdate --format %(refname) %(objectname) %(*objectname) [20ms]
2025-02-11 16:12:28.619 [info] > git status -z -uall [20ms]
2025-02-11 16:12:28.619 [info] > git config --get commit.template [43ms]
2025-02-11 16:12:28.621 [info] > git for-each-ref --sort -committerdate --format %(refname) %(objectname) %(*objectname) [1ms]
2025-02-11 16:12:28.649 [info] > git for-each-ref --format=%(refname)%00%(upstream:short)%00%(objectname)%00%(upstream:track)%00%(upstream:remotename)%00%(upstream:remoteref) refs/heads/main refs/remotes/main [3ms]
2025-02-11 16:12:28.693 [info] > git for-each-ref --sort -committerdate --format %(refname) %(objectname) %(*objectname) [2ms]
2025-02-11 16:12:28.865 [info] > git status -z -uall [196ms] (cancelled)
2025-02-11 16:12:29.651 [info] > git fetch [1900ms]
2025-02-11 16:12:29.714 [info] > git config --get commit.template [31ms]
2025-02-11 16:12:29.715 [info] > git for-each-ref --format=%(refname)%00%(upstream:short)%00%(objectname)%00%(upstream:track)%00%(upstream:remotename)%00%(upstream:remoteref) refs/heads/master refs/remotes/master [2ms]
2025-02-11 16:12:29.738 [warning] [Git][revParse] Unable to read file: ENOENT: no such file or directory, open '/home/navee/.config/libinput-gestures/.git/refs/remotes/origin/master'
2025-02-11 16:12:29.740 [info] > git rev-parse refs/remotes/origin/master [1ms]
2025-02-11 16:12:29.795 [info] > git status -z -uall [26ms]
2025-02-11 16:12:29.795 [info] > git for-each-ref --sort -committerdate --format %(refname) %(objectname) %(*objectname) [2ms]
2025-02-11 16:12:29.899 [info] > git config --get commit.template [1ms]
2025-02-11 16:12:29.923 [info] > git for-each-ref --format=%(refname)%00%(upstream:short)%00%(objectname)%00%(upstream:track)%00%(upstream:remotename)%00%(upstream:remoteref) refs/heads/main refs/remotes/main [2ms]
2025-02-11 16:12:29.962 [info] > git status -z -uall [20ms]
2025-02-11 16:12:29.962 [info] > git for-each-ref --sort -committerdate --format %(refname) %(objectname) %(*objectname) [1ms]
2025-02-11 16:12:30.775 [info] > git ls-files --stage -- /home/navee/.config/hypr/hyprland/windowrules.conf [1ms]
2025-02-11 16:12:30.793 [info] > git cat-file -s 01ae69627b3ddca0d3dd5b0c4d77d23ba5ec7984 [1ms]
2025-02-11 16:12:30.821 [info] > git show --textconv :hyprland/windowrules.conf [2ms]
2025-02-11 16:12:35.984 [info] > git check-ignore -v -z --stdin [1ms]
2025-02-11 16:12:38.272 [info] > git check-ignore -v -z --stdin [1ms]
2025-02-11 16:12:38.466 [info] > git log --format=%H%n%aN%n%aE%n%at%n%ct%n%P%n%D%n%B -z --shortstat --diff-merges=first-parent -n50 --skip=0 --topo-order --decorate=full --stdin [5ms]
2025-02-11 16:12:39.075 [info] > git check-ignore -v -z --stdin [1ms]
2025-02-11 16:12:40.484 [info] > git show --textconv :.git/COMMIT_EDITMSG [20ms]
2025-02-11 16:12:40.506 [info] > git ls-files --stage -- /home/navee/.config/waybar/.git/COMMIT_EDITMSG [22ms]
2025-02-11 16:12:40.527 [info] > git hash-object -t tree /dev/null [22ms]
2025-02-11 16:12:40.527 [warning] [GitFileSystemProvider][readFile] File not found - git:/home/navee/.config/waybar/.git/COMMIT_EDITMSG.git?%7B%22path%22%3A%22%2Fhome%2Fnavee%2F.config%2Fwaybar%2F.git%2FCOMMIT_EDITMSG%22%2C%22ref%22%3A%22%22%7D
2025-02-11 16:12:40.528 [info] > git hash-object -t tree /dev/null [2ms]
2025-02-11 16:12:40.528 [warning] [GitFileSystemProvider][stat] File not found - git:/home/navee/.config/waybar/.git/COMMIT_EDITMSG.git?%7B%22path%22%3A%22%2Fhome%2Fnavee%2F.config%2Fwaybar%2F.git%2FCOMMIT_EDITMSG%22%2C%22ref%22%3A%22%22%7D
2025-02-11 16:12:40.794 [info] > git check-ignore -v -z --stdin [1ms]
2025-02-11 16:12:45.520 [info] > git blame --root --incremental b444bb59e8f07ad5994a85667fa90a0013f1d7dc -- /home/navee/.config/waybar/.git/COMMIT_EDITMSG [2ms]
2025-02-11 16:12:45.520 [info] fatal: no such path .git/COMMIT_EDITMSG in b444bb59e8f07ad5994a85667fa90a0013f1d7dc
2025-02-11 16:13:07.409 [info] > git -c user.useConfigOnly=true commit --quiet [27314ms]
2025-02-11 16:13:07.459 [info] > git config --get commit.template [26ms]
2025-02-11 16:13:07.486 [info] > git log --format=%H%n%aN%n%aE%n%at%n%ct%n%P%n%D%n%B -z --shortstat --diff-merges=first-parent -n50 --skip=0 --topo-order --decorate=full --stdin [28ms]
2025-02-11 16:13:07.488 [info] > git for-each-ref --format=%(refname)%00%(upstream:short)%00%(objectname)%00%(upstream:track)%00%(upstream:remotename)%00%(upstream:remoteref) refs/heads/main refs/remotes/main [3ms]
2025-02-11 16:13:07.536 [info] > git status -z -uall [23ms]
2025-02-11 16:13:07.536 [info] > git for-each-ref --sort -committerdate --format %(refname) %(objectname) %(*objectname) [1ms]
2025-02-11 16:13:07.604 [info] > git config --get commit.template [20ms]
2025-02-11 16:13:07.605 [info] > git for-each-ref --format=%(refname)%00%(upstream:short)%00%(objectname)%00%(upstream:track)%00%(upstream:remotename)%00%(upstream:remoteref) refs/heads/main refs/remotes/main [1ms]
2025-02-11 16:13:07.646 [info] > git status -z -uall [21ms]
2025-02-11 16:13:07.647 [info] > git for-each-ref --sort -committerdate --format %(refname) %(objectname) %(*objectname) [2ms]
2025-02-11 16:13:07.780 [info] > git show --textconv :hyprland/windowrules.conf [22ms]
2025-02-11 16:13:07.782 [info] > git ls-files --stage -- /home/navee/.config/hypr/hyprland/windowrules.conf [1ms]
2025-02-11 16:13:07.802 [info] > git cat-file -s 01ae69627b3ddca0d3dd5b0c4d77d23ba5ec7984 [1ms]
2025-02-11 16:13:22.231 [info] > git check-ignore -v -z --stdin [1ms]
2025-02-11 16:13:23.441 [info] > git check-ignore -v -z --stdin [1ms]
2025-02-11 16:13:32.286 [info] > git check-ignore -v -z --stdin [20ms]
2025-02-11 16:13:32.287 [info] > git check-ignore -v -z --stdin [2ms]
2025-02-11 16:13:32.906 [info] > git check-ignore -v -z --stdin [2ms]
2025-02-11 16:13:40.791 [info] > git check-ignore -v -z --stdin [1ms]
2025-02-11 16:13:42.628 [info] > git check-ignore -v -z --stdin [1ms]
2025-02-11 16:13:44.474 [info] > git check-ignore -v -z --stdin [1ms]
2025-02-11 16:13:45.340 [info] > git check-ignore -v -z --stdin [1ms]
2025-02-11 16:13:50.669 [info] > git check-ignore -v -z --stdin [1ms]
2025-02-11 16:13:51.936 [info] > git check-ignore -v -z --stdin [1ms]
2025-02-11 16:13:54.352 [info] > git check-ignore -v -z --stdin [1ms]
2025-02-11 16:13:57.094 [info] > git check-ignore -v -z --stdin [1ms]
2025-02-11 16:14:07.488 [info] > git show --textconv :wlogout/layout [23ms]
2025-02-11 16:14:07.511 [info] > git ls-files --stage -- /home/navee/.config/wlogout/layout [23ms]
2025-02-11 16:14:07.535 [info] > git hash-object -t tree /dev/null [25ms]
2025-02-11 16:14:07.535 [warning] [GitFileSystemProvider][readFile] File not found - git:/home/navee/.config/wlogout/layout.git?%7B%22path%22%3A%22%2Fhome%2Fnavee%2F.config%2Fwlogout%2Flayout%22%2C%22ref%22%3A%22%22%7D
2025-02-11 16:14:07.536 [info] > git hash-object -t tree /dev/null [2ms]
2025-02-11 16:14:07.536 [warning] [GitFileSystemProvider][stat] File not found - git:/home/navee/.config/wlogout/layout.git?%7B%22path%22%3A%22%2Fhome%2Fnavee%2F.config%2Fwlogout%2Flayout%22%2C%22ref%22%3A%22%22%7D
2025-02-11 16:14:12.646 [info] > git show --textconv :wlogout/mocha.css [22ms]
2025-02-11 16:14:12.647 [warning] [GitFileSystemProvider][readFile] File not found - git:/home/navee/.config/wlogout/mocha.css.git?%7B%22path%22%3A%22%2Fhome%2Fnavee%2F.config%2Fwlogout%2Fmocha.css%22%2C%22ref%22%3A%22%22%7D
2025-02-11 16:14:12.648 [info] > git ls-files --stage -- /home/navee/.config/wlogout/mocha.css [4ms]
2025-02-11 16:14:12.649 [warning] [GitFileSystemProvider][stat] File not found - git:/home/navee/.config/wlogout/mocha.css.git?%7B%22path%22%3A%22%2Fhome%2Fnavee%2F.config%2Fwlogout%2Fmocha.css%22%2C%22ref%22%3A%22%22%7D
2025-02-11 16:14:14.064 [info] > git show --textconv :wlogout/style.css [18ms]
2025-02-11 16:14:14.065 [warning] [GitFileSystemProvider][readFile] File not found - git:/home/navee/.config/wlogout/style.css.git?%7B%22path%22%3A%22%2Fhome%2Fnavee%2F.config%2Fwlogout%2Fstyle.css%22%2C%22ref%22%3A%22%22%7D
2025-02-11 16:14:14.066 [info] > git ls-files --stage -- /home/navee/.config/wlogout/style.css [2ms]
2025-02-11 16:14:14.066 [warning] [GitFileSystemProvider][stat] File not found - git:/home/navee/.config/wlogout/style.css.git?%7B%22path%22%3A%22%2Fhome%2Fnavee%2F.config%2Fwlogout%2Fstyle.css%22%2C%22ref%22%3A%22%22%7D
2025-02-11 16:14:15.292 [info] > git show --textconv :wlogout/layout [20ms]
2025-02-11 16:14:15.293 [warning] [GitFileSystemProvider][readFile] File not found - git:/home/navee/.config/wlogout/layout.git?%7B%22path%22%3A%22%2Fhome%2Fnavee%2F.config%2Fwlogout%2Flayout%22%2C%22ref%22%3A%22%22%7D
2025-02-11 16:14:15.293 [info] > git ls-files --stage -- /home/navee/.config/wlogout/layout [2ms]
2025-02-11 16:14:15.294 [warning] [GitFileSystemProvider][stat] File not found - git:/home/navee/.config/wlogout/layout.git?%7B%22path%22%3A%22%2Fhome%2Fnavee%2F.config%2Fwlogout%2Flayout%22%2C%22ref%22%3A%22%22%7D
2025-02-11 16:15:14.031 [info] > git show --textconv :wlogout/mocha.css [19ms]
2025-02-11 16:15:14.033 [warning] [GitFileSystemProvider][readFile] File not found - git:/home/navee/.config/wlogout/mocha.css.git?%7B%22path%22%3A%22%2Fhome%2Fnavee%2F.config%2Fwlogout%2Fmocha.css%22%2C%22ref%22%3A%22%22%7D
2025-02-11 16:15:14.033 [info] > git ls-files --stage -- /home/navee/.config/wlogout/mocha.css [2ms]
2025-02-11 16:15:14.034 [warning] [GitFileSystemProvider][stat] File not found - git:/home/navee/.config/wlogout/mocha.css.git?%7B%22path%22%3A%22%2Fhome%2Fnavee%2F.config%2Fwlogout%2Fmocha.css%22%2C%22ref%22%3A%22%22%7D
2025-02-11 16:15:14.728 [info] > git show --textconv :wlogout/style.css [21ms]
2025-02-11 16:15:14.730 [warning] [GitFileSystemProvider][readFile] File not found - git:/home/navee/.config/wlogout/style.css.git?%7B%22path%22%3A%22%2Fhome%2Fnavee%2F.config%2Fwlogout%2Fstyle.css%22%2C%22ref%22%3A%22%22%7D
2025-02-11 16:15:14.731 [info] > git ls-files --stage -- /home/navee/.config/wlogout/style.css [4ms]
2025-02-11 16:15:14.732 [warning] [GitFileSystemProvider][stat] File not found - git:/home/navee/.config/wlogout/style.css.git?%7B%22path%22%3A%22%2Fhome%2Fnavee%2F.config%2Fwlogout%2Fstyle.css%22%2C%22ref%22%3A%22%22%7D
2025-02-11 16:15:22.249 [info] > git blame --root --incremental 144a4fba15f2a705f89fe600e8c07eb6a8c5bc92 -- /home/navee/.config/wlogout/style.css [2ms]
2025-02-11 16:15:22.249 [info] fatal: no such path wlogout/style.css in 144a4fba15f2a705f89fe600e8c07eb6a8c5bc92
2025-02-11 16:15:29.756 [info] > git fetch [1155ms]
2025-02-11 16:15:29.775 [info] > git fetch [1130ms]
2025-02-11 16:15:29.793 [info] > git config --get commit.template [19ms]
2025-02-11 16:15:29.830 [info] > git for-each-ref --format=%(refname)%00%(upstream:short)%00%(objectname)%00%(upstream:track)%00%(upstream:remotename)%00%(upstream:remoteref) refs/heads/main refs/remotes/main [20ms]
2025-02-11 16:15:29.867 [info] > git config --get commit.template [74ms]
2025-02-11 16:15:29.886 [info] > git status -z -uall [38ms]
2025-02-11 16:15:29.887 [info] > git for-each-ref --format=%(refname)%00%(upstream:short)%00%(objectname)%00%(upstream:track)%00%(upstream:remotename)%00%(upstream:remoteref) refs/heads/main refs/remotes/main [2ms]
2025-02-11 16:15:29.887 [info] > git for-each-ref --sort -committerdate --format %(refname) %(objectname) %(*objectname) [20ms]
2025-02-11 16:15:29.930 [info] > git status -z -uall [18ms]
2025-02-11 16:15:29.931 [info] > git for-each-ref --sort -committerdate --format %(refname) %(objectname) %(*objectname) [1ms]
2025-02-11 16:15:30.129 [info] > git fetch [1243ms]
2025-02-11 16:15:30.151 [info] > git config --get commit.template [2ms]
2025-02-11 16:15:30.170 [info] > git for-each-ref --format=%(refname)%00%(upstream:short)%00%(objectname)%00%(upstream:track)%00%(upstream:remotename)%00%(upstream:remoteref) refs/heads/main refs/remotes/main [1ms]
2025-02-11 16:15:30.210 [info] > git for-each-ref --sort -committerdate --format %(refname) %(objectname) %(*objectname) [1ms]
2025-02-11 16:15:30.382 [info] > git status -z -uall [194ms] (cancelled)
2025-02-11 16:15:31.087 [info] > git config --get commit.template [1ms]
2025-02-11 16:15:31.113 [info] > git for-each-ref --format=%(refname)%00%(upstream:short)%00%(objectname)%00%(upstream:track)%00%(upstream:remotename)%00%(upstream:remoteref) refs/heads/main refs/remotes/main [2ms]
2025-02-11 16:15:31.155 [info] > git status -z -uall [19ms]
2025-02-11 16:15:31.156 [info] > git for-each-ref --sort -committerdate --format %(refname) %(objectname) %(*objectname) [2ms]
2025-02-11 16:15:31.645 [info] > git fetch [1815ms]
2025-02-11 16:15:31.679 [info] > git config --get commit.template [16ms]
2025-02-11 16:15:31.679 [info] > git for-each-ref --format=%(refname)%00%(upstream:short)%00%(objectname)%00%(upstream:track)%00%(upstream:remotename)%00%(upstream:remoteref) refs/heads/master refs/remotes/master [1ms]
2025-02-11 16:15:31.695 [warning] [Git][revParse] Unable to read file: ENOENT: no such file or directory, open '/home/navee/.config/libinput-gestures/.git/refs/remotes/origin/master'
2025-02-11 16:15:31.696 [info] > git rev-parse refs/remotes/origin/master [1ms]
2025-02-11 16:15:31.726 [info] > git status -z -uall [16ms]
2025-02-11 16:15:31.727 [info] > git for-each-ref --sort -committerdate --format %(refname) %(objectname) %(*objectname) [1ms]
2025-02-11 16:15:32.835 [info] > git config --get commit.template [15ms]
2025-02-11 16:15:32.836 [info] > git for-each-ref --format=%(refname)%00%(upstream:short)%00%(objectname)%00%(upstream:track)%00%(upstream:remotename)%00%(upstream:remoteref) refs/heads/master refs/remotes/master [2ms]
2025-02-11 16:15:32.851 [warning] [Git][revParse] Unable to read file: ENOENT: no such file or directory, open '/home/navee/.config/libinput-gestures/.git/refs/remotes/origin/master'
2025-02-11 16:15:32.852 [info] > git rev-parse refs/remotes/origin/master [1ms]
2025-02-11 16:15:32.882 [info] > git status -z -uall [16ms]
2025-02-11 16:15:32.883 [info] > git for-each-ref --sort -committerdate --format %(refname) %(objectname) %(*objectname) [2ms]
2025-02-11 16:17:43.668 [info] > git show --textconv :hyprland/keybindings.conf [22ms]
2025-02-11 16:17:43.668 [info] > git ls-files --stage -- /home/navee/.config/hypr/hyprland/keybindings.conf [1ms]
2025-02-11 16:17:43.692 [info] > git cat-file -s eb14354e934d403752f8d9b56eee36b4294f2b25 [2ms]
2025-02-11 16:17:46.342 [info] > git show --textconv :wlogout/style.css [25ms]
2025-02-11 16:17:46.343 [warning] [GitFileSystemProvider][readFile] File not found - git:/home/navee/.config/wlogout/style.css.git?%7B%22path%22%3A%22%2Fhome%2Fnavee%2F.config%2Fwlogout%2Fstyle.css%22%2C%22ref%22%3A%22%22%7D
2025-02-11 16:17:46.344 [info] > git ls-files --stage -- /home/navee/.config/wlogout/style.css [3ms]
2025-02-11 16:17:46.345 [warning] [GitFileSystemProvider][stat] File not found - git:/home/navee/.config/wlogout/style.css.git?%7B%22path%22%3A%22%2Fhome%2Fnavee%2F.config%2Fwlogout%2Fstyle.css%22%2C%22ref%22%3A%22%22%7D
2025-02-11 16:17:47.665 [info] > git show --textconv :hyprland/keybindings.conf [22ms]
2025-02-11 16:17:47.666 [info] > git ls-files --stage -- /home/navee/.config/hypr/hyprland/keybindings.conf [2ms]
2025-02-11 16:17:47.690 [info] > git cat-file -s eb14354e934d403752f8d9b56eee36b4294f2b25 [3ms]
2025-02-11 16:18:38.012 [info] > git fetch [773ms]
2025-02-11 16:18:38.048 [info] > git fetch [876ms]
2025-02-11 16:18:38.049 [info] > git fetch [845ms]
2025-02-11 16:18:38.112 [info] > git config --get commit.template [65ms]
2025-02-11 16:18:38.147 [info] > git config --get commit.template [68ms]
2025-02-11 16:18:38.149 [info] > git config --get commit.template [37ms]
2025-02-11 16:18:38.213 [info] > git for-each-ref --format=%(refname)%00%(upstream:short)%00%(objectname)%00%(upstream:track)%00%(upstream:remotename)%00%(upstream:remoteref) refs/heads/main refs/remotes/main [67ms]
2025-02-11 16:18:38.278 [info] > git for-each-ref --format=%(refname)%00%(upstream:short)%00%(objectname)%00%(upstream:track)%00%(upstream:remotename)%00%(upstream:remoteref) refs/heads/main refs/remotes/main [66ms]
2025-02-11 16:18:38.278 [info] > git for-each-ref --format=%(refname)%00%(upstream:short)%00%(objectname)%00%(upstream:track)%00%(upstream:remotename)%00%(upstream:remoteref) refs/heads/main refs/remotes/main [99ms]
2025-02-11 16:18:38.346 [info] > git status -z -uall [37ms]
2025-02-11 16:18:38.346 [info] > git for-each-ref --sort -committerdate --format %(refname) %(objectname) %(*objectname) [4ms]
2025-02-11 16:18:38.358 [info] > git for-each-ref --sort -committerdate --format %(refname) %(objectname) %(*objectname) [82ms]
2025-02-11 16:18:38.432 [info] > git status -z -uall [36ms]
2025-02-11 16:18:38.434 [info] > git for-each-ref --sort -committerdate --format %(refname) %(objectname) %(*objectname) [7ms]
2025-02-11 16:18:39.908 [info] > git status -z -uall [1665ms] (cancelled)
2025-02-11 16:18:39.908 [info] > git fetch [2632ms]
2025-02-11 16:18:40.011 [info] > git config --get commit.template [6ms]
2025-02-11 16:18:40.050 [info] > git for-each-ref --format=%(refname)%00%(upstream:short)%00%(objectname)%00%(upstream:track)%00%(upstream:remotename)%00%(upstream:remoteref) refs/heads/master refs/remotes/master [3ms]
2025-02-11 16:18:40.085 [warning] [Git][revParse] Unable to read file: ENOENT: no such file or directory, open '/home/navee/.config/libinput-gestures/.git/refs/remotes/origin/master'
2025-02-11 16:18:40.089 [info] > git rev-parse refs/remotes/origin/master [4ms]
2025-02-11 16:18:40.158 [info] > git status -z -uall [34ms]
2025-02-11 16:18:40.194 [info] > git for-each-ref --sort -committerdate --format %(refname) %(objectname) %(*objectname) [36ms]
2025-02-11 16:18:40.206 [info] > git ls-files --stage -- /home/navee/.config/hypr/hyprland/keybindings.conf [14ms]
2025-02-11 16:18:40.245 [info] > git cat-file -s eb14354e934d403752f8d9b56eee36b4294f2b25 [3ms]
2025-02-11 16:18:40.286 [info] > git show --textconv :hyprland/keybindings.conf [3ms]
2025-02-11 16:18:42.912 [info] > git ls-files --stage -- /home/navee/.config/hypr/hyprland/keybindings.conf [2ms]
2025-02-11 16:18:42.945 [info] > git cat-file -s eb14354e934d403752f8d9b56eee36b4294f2b25 [2ms]
2025-02-11 16:18:42.985 [info] > git show --textconv :hyprland/keybindings.conf [2ms]
2025-02-11 16:22:19.693 [info] > git fetch [741ms]
2025-02-11 16:22:19.693 [info] > git fetch [762ms]
2025-02-11 16:22:19.730 [info] > git fetch [755ms]
2025-02-11 16:22:19.749 [info] > git config --get commit.template [20ms]
2025-02-11 16:22:19.749 [info] > git config --get commit.template [38ms]
2025-02-11 16:22:19.786 [info] > git config --get commit.template [38ms]
2025-02-11 16:22:19.806 [info] > git for-each-ref --format=%(refname)%00%(upstream:short)%00%(objectname)%00%(upstream:track)%00%(upstream:remotename)%00%(upstream:remoteref) refs/heads/main refs/remotes/main [21ms]
2025-02-11 16:22:19.842 [info] > git for-each-ref --format=%(refname)%00%(upstream:short)%00%(objectname)%00%(upstream:track)%00%(upstream:remotename)%00%(upstream:remoteref) refs/heads/main refs/remotes/main [75ms]
2025-02-11 16:22:19.844 [info] > git status -z -uall [20ms]
2025-02-11 16:22:19.844 [info] > git for-each-ref --format=%(refname)%00%(upstream:short)%00%(objectname)%00%(upstream:track)%00%(upstream:remotename)%00%(upstream:remoteref) refs/heads/main refs/remotes/main [39ms]
2025-02-11 16:22:19.883 [info] > git for-each-ref --sort -committerdate --format %(refname) %(objectname) %(*objectname) [41ms]
2025-02-11 16:22:19.889 [info] > git for-each-ref --sort -committerdate --format %(refname) %(objectname) %(*objectname) [8ms]
2025-02-11 16:22:19.930 [info] > git status -z -uall [20ms]
2025-02-11 16:22:19.931 [info] > git for-each-ref --sort -committerdate --format %(refname) %(objectname) %(*objectname) [2ms]
2025-02-11 16:22:20.060 [info] > git status -z -uall [199ms] (cancelled)
2025-02-11 16:22:20.659 [info] > git fetch [1663ms]
2025-02-11 16:22:20.684 [info] > git config --get commit.template [1ms]
2025-02-11 16:22:20.714 [info] > git for-each-ref --format=%(refname)%00%(upstream:short)%00%(objectname)%00%(upstream:track)%00%(upstream:remotename)%00%(upstream:remoteref) refs/heads/master refs/remotes/master [2ms]
2025-02-11 16:22:20.734 [warning] [Git][revParse] Unable to read file: ENOENT: no such file or directory, open '/home/navee/.config/libinput-gestures/.git/refs/remotes/origin/master'
2025-02-11 16:22:20.735 [info] > git rev-parse refs/remotes/origin/master [1ms]
2025-02-11 16:22:20.777 [info] > git status -z -uall [19ms]
2025-02-11 16:22:20.778 [info] > git for-each-ref --sort -committerdate --format %(refname) %(objectname) %(*objectname) [2ms]
2025-02-11 16:24:15.033 [info] > git ls-files --stage -- /home/navee/.config/hypr/hyprland/keybindings.conf [2ms]
2025-02-11 16:24:15.055 [info] > git cat-file -s eb14354e934d403752f8d9b56eee36b4294f2b25 [1ms]
2025-02-11 16:24:15.080 [info] > git show --textconv :hyprland/keybindings.conf [2ms]
2025-02-11 16:24:21.729 [info] > git show --textconv :style.css [21ms]
2025-02-11 16:24:21.729 [info] > git ls-files --stage -- /home/navee/.config/waybar/style.css [1ms]
2025-02-11 16:24:21.749 [info] > git cat-file -s ea78eb9fd4b6a3bd9d1a542e3870d9d9ff1f9b9b [1ms]
2025-02-11 16:24:30.338 [info] > git blame --root --incremental af9162dea9d33ea4c96c82ccad5cfc7bc3bd8133 -- /home/navee/.config/waybar/style.css [1ms]
2025-02-11 16:25:00.617 [info] > git config --get commit.template [2ms]
2025-02-11 16:25:00.641 [info] > git for-each-ref --format=%(refname)%00%(upstream:short)%00%(objectname)%00%(upstream:track)%00%(upstream:remotename)%00%(upstream:remoteref) refs/heads/main refs/remotes/main [1ms]
2025-02-11 16:25:00.687 [info] > git status -z -uall [23ms]
2025-02-11 16:25:00.688 [info] > git for-each-ref --sort -committerdate --format %(refname) %(objectname) %(*objectname) [2ms]
2025-02-11 16:25:20.749 [info] > git fetch [839ms]
2025-02-11 16:25:20.750 [info] > git fetch [791ms]
2025-02-11 16:25:20.783 [info] > git config --get commit.template [17ms]
2025-02-11 16:25:20.783 [info] > git config --get commit.template [1ms]
2025-02-11 16:25:20.838 [info] > git for-each-ref --format=%(refname)%00%(upstream:short)%00%(objectname)%00%(upstream:track)%00%(upstream:remotename)%00%(upstream:remoteref) refs/heads/main refs/remotes/main [19ms]
2025-02-11 16:25:20.839 [info] > git for-each-ref --format=%(refname)%00%(upstream:short)%00%(objectname)%00%(upstream:track)%00%(upstream:remotename)%00%(upstream:remoteref) refs/heads/main refs/remotes/main [37ms]
2025-02-11 16:25:20.876 [info] > git status -z -uall [20ms]
2025-02-11 16:25:20.876 [info] > git for-each-ref --sort -committerdate --format %(refname) %(objectname) %(*objectname) [2ms]
2025-02-11 16:25:20.920 [info] > git status -z -uall [18ms]
2025-02-11 16:25:20.920 [info] > git for-each-ref --sort -committerdate --format %(refname) %(objectname) %(*objectname) [1ms]
2025-02-11 16:25:21.055 [info] > git fetch [978ms]
2025-02-11 16:25:21.093 [info] > git config --get commit.template [20ms]
2025-02-11 16:25:21.093 [info] > git for-each-ref --format=%(refname)%00%(upstream:short)%00%(objectname)%00%(upstream:track)%00%(upstream:remotename)%00%(upstream:remoteref) refs/heads/main refs/remotes/main [1ms]
2025-02-11 16:25:21.138 [info] > git for-each-ref --sort -committerdate --format %(refname) %(objectname) %(*objectname) [2ms]
2025-02-11 16:25:21.293 [info] > git status -z -uall [180ms] (cancelled)
2025-02-11 16:25:22.285 [info] > git fetch [1447ms]
2025-02-11 16:25:22.321 [info] > git config --get commit.template [18ms]
2025-02-11 16:25:22.322 [info] > git for-each-ref --format=%(refname)%00%(upstream:short)%00%(objectname)%00%(upstream:track)%00%(upstream:remotename)%00%(upstream:remoteref) refs/heads/master refs/remotes/master [1ms]
2025-02-11 16:25:22.340 [warning] [Git][revParse] Unable to read file: ENOENT: no such file or directory, open '/home/navee/.config/libinput-gestures/.git/refs/remotes/origin/master'
2025-02-11 16:25:22.341 [info] > git rev-parse refs/remotes/origin/master [1ms]
2025-02-11 16:25:22.377 [info] > git status -z -uall [19ms]
2025-02-11 16:25:22.377 [info] > git for-each-ref --sort -committerdate --format %(refname) %(objectname) %(*objectname) [1ms]
2025-02-11 16:25:22.432 [info] > git ls-files --stage -- /home/navee/.config/hypr/hyprland/keybindings.conf [19ms]
2025-02-11 16:25:22.450 [info] > git ls-files --stage -- /home/navee/.config/waybar/style.css [19ms]
2025-02-11 16:25:22.467 [info] > git cat-file -s eb14354e934d403752f8d9b56eee36b4294f2b25 [17ms]
2025-02-11 16:25:22.467 [info] > git cat-file -s ea78eb9fd4b6a3bd9d1a542e3870d9d9ff1f9b9b [1ms]
2025-02-11 16:25:22.504 [info] > git show --textconv :hyprland/keybindings.conf [19ms]
2025-02-11 16:25:22.505 [info] > git show --textconv :style.css [1ms]
2025-02-11 16:25:23.541 [info] > git config --get commit.template [17ms]
2025-02-11 16:25:23.542 [info] > git for-each-ref --format=%(refname)%00%(upstream:short)%00%(objectname)%00%(upstream:track)%00%(upstream:remotename)%00%(upstream:remoteref) refs/heads/master refs/remotes/master [1ms]
2025-02-11 16:25:23.559 [warning] [Git][revParse] Unable to read file: ENOENT: no such file or directory, open '/home/navee/.config/libinput-gestures/.git/refs/remotes/origin/master'
2025-02-11 16:25:23.560 [info] > git rev-parse refs/remotes/origin/master [1ms]
2025-02-11 16:25:23.596 [info] > git status -z -uall [18ms]
2025-02-11 16:25:23.596 [info] > git for-each-ref --sort -committerdate --format %(refname) %(objectname) %(*objectname) [1ms]
2025-02-11 16:26:19.824 [info] > git config --get commit.template [22ms]
2025-02-11 16:26:19.825 [info] > git for-each-ref --format=%(refname)%00%(upstream:short)%00%(objectname)%00%(upstream:track)%00%(upstream:remotename)%00%(upstream:remoteref) refs/heads/main refs/remotes/main [1ms]
2025-02-11 16:26:19.868 [info] > git status -z -uall [21ms]
2025-02-11 16:26:19.869 [info] > git for-each-ref --sort -committerdate --format %(refname) %(objectname) %(*objectname) [2ms]
2025-02-11 16:27:21.518 [info] > git config --get commit.template [23ms]
2025-02-11 16:27:21.519 [info] > git for-each-ref --format=%(refname)%00%(upstream:short)%00%(objectname)%00%(upstream:track)%00%(upstream:remotename)%00%(upstream:remoteref) refs/heads/main refs/remotes/main [2ms]
2025-02-11 16:27:21.559 [info] > git status -z -uall [20ms]
2025-02-11 16:27:21.560 [info] > git for-each-ref --sort -committerdate --format %(refname) %(objectname) %(*objectname) [2ms]
2025-02-11 16:28:01.355 [info] > git config --get commit.template [21ms]
2025-02-11 16:28:01.355 [info] > git for-each-ref --format=%(refname)%00%(upstream:short)%00%(objectname)%00%(upstream:track)%00%(upstream:remotename)%00%(upstream:remoteref) refs/heads/main refs/remotes/main [1ms]
2025-02-11 16:28:01.399 [info] > git status -z -uall [20ms]
2025-02-11 16:28:01.400 [info] > git for-each-ref --sort -committerdate --format %(refname) %(objectname) %(*objectname) [2ms]
2025-02-11 16:28:03.515 [info] > git show --textconv :hyprland/windowrules.conf [21ms]
2025-02-11 16:28:03.516 [info] > git ls-files --stage -- /home/navee/.config/hypr/hyprland/windowrules.conf [1ms]
2025-02-11 16:28:03.540 [info] > git cat-file -s 01ae69627b3ddca0d3dd5b0c4d77d23ba5ec7984 [2ms]
2025-02-11 16:28:09.330 [info] > git config --get commit.template [17ms]
2025-02-11 16:28:09.330 [info] > git for-each-ref --format=%(refname)%00%(upstream:short)%00%(objectname)%00%(upstream:track)%00%(upstream:remotename)%00%(upstream:remoteref) refs/heads/main refs/remotes/main [1ms]
2025-02-11 16:28:09.373 [info] > git status -z -uall [22ms]
2025-02-11 16:28:09.374 [info] > git for-each-ref --sort -committerdate --format %(refname) %(objectname) %(*objectname) [2ms]
2025-02-11 16:28:14.722 [info] > git show --textconv :hyprland/keybindings.conf [22ms]
2025-02-11 16:28:14.723 [info] > git ls-files --stage -- /home/navee/.config/hypr/hyprland/keybindings.conf [2ms]
2025-02-11 16:28:14.746 [info] > git cat-file -s eb14354e934d403752f8d9b56eee36b4294f2b25 [2ms]
2025-02-11 16:28:21.707 [info] > git fetch [806ms]
2025-02-11 16:28:21.728 [info] > git fetch [783ms]
2025-02-11 16:28:21.752 [info] > git config --get commit.template [25ms]
2025-02-11 16:28:21.753 [info] > git config --get commit.template [1ms]
2025-02-11 16:28:21.797 [info] > git for-each-ref --format=%(refname)%00%(upstream:short)%00%(objectname)%00%(upstream:track)%00%(upstream:remotename)%00%(upstream:remoteref) refs/heads/main refs/remotes/main [21ms]
2025-02-11 16:28:21.836 [info] > git status -z -uall [20ms]
2025-02-11 16:28:21.836 [info] > git for-each-ref --format=%(refname)%00%(upstream:short)%00%(objectname)%00%(upstream:track)%00%(upstream:remotename)%00%(upstream:remoteref) refs/heads/main refs/remotes/main [40ms]
2025-02-11 16:28:21.837 [info] > git for-each-ref --sort -committerdate --format %(refname) %(objectname) %(*objectname) [2ms]
2025-02-11 16:28:21.884 [info] > git status -z -uall [20ms]
2025-02-11 16:28:21.885 [info] > git for-each-ref --sort -committerdate --format %(refname) %(objectname) %(*objectname) [1ms]
2025-02-11 16:28:22.013 [info] > git fetch [698ms]
2025-02-11 16:28:22.057 [info] > git for-each-ref --format=%(refname)%00%(upstream:short)%00%(objectname)%00%(upstream:track)%00%(upstream:remotename)%00%(upstream:remoteref) refs/heads/main refs/remotes/main [2ms]
2025-02-11 16:28:22.057 [info] > git config --get commit.template [23ms]
2025-02-11 16:28:22.099 [info] > git for-each-ref --sort -committerdate --format %(refname) %(objectname) %(*objectname) [1ms]
2025-02-11 16:28:22.275 [info] > git status -z -uall [198ms] (cancelled)
2025-02-11 16:28:23.635 [info] > git config --get commit.template [23ms]
2025-02-11 16:28:23.635 [info] > git config --get commit.template [1ms]
2025-02-11 16:28:23.678 [info] > git for-each-ref --format=%(refname)%00%(upstream:short)%00%(objectname)%00%(upstream:track)%00%(upstream:remotename)%00%(upstream:remoteref) refs/heads/main refs/remotes/main [20ms]
2025-02-11 16:28:23.719 [info] > git status -z -uall [21ms]
2025-02-11 16:28:23.719 [info] > git for-each-ref --format=%(refname)%00%(upstream:short)%00%(objectname)%00%(upstream:track)%00%(upstream:remotename)%00%(upstream:remoteref) refs/heads/main refs/remotes/main [42ms]
2025-02-11 16:28:23.762 [info] > git status -z -uall [23ms]
2025-02-11 16:28:23.762 [info] > git for-each-ref --sort -committerdate --format %(refname) %(objectname) %(*objectname) [44ms]
2025-02-11 16:28:23.768 [info] > git for-each-ref --sort -committerdate --format %(refname) %(objectname) %(*objectname) [8ms]
2025-02-11 16:28:24.982 [info] > git fetch [1406ms]
2025-02-11 16:28:25.015 [info] > git config --get commit.template [16ms]
2025-02-11 16:28:25.016 [info] > git for-each-ref --format=%(refname)%00%(upstream:short)%00%(objectname)%00%(upstream:track)%00%(upstream:remotename)%00%(upstream:remoteref) refs/heads/master refs/remotes/master [1ms]
2025-02-11 16:28:25.032 [warning] [Git][revParse] Unable to read file: ENOENT: no such file or directory, open '/home/navee/.config/libinput-gestures/.git/refs/remotes/origin/master'
2025-02-11 16:28:25.033 [info] > git rev-parse refs/remotes/origin/master [1ms]
2025-02-11 16:28:25.066 [info] > git status -z -uall [17ms]
2025-02-11 16:28:25.067 [info] > git for-each-ref --sort -committerdate --format %(refname) %(objectname) %(*objectname) [2ms]
2025-02-11 16:28:36.951 [info] > git config --get commit.template [22ms]
2025-02-11 16:28:36.971 [info] > git config --get commit.template [21ms]
2025-02-11 16:28:37.009 [info] > git ls-files --stage -- /home/navee/.config/hypr/hyprland/keybindings.conf [38ms]
2025-02-11 16:28:37.028 [info] > git for-each-ref --format=%(refname)%00%(upstream:short)%00%(objectname)%00%(upstream:track)%00%(upstream:remotename)%00%(upstream:remoteref) refs/heads/main refs/remotes/main [20ms]
2025-02-11 16:28:37.028 [info] > git for-each-ref --format=%(refname)%00%(upstream:short)%00%(objectname)%00%(upstream:track)%00%(upstream:remotename)%00%(upstream:remoteref) refs/heads/master refs/remotes/master [38ms]
2025-02-11 16:28:37.045 [warning] [Git][revParse] Unable to read file: ENOENT: no such file or directory, open '/home/navee/.config/libinput-gestures/.git/refs/remotes/origin/master'
2025-02-11 16:28:37.046 [info] > git cat-file -s eb14354e934d403752f8d9b56eee36b4294f2b25 [19ms]
2025-02-11 16:28:37.046 [info] > git rev-parse refs/remotes/origin/master [1ms]
2025-02-11 16:28:37.081 [info] > git status -z -uall [18ms]
2025-02-11 16:28:37.141 [info] > git show --textconv :hyprland/keybindings.conf [40ms]
2025-02-11 16:28:37.141 [info] > git status -z -uall [19ms]
2025-02-11 16:28:37.141 [info] > git for-each-ref --sort -committerdate --format %(refname) %(objectname) %(*objectname) [61ms]
2025-02-11 16:28:37.147 [info] > git for-each-ref --sort -committerdate --format %(refname) %(objectname) %(*objectname) [6ms]
