[1739269653844] INFO  (ext): SQLTools is starting
[1739269653846] INFO  (ext): initializing language client...
[1739269653847] INFO  (ext): Registering client for languages [{"scheme":"sqltools"},{"language":"sql","scheme":"untitled"},{"language":"sql","scheme":"file"},{"language":"sql","scheme":"sqltools"}]
    ns: "lc"
[1739269653851] INFO  (ext): loading plugins...
[1739269653851] INFO  (ext): registering Formatter Plugin.
    plugin: {
      "name": "Formatter Plugin"
    }
[1739269653851] INFO  (ext): registering Connection Manager Plugin.
    plugin: {
      "name": "Connection Manager Plugin"
    }
[1739269653852] INFO  (ext): registering CodeLens Plugin.
    plugin: {
      "name": "CodeLens Plugin",
      "registeredLanguages": []
    }
[1739269653852] INFO  (ext): registering Dependency Manager Plugin.
    plugin: {
      "name": "Dependency Manager Plugin",
      "installingDrivers": []
    }
[1739269653854] INFO  (ext): Connection explorer changed. Will be updated.
    ns: "conn-man:explorer"
[1739269653855] INFO  (ext): registering History Manager Plugin.
    plugin: {
      "name": "History Manager Plugin"
    }
[1739269653855] INFO  (ext): registering Bookmarks Manager Plugin.
    plugin: {
      "name": "Bookmarks Manager Plugin"
    }
[1739269653856] INFO  (ext): registering Authentication Provider Plugin.
    plugin: {
      "name": "Authentication Provider Plugin",
      "isRegistered": false
    }
[1739269653856] INFO  (ext): registering Object Drop-in Provider (plugin).
    plugin: {
      "type": "plugin",
      "name": "Object Drop-in Provider",
      "isRegistered": false
    }
[1739269653857] INFO  (ext): SQLTools activation completed. 13.093431 ms
[1739269653857] INFO  (ext): Formatter Plugin registered!
[1739269653857] INFO  (ext): CodeLens Plugin registered!
[1739269653857] INFO  (ext): Dependency Manager Plugin registered!
[1739269653858] INFO  (ext): Connection Manager Plugin registered!
[1739269653858] INFO  (ext): History Manager Plugin registered!
[1739269653858] INFO  (ext): Bookmarks Manager Plugin registered!
[1739269653858] INFO  (ext): Authentication Provider Plugin registered!
[1739269653858] INFO  (ext): Object Drop-in Provider (plugin) registered!
[1739269654011] INFO  (ext): registering MySQL/MariaDB/TiDB Plugin (driver).
    plugin: {
      "extensionId": "mtxr.sqltools-driver-mysql",
      "name": "MySQL/MariaDB/TiDB Plugin",
      "type": "driver"
    }
[1739269654096] INFO  (ls): SQLTools Server started!
===============================
Using node runtime?: no
ExecPath: /opt/visual-studio-code/code 
===============================
[1739269655842] INFO  (ext): LanguageClient ready
    ns: "lc"
[1739269655845] INFO  (ext): EXECUTING COMMAND => sqltools.refreshTree
[1739269655845] INFO  (ext): Connection explorer changed. Will be updated.
    ns: "conn-man:explorer"
[1739269655840] INFO  (ls): Initialized with node version:v20.18.1
[1739269655843] INFO  (ls): REQUEST RECEIVED => ls/RegisterPlugin
[1739269655843] INFO  (ls): request to register plugin: "/home/navee/.vscode/extensions/mtxr.sqltools-driver-mysql-0.6.3/out/ls/plugin.js"
[1739269655930] INFO  (ls): Driver mysql registered!
    place: "driver-map"
    ns: "ls-context"
[1739269655930] INFO  (ls): Driver mariadb registered!
    place: "driver-map"
    ns: "ls-context"
[1739269655930] INFO  (ls): Driver tidb registered!
    place: "driver-map"
    ns: "ls-context"
[1739269656179] INFO  (ext): Connection explorer changed. Will be updated.
    ns: "conn-man:explorer"
[1739269656233] INFO  (ext): MySQL/MariaDB/TiDB Plugin (driver) registered!
[1739269656291] INFO  (ext): Connection explorer changed. Will be updated.
    ns: "conn-man:explorer"
[1739269656399] INFO  (ext): Connection explorer changed. Will be updated.
    ns: "conn-man:explorer"
[1739269657266] INFO  (ext): EXECUTING COMMAND => sqltools.refreshTree
[1739269657266] INFO  (ext): Connection explorer changed. Will be updated.
    ns: "conn-man:explorer"
[1739269657299] INFO  (ext): Connection explorer changed. Will be updated.
    ns: "conn-man:explorer"
[1739269660139] INFO  (ext): Connection explorer changed. Will be updated.
    ns: "conn-man:explorer"
[1739269660752] INFO  (ext): Connection explorer changed. Will be updated.
    ns: "conn-man:explorer"
[1739269706640] INFO  (ext): Connection explorer changed. Will be updated.
    ns: "conn-man:explorer"
[1739269707503] INFO  (ext): Connection explorer changed. Will be updated.
    ns: "conn-man:explorer"
[1739269707504] INFO  (ext): Connection explorer changed. Will be updated.
    ns: "conn-man:explorer"
[1739269708681] INFO  (ext): Connection explorer changed. Will be updated.
    ns: "conn-man:explorer"
[1739269712263] INFO  (ext): Connection explorer changed. Will be updated.
    ns: "conn-man:explorer"
[1739269712671] INFO  (ext): Connection explorer changed. Will be updated.
    ns: "conn-man:explorer"
[1739269744962] INFO  (ext): Connection explorer changed. Will be updated.
    ns: "conn-man:explorer"
