2025-02-11 00:55:13.368 [info] Reading sessions from keychain...
2025-02-11 00:55:13.368 [info] Getting sessions for all scopes...
2025-02-11 00:55:13.368 [info] Getting sessions for all scopes...
2025-02-11 00:55:13.368 [info] Getting sessions for all scopes...
2025-02-11 00:55:13.368 [info] Getting sessions for user:email...
2025-02-11 00:55:13.368 [info] Getting sessions for all scopes...
2025-02-11 00:55:13.368 [info] Getting sessions for all scopes...
2025-02-11 00:55:13.368 [info] Getting sessions for all scopes...
2025-02-11 00:55:13.368 [info] Getting sessions for all scopes...
2025-02-11 00:55:13.368 [info] Getting sessions for all scopes...
2025-02-11 00:55:13.373 [info] Got stored sessions!
2025-02-11 00:55:13.373 [info] Got 3 verified sessions.
2025-02-11 00:55:13.373 [info] Got 3 sessions for ...
2025-02-11 00:55:13.373 [info] Got 3 sessions for ...
2025-02-11 00:55:13.373 [info] Got 3 sessions for ...
2025-02-11 00:55:13.373 [info] Got 1 sessions for user:email...
2025-02-11 00:55:13.373 [info] Got 3 sessions for ...
2025-02-11 00:55:13.373 [info] Got 3 sessions for ...
2025-02-11 00:55:13.373 [info] Got 3 sessions for ...
2025-02-11 00:55:13.373 [info] Got 3 sessions for ...
2025-02-11 00:55:13.373 [info] Got 3 sessions for ...
2025-02-11 00:55:13.902 [info] Getting sessions for repo,user:email,workflow...
2025-02-11 00:55:13.902 [info] Got 1 sessions for repo,user:email,workflow...
2025-02-11 00:55:15.898 [info] Getting sessions for all scopes...
2025-02-11 00:55:15.898 [info] Got 3 sessions for ...
2025-02-11 00:55:16.309 [info] Getting sessions for read:user,repo,user:email,workflow...
2025-02-11 00:55:16.309 [info] Got 1 sessions for read:user,repo,user:email,workflow...
2025-02-11 00:55:16.310 [info] Getting sessions for all scopes...
2025-02-11 00:55:16.310 [info] Got 3 sessions for ...
2025-02-11 00:55:16.310 [info] Getting sessions for all scopes...
2025-02-11 00:55:16.310 [info] Got 3 sessions for ...
2025-02-11 00:55:17.240 [info] Getting sessions for read:user,repo,user:email,workflow...
2025-02-11 00:55:17.240 [info] Got 1 sessions for read:user,repo,user:email,workflow...
2025-02-11 00:55:18.095 [info] Getting sessions for all scopes...
2025-02-11 00:55:18.095 [info] Got 3 sessions for ...
2025-02-11 00:55:18.277 [info] Getting sessions for read:user,repo,user:email,workflow...
2025-02-11 00:55:18.277 [info] Got 1 sessions for read:user,repo,user:email,workflow...
2025-02-11 00:55:18.327 [info] Getting sessions for read:user,repo,user:email,workflow...
2025-02-11 00:55:18.328 [info] Got 1 sessions for read:user,repo,user:email,workflow...
2025-02-11 00:55:18.491 [info] Getting sessions for all scopes...
2025-02-11 00:55:18.491 [info] Got 3 sessions for ...
2025-02-11 00:55:19.178 [info] Getting sessions for read:user,repo,user:email,workflow...
2025-02-11 00:55:19.179 [info] Got 1 sessions for read:user,repo,user:email,workflow...
2025-02-11 00:55:19.661 [info] Getting sessions for read:user,repo,user:email,workflow...
2025-02-11 00:55:19.661 [info] Got 1 sessions for read:user,repo,user:email,workflow...
2025-02-11 00:55:20.065 [info] Getting sessions for all scopes...
2025-02-11 00:55:20.065 [info] Got 3 sessions for ...
2025-02-11 00:55:20.066 [info] Getting sessions for all scopes...
2025-02-11 00:55:20.066 [info] Got 3 sessions for ...
2025-02-11 00:55:20.200 [info] Getting sessions for read:user,repo,user:email,workflow...
2025-02-11 00:55:20.200 [info] Got 1 sessions for read:user,repo,user:email,workflow...
2025-02-11 00:55:20.326 [info] Getting sessions for all scopes...
2025-02-11 00:55:20.326 [info] Got 3 sessions for ...
2025-02-11 00:55:20.364 [info] Getting sessions for read:user,repo,user:email,workflow...
2025-02-11 00:55:20.364 [info] Got 1 sessions for read:user,repo,user:email,workflow...
2025-02-11 00:55:20.470 [info] Getting sessions for all scopes...
2025-02-11 00:55:20.470 [info] Got 3 sessions for ...
2025-02-11 00:55:20.509 [info] Getting sessions for read:user,repo,user:email,workflow...
2025-02-11 00:55:20.509 [info] Got 1 sessions for read:user,repo,user:email,workflow...
2025-02-11 00:55:20.810 [info] Getting sessions for read:user,repo,user:email,workflow...
2025-02-11 00:55:20.811 [info] Got 1 sessions for read:user,repo,user:email,workflow...
2025-02-11 00:55:21.309 [info] Getting sessions for all scopes...
2025-02-11 00:55:21.309 [info] Got 3 sessions for ...
2025-02-11 00:55:21.316 [info] Getting sessions for read:user,repo,user:email,workflow...
2025-02-11 00:55:21.317 [info] Got 1 sessions for read:user,repo,user:email,workflow...
2025-02-11 00:55:22.414 [info] Getting sessions for all scopes...
2025-02-11 00:55:22.414 [info] Got 3 sessions for ...
2025-02-11 00:55:22.414 [info] Getting sessions for read:user,repo,user:email,workflow...
2025-02-11 00:55:22.414 [info] Got 1 sessions for read:user,repo,user:email,workflow...
2025-02-11 00:55:22.431 [info] Getting sessions for read:user,repo,user:email,workflow...
2025-02-11 00:55:22.431 [info] Got 1 sessions for read:user,repo,user:email,workflow...
