2025-02-11 16:29:58.239 [info] [AutoSync] Using settings sync service https://vscode-sync.trafficmanager.net/
2025-02-11 16:29:58.240 [info] [AutoSync] Enabled.
2025-02-11 16:29:58.240 [info] [AutoSync] Suspended until auth token is available.
2025-02-11 16:30:02.592 [info] [AutoSync] Triggered by Interval
2025-02-11 16:30:02.592 [info] Sync started.
2025-02-11 16:30:03.699 [info] Settings: No changes found during synchronizing settings.
2025-02-11 16:30:03.704 [info] Keybindings: No changes found during synchronizing keybindings.
2025-02-11 16:30:03.706 [info] Snippets: No changes found during synchronizing snippets.
2025-02-11 16:30:03.707 [info] Tasks: No changes found during synchronizing tasks.
2025-02-11 16:30:03.714 [info] GlobalState: No changes found during synchronizing ui state.
2025-02-11 16:30:03.753 [info] Extensions: No changes found during synchronizing extensions.
2025-02-11 16:30:03.754 [info] Profiles: No changes found during synchronizing profiles.
2025-02-11 16:30:03.756 [info] Sync done. Took 1165ms
2025-02-11 16:30:25.994 [info] [AutoSync] Triggered by Activity
2025-02-11 16:30:25.994 [info] Sync started.
2025-02-11 16:30:26.083 [info] Settings: No changes found during synchronizing settings.
2025-02-11 16:30:26.084 [info] Keybindings: No changes found during synchronizing keybindings.
2025-02-11 16:30:26.086 [info] Snippets: No changes found during synchronizing snippets.
2025-02-11 16:30:26.087 [info] Tasks: No changes found during synchronizing tasks.
2025-02-11 16:30:26.090 [info] GlobalState: No changes found during synchronizing ui state.
2025-02-11 16:30:26.129 [info] Extensions: No changes found during synchronizing extensions.
2025-02-11 16:30:26.130 [info] Profiles: No changes found during synchronizing profiles.
2025-02-11 16:30:26.131 [info] Sync done. Took 138ms
2025-02-11 16:30:41.131 [info] [AutoSync] Triggered by Activity
2025-02-11 16:30:41.131 [info] Sync started.
2025-02-11 16:30:41.242 [info] Settings: No changes found during synchronizing settings.
2025-02-11 16:30:41.244 [info] Keybindings: No changes found during synchronizing keybindings.
2025-02-11 16:30:41.246 [info] Snippets: No changes found during synchronizing snippets.
2025-02-11 16:30:41.247 [info] Tasks: No changes found during synchronizing tasks.
2025-02-11 16:30:41.251 [info] GlobalState: No changes found during synchronizing ui state.
2025-02-11 16:30:41.300 [info] Extensions: No changes found during synchronizing extensions.
2025-02-11 16:30:41.302 [info] Profiles: No changes found during synchronizing profiles.
2025-02-11 16:30:41.303 [info] Sync done. Took 173ms
2025-02-11 16:31:05.640 [info] [AutoSync] Triggered by Activity
2025-02-11 16:31:05.641 [info] Sync started.
2025-02-11 16:31:05.731 [info] Settings: No changes found during synchronizing settings.
2025-02-11 16:31:05.733 [info] Keybindings: No changes found during synchronizing keybindings.
2025-02-11 16:31:05.734 [info] Snippets: No changes found during synchronizing snippets.
2025-02-11 16:31:05.736 [info] Tasks: No changes found during synchronizing tasks.
2025-02-11 16:31:05.740 [info] GlobalState: No changes found during synchronizing ui state.
2025-02-11 16:31:05.777 [info] Extensions: No changes found during synchronizing extensions.
2025-02-11 16:31:05.778 [info] Profiles: No changes found during synchronizing profiles.
2025-02-11 16:31:05.779 [info] Sync done. Took 139ms
2025-02-11 16:31:41.415 [info] [AutoSync] Triggered by Activity
2025-02-11 16:31:41.415 [info] Sync started.
2025-02-11 16:31:41.515 [info] Settings: No changes found during synchronizing settings.
2025-02-11 16:31:41.517 [info] Keybindings: No changes found during synchronizing keybindings.
2025-02-11 16:31:41.519 [info] Snippets: No changes found during synchronizing snippets.
2025-02-11 16:31:41.521 [info] Tasks: No changes found during synchronizing tasks.
2025-02-11 16:31:41.525 [info] GlobalState: No changes found during synchronizing ui state.
2025-02-11 16:31:41.568 [info] Extensions: No changes found during synchronizing extensions.
2025-02-11 16:31:41.569 [info] Profiles: No changes found during synchronizing profiles.
2025-02-11 16:31:41.570 [info] Sync done. Took 157ms
2025-02-11 16:31:53.955 [info] [AutoSync] Triggered by Activity
2025-02-11 16:31:53.955 [info] Sync started.
2025-02-11 16:31:54.240 [info] Settings: No changes found during synchronizing settings.
2025-02-11 16:31:54.242 [info] Keybindings: No changes found during synchronizing keybindings.
2025-02-11 16:31:54.245 [info] Snippets: No changes found during synchronizing snippets.
2025-02-11 16:31:54.247 [info] Tasks: No changes found during synchronizing tasks.
2025-02-11 16:31:54.251 [info] GlobalState: No changes found during synchronizing ui state.
2025-02-11 16:31:54.298 [info] Extensions: No changes found during synchronizing extensions.
2025-02-11 16:31:54.300 [info] Profiles: No changes found during synchronizing profiles.
2025-02-11 16:31:54.301 [info] Sync done. Took 347ms
2025-02-11 16:32:06.895 [info] [AutoSync] Triggered by Activity
2025-02-11 16:32:06.895 [info] Sync started.
2025-02-11 16:32:07.028 [info] Settings: No changes found during synchronizing settings.
2025-02-11 16:32:07.030 [info] Keybindings: No changes found during synchronizing keybindings.
2025-02-11 16:32:07.031 [info] Snippets: No changes found during synchronizing snippets.
2025-02-11 16:32:07.032 [info] Tasks: No changes found during synchronizing tasks.
2025-02-11 16:32:07.037 [info] GlobalState: No changes found during synchronizing ui state.
2025-02-11 16:32:07.076 [info] Extensions: No changes found during synchronizing extensions.
2025-02-11 16:32:07.077 [info] Profiles: No changes found during synchronizing profiles.
2025-02-11 16:32:07.078 [info] Sync done. Took 183ms
2025-02-11 16:32:45.301 [info] [AutoSync] Triggered by Activity
2025-02-11 16:32:45.301 [info] Sync started.
2025-02-11 16:32:45.400 [info] Settings: No changes found during synchronizing settings.
2025-02-11 16:32:45.402 [info] Keybindings: No changes found during synchronizing keybindings.
2025-02-11 16:32:45.404 [info] Snippets: No changes found during synchronizing snippets.
2025-02-11 16:32:45.405 [info] Tasks: No changes found during synchronizing tasks.
2025-02-11 16:32:45.409 [info] GlobalState: No changes found during synchronizing ui state.
2025-02-11 16:32:45.452 [info] Extensions: No changes found during synchronizing extensions.
2025-02-11 16:32:45.453 [info] Profiles: No changes found during synchronizing profiles.
2025-02-11 16:32:45.454 [info] Sync done. Took 153ms
2025-02-11 16:33:18.624 [info] [AutoSync] Triggered by Activity
2025-02-11 16:33:18.625 [info] Sync started.
2025-02-11 16:33:18.705 [info] Settings: No changes found during synchronizing settings.
2025-02-11 16:33:18.707 [info] Keybindings: No changes found during synchronizing keybindings.
2025-02-11 16:33:18.708 [info] Snippets: No changes found during synchronizing snippets.
2025-02-11 16:33:18.709 [info] Tasks: No changes found during synchronizing tasks.
2025-02-11 16:33:18.712 [info] GlobalState: No changes found during synchronizing ui state.
2025-02-11 16:33:18.756 [info] Extensions: No changes found during synchronizing extensions.
2025-02-11 16:33:18.757 [info] Profiles: No changes found during synchronizing profiles.
2025-02-11 16:33:18.758 [info] Sync done. Took 134ms
2025-02-11 16:33:57.579 [info] [AutoSync] Triggered by Activity
2025-02-11 16:33:57.580 [info] Sync started.
2025-02-11 16:33:57.680 [info] Settings: No changes found during synchronizing settings.
2025-02-11 16:33:57.682 [info] Keybindings: No changes found during synchronizing keybindings.
2025-02-11 16:33:57.683 [info] Snippets: No changes found during synchronizing snippets.
2025-02-11 16:33:57.685 [info] Tasks: No changes found during synchronizing tasks.
2025-02-11 16:33:57.688 [info] GlobalState: No changes found during synchronizing ui state.
2025-02-11 16:33:57.734 [info] Extensions: No changes found during synchronizing extensions.
2025-02-11 16:33:57.735 [info] Profiles: No changes found during synchronizing profiles.
2025-02-11 16:33:57.736 [info] Sync done. Took 158ms
2025-02-11 16:34:22.359 [info] [AutoSync] Triggered by Activity
2025-02-11 16:34:22.359 [info] Sync started.
2025-02-11 16:34:22.650 [info] Settings: No changes found during synchronizing settings.
2025-02-11 16:34:22.652 [info] Keybindings: No changes found during synchronizing keybindings.
2025-02-11 16:34:22.653 [info] Snippets: No changes found during synchronizing snippets.
2025-02-11 16:34:22.655 [info] Tasks: No changes found during synchronizing tasks.
2025-02-11 16:34:22.659 [info] GlobalState: No changes found during synchronizing ui state.
2025-02-11 16:34:22.717 [info] Extensions: No changes found during synchronizing extensions.
2025-02-11 16:34:22.720 [info] Profiles: No changes found during synchronizing profiles.
2025-02-11 16:34:22.721 [info] Sync done. Took 362ms
2025-02-11 16:34:56.031 [info] [AutoSync] Triggered by Activity
2025-02-11 16:34:56.031 [info] Sync started.
2025-02-11 16:34:56.150 [info] Settings: No changes found during synchronizing settings.
2025-02-11 16:34:56.151 [info] Keybindings: No changes found during synchronizing keybindings.
2025-02-11 16:34:56.153 [info] Snippets: No changes found during synchronizing snippets.
2025-02-11 16:34:56.155 [info] Tasks: No changes found during synchronizing tasks.
2025-02-11 16:34:56.158 [info] GlobalState: No changes found during synchronizing ui state.
2025-02-11 16:34:56.210 [info] Extensions: No changes found during synchronizing extensions.
2025-02-11 16:34:56.214 [info] Profiles: No changes found during synchronizing profiles.
2025-02-11 16:34:56.215 [info] Sync done. Took 184ms
2025-02-11 16:35:28.610 [info] [AutoSync] Triggered by Activity
2025-02-11 16:35:28.610 [info] Sync started.
2025-02-11 16:35:28.896 [info] Settings: No changes found during synchronizing settings.
2025-02-11 16:35:28.900 [info] Keybindings: No changes found during synchronizing keybindings.
2025-02-11 16:35:28.902 [info] Snippets: No changes found during synchronizing snippets.
2025-02-11 16:35:28.903 [info] Tasks: No changes found during synchronizing tasks.
2025-02-11 16:35:28.907 [info] GlobalState: No changes found during synchronizing ui state.
2025-02-11 16:35:28.961 [info] Extensions: No changes found during synchronizing extensions.
2025-02-11 16:35:28.962 [info] Profiles: No changes found during synchronizing profiles.
2025-02-11 16:35:28.963 [info] Sync done. Took 353ms
2025-02-11 16:35:50.292 [info] [AutoSync] Triggered by Activity
2025-02-11 16:35:50.292 [info] Sync started.
2025-02-11 16:35:50.479 [info] Settings: No changes found during synchronizing settings.
2025-02-11 16:35:50.481 [info] Keybindings: No changes found during synchronizing keybindings.
2025-02-11 16:35:50.483 [info] Snippets: No changes found during synchronizing snippets.
2025-02-11 16:35:50.485 [info] Tasks: No changes found during synchronizing tasks.
2025-02-11 16:35:50.488 [info] GlobalState: No changes found during synchronizing ui state.
2025-02-11 16:35:50.533 [info] Extensions: No changes found during synchronizing extensions.
2025-02-11 16:35:50.533 [info] Profiles: No changes found during synchronizing profiles.
2025-02-11 16:35:50.535 [info] Sync done. Took 243ms
2025-02-11 16:36:15.854 [info] [AutoSync] Triggered by Activity
2025-02-11 16:36:15.854 [info] Sync started.
2025-02-11 16:36:16.110 [info] Settings: No changes found during synchronizing settings.
2025-02-11 16:36:16.111 [info] Keybindings: No changes found during synchronizing keybindings.
2025-02-11 16:36:16.113 [info] Snippets: No changes found during synchronizing snippets.
2025-02-11 16:36:16.114 [info] Tasks: No changes found during synchronizing tasks.
2025-02-11 16:36:16.118 [info] GlobalState: No changes found during synchronizing ui state.
2025-02-11 16:36:16.164 [info] Extensions: No changes found during synchronizing extensions.
2025-02-11 16:36:16.164 [info] Profiles: No changes found during synchronizing profiles.
2025-02-11 16:36:16.165 [info] Sync done. Took 312ms
2025-02-11 16:36:31.343 [info] [AutoSync] Triggered by Activity
2025-02-11 16:36:31.343 [info] Sync started.
2025-02-11 16:36:31.675 [info] Settings: No changes found during synchronizing settings.
2025-02-11 16:36:31.677 [info] Keybindings: No changes found during synchronizing keybindings.
2025-02-11 16:36:31.678 [info] Snippets: No changes found during synchronizing snippets.
2025-02-11 16:36:31.680 [info] Tasks: No changes found during synchronizing tasks.
2025-02-11 16:36:31.683 [info] GlobalState: No changes found during synchronizing ui state.
2025-02-11 16:36:31.728 [info] Extensions: No changes found during synchronizing extensions.
2025-02-11 16:36:31.729 [info] Profiles: No changes found during synchronizing profiles.
2025-02-11 16:36:31.730 [info] Sync done. Took 388ms
2025-02-11 16:36:55.172 [info] [AutoSync] Triggered by Activity
2025-02-11 16:36:55.172 [info] Sync started.
2025-02-11 16:36:55.293 [info] Settings: No changes found during synchronizing settings.
2025-02-11 16:36:55.295 [info] Keybindings: No changes found during synchronizing keybindings.
2025-02-11 16:36:55.296 [info] Snippets: No changes found during synchronizing snippets.
2025-02-11 16:36:55.298 [info] Tasks: No changes found during synchronizing tasks.
2025-02-11 16:36:55.301 [info] GlobalState: No changes found during synchronizing ui state.
2025-02-11 16:36:55.349 [info] Extensions: No changes found during synchronizing extensions.
2025-02-11 16:36:55.350 [info] Profiles: No changes found during synchronizing profiles.
2025-02-11 16:36:55.351 [info] Sync done. Took 179ms
2025-02-11 16:37:32.338 [info] [AutoSync] Triggered by Activity
2025-02-11 16:37:32.338 [info] Sync started.
2025-02-11 16:37:32.504 [info] Settings: No changes found during synchronizing settings.
2025-02-11 16:37:32.505 [info] Keybindings: No changes found during synchronizing keybindings.
2025-02-11 16:37:32.507 [info] Snippets: No changes found during synchronizing snippets.
2025-02-11 16:37:32.508 [info] Tasks: No changes found during synchronizing tasks.
2025-02-11 16:37:32.511 [info] GlobalState: No changes found during synchronizing ui state.
2025-02-11 16:37:32.549 [info] Extensions: No changes found during synchronizing extensions.
2025-02-11 16:37:32.550 [info] Profiles: No changes found during synchronizing profiles.
2025-02-11 16:37:32.551 [info] Sync done. Took 213ms
2025-02-11 16:37:54.985 [info] [AutoSync] Triggered by Activity
2025-02-11 16:37:54.985 [info] Sync started.
2025-02-11 16:37:55.324 [info] Settings: No changes found during synchronizing settings.
2025-02-11 16:37:55.326 [info] Keybindings: No changes found during synchronizing keybindings.
2025-02-11 16:37:55.327 [info] Snippets: No changes found during synchronizing snippets.
2025-02-11 16:37:55.329 [info] Tasks: No changes found during synchronizing tasks.
2025-02-11 16:37:55.333 [info] GlobalState: No changes found during synchronizing ui state.
2025-02-11 16:37:55.386 [info] Extensions: No changes found during synchronizing extensions.
2025-02-11 16:37:55.388 [info] Profiles: No changes found during synchronizing profiles.
2025-02-11 16:37:55.389 [info] Sync done. Took 404ms
2025-02-11 16:38:11.218 [info] [AutoSync] Triggered by Activity
2025-02-11 16:38:11.218 [info] Sync started.
2025-02-11 16:38:11.512 [info] Settings: No changes found during synchronizing settings.
2025-02-11 16:38:11.513 [info] Keybindings: No changes found during synchronizing keybindings.
2025-02-11 16:38:11.514 [info] Snippets: No changes found during synchronizing snippets.
2025-02-11 16:38:11.516 [info] Tasks: No changes found during synchronizing tasks.
2025-02-11 16:38:11.519 [info] GlobalState: No changes found during synchronizing ui state.
2025-02-11 16:38:11.561 [info] Extensions: No changes found during synchronizing extensions.
2025-02-11 16:38:11.562 [info] Profiles: No changes found during synchronizing profiles.
2025-02-11 16:38:11.563 [info] Sync done. Took 345ms
2025-02-11 16:38:33.109 [info] [AutoSync] Triggered by Activity
2025-02-11 16:38:33.109 [info] Sync started.
2025-02-11 16:38:33.198 [info] Settings: No changes found during synchronizing settings.
2025-02-11 16:38:33.200 [info] Keybindings: No changes found during synchronizing keybindings.
2025-02-11 16:38:33.201 [info] Snippets: No changes found during synchronizing snippets.
2025-02-11 16:38:33.203 [info] Tasks: No changes found during synchronizing tasks.
2025-02-11 16:38:33.207 [info] GlobalState: No changes found during synchronizing ui state.
2025-02-11 16:38:33.250 [info] Extensions: No changes found during synchronizing extensions.
2025-02-11 16:38:33.250 [info] Profiles: No changes found during synchronizing profiles.
2025-02-11 16:38:33.251 [info] Sync done. Took 144ms
2025-02-11 16:38:46.962 [info] [AutoSync] Triggered by Activity
2025-02-11 16:38:46.962 [info] Sync started.
2025-02-11 16:38:47.069 [info] Settings: No changes found during synchronizing settings.
2025-02-11 16:38:47.071 [info] Keybindings: No changes found during synchronizing keybindings.
2025-02-11 16:38:47.072 [info] Snippets: No changes found during synchronizing snippets.
2025-02-11 16:38:47.074 [info] Tasks: No changes found during synchronizing tasks.
2025-02-11 16:38:47.077 [info] GlobalState: No changes found during synchronizing ui state.
2025-02-11 16:38:47.123 [info] Extensions: No changes found during synchronizing extensions.
2025-02-11 16:38:47.126 [info] Profiles: No changes found during synchronizing profiles.
2025-02-11 16:38:47.127 [info] Sync done. Took 165ms
