[1739269857160] INFO  (ext): SQLTools is starting
[1739269857162] INFO  (ext): initializing language client...
[1739269857163] INFO  (ext): Registering client for languages [{"scheme":"sqltools"},{"language":"sql","scheme":"untitled"},{"language":"sql","scheme":"file"},{"language":"sql","scheme":"sqltools"}]
    ns: "lc"
[1739269857167] INFO  (ext): loading plugins...
[1739269857167] INFO  (ext): registering Formatter Plugin.
    plugin: {
      "name": "Formatter Plugin"
    }
[1739269857167] INFO  (ext): registering Connection Manager Plugin.
    plugin: {
      "name": "Connection Manager Plugin"
    }
[1739269857168] INFO  (ext): registering CodeLens Plugin.
    plugin: {
      "name": "CodeLens Plugin",
      "registeredLanguages": []
    }
[1739269857168] INFO  (ext): registering Dependency Manager Plugin.
    plugin: {
      "name": "Dependency Manager Plugin",
      "installingDrivers": []
    }
[1739269857170] INFO  (ext): Connection explorer changed. Will be updated.
    ns: "conn-man:explorer"
[1739269857170] INFO  (ext): registering History Manager Plugin.
    plugin: {
      "name": "History Manager Plugin"
    }
[1739269857171] INFO  (ext): registering Bookmarks Manager Plugin.
    plugin: {
      "name": "Bookmarks Manager Plugin"
    }
[1739269857172] INFO  (ext): registering Authentication Provider Plugin.
    plugin: {
      "name": "Authentication Provider Plugin",
      "isRegistered": false
    }
[1739269857172] INFO  (ext): registering Object Drop-in Provider (plugin).
    plugin: {
      "type": "plugin",
      "name": "Object Drop-in Provider",
      "isRegistered": false
    }
[1739269857173] INFO  (ext): SQLTools activation completed. 12.702429 ms
[1739269857173] INFO  (ext): Formatter Plugin registered!
[1739269857173] INFO  (ext): CodeLens Plugin registered!
[1739269857173] INFO  (ext): Dependency Manager Plugin registered!
[1739269857173] INFO  (ext): Connection Manager Plugin registered!
[1739269857173] INFO  (ext): History Manager Plugin registered!
[1739269857173] INFO  (ext): Bookmarks Manager Plugin registered!
[1739269857173] INFO  (ext): Authentication Provider Plugin registered!
[1739269857173] INFO  (ext): Object Drop-in Provider (plugin) registered!
[1739269857337] INFO  (ls): SQLTools Server started!
===============================
Using node runtime?: no
ExecPath: /opt/visual-studio-code/code 
===============================
[1739269857345] INFO  (ext): LanguageClient ready
    ns: "lc"
[1739269857348] INFO  (ext): registering MySQL/MariaDB/TiDB Plugin (driver).
    plugin: {
      "extensionId": "mtxr.sqltools-driver-mysql",
      "name": "MySQL/MariaDB/TiDB Plugin",
      "type": "driver"
    }
[1739269857344] INFO  (ls): Initialized with node version:v20.18.1
[1739269857348] INFO  (ls): REQUEST RECEIVED => ls/RegisterPlugin
[1739269857348] INFO  (ls): request to register plugin: "/home/navee/.vscode/extensions/mtxr.sqltools-driver-mysql-0.6.3/out/ls/plugin.js"
[1739269857440] INFO  (ls): Driver mysql registered!
    place: "driver-map"
    ns: "ls-context"
[1739269857440] INFO  (ls): Driver mariadb registered!
    place: "driver-map"
    ns: "ls-context"
[1739269857441] INFO  (ls): Driver tidb registered!
    place: "driver-map"
    ns: "ls-context"
[1739269859331] INFO  (ext): MySQL/MariaDB/TiDB Plugin (driver) registered!
[1739269859332] INFO  (ext): Connection explorer changed. Will be updated.
    ns: "conn-man:explorer"
[1739269859360] INFO  (ext): Connection explorer changed. Will be updated.
    ns: "conn-man:explorer"
[1739269859875] INFO  (ext): Connection explorer changed. Will be updated.
    ns: "conn-man:explorer"
[1739269860098] INFO  (ext): Connection explorer changed. Will be updated.
    ns: "conn-man:explorer"
[1739269861017] INFO  (ext): EXECUTING COMMAND => sqltools.refreshTree
[1739269861017] INFO  (ext): Connection explorer changed. Will be updated.
    ns: "conn-man:explorer"
[1739269863242] INFO  (ext): Connection explorer changed. Will be updated.
    ns: "conn-man:explorer"
[1739269863877] INFO  (ext): Connection explorer changed. Will be updated.
    ns: "conn-man:explorer"
[1739269903455] INFO  (ext): Connection explorer changed. Will be updated.
    ns: "conn-man:explorer"
[1739269904685] INFO  (ext): Connection explorer changed. Will be updated.
    ns: "conn-man:explorer"
[1739270034252] INFO  (ext): Connection explorer changed. Will be updated.
    ns: "conn-man:explorer"
[1739270034255] INFO  (ext): Connection explorer changed. Will be updated.
    ns: "conn-man:explorer"
[1739270034255] INFO  (ext): Connection explorer changed. Will be updated.
    ns: "conn-man:explorer"
[1739270034256] INFO  (ext): Connection explorer changed. Will be updated.
    ns: "conn-man:explorer"
[1739270034257] INFO  (ext): Connection explorer changed. Will be updated.
    ns: "conn-man:explorer"
[1739270034257] INFO  (ext): Connection explorer changed. Will be updated.
    ns: "conn-man:explorer"
[1739270034258] INFO  (ext): Connection explorer changed. Will be updated.
    ns: "conn-man:explorer"
[1739270034258] INFO  (ext): Connection explorer changed. Will be updated.
    ns: "conn-man:explorer"
[1739270034262] INFO  (ext): Connection explorer changed. Will be updated.
    ns: "conn-man:explorer"
[1739270034262] INFO  (ext): Connection explorer changed. Will be updated.
    ns: "conn-man:explorer"
[1739270034264] INFO  (ext): Connection explorer changed. Will be updated.
    ns: "conn-man:explorer"
[1739270034265] INFO  (ext): Connection explorer changed. Will be updated.
    ns: "conn-man:explorer"
[1739270034265] INFO  (ext): Connection explorer changed. Will be updated.
    ns: "conn-man:explorer"
[1739270034266] INFO  (ext): Connection explorer changed. Will be updated.
    ns: "conn-man:explorer"
[1739270034266] INFO  (ext): Connection explorer changed. Will be updated.
    ns: "conn-man:explorer"
[1739270034266] INFO  (ext): Connection explorer changed. Will be updated.
    ns: "conn-man:explorer"
[1739270034267] INFO  (ext): Connection explorer changed. Will be updated.
    ns: "conn-man:explorer"
[1739270034267] INFO  (ext): Connection explorer changed. Will be updated.
    ns: "conn-man:explorer"
[1739270034268] INFO  (ext): Connection explorer changed. Will be updated.
    ns: "conn-man:explorer"
[1739270034268] INFO  (ext): Connection explorer changed. Will be updated.
    ns: "conn-man:explorer"
[1739270034287] INFO  (ext): Connection explorer changed. Will be updated.
    ns: "conn-man:explorer"
[1739270034287] INFO  (ext): Connection explorer changed. Will be updated.
    ns: "conn-man:explorer"
[1739270034289] INFO  (ext): Connection explorer changed. Will be updated.
    ns: "conn-man:explorer"
[1739270034289] INFO  (ext): Connection explorer changed. Will be updated.
    ns: "conn-man:explorer"
[1739270034290] INFO  (ext): Connection explorer changed. Will be updated.
    ns: "conn-man:explorer"
[1739270034290] INFO  (ext): Connection explorer changed. Will be updated.
    ns: "conn-man:explorer"
[1739270034291] INFO  (ext): Connection explorer changed. Will be updated.
    ns: "conn-man:explorer"
[1739270034292] INFO  (ext): Connection explorer changed. Will be updated.
    ns: "conn-man:explorer"
[1739270034292] INFO  (ext): Connection explorer changed. Will be updated.
    ns: "conn-man:explorer"
[1739270034293] INFO  (ext): Connection explorer changed. Will be updated.
    ns: "conn-man:explorer"
[1739270034293] INFO  (ext): Connection explorer changed. Will be updated.
    ns: "conn-man:explorer"
[1739270034294] INFO  (ext): Connection explorer changed. Will be updated.
    ns: "conn-man:explorer"
[1739270034294] INFO  (ext): Connection explorer changed. Will be updated.
    ns: "conn-man:explorer"
[1739270034295] INFO  (ext): Connection explorer changed. Will be updated.
    ns: "conn-man:explorer"
[1739270034295] INFO  (ext): Connection explorer changed. Will be updated.
    ns: "conn-man:explorer"
[1739270034296] INFO  (ext): Connection explorer changed. Will be updated.
    ns: "conn-man:explorer"
[1739270034296] INFO  (ext): Connection explorer changed. Will be updated.
    ns: "conn-man:explorer"
[1739270034296] INFO  (ext): Connection explorer changed. Will be updated.
    ns: "conn-man:explorer"
[1739270034297] INFO  (ext): Connection explorer changed. Will be updated.
    ns: "conn-man:explorer"
[1739270034298] INFO  (ext): Connection explorer changed. Will be updated.
    ns: "conn-man:explorer"
[1739270034298] INFO  (ext): Connection explorer changed. Will be updated.
    ns: "conn-man:explorer"
[1739270034299] INFO  (ext): Connection explorer changed. Will be updated.
    ns: "conn-man:explorer"
[1739270034300] INFO  (ext): Connection explorer changed. Will be updated.
    ns: "conn-man:explorer"
[1739270034300] INFO  (ext): Connection explorer changed. Will be updated.
    ns: "conn-man:explorer"
[1739270034301] INFO  (ext): Connection explorer changed. Will be updated.
    ns: "conn-man:explorer"
[1739270034301] INFO  (ext): Connection explorer changed. Will be updated.
    ns: "conn-man:explorer"
[1739270034302] INFO  (ext): Connection explorer changed. Will be updated.
    ns: "conn-man:explorer"
[1739270034302] INFO  (ext): Connection explorer changed. Will be updated.
    ns: "conn-man:explorer"
[1739270034303] INFO  (ext): Connection explorer changed. Will be updated.
    ns: "conn-man:explorer"
[1739270034303] INFO  (ext): Connection explorer changed. Will be updated.
    ns: "conn-man:explorer"
[1739270034304] INFO  (ext): Connection explorer changed. Will be updated.
    ns: "conn-man:explorer"
[1739270034304] INFO  (ext): Connection explorer changed. Will be updated.
    ns: "conn-man:explorer"
[1739270034304] INFO  (ext): Connection explorer changed. Will be updated.
    ns: "conn-man:explorer"
[1739270034305] INFO  (ext): Connection explorer changed. Will be updated.
    ns: "conn-man:explorer"
[1739270034305] INFO  (ext): Connection explorer changed. Will be updated.
    ns: "conn-man:explorer"
[1739270034305] INFO  (ext): Connection explorer changed. Will be updated.
    ns: "conn-man:explorer"
[1739270034306] INFO  (ext): Connection explorer changed. Will be updated.
    ns: "conn-man:explorer"
[1739270034306] INFO  (ext): Connection explorer changed. Will be updated.
    ns: "conn-man:explorer"
[1739270034307] INFO  (ext): Connection explorer changed. Will be updated.
    ns: "conn-man:explorer"
[1739270034307] INFO  (ext): Connection explorer changed. Will be updated.
    ns: "conn-man:explorer"
[1739270560215] INFO  (ext): Connection explorer changed. Will be updated.
    ns: "conn-man:explorer"
[1739270647227] INFO  (ext): Connection explorer changed. Will be updated.
    ns: "conn-man:explorer"
[1739270648044] INFO  (ext): Connection explorer changed. Will be updated.
    ns: "conn-man:explorer"
[1739270648044] INFO  (ext): Connection explorer changed. Will be updated.
    ns: "conn-man:explorer"
[1739270652398] INFO  (ext): Connection explorer changed. Will be updated.
    ns: "conn-man:explorer"
[1739270653204] INFO  (ext): Connection explorer changed. Will be updated.
    ns: "conn-man:explorer"
[1739270653822] INFO  (ext): Connection explorer changed. Will be updated.
    ns: "conn-man:explorer"
[1739270655047] INFO  (ext): Connection explorer changed. Will be updated.
    ns: "conn-man:explorer"
[1739270655716] INFO  (ext): Connection explorer changed. Will be updated.
    ns: "conn-man:explorer"
[1739270655716] INFO  (ext): Connection explorer changed. Will be updated.
    ns: "conn-man:explorer"
[1739270713786] INFO  (ext): Connection explorer changed. Will be updated.
    ns: "conn-man:explorer"
[1739270714477] INFO  (ext): Connection explorer changed. Will be updated.
    ns: "conn-man:explorer"
[1739270754425] INFO  (ext): Connection explorer changed. Will be updated.
    ns: "conn-man:explorer"
[1739270755160] INFO  (ext): Connection explorer changed. Will be updated.
    ns: "conn-man:explorer"
[1739270755161] INFO  (ext): Connection explorer changed. Will be updated.
    ns: "conn-man:explorer"
[1739270761566] INFO  (ext): Connection explorer changed. Will be updated.
    ns: "conn-man:explorer"
[1739270761571] INFO  (ext): Connection explorer changed. Will be updated.
    ns: "conn-man:explorer"
[1739270761572] INFO  (ext): Connection explorer changed. Will be updated.
    ns: "conn-man:explorer"
[1739271261483] INFO  (ext): Connection explorer changed. Will be updated.
    ns: "conn-man:explorer"
[1739271466799] INFO  (ext): Connection explorer changed. Will be updated.
    ns: "conn-man:explorer"
