2025-02-11 00:55:16.323 [info] [main] Log level: Info
2025-02-11 00:55:16.323 [info] [main] Validating found git in: "git"
2025-02-11 00:55:16.323 [info] [main] Using git "2.48.1" from "git"
2025-02-11 00:55:16.323 [info] [Model][doInitialScan] Initial repository scan started
2025-02-11 00:55:16.323 [info] > git rev-parse --show-toplevel [11ms]
2025-02-11 00:55:16.323 [info] > git rev-parse --git-dir --git-common-dir [356ms]
2025-02-11 00:55:16.323 [info] [Model][openRepository] Opened repository: /home/navee/.config
2025-02-11 00:55:16.331 [info] > git rev-parse --show-toplevel [41ms]
2025-02-11 00:55:16.332 [info] > git config --get commit.template [55ms]
2025-02-11 00:55:16.356 [info] > git for-each-ref --format=%(refname)%00%(upstream:short)%00%(objectname)%00%(upstream:track)%00%(upstream:remotename)%00%(upstream:remoteref) refs/heads/main refs/remotes/main [3ms]
2025-02-11 00:55:17.223 [info] > git for-each-ref --sort -committerdate --format %(refname) %(objectname) %(*objectname) [833ms]
2025-02-11 00:55:17.243 [info] > git check-ignore -v -z --stdin [4ms]
2025-02-11 00:55:17.386 [info] > git status -z -uall [1013ms] (cancelled)
2025-02-11 00:55:17.419 [info] > git for-each-ref --format=%(refname)%00%(upstream:short)%00%(objectname)%00%(upstream:track)%00%(upstream:remotename)%00%(upstream:remoteref) refs/heads/main refs/remotes/main [36ms]
2025-02-11 00:55:18.105 [info] > git config --get --local branch.main.vscode-merge-base [668ms]
2025-02-11 00:55:18.128 [info] > git config --get commit.template [723ms]
2025-02-11 00:55:18.153 [info] > git for-each-ref --format=%(refname)%00%(upstream:short)%00%(objectname)%00%(upstream:track)%00%(upstream:remotename)%00%(upstream:remoteref) refs/heads/origin/main refs/remotes/origin/main [26ms]
2025-02-11 00:55:18.217 [info] > git for-each-ref --format=%(refname)%00%(upstream:short)%00%(objectname)%00%(upstream:track)%00%(upstream:remotename)%00%(upstream:remoteref) refs/heads/main refs/remotes/main [35ms]
2025-02-11 00:55:18.276 [info] > git for-each-ref --sort -committerdate --format %(refname) %(objectname) %(*objectname) [21ms]
2025-02-11 00:55:18.465 [info] > git status -z -uall [227ms] (cancelled)
2025-02-11 00:55:19.213 [info] > git rev-parse --show-toplevel [1ms]
2025-02-11 00:55:19.230 [info] > git rev-parse --show-toplevel [1ms]
2025-02-11 00:55:19.247 [info] > git rev-parse --show-toplevel [1ms]
2025-02-11 00:55:19.263 [info] > git rev-parse --show-toplevel [1ms]
2025-02-11 00:55:19.284 [info] > git rev-parse --show-toplevel [6ms]
2025-02-11 00:55:19.303 [info] > git rev-parse --show-toplevel [2ms]
2025-02-11 00:55:19.330 [info] > git rev-parse --show-toplevel [6ms]
2025-02-11 00:55:19.517 [info] > git rev-parse --show-toplevel [165ms]
2025-02-11 00:55:19.639 [info] > git rev-parse --show-toplevel [80ms]
2025-02-11 00:55:19.661 [info] > git rev-parse --show-toplevel [3ms]
2025-02-11 00:55:19.708 [info] > git rev-parse --show-toplevel [31ms]
2025-02-11 00:55:19.743 [info] > git rev-parse --show-toplevel [2ms]
2025-02-11 00:55:19.764 [info] > git rev-parse --show-toplevel [5ms]
2025-02-11 00:55:19.783 [info] > git rev-parse --show-toplevel [2ms]
2025-02-11 00:55:19.799 [info] > git rev-parse --show-toplevel [1ms]
2025-02-11 00:55:19.817 [info] > git rev-parse --show-toplevel [1ms]
2025-02-11 00:55:19.834 [info] > git rev-parse --show-toplevel [1ms]
2025-02-11 00:55:19.858 [info] > git rev-parse --show-toplevel [9ms]
2025-02-11 00:55:19.876 [info] > git rev-parse --git-dir --git-common-dir [1ms]
2025-02-11 00:55:19.881 [info] [Model][openRepository] Opened repository: /home/navee/.config/libinput-gestures
2025-02-11 00:55:19.915 [info] > git rev-parse --show-toplevel [3ms]
2025-02-11 00:55:19.916 [info] > git config --get commit.template [18ms]
2025-02-11 00:55:19.950 [info] > git rev-parse --show-toplevel [19ms]
2025-02-11 00:55:19.977 [info] > git rev-parse --show-toplevel [12ms]
2025-02-11 00:55:19.977 [info] > git for-each-ref --format=%(refname)%00%(upstream:short)%00%(objectname)%00%(upstream:track)%00%(upstream:remotename)%00%(upstream:remoteref) refs/heads/master refs/remotes/master [28ms]
2025-02-11 00:55:20.009 [warning] [Git][revParse] Unable to read file: ENOENT: no such file or directory, open '/home/navee/.config/libinput-gestures/.git/refs/remotes/origin/master'
2025-02-11 00:55:20.012 [info] > git rev-parse refs/remotes/origin/master [3ms]
2025-02-11 00:55:20.058 [info] > git rev-parse --show-toplevel [63ms]
2025-02-11 00:55:20.084 [info] > git status -z -uall [57ms]
2025-02-11 00:55:20.084 [info] > git for-each-ref --sort -committerdate --format %(refname) %(objectname) %(*objectname) [26ms]
2025-02-11 00:55:20.120 [info] > git for-each-ref --format=%(refname)%00%(upstream:short)%00%(objectname)%00%(upstream:track)%00%(upstream:remotename)%00%(upstream:remoteref) refs/heads/master refs/remotes/master [17ms]
2025-02-11 00:55:20.135 [info] > git rev-parse --show-toplevel [54ms]
2025-02-11 00:55:20.163 [info] > git config --get --local branch.master.vscode-merge-base [28ms]
2025-02-11 00:55:20.179 [info] > git config --get commit.template [60ms]
2025-02-11 00:55:20.182 [info] > git for-each-ref --format=%(refname)%00%(upstream:short)%00%(objectname)%00%(upstream:track)%00%(upstream:remotename)%00%(upstream:remoteref) refs/heads/origin/master refs/remotes/origin/master [3ms]
2025-02-11 00:55:20.198 [info] > git rev-parse --show-toplevel [36ms]
2025-02-11 00:55:20.229 [info] > git merge-base refs/heads/master refs/remotes/origin/master [31ms]
2025-02-11 00:55:20.246 [info] > git rev-parse --show-toplevel [17ms]
2025-02-11 00:55:20.246 [info] > git for-each-ref --format=%(refname)%00%(upstream:short)%00%(objectname)%00%(upstream:track)%00%(upstream:remotename)%00%(upstream:remoteref) refs/heads/master refs/remotes/master [32ms]
2025-02-11 00:55:20.278 [warning] [Git][revParse] Unable to read file: ENOENT: no such file or directory, open '/home/navee/.config/libinput-gestures/.git/refs/remotes/origin/master'
2025-02-11 00:55:20.278 [info] > git diff --name-status -z --diff-filter=ADMR 8c6e3631b01bb1a6fffe40b6e4d9fe2d52efb836...refs/remotes/origin/master [34ms]
2025-02-11 00:55:20.279 [info] > git rev-parse refs/remotes/origin/master [1ms]
2025-02-11 00:55:20.310 [info] > git rev-parse --show-toplevel [47ms]
2025-02-11 00:55:20.325 [info] > git status -z -uall [30ms]
2025-02-11 00:55:20.326 [info] > git rev-parse --show-toplevel [1ms]
2025-02-11 00:55:20.327 [info] > git for-each-ref --sort -committerdate --format %(refname) %(objectname) %(*objectname) [17ms]
2025-02-11 00:55:20.348 [info] > git rev-parse --show-toplevel [2ms]
2025-02-11 00:55:20.365 [info] > git rev-parse --show-toplevel [2ms]
2025-02-11 00:55:20.414 [info] > git rev-parse --show-toplevel [34ms]
2025-02-11 00:55:20.466 [info] > git check-ignore -v -z --stdin [18ms]
2025-02-11 00:55:20.470 [info] > git check-ignore -v -z --stdin [6ms]
2025-02-11 00:55:20.470 [info] > git rev-parse --show-toplevel [38ms]
2025-02-11 00:55:20.491 [info] > git rev-parse --show-toplevel [5ms]
2025-02-11 00:55:20.509 [info] > git rev-parse --show-toplevel [1ms]
2025-02-11 00:55:20.529 [info] > git rev-parse --git-dir --git-common-dir [4ms]
2025-02-11 00:55:20.534 [info] [Model][openRepository] Opened repository: /home/navee/.config/waybar
2025-02-11 00:55:20.574 [info] > git rev-parse --show-toplevel [8ms]
2025-02-11 00:55:20.574 [info] > git config --get commit.template [23ms]
2025-02-11 00:55:20.611 [info] > git for-each-ref --format=%(refname)%00%(upstream:short)%00%(objectname)%00%(upstream:track)%00%(upstream:remotename)%00%(upstream:remoteref) refs/heads/main refs/remotes/main [2ms]
2025-02-11 00:55:20.641 [info] > git rev-parse --show-toplevel [49ms]
2025-02-11 00:55:20.657 [info] > git status -z -uall [32ms]
2025-02-11 00:55:20.658 [info] > git rev-parse --show-toplevel [1ms]
2025-02-11 00:55:20.658 [info] > git for-each-ref --sort -committerdate --format %(refname) %(objectname) %(*objectname) [17ms]
2025-02-11 00:55:20.709 [info] > git for-each-ref --format=%(refname)%00%(upstream:short)%00%(objectname)%00%(upstream:track)%00%(upstream:remotename)%00%(upstream:remoteref) refs/heads/main refs/remotes/main [31ms]
2025-02-11 00:55:20.727 [info] > git config --get --local branch.main.vscode-merge-base [2ms]
2025-02-11 00:55:20.742 [info] > git config --get commit.template [33ms]
2025-02-11 00:55:20.742 [info] > git rev-parse --show-toplevel [47ms]
2025-02-11 00:55:20.758 [info] > git for-each-ref --format=%(refname)%00%(upstream:short)%00%(objectname)%00%(upstream:track)%00%(upstream:remotename)%00%(upstream:remoteref) refs/heads/origin/main refs/remotes/origin/main [15ms]
2025-02-11 00:55:20.775 [info] > git rev-parse --show-toplevel [18ms]
2025-02-11 00:55:20.776 [info] [Model][doInitialScan] Initial repository scan completed - repositories (3), closed repositories (0), parent repositories (0), unsafe repositories (0)
2025-02-11 00:55:20.847 [info] > git show --textconv :touchegg/touchegg.conf [54ms]
2025-02-11 00:55:20.847 [info] > git ls-files --stage -- /home/navee/.config/touchegg/touchegg.conf [37ms]
2025-02-11 00:55:20.878 [info] > git for-each-ref --format=%(refname)%00%(upstream:short)%00%(objectname)%00%(upstream:track)%00%(upstream:remotename)%00%(upstream:remoteref) refs/heads/main refs/remotes/main [103ms]
2025-02-11 00:55:20.911 [info] > git status -z -uall [18ms]
2025-02-11 00:55:20.912 [info] > git for-each-ref --sort -committerdate --format %(refname) %(objectname) %(*objectname) [4ms]
2025-02-11 00:55:20.916 [info] > git hash-object -t tree /dev/null [38ms]
2025-02-11 00:55:20.916 [warning] [GitFileSystemProvider][readFile] File not found - git:/home/navee/.config/touchegg/touchegg.conf.git?%7B%22path%22%3A%22%2Fhome%2Fnavee%2F.config%2Ftouchegg%2Ftouchegg.conf%22%2C%22ref%22%3A%22%22%7D
2025-02-11 00:55:20.916 [info] > git hash-object -t tree /dev/null [53ms]
2025-02-11 00:55:20.917 [warning] [GitFileSystemProvider][stat] File not found - git:/home/navee/.config/touchegg/touchegg.conf.git?%7B%22path%22%3A%22%2Fhome%2Fnavee%2F.config%2Ftouchegg%2Ftouchegg.conf%22%2C%22ref%22%3A%22%22%7D
2025-02-11 00:55:20.917 [info] > git config --get commit.template [74ms]
2025-02-11 00:55:20.917 [info] > git config --get commit.template [89ms]
2025-02-11 00:55:20.981 [info] > git config --get commit.template [34ms]
2025-02-11 00:55:20.982 [info] > git for-each-ref --format=%(refname)%00%(upstream:short)%00%(objectname)%00%(upstream:track)%00%(upstream:remotename)%00%(upstream:remoteref) refs/heads/main refs/remotes/main [2ms]
2025-02-11 00:55:21.013 [info] > git for-each-ref --format=%(refname)%00%(upstream:short)%00%(objectname)%00%(upstream:track)%00%(upstream:remotename)%00%(upstream:remoteref) refs/heads/master refs/remotes/master [47ms]
2025-02-11 00:55:21.047 [warning] [Git][revParse] Unable to read file: ENOENT: no such file or directory, open '/home/navee/.config/libinput-gestures/.git/refs/remotes/origin/master'
2025-02-11 00:55:21.047 [info] > git for-each-ref --sort -committerdate --format %(refname) %(objectname) %(*objectname) [34ms]
2025-02-11 00:55:21.050 [info] > git rev-parse refs/remotes/origin/master [3ms]
2025-02-11 00:55:21.083 [info] > git for-each-ref --format=%(refname)%00%(upstream:short)%00%(objectname)%00%(upstream:track)%00%(upstream:remotename)%00%(upstream:remoteref) refs/heads/main refs/remotes/main [52ms]
2025-02-11 00:55:21.168 [info] > git status -z -uall [101ms]
2025-02-11 00:55:21.169 [info] > git status -z -uall [71ms]
2025-02-11 00:55:21.169 [info] > git check-ignore -v -z --stdin [38ms]
2025-02-11 00:55:21.169 [info] > git check-ignore -v -z --stdin [21ms]
2025-02-11 00:55:21.170 [info] > git check-ignore -v -z --stdin [5ms]
2025-02-11 00:55:21.170 [info] > git for-each-ref --sort -committerdate --format %(refname) %(objectname) %(*objectname) [56ms]
2025-02-11 00:55:21.176 [info] > git for-each-ref --sort -committerdate --format %(refname) %(objectname) %(*objectname) [94ms]
2025-02-11 00:55:21.307 [info] > git status -z -uall [311ms] (cancelled)
2025-02-11 00:55:21.307 [info] > git blame --root --incremental 144a4fba15f2a705f89fe600e8c07eb6a8c5bc92 -- /home/navee/.config/touchegg/touchegg.conf [107ms]
2025-02-11 00:55:21.307 [info] fatal: no such path touchegg/touchegg.conf in 144a4fba15f2a705f89fe600e8c07eb6a8c5bc92
2025-02-11 00:55:35.202 [info] > git fetch [918ms]
2025-02-11 00:55:35.224 [info] > git fetch [898ms]
2025-02-11 00:55:35.244 [info] > git config --get commit.template [21ms]
2025-02-11 00:55:35.266 [info] > git config --get commit.template [21ms]
2025-02-11 00:55:35.286 [info] > git for-each-ref --format=%(refname)%00%(upstream:short)%00%(objectname)%00%(upstream:track)%00%(upstream:remotename)%00%(upstream:remoteref) refs/heads/main refs/remotes/main [21ms]
2025-02-11 00:55:35.332 [info] > git for-each-ref --format=%(refname)%00%(upstream:short)%00%(objectname)%00%(upstream:track)%00%(upstream:remotename)%00%(upstream:remoteref) refs/heads/main refs/remotes/main [47ms]
2025-02-11 00:55:35.376 [info] > git status -z -uall [24ms]
2025-02-11 00:55:35.377 [info] > git for-each-ref --sort -committerdate --format %(refname) %(objectname) %(*objectname) [49ms]
2025-02-11 00:55:35.379 [info] > git for-each-ref --sort -committerdate --format %(refname) %(objectname) %(*objectname) [6ms]
2025-02-11 00:55:35.512 [info] > git status -z -uall [205ms] (cancelled)
2025-02-11 00:55:36.261 [info] > git fetch [1956ms]
2025-02-11 00:55:36.345 [info] > git config --get commit.template [3ms]
2025-02-11 00:55:36.371 [info] > git for-each-ref --format=%(refname)%00%(upstream:short)%00%(objectname)%00%(upstream:track)%00%(upstream:remotename)%00%(upstream:remoteref) refs/heads/master refs/remotes/master [2ms]
2025-02-11 00:55:36.393 [warning] [Git][revParse] Unable to read file: ENOENT: no such file or directory, open '/home/navee/.config/libinput-gestures/.git/refs/remotes/origin/master'
2025-02-11 00:55:36.394 [info] > git rev-parse refs/remotes/origin/master [1ms]
2025-02-11 00:55:36.436 [info] > git status -z -uall [22ms]
2025-02-11 00:55:36.437 [info] > git for-each-ref --sort -committerdate --format %(refname) %(objectname) %(*objectname) [2ms]
2025-02-11 00:55:39.667 [info] > git check-ignore -v -z --stdin [1ms]
2025-02-11 00:55:41.005 [info] > git check-ignore -v -z --stdin [1ms]
2025-02-11 00:55:47.706 [info] > git check-ignore -v -z --stdin [21ms]
2025-02-11 00:55:47.706 [info] > git check-ignore -v -z --stdin [1ms]
2025-02-11 00:55:49.218 [info] > git check-ignore -v -z --stdin [1ms]
2025-02-11 00:55:49.958 [info] > git show --textconv :spotify/prefs [21ms]
2025-02-11 00:55:49.960 [warning] [GitFileSystemProvider][readFile] File not found - git:/home/navee/.config/spotify/prefs.git?%7B%22path%22%3A%22%2Fhome%2Fnavee%2F.config%2Fspotify%2Fprefs%22%2C%22ref%22%3A%22%22%7D
2025-02-11 00:55:49.960 [info] > git ls-files --stage -- /home/navee/.config/spotify/prefs [2ms]
2025-02-11 00:55:49.961 [warning] [GitFileSystemProvider][stat] File not found - git:/home/navee/.config/spotify/prefs.git?%7B%22path%22%3A%22%2Fhome%2Fnavee%2F.config%2Fspotify%2Fprefs%22%2C%22ref%22%3A%22%22%7D
2025-02-11 00:56:00.461 [info] > git blame --root --incremental 144a4fba15f2a705f89fe600e8c07eb6a8c5bc92 -- /home/navee/.config/spotify/prefs [2ms]
2025-02-11 00:56:00.461 [info] fatal: no such path spotify/prefs in 144a4fba15f2a705f89fe600e8c07eb6a8c5bc92
2025-02-11 00:59:18.367 [info] > git fetch [815ms]
2025-02-11 00:59:18.406 [info] > git fetch [828ms]
2025-02-11 00:59:18.407 [info] > git config --get commit.template [21ms]
2025-02-11 00:59:18.427 [info] > git for-each-ref --format=%(refname)%00%(upstream:short)%00%(objectname)%00%(upstream:track)%00%(upstream:remotename)%00%(upstream:remoteref) refs/heads/main refs/remotes/main [21ms]
2025-02-11 00:59:18.465 [info] > git status -z -uall [20ms]
2025-02-11 00:59:18.466 [info] > git config --get commit.template [40ms]
2025-02-11 00:59:18.466 [info] > git for-each-ref --sort -committerdate --format %(refname) %(objectname) %(*objectname) [2ms]
2025-02-11 00:59:18.495 [info] > git for-each-ref --format=%(refname)%00%(upstream:short)%00%(objectname)%00%(upstream:track)%00%(upstream:remotename)%00%(upstream:remoteref) refs/heads/main refs/remotes/main [2ms]
2025-02-11 00:59:18.542 [info] > git for-each-ref --sort -committerdate --format %(refname) %(objectname) %(*objectname) [2ms]
2025-02-11 00:59:18.723 [info] > git status -z -uall [207ms] (cancelled)
2025-02-11 00:59:19.386 [info] > git fetch [1786ms]
2025-02-11 00:59:19.414 [info] > git config --get commit.template [1ms]
2025-02-11 00:59:19.444 [info] > git for-each-ref --format=%(refname)%00%(upstream:short)%00%(objectname)%00%(upstream:track)%00%(upstream:remotename)%00%(upstream:remoteref) refs/heads/master refs/remotes/master [2ms]
2025-02-11 00:59:19.466 [warning] [Git][revParse] Unable to read file: ENOENT: no such file or directory, open '/home/navee/.config/libinput-gestures/.git/refs/remotes/origin/master'
2025-02-11 00:59:19.467 [info] > git rev-parse refs/remotes/origin/master [1ms]
2025-02-11 00:59:19.536 [info] > git status -z -uall [45ms]
2025-02-11 00:59:19.536 [info] > git for-each-ref --sort -committerdate --format %(refname) %(objectname) %(*objectname) [25ms]
2025-02-11 00:59:19.546 [info] > git config --get commit.template [11ms]
2025-02-11 00:59:19.566 [info] > git for-each-ref --format=%(refname)%00%(upstream:short)%00%(objectname)%00%(upstream:track)%00%(upstream:remotename)%00%(upstream:remoteref) refs/heads/main refs/remotes/main [1ms]
2025-02-11 00:59:19.607 [info] > git status -z -uall [21ms]
2025-02-11 00:59:19.621 [info] > git for-each-ref --sort -committerdate --format %(refname) %(objectname) %(*objectname) [15ms]
2025-02-11 01:02:23.904 [info] > git fetch [870ms]
2025-02-11 01:02:23.922 [info] > git config --get commit.template [1ms]
2025-02-11 01:02:23.938 [info] > git for-each-ref --format=%(refname)%00%(upstream:short)%00%(objectname)%00%(upstream:track)%00%(upstream:remotename)%00%(upstream:remoteref) refs/heads/main refs/remotes/main [1ms]
2025-02-11 01:02:23.970 [info] > git status -z -uall [16ms]
2025-02-11 01:02:23.971 [info] > git for-each-ref --sort -committerdate --format %(refname) %(objectname) %(*objectname) [1ms]
2025-02-11 01:02:24.141 [info] > git fetch [1087ms]
2025-02-11 01:02:24.175 [info] > git config --get commit.template [17ms]
2025-02-11 01:02:24.175 [info] > git for-each-ref --format=%(refname)%00%(upstream:short)%00%(objectname)%00%(upstream:track)%00%(upstream:remotename)%00%(upstream:remoteref) refs/heads/main refs/remotes/main [1ms]
2025-02-11 01:02:24.211 [info] > git for-each-ref --sort -committerdate --format %(refname) %(objectname) %(*objectname) [1ms]
2025-02-11 01:02:24.357 [info] > git status -z -uall [166ms] (cancelled)
2025-02-11 01:02:24.985 [info] > git fetch [1912ms]
2025-02-11 01:02:25.011 [info] > git config --get commit.template [1ms]
2025-02-11 01:02:25.036 [info] > git for-each-ref --format=%(refname)%00%(upstream:short)%00%(objectname)%00%(upstream:track)%00%(upstream:remotename)%00%(upstream:remoteref) refs/heads/master refs/remotes/master [1ms]
2025-02-11 01:02:25.060 [warning] [Git][revParse] Unable to read file: ENOENT: no such file or directory, open '/home/navee/.config/libinput-gestures/.git/refs/remotes/origin/master'
2025-02-11 01:02:25.061 [info] > git rev-parse refs/remotes/origin/master [2ms]
2025-02-11 01:02:25.098 [info] > git status -z -uall [19ms]
2025-02-11 01:02:25.099 [info] > git for-each-ref --sort -committerdate --format %(refname) %(objectname) %(*objectname) [2ms]
2025-02-11 01:02:25.160 [info] > git config --get commit.template [20ms]
2025-02-11 01:02:25.178 [info] > git for-each-ref --format=%(refname)%00%(upstream:short)%00%(objectname)%00%(upstream:track)%00%(upstream:remotename)%00%(upstream:remoteref) refs/heads/main refs/remotes/main [1ms]
2025-02-11 01:02:25.211 [info] > git status -z -uall [16ms]
2025-02-11 01:02:25.211 [info] > git for-each-ref --sort -committerdate --format %(refname) %(objectname) %(*objectname) [1ms]
2025-02-11 01:02:40.689 [info] > git show --textconv :touchegg/touchegg.conf [20ms]
2025-02-11 01:02:40.690 [warning] [GitFileSystemProvider][readFile] File not found - git:/home/navee/.config/touchegg/touchegg.conf.git?%7B%22path%22%3A%22%2Fhome%2Fnavee%2F.config%2Ftouchegg%2Ftouchegg.conf%22%2C%22ref%22%3A%22%22%7D
2025-02-11 01:02:40.692 [info] > git ls-files --stage -- /home/navee/.config/touchegg/touchegg.conf [4ms]
2025-02-11 01:02:40.693 [warning] [GitFileSystemProvider][stat] File not found - git:/home/navee/.config/touchegg/touchegg.conf.git?%7B%22path%22%3A%22%2Fhome%2Fnavee%2F.config%2Ftouchegg%2Ftouchegg.conf%22%2C%22ref%22%3A%22%22%7D
2025-02-11 01:02:41.653 [info] > git show --textconv :config [75ms]
2025-02-11 01:02:41.653 [info] > git show --textconv HEAD:config [54ms]
2025-02-11 01:02:41.653 [info] > git ls-files --stage -- /home/navee/.config/waybar/config [30ms]
2025-02-11 01:02:41.676 [info] > git cat-file -s 611f0e3618c7ade990bc7618ea46e21f62d114bb [3ms]
2025-02-11 01:02:41.677 [info] > git ls-tree -l HEAD -- /home/navee/.config/waybar/config [25ms]
2025-02-11 01:02:41.717 [info] > git blame --root --incremental b444bb59e8f07ad5994a85667fa90a0013f1d7dc -- /home/navee/.config/waybar/config [2ms]
2025-02-11 01:02:43.490 [info] > git show --textconv :style.css [68ms]
2025-02-11 01:02:43.490 [info] > git show --textconv HEAD:style.css [46ms]
2025-02-11 01:02:43.490 [info] > git ls-files --stage -- /home/navee/.config/waybar/style.css [23ms]
2025-02-11 01:02:43.515 [info] > git cat-file -s ea78eb9fd4b6a3bd9d1a542e3870d9d9ff1f9b9b [4ms]
2025-02-11 01:02:43.516 [info] > git ls-tree -l HEAD -- /home/navee/.config/waybar/style.css [27ms]
2025-02-11 01:02:43.556 [info] > git blame --root --incremental b444bb59e8f07ad5994a85667fa90a0013f1d7dc -- /home/navee/.config/waybar/style.css [10ms]
2025-02-11 01:02:44.762 [info] > git show --textconv :config [61ms]
2025-02-11 01:02:44.762 [info] > git show --textconv HEAD:config [41ms]
2025-02-11 01:02:44.762 [info] > git ls-files --stage -- /home/navee/.config/waybar/config [21ms]
2025-02-11 01:02:44.786 [info] > git cat-file -s 611f0e3618c7ade990bc7618ea46e21f62d114bb [4ms]
2025-02-11 01:02:44.786 [info] > git ls-tree -l HEAD -- /home/navee/.config/waybar/config [25ms]
2025-02-11 01:02:47.619 [info] > git show --textconv :style.css [61ms]
2025-02-11 01:02:47.619 [info] > git show --textconv HEAD:style.css [42ms]
2025-02-11 01:02:47.619 [info] > git ls-files --stage -- /home/navee/.config/waybar/style.css [22ms]
2025-02-11 01:02:47.645 [info] > git cat-file -s ea78eb9fd4b6a3bd9d1a542e3870d9d9ff1f9b9b [6ms]
2025-02-11 01:02:47.645 [info] > git ls-tree -l HEAD -- /home/navee/.config/waybar/style.css [27ms]
2025-02-11 01:02:51.734 [info] > git show --textconv :config [62ms]
2025-02-11 01:02:51.734 [info] > git show --textconv HEAD:config [43ms]
2025-02-11 01:02:51.734 [info] > git ls-files --stage -- /home/navee/.config/waybar/config [23ms]
2025-02-11 01:02:51.756 [info] > git cat-file -s 611f0e3618c7ade990bc7618ea46e21f62d114bb [3ms]
2025-02-11 01:02:51.757 [info] > git ls-tree -l HEAD -- /home/navee/.config/waybar/config [24ms]
