2025-02-11 15:57:36.295 [info] [main] Log level: Info
2025-02-11 15:57:36.295 [info] [main] Validating found git in: "git"
2025-02-11 15:57:36.295 [info] [main] Using git "2.48.1" from "git"
2025-02-11 15:57:36.295 [info] [Model][doInitialScan] Initial repository scan started
2025-02-11 15:57:36.295 [info] > git rev-parse --show-toplevel [1796ms]
2025-02-11 15:57:36.295 [info] > git rev-parse --git-dir --git-common-dir [63ms]
2025-02-11 15:57:36.295 [info] [Model][openRepository] Opened repository: /home/navee/.config
2025-02-11 15:57:36.296 [info] > git rev-parse --show-toplevel [7ms]
2025-02-11 15:57:36.310 [info] > git config --get commit.template [38ms]
2025-02-11 15:57:36.314 [info] > git rev-parse --path-format=relative --show-toplevel [4ms]
2025-02-11 15:57:36.345 [info] > git for-each-ref --format=%(refname)%00%(upstream:short)%00%(objectname)%00%(upstream:track)%00%(upstream:remotename)%00%(upstream:remoteref) refs/heads/main refs/remotes/main [17ms]
2025-02-11 15:57:36.377 [info] > git rev-parse --git-dir --git-common-dir [34ms]
2025-02-11 15:57:36.380 [info] [Model][openRepository] Opened repository: /home/navee/.config/hypr
2025-02-11 15:57:36.398 [info] > git for-each-ref --sort -committerdate --format %(refname) %(objectname) %(*objectname) [24ms]
2025-02-11 15:57:36.402 [info] > git config --get commit.template [7ms]
2025-02-11 15:57:37.271 [info] > git check-ignore -v -z --stdin [19ms]
2025-02-11 15:57:37.280 [info] > git check-ignore -v -z --stdin [15ms]
2025-02-11 15:57:37.280 [info] > git for-each-ref --format=%(refname)%00%(upstream:short)%00%(objectname)%00%(upstream:track)%00%(upstream:remotename)%00%(upstream:remoteref) refs/heads/main refs/remotes/main [860ms]
2025-02-11 15:57:37.532 [info] > git status -z -uall [1173ms] (cancelled)
2025-02-11 15:57:38.217 [info] > git for-each-ref --format=%(refname)%00%(upstream:short)%00%(objectname)%00%(upstream:track)%00%(upstream:remotename)%00%(upstream:remoteref) refs/heads/main refs/remotes/main [709ms]
2025-02-11 15:57:38.298 [info] > git status -z -uall [16ms]
2025-02-11 15:57:38.299 [info] > git config --get --local branch.main.vscode-merge-base [64ms]
2025-02-11 15:57:38.314 [info] > git config --get commit.template [119ms]
2025-02-11 15:57:38.337 [info] > git for-each-ref --format=%(refname)%00%(upstream:short)%00%(objectname)%00%(upstream:track)%00%(upstream:remotename)%00%(upstream:remoteref) refs/heads/origin/main refs/remotes/origin/main [24ms]
2025-02-11 15:57:38.339 [info] > git for-each-ref --sort -committerdate --format %(refname) %(objectname) %(*objectname) [42ms]
2025-02-11 15:57:38.431 [info] > git for-each-ref --format=%(refname)%00%(upstream:short)%00%(objectname)%00%(upstream:track)%00%(upstream:remotename)%00%(upstream:remoteref) refs/heads/main refs/remotes/main [74ms]
2025-02-11 15:57:38.490 [info] > git config --get --local branch.main.vscode-merge-base [37ms]
2025-02-11 15:57:38.505 [info] > git config --get commit.template [116ms]
2025-02-11 15:57:38.505 [info] > git for-each-ref --format=%(refname)%00%(upstream:short)%00%(objectname)%00%(upstream:track)%00%(upstream:remotename)%00%(upstream:remoteref) refs/heads/main refs/remotes/main [131ms]
2025-02-11 15:57:38.596 [info] > git for-each-ref --sort -committerdate --format %(refname) %(objectname) %(*objectname) [63ms]
2025-02-11 15:57:38.597 [info] > git for-each-ref --format=%(refname)%00%(upstream:short)%00%(objectname)%00%(upstream:track)%00%(upstream:remotename)%00%(upstream:remoteref) refs/heads/origin/main refs/remotes/origin/main [92ms]
2025-02-11 15:57:38.679 [info] > git merge-base refs/heads/main refs/remotes/origin/main [66ms]
2025-02-11 15:57:38.699 [info] > git for-each-ref --format=%(refname)%00%(upstream:short)%00%(objectname)%00%(upstream:track)%00%(upstream:remotename)%00%(upstream:remoteref) refs/heads/main refs/remotes/main [47ms]
2025-02-11 15:57:38.916 [info] > git status -z -uall [397ms] (cancelled)
2025-02-11 15:57:38.916 [info] > git status -z -uall [113ms]
2025-02-11 15:57:38.941 [info] > git for-each-ref --sort -committerdate --format %(refname) %(objectname) %(*objectname) [124ms]
2025-02-11 15:57:39.603 [info] > git rev-parse --show-toplevel [1ms]
2025-02-11 15:57:39.623 [info] > git rev-parse --show-toplevel [2ms]
2025-02-11 15:57:39.641 [info] > git rev-parse --show-toplevel [1ms]
2025-02-11 15:57:39.657 [info] > git rev-parse --show-toplevel [1ms]
2025-02-11 15:57:39.673 [info] > git rev-parse --show-toplevel [1ms]
2025-02-11 15:57:39.689 [info] > git rev-parse --show-toplevel [1ms]
2025-02-11 15:57:39.705 [info] > git rev-parse --show-toplevel [1ms]
2025-02-11 15:57:39.721 [info] > git rev-parse --show-toplevel [1ms]
2025-02-11 15:57:39.742 [info] > git rev-parse --show-toplevel [1ms]
2025-02-11 15:57:39.921 [info] > git rev-parse --show-toplevel [156ms]
2025-02-11 15:57:39.963 [info] > git rev-parse --show-toplevel [13ms]
2025-02-11 15:57:39.980 [info] > git rev-parse --show-toplevel [2ms]
2025-02-11 15:57:39.995 [info] > git rev-parse --show-toplevel [1ms]
2025-02-11 15:57:40.022 [info] > git rev-parse --show-toplevel [13ms]
2025-02-11 15:57:40.040 [info] > git rev-parse --show-toplevel [3ms]
2025-02-11 15:57:40.056 [info] > git rev-parse --show-toplevel [2ms]
2025-02-11 15:57:40.071 [info] > git rev-parse --show-toplevel [1ms]
2025-02-11 15:57:40.088 [info] > git rev-parse --show-toplevel [1ms]
2025-02-11 15:57:40.104 [info] > git rev-parse --git-dir --git-common-dir [1ms]
2025-02-11 15:57:40.107 [info] [Model][openRepository] Opened repository: /home/navee/.config/libinput-gestures
2025-02-11 15:57:40.143 [info] > git rev-parse --show-toplevel [4ms]
2025-02-11 15:57:40.143 [info] > git config --get commit.template [19ms]
2025-02-11 15:57:40.177 [info] > git for-each-ref --format=%(refname)%00%(upstream:short)%00%(objectname)%00%(upstream:track)%00%(upstream:remotename)%00%(upstream:remoteref) refs/heads/master refs/remotes/master [3ms]
2025-02-11 15:57:40.177 [info] > git rev-parse --show-toplevel [19ms]
2025-02-11 15:57:40.192 [warning] [Git][revParse] Unable to read file: ENOENT: no such file or directory, open '/home/navee/.config/libinput-gestures/.git/refs/remotes/origin/master'
2025-02-11 15:57:40.210 [info] > git rev-parse --show-toplevel [3ms]
2025-02-11 15:57:40.210 [info] > git rev-parse refs/remotes/origin/master [18ms]
2025-02-11 15:57:40.259 [info] > git status -z -uall [33ms]
2025-02-11 15:57:40.260 [info] > git rev-parse --show-toplevel [1ms]
2025-02-11 15:57:40.260 [info] > git for-each-ref --sort -committerdate --format %(refname) %(objectname) %(*objectname) [17ms]
2025-02-11 15:57:40.307 [info] > git for-each-ref --format=%(refname)%00%(upstream:short)%00%(objectname)%00%(upstream:track)%00%(upstream:remotename)%00%(upstream:remoteref) refs/heads/master refs/remotes/master [30ms]
2025-02-11 15:57:40.324 [info] > git config --get commit.template [18ms]
2025-02-11 15:57:40.324 [info] > git rev-parse --show-toplevel [31ms]
2025-02-11 15:57:40.340 [info] > git config --get --local branch.master.vscode-merge-base [19ms]
2025-02-11 15:57:40.370 [info] > git for-each-ref --format=%(refname)%00%(upstream:short)%00%(objectname)%00%(upstream:track)%00%(upstream:remotename)%00%(upstream:remoteref) refs/heads/origin/master refs/remotes/origin/master [15ms]
2025-02-11 15:57:40.385 [info] > git rev-parse --show-toplevel [46ms]
2025-02-11 15:57:40.400 [info] > git for-each-ref --format=%(refname)%00%(upstream:short)%00%(objectname)%00%(upstream:track)%00%(upstream:remotename)%00%(upstream:remoteref) refs/heads/master refs/remotes/master [31ms]
2025-02-11 15:57:40.431 [warning] [Git][revParse] Unable to read file: ENOENT: no such file or directory, open '/home/navee/.config/libinput-gestures/.git/refs/remotes/origin/master'
2025-02-11 15:57:40.431 [info] > git rev-parse --show-toplevel [32ms]
2025-02-11 15:57:40.432 [info] > git merge-base refs/heads/master refs/remotes/origin/master [47ms]
2025-02-11 15:57:40.465 [info] > git rev-parse refs/remotes/origin/master [34ms]
2025-02-11 15:57:40.498 [info] > git status -z -uall [18ms]
2025-02-11 15:57:40.498 [info] > git rev-parse --show-toplevel [34ms]
2025-02-11 15:57:40.498 [info] > git diff --name-status -z --diff-filter=ADMR 8c6e3631b01bb1a6fffe40b6e4d9fe2d52efb836...refs/remotes/origin/master [51ms]
2025-02-11 15:57:40.522 [info] > git for-each-ref --sort -committerdate --format %(refname) %(objectname) %(*objectname) [27ms]
2025-02-11 15:57:40.527 [info] > git rev-parse --show-toplevel [6ms]
2025-02-11 15:57:40.545 [info] > git rev-parse --show-toplevel [3ms]
2025-02-11 15:57:40.562 [info] > git rev-parse --show-toplevel [2ms]
2025-02-11 15:57:40.578 [info] > git rev-parse --show-toplevel [2ms]
2025-02-11 15:57:40.593 [info] > git rev-parse --show-toplevel [1ms]
2025-02-11 15:57:40.641 [info] > git rev-parse --show-toplevel [5ms]
2025-02-11 15:57:40.692 [info] > git check-ignore -v -z --stdin [19ms]
2025-02-11 15:57:40.695 [info] > git check-ignore -v -z --stdin [7ms]
2025-02-11 15:57:40.695 [info] > git rev-parse --show-toplevel [38ms]
2025-02-11 15:57:40.712 [info] > git rev-parse --git-dir --git-common-dir [1ms]
2025-02-11 15:57:40.719 [info] [Model][openRepository] Opened repository: /home/navee/.config/waybar
2025-02-11 15:57:40.754 [info] > git rev-parse --show-toplevel [3ms]
2025-02-11 15:57:40.754 [info] > git config --get commit.template [18ms]
2025-02-11 15:57:40.792 [info] > git rev-parse --show-toplevel [19ms]
2025-02-11 15:57:40.818 [info] > git rev-parse --show-toplevel [10ms]
2025-02-11 15:57:40.818 [info] > git for-each-ref --format=%(refname)%00%(upstream:short)%00%(objectname)%00%(upstream:track)%00%(upstream:remotename)%00%(upstream:remoteref) refs/heads/main refs/remotes/main [27ms]
2025-02-11 15:57:40.866 [info] > git status -z -uall [31ms]
2025-02-11 15:57:40.867 [info] > git rev-parse --show-toplevel [1ms]
2025-02-11 15:57:40.867 [info] > git for-each-ref --sort -committerdate --format %(refname) %(objectname) %(*objectname) [16ms]
2025-02-11 15:57:40.921 [info] > git for-each-ref --format=%(refname)%00%(upstream:short)%00%(objectname)%00%(upstream:track)%00%(upstream:remotename)%00%(upstream:remoteref) refs/heads/main refs/remotes/main [31ms]
2025-02-11 15:57:40.947 [info] > git config --get --local branch.main.vscode-merge-base [11ms]
2025-02-11 15:57:40.963 [info] > git config --get commit.template [42ms]
2025-02-11 15:57:40.963 [info] > git rev-parse --show-toplevel [56ms]
2025-02-11 15:57:40.964 [info] [Model][doInitialScan] Initial repository scan completed - repositories (4), closed repositories (0), parent repositories (0), unsafe repositories (0)
2025-02-11 15:57:41.048 [info] > git show --textconv :scripts/spotify_cava.sh [68ms]
2025-02-11 15:57:41.048 [info] > git ls-files --stage -- /home/navee/.config/hypr/scripts/spotify_cava.sh [53ms]
2025-02-11 15:57:41.078 [info] > git for-each-ref --format=%(refname)%00%(upstream:short)%00%(objectname)%00%(upstream:track)%00%(upstream:remotename)%00%(upstream:remoteref) refs/heads/origin/main refs/remotes/origin/main [115ms]
2025-02-11 15:57:41.099 [info] > git hash-object -t tree /dev/null [21ms]
2025-02-11 15:57:41.099 [warning] [GitFileSystemProvider][readFile] File not found - git:/home/navee/.config/hypr/scripts/spotify_cava.sh.git?%7B%22path%22%3A%22%2Fhome%2Fnavee%2F.config%2Fhypr%2Fscripts%2Fspotify_cava.sh%22%2C%22ref%22%3A%22%22%7D
2025-02-11 15:57:41.099 [info] > git hash-object -t tree /dev/null [36ms]
2025-02-11 15:57:41.099 [warning] [GitFileSystemProvider][stat] File not found - git:/home/navee/.config/hypr/scripts/spotify_cava.sh.git?%7B%22path%22%3A%22%2Fhome%2Fnavee%2F.config%2Fhypr%2Fscripts%2Fspotify_cava.sh%22%2C%22ref%22%3A%22%22%7D
2025-02-11 15:57:41.099 [info] > git config --get commit.template [58ms]
2025-02-11 15:57:41.099 [info] > git config --get commit.template [72ms]
2025-02-11 15:57:41.099 [info] > git config --get commit.template [87ms]
2025-02-11 15:57:41.115 [info] > git for-each-ref --format=%(refname)%00%(upstream:short)%00%(objectname)%00%(upstream:track)%00%(upstream:remotename)%00%(upstream:remoteref) refs/heads/main refs/remotes/main [19ms]
2025-02-11 15:57:41.205 [info] > git status -z -uall [72ms]
2025-02-11 15:57:41.206 [info] > git for-each-ref --sort -committerdate --format %(refname) %(objectname) %(*objectname) [54ms]
2025-02-11 15:57:41.229 [info] > git for-each-ref --format=%(refname)%00%(upstream:short)%00%(objectname)%00%(upstream:track)%00%(upstream:remotename)%00%(upstream:remoteref) refs/heads/main refs/remotes/main [24ms]
2025-02-11 15:57:41.259 [info] > git for-each-ref --format=%(refname)%00%(upstream:short)%00%(objectname)%00%(upstream:track)%00%(upstream:remotename)%00%(upstream:remoteref) refs/heads/main refs/remotes/main [71ms]
2025-02-11 15:57:41.259 [info] > git for-each-ref --format=%(refname)%00%(upstream:short)%00%(objectname)%00%(upstream:track)%00%(upstream:remotename)%00%(upstream:remoteref) refs/heads/master refs/remotes/master [87ms]
2025-02-11 15:57:41.322 [warning] [Git][revParse] Unable to read file: ENOENT: no such file or directory, open '/home/navee/.config/libinput-gestures/.git/refs/remotes/origin/master'
2025-02-11 15:57:41.322 [info] > git check-ignore -v -z --stdin [48ms]
2025-02-11 15:57:41.323 [info] > git check-ignore -v -z --stdin [34ms]
2025-02-11 15:57:41.323 [info] > git check-ignore -v -z --stdin [19ms]
2025-02-11 15:57:41.324 [info] > git for-each-ref --sort -committerdate --format %(refname) %(objectname) %(*objectname) [66ms]
2025-02-11 15:57:41.324 [info] > git config --get commit.template [97ms]
2025-02-11 15:57:41.328 [info] > git rev-parse refs/remotes/origin/master [6ms]
2025-02-11 15:57:41.378 [info] > git status -z -uall [35ms]
2025-02-11 15:57:41.378 [info] > git for-each-ref --sort -committerdate --format %(refname) %(objectname) %(*objectname) [20ms]
2025-02-11 15:57:41.434 [info] > git for-each-ref --format=%(refname)%00%(upstream:short)%00%(objectname)%00%(upstream:track)%00%(upstream:remotename)%00%(upstream:remoteref) refs/heads/main refs/remotes/main [61ms]
2025-02-11 15:57:41.464 [info] > git status -z -uall [65ms]
2025-02-11 15:57:41.464 [info] > git status -z -uall [16ms]
2025-02-11 15:57:41.464 [info] > git blame --root --incremental 3d18effbd15c3fe9433d8eef9d3169a26db69fc0 -- /home/navee/.config/hypr/scripts/spotify_cava.sh [31ms]
2025-02-11 15:57:41.464 [info] fatal: no such path scripts/spotify_cava.sh in 3d18effbd15c3fe9433d8eef9d3169a26db69fc0
2025-02-11 15:57:41.465 [info] > git for-each-ref --sort -committerdate --format %(refname) %(objectname) %(*objectname) [49ms]
2025-02-11 15:57:41.558 [info] > git for-each-ref --sort -committerdate --format %(refname) %(objectname) %(*objectname) [96ms]
2025-02-11 15:57:41.566 [info] > git status -z -uall [323ms] (cancelled)
2025-02-11 15:58:25.302 [info] > git fetch [783ms]
2025-02-11 15:58:25.323 [info] > git fetch [781ms]
2025-02-11 15:58:25.344 [info] > git config --get commit.template [21ms]
2025-02-11 15:58:25.364 [info] > git config --get commit.template [20ms]
2025-02-11 15:58:25.386 [info] > git fetch [805ms]
2025-02-11 15:58:25.387 [info] > git for-each-ref --format=%(refname)%00%(upstream:short)%00%(objectname)%00%(upstream:track)%00%(upstream:remotename)%00%(upstream:remoteref) refs/heads/main refs/remotes/main [23ms]
2025-02-11 15:58:25.457 [info] > git for-each-ref --format=%(refname)%00%(upstream:short)%00%(objectname)%00%(upstream:track)%00%(upstream:remotename)%00%(upstream:remoteref) refs/heads/main refs/remotes/main [72ms]
2025-02-11 15:58:25.458 [info] > git config --get commit.template [1ms]
2025-02-11 15:58:25.458 [info] > git for-each-ref --sort -committerdate --format %(refname) %(objectname) %(*objectname) [23ms]
2025-02-11 15:58:25.525 [info] > git status -z -uall [25ms]
2025-02-11 15:58:25.525 [info] > git for-each-ref --format=%(refname)%00%(upstream:short)%00%(objectname)%00%(upstream:track)%00%(upstream:remotename)%00%(upstream:remoteref) refs/heads/main refs/remotes/main [46ms]
2025-02-11 15:58:25.566 [info] > git status -z -uall [21ms]
2025-02-11 15:58:25.566 [info] > git for-each-ref --sort -committerdate --format %(refname) %(objectname) %(*objectname) [45ms]
2025-02-11 15:58:25.575 [info] > git for-each-ref --sort -committerdate --format %(refname) %(objectname) %(*objectname) [11ms]
2025-02-11 15:58:25.706 [info] > git status -z -uall [298ms] (cancelled)
2025-02-11 15:58:26.471 [info] > git fetch [1909ms]
2025-02-11 15:58:26.524 [info] > git config --get commit.template [28ms]
2025-02-11 15:58:26.524 [info] > git for-each-ref --format=%(refname)%00%(upstream:short)%00%(objectname)%00%(upstream:track)%00%(upstream:remotename)%00%(upstream:remoteref) refs/heads/master refs/remotes/master [1ms]
2025-02-11 15:58:26.549 [warning] [Git][revParse] Unable to read file: ENOENT: no such file or directory, open '/home/navee/.config/libinput-gestures/.git/refs/remotes/origin/master'
2025-02-11 15:58:26.551 [info] > git rev-parse refs/remotes/origin/master [2ms]
2025-02-11 15:58:26.598 [info] > git status -z -uall [21ms]
2025-02-11 15:58:26.603 [info] > git for-each-ref --sort -committerdate --format %(refname) %(objectname) %(*objectname) [5ms]
2025-02-11 15:58:26.948 [info] > git show --textconv :config [61ms]
2025-02-11 15:58:26.948 [info] > git show --textconv HEAD:config [40ms]
2025-02-11 15:58:26.948 [info] > git ls-files --stage -- /home/navee/.config/waybar/config [21ms]
2025-02-11 15:58:26.972 [info] > git cat-file -s 611f0e3618c7ade990bc7618ea46e21f62d114bb [3ms]
2025-02-11 15:58:26.972 [info] > git ls-tree -l HEAD -- /home/navee/.config/waybar/config [25ms]
2025-02-11 15:58:27.007 [info] > git blame --root --incremental b444bb59e8f07ad5994a85667fa90a0013f1d7dc -- /home/navee/.config/waybar/config [1ms]
2025-02-11 15:58:27.274 [info] > git check-ignore -v -z --stdin [23ms]
2025-02-11 15:58:27.275 [info] > git check-ignore -v -z --stdin [1ms]
2025-02-11 15:58:27.911 [info] > git ls-files --stage -- /home/navee/.config/waybar/config [21ms]
2025-02-11 15:58:27.930 [info] > git ls-tree -l HEAD -- /home/navee/.config/waybar/config [20ms]
2025-02-11 15:58:27.931 [info] > git cat-file -s 611f0e3618c7ade990bc7618ea46e21f62d114bb [1ms]
2025-02-11 15:58:27.965 [info] > git show --textconv HEAD:config [17ms]
2025-02-11 15:58:27.966 [info] > git show --textconv :config [1ms]
2025-02-11 15:58:28.923 [info] > git show --textconv :cava/config [18ms]
2025-02-11 15:58:28.924 [info] > git ls-files --stage -- /home/navee/.config/cava/config [1ms]
2025-02-11 15:58:28.943 [info] > git cat-file -s f2d4091704968b4ae2ddccdb741edf45f0ad06a3 [1ms]
2025-02-11 15:58:28.968 [info] > git blame --root --incremental 144a4fba15f2a705f89fe600e8c07eb6a8c5bc92 -- /home/navee/.config/cava/config [2ms]
2025-02-11 15:58:29.252 [info] > git check-ignore -v -z --stdin [2ms]
2025-02-11 15:58:32.508 [info] > git show --textconv :hyprland/keybindings.conf [20ms]
2025-02-11 15:58:32.509 [info] > git ls-files --stage -- /home/navee/.config/hypr/hyprland/keybindings.conf [1ms]
2025-02-11 15:58:32.532 [info] > git cat-file -s eb14354e934d403752f8d9b56eee36b4294f2b25 [2ms]
2025-02-11 15:58:32.564 [info] > git blame --root --incremental 3d18effbd15c3fe9433d8eef9d3169a26db69fc0 -- /home/navee/.config/hypr/hyprland/keybindings.conf [2ms]
2025-02-11 15:59:02.684 [info] > git config --get commit.template [21ms]
2025-02-11 15:59:02.685 [info] > git for-each-ref --format=%(refname)%00%(upstream:short)%00%(objectname)%00%(upstream:track)%00%(upstream:remotename)%00%(upstream:remoteref) refs/heads/main refs/remotes/main [1ms]
2025-02-11 15:59:02.730 [info] > git status -z -uall [22ms]
2025-02-11 15:59:02.731 [info] > git for-each-ref --sort -committerdate --format %(refname) %(objectname) %(*objectname) [1ms]
2025-02-11 15:59:04.634 [info] > git show --textconv :hyprland/keybindings.conf [20ms]
2025-02-11 15:59:04.635 [info] > git ls-files --stage -- /home/navee/.config/hypr/hyprland/keybindings.conf [1ms]
2025-02-11 15:59:04.657 [info] > git cat-file -s eb14354e934d403752f8d9b56eee36b4294f2b25 [2ms]
2025-02-11 15:59:05.201 [info] > git show --textconv :hyprland/windowrules.conf [18ms]
2025-02-11 15:59:05.201 [info] > git ls-files --stage -- /home/navee/.config/hypr/hyprland/windowrules.conf [1ms]
2025-02-11 15:59:05.219 [info] > git cat-file -s 01ae69627b3ddca0d3dd5b0c4d77d23ba5ec7984 [1ms]
2025-02-11 15:59:05.241 [info] > git blame --root --incremental 3d18effbd15c3fe9433d8eef9d3169a26db69fc0 -- /home/navee/.config/hypr/hyprland/windowrules.conf [2ms]
2025-02-11 15:59:07.142 [info] > git show --textconv :hyprland/keybindings.conf [18ms]
2025-02-11 15:59:07.143 [info] > git ls-files --stage -- /home/navee/.config/hypr/hyprland/keybindings.conf [1ms]
2025-02-11 15:59:07.162 [info] > git cat-file -s eb14354e934d403752f8d9b56eee36b4294f2b25 [2ms]
2025-02-11 15:59:15.303 [info] > git config --get commit.template [19ms]
2025-02-11 15:59:15.304 [info] > git for-each-ref --format=%(refname)%00%(upstream:short)%00%(objectname)%00%(upstream:track)%00%(upstream:remotename)%00%(upstream:remoteref) refs/heads/main refs/remotes/main [2ms]
2025-02-11 15:59:15.340 [info] > git status -z -uall [18ms]
2025-02-11 15:59:15.341 [info] > git for-each-ref --sort -committerdate --format %(refname) %(objectname) %(*objectname) [1ms]
2025-02-11 15:59:17.193 [info] > git show --textconv :hyprland/windowrules.conf [20ms]
2025-02-11 15:59:17.194 [info] > git ls-files --stage -- /home/navee/.config/hypr/hyprland/windowrules.conf [2ms]
2025-02-11 15:59:17.216 [info] > git cat-file -s 01ae69627b3ddca0d3dd5b0c4d77d23ba5ec7984 [2ms]
