2025-02-11 15:48:33.469 [info] Reading sessions from keychain...
2025-02-11 15:48:33.469 [info] Getting sessions for all scopes...
2025-02-11 15:48:33.469 [info] Getting sessions for all scopes...
2025-02-11 15:48:33.469 [info] Getting sessions for all scopes...
2025-02-11 15:48:33.469 [info] Getting sessions for all scopes...
2025-02-11 15:48:33.469 [info] Getting sessions for all scopes...
2025-02-11 15:48:33.469 [info] Getting sessions for all scopes...
2025-02-11 15:48:33.469 [info] Getting sessions for all scopes...
2025-02-11 15:48:33.469 [info] Got stored sessions!
2025-02-11 15:48:33.469 [info] Got 3 verified sessions.
2025-02-11 15:48:33.469 [info] Got 3 sessions for ...
2025-02-11 15:48:33.469 [info] Got 3 sessions for ...
2025-02-11 15:48:33.469 [info] Got 3 sessions for ...
2025-02-11 15:48:33.469 [info] Got 3 sessions for ...
2025-02-11 15:48:33.469 [info] Got 3 sessions for ...
2025-02-11 15:48:33.469 [info] Got 3 sessions for ...
2025-02-11 15:48:33.469 [info] Got 3 sessions for ...
2025-02-11 15:48:34.033 [info] Getting sessions for repo,user:email,workflow...
2025-02-11 15:48:34.034 [info] Got 1 sessions for repo,user:email,workflow...
2025-02-11 15:48:36.087 [info] Getting sessions for all scopes...
2025-02-11 15:48:36.088 [info] Got 3 sessions for ...
2025-02-11 15:48:36.101 [info] Getting sessions for user:email...
2025-02-11 15:48:36.101 [info] Got 1 sessions for user:email...
2025-02-11 15:48:36.147 [info] Getting sessions for all scopes...
2025-02-11 15:48:36.147 [info] Got 3 sessions for ...
2025-02-11 15:48:36.572 [info] Getting sessions for read:user,repo,user:email,workflow...
2025-02-11 15:48:36.572 [info] Got 1 sessions for read:user,repo,user:email,workflow...
2025-02-11 15:48:36.572 [info] Getting sessions for all scopes...
2025-02-11 15:48:36.572 [info] Got 3 sessions for ...
2025-02-11 15:48:36.572 [info] Getting sessions for all scopes...
2025-02-11 15:48:36.572 [info] Got 3 sessions for ...
2025-02-11 15:48:36.664 [info] Getting sessions for read:user,repo,user:email,workflow...
2025-02-11 15:48:36.664 [info] Got 1 sessions for read:user,repo,user:email,workflow...
2025-02-11 15:48:36.701 [info] Getting sessions for all scopes...
2025-02-11 15:48:36.702 [info] Got 3 sessions for ...
2025-02-11 15:48:38.448 [info] Getting sessions for read:user,repo,user:email,workflow...
2025-02-11 15:48:38.448 [info] Got 1 sessions for read:user,repo,user:email,workflow...
2025-02-11 15:48:38.619 [info] Getting sessions for read:user,repo,user:email,workflow...
2025-02-11 15:48:38.619 [info] Got 1 sessions for read:user,repo,user:email,workflow...
2025-02-11 15:48:38.883 [info] Getting sessions for all scopes...
2025-02-11 15:48:38.883 [info] Got 3 sessions for ...
2025-02-11 15:48:39.718 [info] Getting sessions for read:user,repo,user:email,workflow...
2025-02-11 15:48:39.718 [info] Got 1 sessions for read:user,repo,user:email,workflow...
2025-02-11 15:48:40.229 [info] Getting sessions for read:user,repo,user:email,workflow...
2025-02-11 15:48:40.229 [info] Got 1 sessions for read:user,repo,user:email,workflow...
2025-02-11 15:48:41.254 [info] Getting sessions for read:user,repo,user:email,workflow...
2025-02-11 15:48:41.254 [info] Got 1 sessions for read:user,repo,user:email,workflow...
2025-02-11 15:48:41.390 [info] Getting sessions for all scopes...
2025-02-11 15:48:41.390 [info] Got 3 sessions for ...
2025-02-11 15:48:41.390 [info] Getting sessions for all scopes...
2025-02-11 15:48:41.390 [info] Got 3 sessions for ...
2025-02-11 15:48:41.508 [info] Getting sessions for read:user,repo,user:email,workflow...
2025-02-11 15:48:41.508 [info] Got 1 sessions for read:user,repo,user:email,workflow...
2025-02-11 15:48:41.798 [info] Getting sessions for all scopes...
2025-02-11 15:48:41.798 [info] Got 3 sessions for ...
2025-02-11 15:48:41.800 [info] Getting sessions for all scopes...
2025-02-11 15:48:41.800 [info] Got 3 sessions for ...
2025-02-11 15:48:41.801 [info] Getting sessions for read:user,repo,user:email,workflow...
2025-02-11 15:48:41.801 [info] Got 1 sessions for read:user,repo,user:email,workflow...
2025-02-11 15:48:42.579 [info] Getting sessions for all scopes...
2025-02-11 15:48:42.579 [info] Got 3 sessions for ...
2025-02-11 15:48:42.581 [info] Getting sessions for read:user,repo,user:email,workflow...
2025-02-11 15:48:42.581 [info] Got 1 sessions for read:user,repo,user:email,workflow...
2025-02-11 15:48:42.582 [info] Getting sessions for read:user,repo,user:email,workflow...
2025-02-11 15:48:42.582 [info] Got 1 sessions for read:user,repo,user:email,workflow...
2025-02-11 15:48:43.247 [info] Getting sessions for all scopes...
2025-02-11 15:48:43.247 [info] Got 3 sessions for ...
2025-02-11 15:48:43.249 [info] Getting sessions for read:user,repo,user:email,workflow...
2025-02-11 15:48:43.249 [info] Got 1 sessions for read:user,repo,user:email,workflow...
