[1739267008211] INFO  (ext): SQLTools is starting
[1739267008212] INFO  (ext): initializing language client...
[1739267008213] INFO  (ext): Registering client for languages [{"scheme":"sqltools"},{"language":"sql","scheme":"untitled"},{"language":"sql","scheme":"file"},{"language":"sql","scheme":"sqltools"}]
    ns: "lc"
[1739267008218] INFO  (ext): loading plugins...
[1739267008218] INFO  (ext): registering Formatter Plugin.
    plugin: {
      "name": "Formatter Plugin"
    }
[1739267008219] INFO  (ext): registering Connection Manager Plugin.
    plugin: {
      "name": "Connection Manager Plugin"
    }
[1739267008219] INFO  (ext): registering CodeLens Plugin.
    plugin: {
      "name": "CodeLens Plugin",
      "registeredLanguages": []
    }
[1739267008220] INFO  (ext): registering Dependency Manager Plugin.
    plugin: {
      "name": "Dependency Manager Plugin",
      "installingDrivers": []
    }
[1739267008223] INFO  (ext): Connection explorer changed. Will be updated.
    ns: "conn-man:explorer"
[1739267008223] INFO  (ext): registering History Manager Plugin.
    plugin: {
      "name": "History Manager Plugin"
    }
[1739267008224] INFO  (ext): registering Bookmarks Manager Plugin.
    plugin: {
      "name": "Bookmarks Manager Plugin"
    }
[1739267008225] INFO  (ext): registering Authentication Provider Plugin.
    plugin: {
      "name": "Authentication Provider Plugin",
      "isRegistered": false
    }
[1739267008225] INFO  (ext): registering Object Drop-in Provider (plugin).
    plugin: {
      "type": "plugin",
      "name": "Object Drop-in Provider",
      "isRegistered": false
    }
[1739267008227] INFO  (ext): SQLTools activation completed. 15.917169 ms
[1739267008227] INFO  (ext): Formatter Plugin registered!
[1739267008227] INFO  (ext): CodeLens Plugin registered!
[1739267008227] INFO  (ext): Dependency Manager Plugin registered!
[1739267008227] INFO  (ext): Connection Manager Plugin registered!
[1739267008227] INFO  (ext): History Manager Plugin registered!
[1739267008227] INFO  (ext): Bookmarks Manager Plugin registered!
[1739267008227] INFO  (ext): Authentication Provider Plugin registered!
[1739267008227] INFO  (ext): Object Drop-in Provider (plugin) registered!
[1739267008228] INFO  (ext): Connection explorer changed. Will be updated.
    ns: "conn-man:explorer"
[1739267008228] INFO  (ext): Connection explorer changed. Will be updated.
    ns: "conn-man:explorer"
[1739267008611] INFO  (ls): SQLTools Server started!
===============================
Using node runtime?: no
ExecPath: /opt/visual-studio-code/code 
===============================
[1739267008663] INFO  (ext): LanguageClient ready
    ns: "lc"
[1739267008704] INFO  (ext): registering MySQL/MariaDB/TiDB Plugin (driver).
    plugin: {
      "extensionId": "mtxr.sqltools-driver-mysql",
      "name": "MySQL/MariaDB/TiDB Plugin",
      "type": "driver"
    }
[1739267008660] INFO  (ls): Initialized with node version:v20.18.1
[1739267008704] INFO  (ls): REQUEST RECEIVED => ls/RegisterPlugin
[1739267008704] INFO  (ls): request to register plugin: "/home/navee/.vscode/extensions/mtxr.sqltools-driver-mysql-0.6.3/out/ls/plugin.js"
[1739267008810] INFO  (ls): Driver mysql registered!
    place: "driver-map"
    ns: "ls-context"
[1739267008810] INFO  (ls): Driver mariadb registered!
    place: "driver-map"
    ns: "ls-context"
[1739267008810] INFO  (ls): Driver tidb registered!
    place: "driver-map"
    ns: "ls-context"
[1739267010758] INFO  (ext): MySQL/MariaDB/TiDB Plugin (driver) registered!
[1739267010759] INFO  (ext): Connection explorer changed. Will be updated.
    ns: "conn-man:explorer"
[1739267010831] INFO  (ext): Connection explorer changed. Will be updated.
    ns: "conn-man:explorer"
[1739267011288] INFO  (ext): Connection explorer changed. Will be updated.
    ns: "conn-man:explorer"
[1739267011453] INFO  (ext): Connection explorer changed. Will be updated.
    ns: "conn-man:explorer"
[1739267012484] INFO  (ext): EXECUTING COMMAND => sqltools.refreshTree
[1739267012484] INFO  (ext): Connection explorer changed. Will be updated.
    ns: "conn-man:explorer"
[1739267014794] INFO  (ext): Connection explorer changed. Will be updated.
    ns: "conn-man:explorer"
[1739267015229] INFO  (ext): Connection explorer changed. Will be updated.
    ns: "conn-man:explorer"
[1739267026754] INFO  (ext): Connection explorer changed. Will be updated.
    ns: "conn-man:explorer"
[1739267044099] INFO  (ext): Connection explorer changed. Will be updated.
    ns: "conn-man:explorer"
[1739267044101] INFO  (ext): Connection explorer changed. Will be updated.
    ns: "conn-man:explorer"
[1739267044101] INFO  (ext): Connection explorer changed. Will be updated.
    ns: "conn-man:explorer"
[1739267044102] INFO  (ext): Connection explorer changed. Will be updated.
    ns: "conn-man:explorer"
[1739267044102] INFO  (ext): Connection explorer changed. Will be updated.
    ns: "conn-man:explorer"
[1739267044103] INFO  (ext): Connection explorer changed. Will be updated.
    ns: "conn-man:explorer"
[1739267044103] INFO  (ext): Connection explorer changed. Will be updated.
    ns: "conn-man:explorer"
[1739267065145] INFO  (ext): Connection explorer changed. Will be updated.
    ns: "conn-man:explorer"
[1739267065146] INFO  (ext): Connection explorer changed. Will be updated.
    ns: "conn-man:explorer"
[1739267065146] INFO  (ext): Connection explorer changed. Will be updated.
    ns: "conn-man:explorer"
[1739267065147] INFO  (ext): Connection explorer changed. Will be updated.
    ns: "conn-man:explorer"
[1739267065148] INFO  (ext): Connection explorer changed. Will be updated.
    ns: "conn-man:explorer"
[1739267073217] INFO  (ext): Connection explorer changed. Will be updated.
    ns: "conn-man:explorer"
[1739267075196] INFO  (ext): Connection explorer changed. Will be updated.
    ns: "conn-man:explorer"
[1739267075797] INFO  (ext): Connection explorer changed. Will be updated.
    ns: "conn-man:explorer"
[1739267076411] INFO  (ext): Connection explorer changed. Will be updated.
    ns: "conn-man:explorer"
[1739267077525] INFO  (ext): Connection explorer changed. Will be updated.
    ns: "conn-man:explorer"
[1739267078670] INFO  (ext): Connection explorer changed. Will be updated.
    ns: "conn-man:explorer"
[1739267079700] INFO  (ext): Connection explorer changed. Will be updated.
    ns: "conn-man:explorer"
[1739267085354] INFO  (ext): Connection explorer changed. Will be updated.
    ns: "conn-man:explorer"
[1739267391019] INFO  (ext): Connection explorer changed. Will be updated.
    ns: "conn-man:explorer"
