2025-02-11 15:39:55.019 [info] Reading sessions from keychain...
2025-02-11 15:39:55.019 [info] Getting sessions for all scopes...
2025-02-11 15:39:55.019 [info] Getting sessions for all scopes...
2025-02-11 15:39:55.019 [info] Getting sessions for all scopes...
2025-02-11 15:39:55.019 [info] Getting sessions for all scopes...
2025-02-11 15:39:55.019 [info] Getting sessions for all scopes...
2025-02-11 15:39:55.019 [info] Getting sessions for all scopes...
2025-02-11 15:39:55.019 [info] Getting sessions for all scopes...
2025-02-11 15:39:55.019 [info] Got stored sessions!
2025-02-11 15:39:55.019 [info] Got 3 verified sessions.
2025-02-11 15:39:55.019 [info] Got 3 sessions for ...
2025-02-11 15:39:55.019 [info] Got 3 sessions for ...
2025-02-11 15:39:55.019 [info] Got 3 sessions for ...
2025-02-11 15:39:55.019 [info] Got 3 sessions for ...
2025-02-11 15:39:55.019 [info] Got 3 sessions for ...
2025-02-11 15:39:55.019 [info] Got 3 sessions for ...
2025-02-11 15:39:55.019 [info] Got 3 sessions for ...
2025-02-11 15:39:55.541 [info] Getting sessions for repo,user:email,workflow...
2025-02-11 15:39:55.541 [info] Got 1 sessions for repo,user:email,workflow...
2025-02-11 15:39:58.003 [info] Getting sessions for all scopes...
2025-02-11 15:39:58.003 [info] Got 3 sessions for ...
2025-02-11 15:39:58.003 [info] Getting sessions for user:email...
2025-02-11 15:39:58.003 [info] Got 1 sessions for user:email...
2025-02-11 15:39:58.424 [info] Getting sessions for read:user,repo,user:email,workflow...
2025-02-11 15:39:58.424 [info] Got 1 sessions for read:user,repo,user:email,workflow...
2025-02-11 15:39:58.424 [info] Getting sessions for all scopes...
2025-02-11 15:39:58.424 [info] Got 3 sessions for ...
2025-02-11 15:39:58.424 [info] Getting sessions for all scopes...
2025-02-11 15:39:58.424 [info] Got 3 sessions for ...
2025-02-11 15:39:58.492 [info] Getting sessions for all scopes...
2025-02-11 15:39:58.492 [info] Got 3 sessions for ...
2025-02-11 15:39:58.564 [info] Getting sessions for read:user,repo,user:email,workflow...
2025-02-11 15:39:58.564 [info] Got 1 sessions for read:user,repo,user:email,workflow...
2025-02-11 15:39:59.555 [info] Getting sessions for all scopes...
2025-02-11 15:39:59.555 [info] Got 3 sessions for ...
2025-02-11 15:40:00.669 [info] Getting sessions for read:user,repo,user:email,workflow...
2025-02-11 15:40:00.669 [info] Got 1 sessions for read:user,repo,user:email,workflow...
2025-02-11 15:40:00.710 [info] Getting sessions for read:user,repo,user:email,workflow...
2025-02-11 15:40:00.710 [info] Got 1 sessions for read:user,repo,user:email,workflow...
2025-02-11 15:40:00.984 [info] Getting sessions for all scopes...
2025-02-11 15:40:00.984 [info] Got 3 sessions for ...
2025-02-11 15:40:01.211 [info] Getting sessions for read:user,repo,user:email,workflow...
2025-02-11 15:40:01.211 [info] Got 1 sessions for read:user,repo,user:email,workflow...
2025-02-11 15:40:02.287 [info] Getting sessions for read:user,repo,user:email,workflow...
2025-02-11 15:40:02.287 [info] Got 1 sessions for read:user,repo,user:email,workflow...
2025-02-11 15:40:02.619 [info] Getting sessions for all scopes...
2025-02-11 15:40:02.619 [info] Got 3 sessions for ...
2025-02-11 15:40:02.636 [info] Getting sessions for all scopes...
2025-02-11 15:40:02.636 [info] Got 3 sessions for ...
2025-02-11 15:40:02.655 [info] Getting sessions for read:user,repo,user:email,workflow...
2025-02-11 15:40:02.655 [info] Got 1 sessions for read:user,repo,user:email,workflow...
2025-02-11 15:40:02.717 [info] Getting sessions for all scopes...
2025-02-11 15:40:02.717 [info] Got 3 sessions for ...
2025-02-11 15:40:02.785 [info] Getting sessions for read:user,repo,user:email,workflow...
2025-02-11 15:40:02.785 [info] Got 1 sessions for read:user,repo,user:email,workflow...
2025-02-11 15:40:02.967 [info] Getting sessions for all scopes...
2025-02-11 15:40:02.967 [info] Got 3 sessions for ...
2025-02-11 15:40:03.100 [info] Getting sessions for read:user,repo,user:email,workflow...
2025-02-11 15:40:03.100 [info] Got 1 sessions for read:user,repo,user:email,workflow...
2025-02-11 15:40:03.689 [info] Getting sessions for read:user,repo,user:email,workflow...
2025-02-11 15:40:03.689 [info] Got 1 sessions for read:user,repo,user:email,workflow...
2025-02-11 15:40:04.604 [info] Getting sessions for all scopes...
2025-02-11 15:40:04.604 [info] Got 3 sessions for ...
2025-02-11 15:40:04.604 [info] Getting sessions for all scopes...
2025-02-11 15:40:04.604 [info] Got 3 sessions for ...
2025-02-11 15:40:04.823 [info] Getting sessions for read:user,repo,user:email,workflow...
2025-02-11 15:40:04.823 [info] Got 1 sessions for read:user,repo,user:email,workflow...
2025-02-11 15:40:06.305 [info] Getting sessions for read:user,repo,user:email,workflow...
2025-02-11 15:40:06.305 [info] Got 1 sessions for read:user,repo,user:email,workflow...
2025-02-11 15:42:46.729 [info] Getting sessions for read:user,repo,user:email,workflow...
2025-02-11 15:42:46.729 [info] Got 1 sessions for read:user,repo,user:email,workflow...
2025-02-11 15:42:47.584 [info] Getting sessions for read:user,repo,user:email,workflow...
2025-02-11 15:42:47.584 [info] Got 1 sessions for read:user,repo,user:email,workflow...
