2025-02-11 16:30:03.029 [info] [main] Log level: Info
2025-02-11 16:30:03.029 [info] [main] Validating found git in: "git"
2025-02-11 16:30:03.029 [info] [main] Using git "2.48.1" from "git"
2025-02-11 16:30:03.029 [info] [Model][doInitialScan] Initial repository scan started
2025-02-11 16:30:03.029 [info] > git rev-parse --show-toplevel [16ms]
2025-02-11 16:30:03.029 [info] > git rev-parse --git-dir --git-common-dir [354ms]
2025-02-11 16:30:03.029 [info] [Model][openRepository] Opened repository: /home/navee/.config
2025-02-11 16:30:03.030 [info] > git rev-parse --show-toplevel [41ms]
2025-02-11 16:30:03.045 [info] > git config --get commit.template [69ms]
2025-02-11 16:30:03.050 [info] > git rev-parse --path-format=relative --show-toplevel [6ms]
2025-02-11 16:30:03.081 [info] > git for-each-ref --format=%(refname)%00%(upstream:short)%00%(objectname)%00%(upstream:track)%00%(upstream:remotename)%00%(upstream:remoteref) refs/heads/main refs/remotes/main [17ms]
2025-02-11 16:30:03.113 [info] > git rev-parse --git-dir --git-common-dir [33ms]
2025-02-11 16:30:03.117 [info] [Model][openRepository] Opened repository: /home/navee/.config/hypr
2025-02-11 16:30:03.135 [info] > git for-each-ref --sort -committerdate --format %(refname) %(objectname) %(*objectname) [25ms]
2025-02-11 16:30:03.139 [info] > git config --get commit.template [6ms]
2025-02-11 16:30:04.031 [info] > git check-ignore -v -z --stdin [30ms]
2025-02-11 16:30:04.041 [info] > git check-ignore -v -z --stdin [27ms]
2025-02-11 16:30:04.042 [info] > git for-each-ref --format=%(refname)%00%(upstream:short)%00%(objectname)%00%(upstream:track)%00%(upstream:remotename)%00%(upstream:remoteref) refs/heads/main refs/remotes/main [886ms]
2025-02-11 16:30:04.333 [info] > git status -z -uall [1238ms] (cancelled)
2025-02-11 16:30:04.333 [info] > git status -z -uall [160ms]
2025-02-11 16:30:04.334 [info] > git for-each-ref --sort -committerdate --format %(refname) %(objectname) %(*objectname) [146ms]
2025-02-11 16:30:05.063 [info] > git for-each-ref --format=%(refname)%00%(upstream:short)%00%(objectname)%00%(upstream:track)%00%(upstream:remotename)%00%(upstream:remoteref) refs/heads/main refs/remotes/main [712ms]
2025-02-11 16:30:05.080 [info] > git for-each-ref --format=%(refname)%00%(upstream:short)%00%(objectname)%00%(upstream:track)%00%(upstream:remotename)%00%(upstream:remoteref) refs/heads/main refs/remotes/main [767ms]
2025-02-11 16:30:05.138 [info] > git config --get --local branch.main.vscode-merge-base [43ms]
2025-02-11 16:30:05.154 [info] > git config --get --local branch.main.vscode-merge-base [75ms]
2025-02-11 16:30:05.170 [info] > git config --get commit.template [139ms]
2025-02-11 16:30:05.170 [info] > git config --get commit.template [156ms]
2025-02-11 16:30:05.185 [info] > git for-each-ref --format=%(refname)%00%(upstream:short)%00%(objectname)%00%(upstream:track)%00%(upstream:remotename)%00%(upstream:remoteref) refs/heads/origin/main refs/remotes/origin/main [16ms]
2025-02-11 16:30:05.209 [info] > git for-each-ref --format=%(refname)%00%(upstream:short)%00%(objectname)%00%(upstream:track)%00%(upstream:remotename)%00%(upstream:remoteref) refs/heads/origin/main refs/remotes/origin/main [55ms]
2025-02-11 16:30:05.278 [info] > git merge-base refs/heads/main refs/remotes/origin/main [69ms]
2025-02-11 16:30:05.301 [info] > git for-each-ref --format=%(refname)%00%(upstream:short)%00%(objectname)%00%(upstream:track)%00%(upstream:remotename)%00%(upstream:remoteref) refs/heads/main refs/remotes/main [36ms]
2025-02-11 16:30:05.301 [info] > git for-each-ref --format=%(refname)%00%(upstream:short)%00%(objectname)%00%(upstream:track)%00%(upstream:remotename)%00%(upstream:remoteref) refs/heads/main refs/remotes/main [51ms]
2025-02-11 16:30:05.382 [info] > git for-each-ref --sort -committerdate --format %(refname) %(objectname) %(*objectname) [52ms]
2025-02-11 16:30:05.477 [info] > git status -z -uall [60ms]
2025-02-11 16:30:05.478 [info] > git for-each-ref --sort -committerdate --format %(refname) %(objectname) %(*objectname) [40ms]
2025-02-11 16:30:05.591 [info] > git status -z -uall [276ms] (cancelled)
2025-02-11 16:30:05.624 [info] > git rev-parse --show-toplevel [1ms]
2025-02-11 16:30:06.408 [info] > git rev-parse --show-toplevel [769ms]
2025-02-11 16:30:06.446 [info] > git rev-parse --show-toplevel [15ms]
2025-02-11 16:30:06.507 [info] > git rev-parse --show-toplevel [2ms]
2025-02-11 16:30:06.548 [info] > git rev-parse --show-toplevel [26ms]
2025-02-11 16:30:06.565 [info] > git rev-parse --show-toplevel [1ms]
2025-02-11 16:30:06.581 [info] > git rev-parse --show-toplevel [2ms]
2025-02-11 16:30:06.596 [info] > git rev-parse --show-toplevel [1ms]
2025-02-11 16:30:06.610 [info] > git rev-parse --show-toplevel [1ms]
2025-02-11 16:30:06.625 [info] > git rev-parse --show-toplevel [2ms]
2025-02-11 16:30:06.640 [info] > git rev-parse --show-toplevel [2ms]
2025-02-11 16:30:06.655 [info] > git rev-parse --show-toplevel [2ms]
2025-02-11 16:30:06.670 [info] > git rev-parse --show-toplevel [1ms]
2025-02-11 16:30:06.685 [info] > git rev-parse --show-toplevel [1ms]
2025-02-11 16:30:06.700 [info] > git rev-parse --show-toplevel [1ms]
2025-02-11 16:30:06.717 [info] > git rev-parse --show-toplevel [1ms]
2025-02-11 16:30:06.739 [info] > git rev-parse --show-toplevel [3ms]
2025-02-11 16:30:06.771 [info] > git rev-parse --show-toplevel [15ms]
2025-02-11 16:30:06.799 [info] > git rev-parse --git-dir --git-common-dir [11ms]
2025-02-11 16:30:06.801 [info] [Model][openRepository] Opened repository: /home/navee/.config/libinput-gestures
2025-02-11 16:30:06.835 [info] > git rev-parse --show-toplevel [2ms]
2025-02-11 16:30:06.835 [info] > git config --get commit.template [17ms]
2025-02-11 16:30:06.870 [info] > git rev-parse --show-toplevel [19ms]
2025-02-11 16:30:06.886 [info] > git for-each-ref --format=%(refname)%00%(upstream:short)%00%(objectname)%00%(upstream:track)%00%(upstream:remotename)%00%(upstream:remoteref) refs/heads/master refs/remotes/master [19ms]
2025-02-11 16:30:06.901 [warning] [Git][revParse] Unable to read file: ENOENT: no such file or directory, open '/home/navee/.config/libinput-gestures/.git/refs/remotes/origin/master'
2025-02-11 16:30:06.901 [info] > git rev-parse --show-toplevel [16ms]
2025-02-11 16:30:06.917 [info] > git rev-parse refs/remotes/origin/master [16ms]
2025-02-11 16:30:06.948 [info] > git status -z -uall [17ms]
2025-02-11 16:30:06.948 [info] > git for-each-ref --sort -committerdate --format %(refname) %(objectname) %(*objectname) [2ms]
2025-02-11 16:30:06.967 [info] > git rev-parse --show-toplevel [51ms]
2025-02-11 16:30:06.999 [info] > git for-each-ref --format=%(refname)%00%(upstream:short)%00%(objectname)%00%(upstream:track)%00%(upstream:remotename)%00%(upstream:remoteref) refs/heads/master refs/remotes/master [33ms]
2025-02-11 16:30:07.015 [info] > git config --get --local branch.master.vscode-merge-base [1ms]
2025-02-11 16:30:07.030 [info] > git rev-parse --show-toplevel [32ms]
2025-02-11 16:30:07.030 [info] > git config --get commit.template [47ms]
2025-02-11 16:30:07.046 [info] > git for-each-ref --format=%(refname)%00%(upstream:short)%00%(objectname)%00%(upstream:track)%00%(upstream:remotename)%00%(upstream:remoteref) refs/heads/origin/master refs/remotes/origin/master [17ms]
2025-02-11 16:30:07.076 [info] > git rev-parse --show-toplevel [30ms]
2025-02-11 16:30:07.126 [info] > git for-each-ref --format=%(refname)%00%(upstream:short)%00%(objectname)%00%(upstream:track)%00%(upstream:remotename)%00%(upstream:remoteref) refs/heads/master refs/remotes/master [50ms]
2025-02-11 16:30:07.126 [info] > git merge-base refs/heads/master refs/remotes/origin/master [65ms]
2025-02-11 16:30:07.162 [warning] [Git][revParse] Unable to read file: ENOENT: no such file or directory, open '/home/navee/.config/libinput-gestures/.git/refs/remotes/origin/master'
2025-02-11 16:30:07.164 [info] > git diff --name-status -z --diff-filter=ADMR 8c6e3631b01bb1a6fffe40b6e4d9fe2d52efb836...refs/remotes/origin/master [23ms]
2025-02-11 16:30:07.165 [info] > git rev-parse --show-toplevel [44ms]
2025-02-11 16:30:07.184 [info] > git rev-parse refs/remotes/origin/master [23ms]
2025-02-11 16:30:07.215 [info] > git status -z -uall [16ms]
2025-02-11 16:30:07.216 [info] > git rev-parse --show-toplevel [33ms]
2025-02-11 16:30:07.231 [info] > git for-each-ref --sort -committerdate --format %(refname) %(objectname) %(*objectname) [17ms]
2025-02-11 16:30:07.237 [info] > git rev-parse --show-toplevel [6ms]
2025-02-11 16:30:07.255 [info] > git rev-parse --show-toplevel [2ms]
2025-02-11 16:30:07.272 [info] > git rev-parse --show-toplevel [2ms]
2025-02-11 16:30:07.288 [info] > git rev-parse --show-toplevel [1ms]
2025-02-11 16:30:07.304 [info] > git rev-parse --show-toplevel [1ms]
2025-02-11 16:30:07.319 [info] > git rev-parse --show-toplevel [1ms]
2025-02-11 16:30:07.334 [info] > git rev-parse --show-toplevel [1ms]
2025-02-11 16:30:07.392 [info] > git check-ignore -v -z --stdin [31ms]
2025-02-11 16:30:07.392 [info] > git check-ignore -v -z --stdin [16ms]
2025-02-11 16:30:07.393 [info] > git check-ignore -v -z --stdin [3ms]
2025-02-11 16:30:07.393 [info] > git rev-parse --git-dir --git-common-dir [46ms]
2025-02-11 16:30:07.401 [info] [Model][openRepository] Opened repository: /home/navee/.config/waybar
2025-02-11 16:30:07.434 [info] > git rev-parse --show-toplevel [3ms]
2025-02-11 16:30:07.434 [info] > git config --get commit.template [17ms]
2025-02-11 16:30:07.472 [info] > git rev-parse --show-toplevel [22ms]
2025-02-11 16:30:07.489 [info] > git for-each-ref --format=%(refname)%00%(upstream:short)%00%(objectname)%00%(upstream:track)%00%(upstream:remotename)%00%(upstream:remoteref) refs/heads/main refs/remotes/main [24ms]
2025-02-11 16:30:07.532 [info] > git status -z -uall [27ms]
2025-02-11 16:30:07.532 [info] > git for-each-ref --sort -committerdate --format %(refname) %(objectname) %(*objectname) [12ms]
2025-02-11 16:30:07.553 [info] > git rev-parse --show-toplevel [64ms]
2025-02-11 16:30:07.583 [info] > git for-each-ref --format=%(refname)%00%(upstream:short)%00%(objectname)%00%(upstream:track)%00%(upstream:remotename)%00%(upstream:remoteref) refs/heads/main refs/remotes/main [30ms]
2025-02-11 16:30:07.599 [info] > git config --get --local branch.main.vscode-merge-base [2ms]
2025-02-11 16:30:07.617 [info] > git rev-parse --show-toplevel [35ms]
2025-02-11 16:30:07.618 [info] > git config --get commit.template [50ms]
2025-02-11 16:30:07.641 [info] > git for-each-ref --format=%(refname)%00%(upstream:short)%00%(objectname)%00%(upstream:track)%00%(upstream:remotename)%00%(upstream:remoteref) refs/heads/origin/main refs/remotes/origin/main [24ms]
2025-02-11 16:30:07.661 [info] > git rev-parse --show-toplevel [21ms]
2025-02-11 16:30:07.662 [info] [Model][doInitialScan] Initial repository scan completed - repositories (4), closed repositories (0), parent repositories (0), unsafe repositories (0)
2025-02-11 16:30:07.744 [info] > git show --textconv :hyprland/keybindings.conf [66ms]
2025-02-11 16:30:07.744 [info] > git ls-files --stage -- /home/navee/.config/hypr/hyprland/keybindings.conf [51ms]
2025-02-11 16:30:07.759 [info] > git for-each-ref --format=%(refname)%00%(upstream:short)%00%(objectname)%00%(upstream:track)%00%(upstream:remotename)%00%(upstream:remoteref) refs/heads/main refs/remotes/main [98ms]
2025-02-11 16:30:07.804 [info] > git status -z -uall [31ms]
2025-02-11 16:30:07.804 [info] > git for-each-ref --sort -committerdate --format %(refname) %(objectname) %(*objectname) [16ms]
2025-02-11 16:30:07.809 [info] > git cat-file -s eb14354e934d403752f8d9b56eee36b4294f2b25 [51ms]
2025-02-11 16:30:07.809 [info] > git config --get commit.template [66ms]
2025-02-11 16:30:07.809 [info] > git config --get commit.template [83ms]
2025-02-11 16:30:07.809 [info] > git config --get commit.template [100ms]
2025-02-11 16:30:07.873 [info] > git config --get commit.template [45ms]
2025-02-11 16:30:07.880 [info] > git for-each-ref --format=%(refname)%00%(upstream:short)%00%(objectname)%00%(upstream:track)%00%(upstream:remotename)%00%(upstream:remoteref) refs/heads/main refs/remotes/main [8ms]
2025-02-11 16:30:07.911 [info] > git for-each-ref --format=%(refname)%00%(upstream:short)%00%(objectname)%00%(upstream:track)%00%(upstream:remotename)%00%(upstream:remoteref) refs/heads/main refs/remotes/main [54ms]
2025-02-11 16:30:07.911 [info] > git for-each-ref --format=%(refname)%00%(upstream:short)%00%(objectname)%00%(upstream:track)%00%(upstream:remotename)%00%(upstream:remoteref) refs/heads/master refs/remotes/master [68ms]
2025-02-11 16:30:07.941 [warning] [Git][revParse] Unable to read file: ENOENT: no such file or directory, open '/home/navee/.config/libinput-gestures/.git/refs/remotes/origin/master'
2025-02-11 16:30:07.945 [info] > git for-each-ref --sort -committerdate --format %(refname) %(objectname) %(*objectname) [34ms]
2025-02-11 16:30:07.994 [info] > git rev-parse refs/remotes/origin/master [53ms]
2025-02-11 16:30:08.024 [info] > git for-each-ref --format=%(refname)%00%(upstream:short)%00%(objectname)%00%(upstream:track)%00%(upstream:remotename)%00%(upstream:remoteref) refs/heads/main refs/remotes/main [97ms]
2025-02-11 16:30:08.140 [info] > git status -z -uall [245ms] (cancelled)
2025-02-11 16:30:08.140 [info] > git check-ignore -v -z --stdin [179ms]
2025-02-11 16:30:08.141 [info] > git check-ignore -v -z --stdin [164ms]
2025-02-11 16:30:08.141 [info] > git check-ignore -v -z --stdin [150ms]
2025-02-11 16:30:08.142 [info] > git status -z -uall [133ms]
2025-02-11 16:30:08.142 [info] > git status -z -uall [105ms]
2025-02-11 16:30:08.142 [info] > git for-each-ref --sort -committerdate --format %(refname) %(objectname) %(*objectname) [89ms]
2025-02-11 16:30:08.147 [info] > git for-each-ref --sort -committerdate --format %(refname) %(objectname) %(*objectname) [123ms]
2025-02-11 16:30:09.042 [info] > git status -z -uall [874ms]
2025-02-11 16:30:09.043 [info] > git for-each-ref --sort -committerdate --format %(refname) %(objectname) %(*objectname) [860ms]
2025-02-11 16:30:09.077 [info] > git blame --root --incremental 3d18effbd15c3fe9433d8eef9d3169a26db69fc0 -- /home/navee/.config/hypr/hyprland/keybindings.conf [38ms]
2025-02-11 16:30:25.822 [info] > git fetch [776ms]
2025-02-11 16:30:25.853 [info] > git config --get commit.template [16ms]
2025-02-11 16:30:25.854 [info] > git for-each-ref --format=%(refname)%00%(upstream:short)%00%(objectname)%00%(upstream:track)%00%(upstream:remotename)%00%(upstream:remoteref) refs/heads/main refs/remotes/main [2ms]
2025-02-11 16:30:25.884 [info] > git status -z -uall [15ms]
2025-02-11 16:30:25.885 [info] > git for-each-ref --sort -committerdate --format %(refname) %(objectname) %(*objectname) [1ms]
2025-02-11 16:30:26.003 [info] > git fetch [921ms]
2025-02-11 16:30:26.024 [info] > git fetch [999ms]
2025-02-11 16:30:26.042 [info] > git config --get commit.template [19ms]
2025-02-11 16:30:26.062 [info] > git config --get commit.template [21ms]
2025-02-11 16:30:26.084 [info] > git for-each-ref --format=%(refname)%00%(upstream:short)%00%(objectname)%00%(upstream:track)%00%(upstream:remotename)%00%(upstream:remoteref) refs/heads/main refs/remotes/main [3ms]
2025-02-11 16:30:26.121 [info] > git for-each-ref --format=%(refname)%00%(upstream:short)%00%(objectname)%00%(upstream:track)%00%(upstream:remotename)%00%(upstream:remoteref) refs/heads/main refs/remotes/main [60ms]
2025-02-11 16:30:26.155 [info] > git status -z -uall [17ms]
2025-02-11 16:30:26.156 [info] > git for-each-ref --sort -committerdate --format %(refname) %(objectname) %(*objectname) [34ms]
2025-02-11 16:30:26.157 [info] > git for-each-ref --sort -committerdate --format %(refname) %(objectname) %(*objectname) [3ms]
2025-02-11 16:30:26.257 [info] > git status -z -uall [155ms] (cancelled)
2025-02-11 16:30:26.985 [info] > git fetch [1922ms]
2025-02-11 16:30:27.040 [info] > git config --get commit.template [1ms]
2025-02-11 16:30:27.041 [info] > git config --get commit.template [29ms]
2025-02-11 16:30:27.095 [info] > git for-each-ref --format=%(refname)%00%(upstream:short)%00%(objectname)%00%(upstream:track)%00%(upstream:remotename)%00%(upstream:remoteref) refs/heads/master refs/remotes/master [29ms]
2025-02-11 16:30:27.118 [warning] [Git][revParse] Unable to read file: ENOENT: no such file or directory, open '/home/navee/.config/libinput-gestures/.git/refs/remotes/origin/master'
2025-02-11 16:30:27.119 [info] > git for-each-ref --format=%(refname)%00%(upstream:short)%00%(objectname)%00%(upstream:track)%00%(upstream:remotename)%00%(upstream:remoteref) refs/heads/main refs/remotes/main [25ms]
2025-02-11 16:30:27.120 [info] > git rev-parse refs/remotes/origin/master [2ms]
2025-02-11 16:30:27.163 [info] > git status -z -uall [21ms]
2025-02-11 16:30:27.204 [info] > git status -z -uall [21ms]
2025-02-11 16:30:27.204 [info] > git for-each-ref --sort -committerdate --format %(refname) %(objectname) %(*objectname) [42ms]
2025-02-11 16:30:27.213 [info] > git for-each-ref --sort -committerdate --format %(refname) %(objectname) %(*objectname) [9ms]
2025-02-11 16:30:27.309 [info] > git config --get commit.template [1ms]
2025-02-11 16:30:27.335 [info] > git for-each-ref --format=%(refname)%00%(upstream:short)%00%(objectname)%00%(upstream:track)%00%(upstream:remotename)%00%(upstream:remoteref) refs/heads/main refs/remotes/main [1ms]
2025-02-11 16:30:27.372 [info] > git status -z -uall [19ms]
2025-02-11 16:30:27.373 [info] > git for-each-ref --sort -committerdate --format %(refname) %(objectname) %(*objectname) [2ms]
2025-02-11 16:30:28.622 [info] > git ls-files --stage -- /home/navee/.config/hypr/hyprland/keybindings.conf [1ms]
2025-02-11 16:30:28.641 [info] > git cat-file -s eb14354e934d403752f8d9b56eee36b4294f2b25 [2ms]
2025-02-11 16:30:28.661 [info] > git show --textconv :hyprland/keybindings.conf [2ms]
2025-02-11 16:32:45.916 [info] > git check-ignore -v -z --stdin [1ms]
2025-02-11 16:32:55.550 [info] > git check-ignore -v -z --stdin [21ms]
2025-02-11 16:32:55.553 [info] > git check-ignore -v -z --stdin [4ms]
2025-02-11 16:32:57.307 [info] > git check-ignore -v -z --stdin [2ms]
2025-02-11 16:33:01.047 [info] > git show --textconv :bashrc [22ms]
2025-02-11 16:33:01.048 [info] > git ls-files --stage -- /home/navee/.config/hypr/bashrc [1ms]
2025-02-11 16:33:01.071 [info] > git cat-file -s 493bd4c2df8edcbc28754f4965f491a91cbfcdf1 [1ms]
2025-02-11 16:33:06.427 [info] > git blame --root --incremental 3d18effbd15c3fe9433d8eef9d3169a26db69fc0 -- /home/navee/.config/hypr/bashrc [2ms]
2025-02-11 16:33:09.391 [info] > git config --get commit.template [21ms]
2025-02-11 16:33:09.391 [info] > git for-each-ref --format=%(refname)%00%(upstream:short)%00%(objectname)%00%(upstream:track)%00%(upstream:remotename)%00%(upstream:remoteref) refs/heads/main refs/remotes/main [1ms]
2025-02-11 16:33:09.441 [info] > git status -z -uall [21ms]
2025-02-11 16:33:09.442 [info] > git for-each-ref --sort -committerdate --format %(refname) %(objectname) %(*objectname) [2ms]
2025-02-11 16:33:17.679 [info] > git config --get commit.template [23ms]
2025-02-11 16:33:17.679 [info] > git for-each-ref --format=%(refname)%00%(upstream:short)%00%(objectname)%00%(upstream:track)%00%(upstream:remotename)%00%(upstream:remoteref) refs/heads/main refs/remotes/main [1ms]
2025-02-11 16:33:17.722 [info] > git status -z -uall [21ms]
2025-02-11 16:33:17.723 [info] > git for-each-ref --sort -committerdate --format %(refname) %(objectname) %(*objectname) [1ms]
2025-02-11 16:33:57.299 [info] > git fetch [695ms]
2025-02-11 16:33:57.299 [info] > git fetch [673ms]
2025-02-11 16:33:57.338 [info] > git config --get commit.template [20ms]
2025-02-11 16:33:57.377 [info] > git config --get commit.template [39ms]
2025-02-11 16:33:57.378 [info] > git for-each-ref --format=%(refname)%00%(upstream:short)%00%(objectname)%00%(upstream:track)%00%(upstream:remotename)%00%(upstream:remoteref) refs/heads/main refs/remotes/main [1ms]
2025-02-11 16:33:57.417 [info] > git for-each-ref --format=%(refname)%00%(upstream:short)%00%(objectname)%00%(upstream:track)%00%(upstream:remotename)%00%(upstream:remoteref) refs/heads/main refs/remotes/main [60ms]
2025-02-11 16:33:57.417 [info] > git fetch [765ms]
2025-02-11 16:33:57.438 [info] > git status -z -uall [41ms]
2025-02-11 16:33:57.438 [info] > git for-each-ref --sort -committerdate --format %(refname) %(objectname) %(*objectname) [21ms]
2025-02-11 16:33:57.445 [info] > git config --get commit.template [8ms]
2025-02-11 16:33:57.503 [info] > git status -z -uall [20ms]
2025-02-11 16:33:57.503 [info] > git for-each-ref --format=%(refname)%00%(upstream:short)%00%(objectname)%00%(upstream:track)%00%(upstream:remotename)%00%(upstream:remoteref) refs/heads/main refs/remotes/main [39ms]
2025-02-11 16:33:57.546 [info] > git for-each-ref --sort -committerdate --format %(refname) %(objectname) %(*objectname) [44ms]
2025-02-11 16:33:57.553 [info] > git for-each-ref --sort -committerdate --format %(refname) %(objectname) %(*objectname) [7ms]
2025-02-11 16:33:58.535 [info] > git status -z -uall [1012ms] (cancelled)
2025-02-11 16:33:58.535 [info] > git fetch [1855ms]
2025-02-11 16:33:58.575 [info] > git config --get commit.template [2ms]
2025-02-11 16:33:58.612 [info] > git for-each-ref --format=%(refname)%00%(upstream:short)%00%(objectname)%00%(upstream:track)%00%(upstream:remotename)%00%(upstream:remoteref) refs/heads/master refs/remotes/master [1ms]
2025-02-11 16:33:58.640 [warning] [Git][revParse] Unable to read file: ENOENT: no such file or directory, open '/home/navee/.config/libinput-gestures/.git/refs/remotes/origin/master'
2025-02-11 16:33:58.641 [info] > git rev-parse refs/remotes/origin/master [1ms]
2025-02-11 16:33:58.683 [info] > git status -z -uall [20ms]
2025-02-11 16:33:58.684 [info] > git for-each-ref --sort -committerdate --format %(refname) %(objectname) %(*objectname) [2ms]
2025-02-11 16:34:21.414 [info] > git ls-files --stage -- /home/navee/.config/hypr/bashrc [1ms]
2025-02-11 16:34:21.437 [info] > git cat-file -s 493bd4c2df8edcbc28754f4965f491a91cbfcdf1 [2ms]
2025-02-11 16:34:21.461 [info] > git show --textconv :bashrc [1ms]
2025-02-11 16:34:37.273 [info] > git config --get commit.template [19ms]
2025-02-11 16:34:37.274 [info] > git for-each-ref --format=%(refname)%00%(upstream:short)%00%(objectname)%00%(upstream:track)%00%(upstream:remotename)%00%(upstream:remoteref) refs/heads/main refs/remotes/main [1ms]
2025-02-11 16:34:37.321 [info] > git status -z -uall [24ms]
2025-02-11 16:34:37.322 [info] > git for-each-ref --sort -committerdate --format %(refname) %(objectname) %(*objectname) [2ms]
2025-02-11 16:34:42.366 [info] > git config --get commit.template [20ms]
2025-02-11 16:34:42.367 [info] > git for-each-ref --format=%(refname)%00%(upstream:short)%00%(objectname)%00%(upstream:track)%00%(upstream:remotename)%00%(upstream:remoteref) refs/heads/main refs/remotes/main [2ms]
2025-02-11 16:34:42.410 [info] > git status -z -uall [24ms]
2025-02-11 16:34:42.411 [info] > git for-each-ref --sort -committerdate --format %(refname) %(objectname) %(*objectname) [2ms]
2025-02-11 16:35:29.153 [info] > git show --textconv :hyprland/windowrules.conf [21ms]
2025-02-11 16:35:29.154 [info] > git ls-files --stage -- /home/navee/.config/hypr/hyprland/windowrules.conf [2ms]
2025-02-11 16:35:29.177 [info] > git cat-file -s 01ae69627b3ddca0d3dd5b0c4d77d23ba5ec7984 [1ms]
2025-02-11 16:35:29.206 [info] > git blame --root --incremental 3d18effbd15c3fe9433d8eef9d3169a26db69fc0 -- /home/navee/.config/hypr/hyprland/windowrules.conf [2ms]
2025-02-11 16:35:49.317 [info] > git config --get commit.template [2ms]
2025-02-11 16:35:49.363 [info] > git for-each-ref --format=%(refname)%00%(upstream:short)%00%(objectname)%00%(upstream:track)%00%(upstream:remotename)%00%(upstream:remoteref) refs/heads/main refs/remotes/main [2ms]
2025-02-11 16:35:49.411 [info] > git status -z -uall [22ms]
2025-02-11 16:35:49.411 [info] > git for-each-ref --sort -committerdate --format %(refname) %(objectname) %(*objectname) [1ms]
2025-02-11 16:36:14.901 [info] > git config --get commit.template [19ms]
2025-02-11 16:36:14.902 [info] > git for-each-ref --format=%(refname)%00%(upstream:short)%00%(objectname)%00%(upstream:track)%00%(upstream:remotename)%00%(upstream:remoteref) refs/heads/main refs/remotes/main [2ms]
2025-02-11 16:36:14.939 [info] > git status -z -uall [21ms]
2025-02-11 16:36:14.940 [info] > git for-each-ref --sort -committerdate --format %(refname) %(objectname) %(*objectname) [1ms]
2025-02-11 16:36:58.307 [info] > git fetch [844ms]
2025-02-11 16:36:58.329 [info] > git fetch [759ms]
2025-02-11 16:36:58.350 [info] > git config --get commit.template [20ms]
2025-02-11 16:36:58.371 [info] > git config --get commit.template [22ms]
2025-02-11 16:36:58.391 [info] > git fetch [636ms]
2025-02-11 16:36:58.392 [info] > git for-each-ref --format=%(refname)%00%(upstream:short)%00%(objectname)%00%(upstream:track)%00%(upstream:remotename)%00%(upstream:remoteref) refs/heads/main refs/remotes/main [22ms]
2025-02-11 16:36:58.449 [info] > git status -z -uall [38ms]
2025-02-11 16:36:58.449 [info] > git for-each-ref --format=%(refname)%00%(upstream:short)%00%(objectname)%00%(upstream:track)%00%(upstream:remotename)%00%(upstream:remoteref) refs/heads/main refs/remotes/main [59ms]
2025-02-11 16:36:58.450 [info] > git config --get commit.template [2ms]
2025-02-11 16:36:58.450 [info] > git for-each-ref --sort -committerdate --format %(refname) %(objectname) %(*objectname) [21ms]
2025-02-11 16:36:58.514 [info] > git status -z -uall [21ms]
2025-02-11 16:36:58.514 [info] > git for-each-ref --format=%(refname)%00%(upstream:short)%00%(objectname)%00%(upstream:track)%00%(upstream:remotename)%00%(upstream:remoteref) refs/heads/main refs/remotes/main [40ms]
2025-02-11 16:36:58.554 [info] > git for-each-ref --sort -committerdate --format %(refname) %(objectname) %(*objectname) [41ms]
2025-02-11 16:36:58.562 [info] > git for-each-ref --sort -committerdate --format %(refname) %(objectname) %(*objectname) [9ms]
2025-02-11 16:36:58.736 [info] > git status -z -uall [203ms] (cancelled)
2025-02-11 16:36:59.612 [info] > git config --get commit.template [27ms]
2025-02-11 16:36:59.612 [info] > git for-each-ref --format=%(refname)%00%(upstream:short)%00%(objectname)%00%(upstream:track)%00%(upstream:remotename)%00%(upstream:remoteref) refs/heads/main refs/remotes/main [2ms]
2025-02-11 16:36:59.658 [info] > git status -z -uall [23ms]
2025-02-11 16:36:59.659 [info] > git for-each-ref --sort -committerdate --format %(refname) %(objectname) %(*objectname) [2ms]
2025-02-11 16:37:00.140 [info] > git fetch [1405ms]
2025-02-11 16:37:00.178 [info] > git config --get commit.template [19ms]
2025-02-11 16:37:00.179 [info] > git for-each-ref --format=%(refname)%00%(upstream:short)%00%(objectname)%00%(upstream:track)%00%(upstream:remotename)%00%(upstream:remoteref) refs/heads/master refs/remotes/master [2ms]
2025-02-11 16:37:00.196 [warning] [Git][revParse] Unable to read file: ENOENT: no such file or directory, open '/home/navee/.config/libinput-gestures/.git/refs/remotes/origin/master'
2025-02-11 16:37:00.197 [info] > git rev-parse refs/remotes/origin/master [1ms]
2025-02-11 16:37:00.236 [info] > git status -z -uall [20ms]
2025-02-11 16:37:00.237 [info] > git for-each-ref --sort -committerdate --format %(refname) %(objectname) %(*objectname) [2ms]
2025-02-11 16:37:01.353 [info] > git config --get commit.template [20ms]
2025-02-11 16:37:01.354 [info] > git for-each-ref --format=%(refname)%00%(upstream:short)%00%(objectname)%00%(upstream:track)%00%(upstream:remotename)%00%(upstream:remoteref) refs/heads/master refs/remotes/master [1ms]
2025-02-11 16:37:01.373 [warning] [Git][revParse] Unable to read file: ENOENT: no such file or directory, open '/home/navee/.config/libinput-gestures/.git/refs/remotes/origin/master'
2025-02-11 16:37:01.375 [info] > git rev-parse refs/remotes/origin/master [1ms]
2025-02-11 16:37:01.415 [info] > git status -z -uall [21ms]
2025-02-11 16:37:01.415 [info] > git for-each-ref --sort -committerdate --format %(refname) %(objectname) %(*objectname) [1ms]
2025-02-11 16:37:05.641 [info] > git show --textconv :hyprland/windowrules.conf [19ms]
2025-02-11 16:37:05.642 [info] > git ls-files --stage -- /home/navee/.config/hypr/hyprland/windowrules.conf [1ms]
2025-02-11 16:37:05.663 [info] > git cat-file -s 01ae69627b3ddca0d3dd5b0c4d77d23ba5ec7984 [2ms]
2025-02-11 16:37:15.358 [info] > git config --get commit.template [20ms]
2025-02-11 16:37:15.359 [info] > git for-each-ref --format=%(refname)%00%(upstream:short)%00%(objectname)%00%(upstream:track)%00%(upstream:remotename)%00%(upstream:remoteref) refs/heads/main refs/remotes/main [2ms]
2025-02-11 16:37:15.399 [info] > git status -z -uall [20ms]
2025-02-11 16:37:15.399 [info] > git for-each-ref --sort -committerdate --format %(refname) %(objectname) %(*objectname) [1ms]
2025-02-11 16:37:31.387 [info] > git config --get commit.template [21ms]
2025-02-11 16:37:31.388 [info] > git for-each-ref --format=%(refname)%00%(upstream:short)%00%(objectname)%00%(upstream:track)%00%(upstream:remotename)%00%(upstream:remoteref) refs/heads/main refs/remotes/main [1ms]
2025-02-11 16:37:31.429 [info] > git status -z -uall [23ms]
2025-02-11 16:37:31.430 [info] > git for-each-ref --sort -committerdate --format %(refname) %(objectname) %(*objectname) [2ms]
2025-02-11 16:37:39.907 [info] > git config --get commit.template [20ms]
2025-02-11 16:37:39.907 [info] > git for-each-ref --format=%(refname)%00%(upstream:short)%00%(objectname)%00%(upstream:track)%00%(upstream:remotename)%00%(upstream:remoteref) refs/heads/main refs/remotes/main [1ms]
2025-02-11 16:37:39.947 [info] > git status -z -uall [20ms]
2025-02-11 16:37:39.948 [info] > git for-each-ref --sort -committerdate --format %(refname) %(objectname) %(*objectname) [2ms]
2025-02-11 16:37:43.765 [info] > git show --textconv :hyprland/keybindings.conf [21ms]
2025-02-11 16:37:43.767 [info] > git ls-files --stage -- /home/navee/.config/hypr/hyprland/keybindings.conf [2ms]
2025-02-11 16:37:43.793 [info] > git cat-file -s eb14354e934d403752f8d9b56eee36b4294f2b25 [2ms]
2025-02-11 16:37:44.993 [info] > git config --get commit.template [19ms]
2025-02-11 16:37:44.994 [info] > git for-each-ref --format=%(refname)%00%(upstream:short)%00%(objectname)%00%(upstream:track)%00%(upstream:remotename)%00%(upstream:remoteref) refs/heads/main refs/remotes/main [2ms]
2025-02-11 16:37:45.031 [info] > git status -z -uall [19ms]
2025-02-11 16:37:45.032 [info] > git for-each-ref --sort -committerdate --format %(refname) %(objectname) %(*objectname) [2ms]
2025-02-11 16:37:51.902 [info] > git config --get commit.template [18ms]
2025-02-11 16:37:51.903 [info] > git for-each-ref --format=%(refname)%00%(upstream:short)%00%(objectname)%00%(upstream:track)%00%(upstream:remotename)%00%(upstream:remoteref) refs/heads/main refs/remotes/main [1ms]
2025-02-11 16:37:51.939 [info] > git status -z -uall [18ms]
2025-02-11 16:37:51.940 [info] > git for-each-ref --sort -committerdate --format %(refname) %(objectname) %(*objectname) [1ms]
2025-02-11 16:37:55.585 [info] > git show --textconv :bashrc [21ms]
2025-02-11 16:37:55.586 [info] > git ls-files --stage -- /home/navee/.config/hypr/bashrc [2ms]
2025-02-11 16:37:55.607 [info] > git cat-file -s 493bd4c2df8edcbc28754f4965f491a91cbfcdf1 [1ms]
2025-02-11 16:37:57.373 [info] > git show --textconv :hyprland/keybindings.conf [20ms]
2025-02-11 16:37:57.374 [info] > git ls-files --stage -- /home/navee/.config/hypr/hyprland/keybindings.conf [2ms]
2025-02-11 16:37:57.394 [info] > git cat-file -s eb14354e934d403752f8d9b56eee36b4294f2b25 [1ms]
2025-02-11 16:37:57.951 [info] > git show --textconv :hyprland/windowrules.conf [21ms]
2025-02-11 16:37:57.952 [info] > git ls-files --stage -- /home/navee/.config/hypr/hyprland/windowrules.conf [1ms]
2025-02-11 16:37:57.974 [info] > git cat-file -s 01ae69627b3ddca0d3dd5b0c4d77d23ba5ec7984 [2ms]
2025-02-11 16:37:59.568 [info] > git show --textconv :hyprland/keybindings.conf [26ms]
2025-02-11 16:37:59.569 [info] > git ls-files --stage -- /home/navee/.config/hypr/hyprland/keybindings.conf [1ms]
2025-02-11 16:37:59.602 [info] > git cat-file -s eb14354e934d403752f8d9b56eee36b4294f2b25 [2ms]
2025-02-11 16:38:00.412 [info] > git show --textconv :hyprland/windowrules.conf [21ms]
2025-02-11 16:38:00.413 [info] > git ls-files --stage -- /home/navee/.config/hypr/hyprland/windowrules.conf [2ms]
2025-02-11 16:38:00.444 [info] > git cat-file -s 01ae69627b3ddca0d3dd5b0c4d77d23ba5ec7984 [10ms]
2025-02-11 16:38:10.263 [info] > git config --get commit.template [23ms]
2025-02-11 16:38:10.264 [info] > git for-each-ref --format=%(refname)%00%(upstream:short)%00%(objectname)%00%(upstream:track)%00%(upstream:remotename)%00%(upstream:remoteref) refs/heads/main refs/remotes/main [2ms]
2025-02-11 16:38:10.304 [info] > git status -z -uall [21ms]
2025-02-11 16:38:10.305 [info] > git for-each-ref --sort -committerdate --format %(refname) %(objectname) %(*objectname) [2ms]
2025-02-11 16:38:48.896 [info] > git config --get commit.template [2ms]
2025-02-11 16:38:48.915 [info] > git for-each-ref --format=%(refname)%00%(upstream:short)%00%(objectname)%00%(upstream:track)%00%(upstream:remotename)%00%(upstream:remoteref) refs/heads/main refs/remotes/main [1ms]
2025-02-11 16:38:48.956 [info] > git status -z -uall [21ms]
2025-02-11 16:38:48.958 [info] > git for-each-ref --sort -committerdate --format %(refname) %(objectname) %(*objectname) [3ms]
2025-02-11 16:38:54.007 [info] > git config --get commit.template [21ms]
2025-02-11 16:38:54.008 [info] > git for-each-ref --format=%(refname)%00%(upstream:short)%00%(objectname)%00%(upstream:track)%00%(upstream:remotename)%00%(upstream:remoteref) refs/heads/main refs/remotes/main [2ms]
2025-02-11 16:38:54.048 [info] > git status -z -uall [21ms]
2025-02-11 16:38:54.049 [info] > git for-each-ref --sort -committerdate --format %(refname) %(objectname) %(*objectname) [2ms]
2025-02-11 16:38:56.504 [info] > git show --textconv :hyprland/windowrules.conf [21ms]
2025-02-11 16:38:56.505 [info] > git ls-files --stage -- /home/navee/.config/hypr/hyprland/windowrules.conf [2ms]
2025-02-11 16:38:56.526 [info] > git cat-file -s 01ae69627b3ddca0d3dd5b0c4d77d23ba5ec7984 [1ms]
2025-02-11 16:38:58.093 [info] > git show --textconv :hyprland/keybindings.conf [21ms]
2025-02-11 16:38:58.093 [info] > git ls-files --stage -- /home/navee/.config/hypr/hyprland/keybindings.conf [1ms]
2025-02-11 16:38:58.115 [info] > git cat-file -s eb14354e934d403752f8d9b56eee36b4294f2b25 [1ms]
2025-02-11 16:39:59.383 [info] > git fetch [805ms]
2025-02-11 16:39:59.403 [info] > git fetch [665ms]
2025-02-11 16:39:59.403 [info] > git fetch [928ms]
2025-02-11 16:39:59.441 [info] > git config --get commit.template [39ms]
2025-02-11 16:39:59.463 [info] > git config --get commit.template [41ms]
2025-02-11 16:39:59.464 [info] > git config --get commit.template [24ms]
2025-02-11 16:39:59.504 [info] > git for-each-ref --format=%(refname)%00%(upstream:short)%00%(objectname)%00%(upstream:track)%00%(upstream:remotename)%00%(upstream:remoteref) refs/heads/main refs/remotes/main [42ms]
2025-02-11 16:39:59.505 [info] > git for-each-ref --format=%(refname)%00%(upstream:short)%00%(objectname)%00%(upstream:track)%00%(upstream:remotename)%00%(upstream:remoteref) refs/heads/main refs/remotes/main [21ms]
2025-02-11 16:39:59.543 [info] > git for-each-ref --format=%(refname)%00%(upstream:short)%00%(objectname)%00%(upstream:track)%00%(upstream:remotename)%00%(upstream:remoteref) refs/heads/main refs/remotes/main [39ms]
2025-02-11 16:39:59.599 [info] > git status -z -uall [35ms]
2025-02-11 16:39:59.599 [info] > git for-each-ref --sort -committerdate --format %(refname) %(objectname) %(*objectname) [56ms]
2025-02-11 16:39:59.641 [info] > git status -z -uall [19ms]
2025-02-11 16:39:59.642 [info] > git for-each-ref --sort -committerdate --format %(refname) %(objectname) %(*objectname) [43ms]
2025-02-11 16:39:59.648 [info] > git for-each-ref --sort -committerdate --format %(refname) %(objectname) %(*objectname) [7ms]
2025-02-11 16:39:59.773 [info] > git status -z -uall [250ms] (cancelled)
2025-02-11 16:40:00.703 [info] > git config --get commit.template [19ms]
2025-02-11 16:40:00.704 [info] > git config --get commit.template [1ms]
2025-02-11 16:40:00.736 [info] > git for-each-ref --format=%(refname)%00%(upstream:short)%00%(objectname)%00%(upstream:track)%00%(upstream:remotename)%00%(upstream:remoteref) refs/heads/main refs/remotes/main [16ms]
2025-02-11 16:40:00.767 [info] > git status -z -uall [15ms]
2025-02-11 16:40:00.767 [info] > git for-each-ref --format=%(refname)%00%(upstream:short)%00%(objectname)%00%(upstream:track)%00%(upstream:remotename)%00%(upstream:remoteref) refs/heads/main refs/remotes/main [32ms]
2025-02-11 16:40:00.797 [info] > git status -z -uall [16ms]
2025-02-11 16:40:00.798 [info] > git for-each-ref --sort -committerdate --format %(refname) %(objectname) %(*objectname) [31ms]
2025-02-11 16:40:00.802 [info] > git for-each-ref --sort -committerdate --format %(refname) %(objectname) %(*objectname) [6ms]
2025-02-11 16:40:02.602 [info] > git fetch [2057ms]
2025-02-11 16:40:02.633 [info] > git config --get commit.template [15ms]
2025-02-11 16:40:02.634 [info] > git for-each-ref --format=%(refname)%00%(upstream:short)%00%(objectname)%00%(upstream:track)%00%(upstream:remotename)%00%(upstream:remoteref) refs/heads/master refs/remotes/master [2ms]
2025-02-11 16:40:02.650 [warning] [Git][revParse] Unable to read file: ENOENT: no such file or directory, open '/home/navee/.config/libinput-gestures/.git/refs/remotes/origin/master'
2025-02-11 16:40:02.653 [info] > git rev-parse refs/remotes/origin/master [3ms]
2025-02-11 16:40:02.684 [info] > git status -z -uall [16ms]
2025-02-11 16:40:02.685 [info] > git for-each-ref --sort -committerdate --format %(refname) %(objectname) %(*objectname) [1ms]
